#
# There is insufficient memory for the Java Runtime Environment to continue.
# Native memory allocation (mmap) failed to map 144703488 bytes for committing reserved memory.
# Possible reasons:
#   The system is out of physical RAM or swap space
#   In 32 bit mode, the process size limit was hit
# Possible solutions:
#   Reduce memory load on the system
#   Increase physical memory or swap space
#   Check if swap backing store is full
#   Use 64 bit Java on a 64 bit OS
#   Decrease Java heap size (-Xmx/-Xms)
#   Decrease number of Java threads
#   Decrease Java thread stack sizes (-Xss)
#   Set larger code cache with -XX:ReservedCodeCacheSize=
# This output file may be truncated or incomplete.
#
#  Out of Memory Error (os_linux.cpp:2627), pid=9645, tid=139641195845376
#
# JRE version: Java(TM) SE Runtime Environment (8.0_91-b14) (build 1.8.0_91-b14)
# Java VM: Java HotSpot(TM) 64-Bit Server VM (25.91-b14 mixed mode linux-amd64 compressed oops)
# Failed to write core dump. Core dumps have been disabled. To enable core dumping, try "ulimit -c unlimited" before starting Java again
#

---------------  T H R E A D  ---------------

Current thread (0x00007f00d8078000):  VMThread [stack: 0x00007f00bfcfd000,0x00007f00bfdfe000] [id=9679]

Stack: [0x00007f00bfcfd000,0x00007f00bfdfe000],  sp=0x00007f00bfdfc2a0,  free space=1020k
Native frames: (J=compiled Java code, j=interpreted, Vv=VM code, C=native code)
V  [libjvm.so+0xabc18a]  VMError::report_and_die()+0x2ba
V  [libjvm.so+0x4fafeb]  report_vm_out_of_memory(char const*, int, unsigned long, VMErrorType, char const*)+0x8b
V  [libjvm.so+0x91cbb3]  os::Linux::commit_memory_impl(char*, unsigned long, bool)+0x103
V  [libjvm.so+0x91d109]  os::pd_commit_memory(char*, unsigned long, unsigned long, bool)+0x29
V  [libjvm.so+0x91740a]  os::commit_memory(char*, unsigned long, unsigned long, bool)+0x2a
V  [libjvm.so+0x98b033]  PSVirtualSpace::expand_by(unsigned long)+0x53
V  [libjvm.so+0x98c438]  PSYoungGen::resize_generation(unsigned long, unsigned long)+0xf8
V  [libjvm.so+0x98b592]  PSYoungGen::resize(unsigned long, unsigned long)+0x22
V  [libjvm.so+0x98886b]  PSScavenge::invoke_no_policy()+0xf3b
V  [libjvm.so+0x988ff1]  PSScavenge::invoke()+0x41
V  [libjvm.so+0x9408b0]  ParallelScavengeHeap::failed_mem_allocate(unsigned long)+0x70
V  [libjvm.so+0xabdba7]  VM_ParallelGCFailedAllocation::doit()+0x97
V  [libjvm.so+0xac55d5]  VM_Operation::evaluate()+0x55
V  [libjvm.so+0xac39aa]  VMThread::evaluate_operation(VM_Operation*)+0xba
V  [libjvm.so+0xac3d2e]  VMThread::loop()+0x1ce
V  [libjvm.so+0xac41a0]  VMThread::run()+0x70
V  [libjvm.so+0x91ef78]  java_start(Thread*)+0x108

VM_Operation (0x00007f00de510300): ParallelGCFailedAllocation, mode: safepoint, requested by thread 0x00007f00d800a000


---------------  P R O C E S S  ---------------

Java Threads: ( => current thread )
  0x00007f00d8145800 JavaThread "pool-1-thread-4" [_thread_blocked, id=9738, stack(0x00007f00bed17000,0x00007f00bee18000)]
  0x00007f00d8144000 JavaThread "pool-1-thread-3" [_thread_blocked, id=9737, stack(0x00007f00bee18000,0x00007f00bef19000)]
  0x00007f00d8142800 JavaThread "pool-1-thread-2" [_thread_blocked, id=9736, stack(0x00007f00bef19000,0x00007f00bf01a000)]
  0x00007f00d8136800 JavaThread "pool-2-thread-1" [_thread_blocked, id=9735, stack(0x00007f00bf01a000,0x00007f00bf11b000)]
  0x00007f00d8134000 JavaThread "pool-1-thread-1" [_thread_blocked, id=9733, stack(0x00007f00bf11b000,0x00007f00bf21c000)]
  0x00007f00d80c1000 JavaThread "Service Thread" daemon [_thread_blocked, id=9711, stack(0x00007f00bf31d000,0x00007f00bf41e000)]
  0x00007f00d80be000 JavaThread "C1 CompilerThread2" daemon [_thread_blocked, id=9710, stack(0x00007f00bf41e000,0x00007f00bf51f000)]
  0x00007f00d80bc800 JavaThread "C2 CompilerThread1" daemon [_thread_blocked, id=9709, stack(0x00007f00bf51f000,0x00007f00bf620000)]
  0x00007f00d80b9800 JavaThread "C2 CompilerThread0" daemon [_thread_blocked, id=9708, stack(0x00007f00bf620000,0x00007f00bf721000)]
  0x00007f00d80b8000 JavaThread "Signal Dispatcher" daemon [_thread_blocked, id=9703, stack(0x00007f00bf721000,0x00007f00bf822000)]
  0x00007f00d8084000 JavaThread "Finalizer" daemon [_thread_blocked, id=9681, stack(0x00007f00bfafb000,0x00007f00bfbfc000)]
  0x00007f00d807f800 JavaThread "Reference Handler" daemon [_thread_blocked, id=9680, stack(0x00007f00bfbfc000,0x00007f00bfcfd000)]
  0x00007f00d800a000 JavaThread "main" [_thread_blocked, id=9649, stack(0x00007f00de412000,0x00007f00de513000)]

Other Threads:
=>0x00007f00d8078000 VMThread [stack: 0x00007f00bfcfd000,0x00007f00bfdfe000] [id=9679]
  0x00007f00d80c4000 WatcherThread [stack: 0x00007f00bf21c000,0x00007f00bf31d000] [id=9712]

VM state:at safepoint (normal execution)

VM Mutex/Monitor currently owned by a thread:  ([mutex/lock_event])
[0x00007f00d80064e0] Threads_lock - owner thread: 0x00007f00d8078000
[0x00007f00d80069e0] Heap_lock - owner thread: 0x00007f00d800a000

Heap:
 PSYoungGen      total 139264K, used 16367K [0x00000000eab00000, 0x00000000f4700000, 0x0000000100000000)
  eden space 122880K, 0% used [0x00000000eab00000,0x00000000eab00000,0x00000000f2300000)
  from space 16384K, 99% used [0x00000000f2300000,0x00000000f32fbed8,0x00000000f3300000)
  to   space 12288K, 0% used [0x00000000f3300000,0x00000000f3300000,0x00000000f3f00000)
 ParOldGen       total 44032K, used 43575K [0x00000000c0000000, 0x00000000c2b00000, 0x00000000eab00000)
  object space 44032K, 98% used [0x00000000c0000000,0x00000000c2a8df90,0x00000000c2b00000)
 Metaspace       used 6192K, capacity 7092K, committed 7296K, reserved 1056768K
  class space    used 607K, capacity 620K, committed 640K, reserved 1048576K

Card table byte_map: [0x00007f00c7fc1000,0x00007f00c81c2000] byte_map_base: 0x00007f00c79c1000

Marking Bits: (ParMarkBitMap*) 0x00007f00dd8e8d60
 Begin Bits: [0x00007f00c5a67000, 0x00007f00c6a67000)
 End Bits:   [0x00007f00c6a67000, 0x00007f00c7a67000)

Polling page: 0x00007f00de537000

CodeCache: size=245760Kb used=6453Kb max_used=6453Kb free=239306Kb
 bounds [0x00007f00c8582000, 0x00007f00c8be2000, 0x00007f00d7582000]
 total_blobs=2004 nmethods=1735 adapters=182
 compilation: enabled

Compilation events (10 events):
Event: 6.789 Thread 0x00007f00d80be000 nmethod 1969 0x00007f00c8bcbbd0 code [0x00007f00c8bcbd40, 0x00007f00c8bcbf18]
Event: 6.789 Thread 0x00007f00d80be000 1968       2       com.android.dx.cf.direct.StdAttributeFactory::localVariableTypeTable (98 bytes)
Event: 6.818 Thread 0x00007f00d80be000 nmethod 1968 0x00007f00c8bcc050 code [0x00007f00c8bcc280, 0x00007f00c8bcca18]
Event: 6.818 Thread 0x00007f00d80be000 1977       2       java.util.concurrent.locks.LockSupport::unpark (12 bytes)
Event: 6.818 Thread 0x00007f00d80be000 nmethod 1977 0x00007f00c8bcd550 code [0x00007f00c8bcd6c0, 0x00007f00c8bcd828]
Event: 6.818 Thread 0x00007f00d80be000 1970       2       com.android.dx.dex.file.AnnotationUtils::makeInnerClass (65 bytes)
Event: 6.819 Thread 0x00007f00d80be000 nmethod 1970 0x00007f00c8bcdc50 code [0x00007f00c8bcde40, 0x00007f00c8bce358]
Event: 6.870 Thread 0x00007f00d80be000 1999 %     3       com.android.dx.dex.file.AnnotationUtils::makeSignature @ 108 (251 bytes)
Event: 6.873 Thread 0x00007f00d80be000 nmethod 1999% 0x00007f00c8bceb50 code [0x00007f00c8bcefc0, 0x00007f00c8bd1ba8]
Event: 6.873 Thread 0x00007f00d80be000 1986 % !   3       com.android.dx.cf.code.Ropper::doit @ 21 (126 bytes)

GC Heap History (10 events):
Event: 1.862 GC heap after
Heap after GC invocations=2 (full 0):
 PSYoungGen      total 34304K, used 2531K [0x00000000eab00000, 0x00000000ecf00000, 0x0000000100000000)
  eden space 31744K, 0% used [0x00000000eab00000,0x00000000eab00000,0x00000000eca00000)
  from space 2560K, 98% used [0x00000000ecc80000,0x00000000ecef8f20,0x00000000ecf00000)
  to   space 2560K, 0% used [0x00000000eca00000,0x00000000eca00000,0x00000000ecc80000)
 ParOldGen       total 42496K, used 4456K [0x00000000c0000000, 0x00000000c2980000, 0x00000000eab00000)
  object space 42496K, 10% used [0x00000000c0000000,0x00000000c045a1e8,0x00000000c2980000)
 Metaspace       used 5611K, capacity 6704K, committed 6784K, reserved 1056768K
  class space    used 582K, capacity 616K, committed 640K, reserved 1048576K
}
Event: 2.786 GC heap before
{Heap before GC invocations=3 (full 0):
 PSYoungGen      total 34304K, used 34275K [0x00000000eab00000, 0x00000000ecf00000, 0x0000000100000000)
  eden space 31744K, 100% used [0x00000000eab00000,0x00000000eca00000,0x00000000eca00000)
  from space 2560K, 98% used [0x00000000ecc80000,0x00000000ecef8f20,0x00000000ecf00000)
  to   space 2560K, 0% used [0x00000000eca00000,0x00000000eca00000,0x00000000ecc80000)
 ParOldGen       total 42496K, used 4456K [0x00000000c0000000, 0x00000000c2980000, 0x00000000eab00000)
  object space 42496K, 10% used [0x00000000c0000000,0x00000000c045a1e8,0x00000000c2980000)
 Metaspace       used 5777K, capacity 6770K, committed 7040K, reserved 1056768K
  class space    used 603K, capacity 618K, committed 640K, reserved 1048576K
Event: 2.857 GC heap after
Heap after GC invocations=3 (full 0):
 PSYoungGen      total 34304K, used 2528K [0x00000000eab00000, 0x00000000eee00000, 0x0000000100000000)
  eden space 31744K, 0% used [0x00000000eab00000,0x00000000eab00000,0x00000000eca00000)
  from space 2560K, 98% used [0x00000000eca00000,0x00000000ecc78010,0x00000000ecc80000)
  to   space 2560K, 0% used [0x00000000eeb80000,0x00000000eeb80000,0x00000000eee00000)
 ParOldGen       total 42496K, used 9039K [0x00000000c0000000, 0x00000000c2980000, 0x00000000eab00000)
  object space 42496K, 21% used [0x00000000c0000000,0x00000000c08d3d88,0x00000000c2980000)
 Metaspace       used 5777K, capacity 6770K, committed 7040K, reserved 1056768K
  class space    used 603K, capacity 618K, committed 640K, reserved 1048576K
}
Event: 3.495 GC heap before
{Heap before GC invocations=4 (full 0):
 PSYoungGen      total 34304K, used 34272K [0x00000000eab00000, 0x00000000eee00000, 0x0000000100000000)
  eden space 31744K, 100% used [0x00000000eab00000,0x00000000eca00000,0x00000000eca00000)
  from space 2560K, 98% used [0x00000000eca00000,0x00000000ecc78010,0x00000000ecc80000)
  to   space 2560K, 0% used [0x00000000eeb80000,0x00000000eeb80000,0x00000000eee00000)
 ParOldGen       total 42496K, used 9039K [0x00000000c0000000, 0x00000000c2980000, 0x00000000eab00000)
  object space 42496K, 21% used [0x00000000c0000000,0x00000000c08d3d88,0x00000000c2980000)
 Metaspace       used 5880K, capacity 6900K, committed 7040K, reserved 1056768K
  class space    used 606K, capacity 620K, committed 640K, reserved 1048576K
Event: 3.559 GC heap after
Heap after GC invocations=4 (full 0):
 PSYoungGen      total 66048K, used 2528K [0x00000000eab00000, 0x00000000eee00000, 0x0000000100000000)
  eden space 63488K, 0% used [0x00000000eab00000,0x00000000eab00000,0x00000000ee900000)
  from space 2560K, 98% used [0x00000000eeb80000,0x00000000eedf8010,0x00000000eee00000)
  to   space 2560K, 0% used [0x00000000ee900000,0x00000000ee900000,0x00000000eeb80000)
 ParOldGen       total 42496K, used 13981K [0x00000000c0000000, 0x00000000c2980000, 0x00000000eab00000)
  object space 42496K, 32% used [0x00000000c0000000,0x00000000c0da7758,0x00000000c2980000)
 Metaspace       used 5880K, capacity 6900K, committed 7040K, reserved 1056768K
  class space    used 606K, capacity 620K, committed 640K, reserved 1048576K
}
Event: 4.490 GC heap before
{Heap before GC invocations=5 (full 0):
 PSYoungGen      total 66048K, used 66016K [0x00000000eab00000, 0x00000000eee00000, 0x0000000100000000)
  eden space 63488K, 100% used [0x00000000eab00000,0x00000000ee900000,0x00000000ee900000)
  from space 2560K, 98% used [0x00000000eeb80000,0x00000000eedf8010,0x00000000eee00000)
  to   space 2560K, 0% used [0x00000000ee900000,0x00000000ee900000,0x00000000eeb80000)
 ParOldGen       total 42496K, used 13981K [0x00000000c0000000, 0x00000000c2980000, 0x00000000eab00000)
  object space 42496K, 32% used [0x00000000c0000000,0x00000000c0da7758,0x00000000c2980000)
 Metaspace       used 5956K, capacity 6964K, committed 7040K, reserved 1056768K
  class space    used 606K, capacity 620K, committed 640K, reserved 1048576K
Event: 4.545 GC heap after
Heap after GC invocations=5 (full 0):
 PSYoungGen      total 66048K, used 2547K [0x00000000eab00000, 0x00000000f3f00000, 0x0000000100000000)
  eden space 63488K, 0% used [0x00000000eab00000,0x00000000eab00000,0x00000000ee900000)
  from space 2560K, 99% used [0x00000000ee900000,0x00000000eeb7cce8,0x00000000eeb80000)
  to   space 12288K, 0% used [0x00000000f3300000,0x00000000f3300000,0x00000000f3f00000)
 ParOldGen       total 42496K, used 23278K [0x00000000c0000000, 0x00000000c2980000, 0x00000000eab00000)
  object space 42496K, 54% used [0x00000000c0000000,0x00000000c16bbb48,0x00000000c2980000)
 Metaspace       used 5956K, capacity 6964K, committed 7040K, reserved 1056768K
  class space    used 606K, capacity 620K, committed 640K, reserved 1048576K
}
Event: 5.438 GC heap before
{Heap before GC invocations=6 (full 0):
 PSYoungGen      total 66048K, used 66035K [0x00000000eab00000, 0x00000000f3f00000, 0x0000000100000000)
  eden space 63488K, 100% used [0x00000000eab00000,0x00000000ee900000,0x00000000ee900000)
  from space 2560K, 99% used [0x00000000ee900000,0x00000000eeb7cce8,0x00000000eeb80000)
  to   space 12288K, 0% used [0x00000000f3300000,0x00000000f3300000,0x00000000f3f00000)
 ParOldGen       total 42496K, used 23278K [0x00000000c0000000, 0x00000000c2980000, 0x00000000eab00000)
  object space 42496K, 54% used [0x00000000c0000000,0x00000000c16bbb48,0x00000000c2980000)
 Metaspace       used 5969K, capacity 6964K, committed 7040K, reserved 1056768K
  class space    used 606K, capacity 620K, committed 640K, reserved 1048576K
Event: 5.561 GC heap after
Heap after GC invocations=6 (full 0):
 PSYoungGen      total 135168K, used 12269K [0x00000000eab00000, 0x00000000f4700000, 0x0000000100000000)
  eden space 122880K, 0% used [0x00000000eab00000,0x00000000eab00000,0x00000000f2300000)
  from space 12288K, 99% used [0x00000000f3300000,0x00000000f3efb488,0x00000000f3f00000)
  to   space 16384K, 0% used [0x00000000f2300000,0x00000000f2300000,0x00000000f3300000)
 ParOldGen       total 42496K, used 26939K [0x00000000c0000000, 0x00000000c2980000, 0x00000000eab00000)
  object space 42496K, 63% used [0x00000000c0000000,0x00000000c1a4eca8,0x00000000c2980000)
 Metaspace       used 5969K, capacity 6964K, committed 7040K, reserved 1056768K
  class space    used 606K, capacity 620K, committed 640K, reserved 1048576K
}
Event: 6.898 GC heap before
{Heap before GC invocations=7 (full 0):
 PSYoungGen      total 135168K, used 135149K [0x00000000eab00000, 0x00000000f4700000, 0x0000000100000000)
  eden space 122880K, 100% used [0x00000000eab00000,0x00000000f2300000,0x00000000f2300000)
  from space 12288K, 99% used [0x00000000f3300000,0x00000000f3efb488,0x00000000f3f00000)
  to   space 16384K, 0% used [0x00000000f2300000,0x00000000f2300000,0x00000000f3300000)
 ParOldGen       total 42496K, used 26939K [0x00000000c0000000, 0x00000000c2980000, 0x00000000eab00000)
  object space 42496K, 63% used [0x00000000c0000000,0x00000000c1a4eca8,0x00000000c2980000)
 Metaspace       used 6192K, capacity 7092K, committed 7296K, reserved 1056768K
  class space    used 607K, capacity 620K, committed 640K, reserved 1048576K

Deoptimization events (10 events):
Event: 2.444 Thread 0x00007f00d8144000 Uncommon trap: reason=unstable_if action=reinterpret pc=0x00007f00c882651c method=com.android.dx.rop.code.RegisterSpec.equals(ILcom/android/dx/rop/type/TypeBearer;Lcom/android/dx/rop/code/LocalItem;)Z @ 42
Event: 2.568 Thread 0x00007f00d8142800 Uncommon trap: reason=unstable_if action=reinterpret pc=0x00007f00c88bb378 method=java.util.HashMap.getNode(ILjava/lang/Object;)Ljava/util/HashMap$Node; @ 84
Event: 3.235 Thread 0x00007f00d8134000 Uncommon trap: reason=unstable_if action=reinterpret pc=0x00007f00c891c708 method=java.util.HashMap.getNode(ILjava/lang/Object;)Ljava/util/HashMap$Node; @ 84
Event: 3.647 Thread 0x00007f00d800a000 Uncommon trap: reason=null_check action=make_not_entrant pc=0x00007f00c8838d44 method=com.android.dx.ssa.SsaRenamer.getLocalForNewReg(I)Lcom/android/dx/rop/code/LocalItem; @ 19
Event: 3.999 Thread 0x00007f00d8134000 Uncommon trap: reason=null_check action=make_not_entrant pc=0x00007f00c8903ba8 method=com.android.dx.rop.type.Type.equals(Ljava/lang/Object;)Z @ 8
Event: 4.389 Thread 0x00007f00d8145800 Uncommon trap: reason=unstable_if action=reinterpret pc=0x00007f00c8968154 method=com.android.dx.dex.code.OutputFinisher.hasLocalInfo(Lcom/android/dx/dex/code/DalvInsn;)Z @ 24
Event: 6.229 Thread 0x00007f00d8144000 Uncommon trap: reason=unstable_if action=reinterpret pc=0x00007f00c889cf34 method=java.util.HashMap.putVal(ILjava/lang/Object;Ljava/lang/Object;ZZ)Ljava/lang/Object; @ 109
Event: 6.240 Thread 0x00007f00d8142800 Uncommon trap: reason=unstable_if action=reinterpret pc=0x00007f00c895863c method=com.android.dx.ssa.SsaMethod.updateOneDefinition(Lcom/android/dx/ssa/SsaInsn;Lcom/android/dx/rop/code/RegisterSpec;)V @ 4
Event: 6.627 Thread 0x00007f00d8134000 Uncommon trap: reason=unstable_if action=reinterpret pc=0x00007f00c8a16afc method=java.util.HashMap.putVal(ILjava/lang/Object;Ljava/lang/Object;ZZ)Ljava/lang/Object; @ 206
Event: 6.768 Thread 0x00007f00d8144000 Uncommon trap: reason=unstable_if action=reinterpret pc=0x00007f00c888d0ec method=com.android.dx.rop.code.RegisterSpec.equals(ILcom/android/dx/rop/type/TypeBearer;Lcom/android/dx/rop/code/LocalItem;)Z @ 42

Internal exceptions (8 events):
Event: 0.033 Thread 0x00007f00d800a000 Exception <a 'java/lang/NoSuchMethodError': Method sun.misc.Unsafe.defineClass(Ljava/lang/String;[BII)Ljava/lang/Class; name or signature does not match> (0x00000000eab07cc0) thrown at [/HUDSON/workspace/8-2-build-linux-amd64/jdk8u91/6644/hotspot/src/shar
Event: 0.033 Thread 0x00007f00d800a000 Exception <a 'java/lang/NoSuchMethodError': Method sun.misc.Unsafe.prefetchRead(Ljava/lang/Object;J)V name or signature does not match> (0x00000000eab07fa8) thrown at [/HUDSON/workspace/8-2-build-linux-amd64/jdk8u91/6644/hotspot/src/share/vm/prims/jni.cpp
Event: 1.865 Thread 0x00007f00d8134000 Implicit null exception at 0x00007f00c88021df to 0x00007f00c88047c1
Event: 2.537 Thread 0x00007f00d8145800 Exception <a 'java/lang/ArrayIndexOutOfBoundsException': 18> (0x00000000ec30f358) thrown at [/HUDSON/workspace/8-2-build-linux-amd64/jdk8u91/6644/hotspot/src/share/vm/interpreter/interpreterRuntime.cpp, line 366]
Event: 2.538 Thread 0x00007f00d8145800 Exception <a 'java/lang/ArrayIndexOutOfBoundsException': 145> (0x00000000ec310ed8) thrown at [/HUDSON/workspace/8-2-build-linux-amd64/jdk8u91/6644/hotspot/src/share/vm/interpreter/interpreterRuntime.cpp, line 366]
Event: 2.539 Thread 0x00007f00d8145800 Exception <a 'java/lang/ArrayIndexOutOfBoundsException': 40> (0x00000000ec3121c0) thrown at [/HUDSON/workspace/8-2-build-linux-amd64/jdk8u91/6644/hotspot/src/share/vm/interpreter/interpreterRuntime.cpp, line 366]
Event: 3.647 Thread 0x00007f00d800a000 Implicit null exception at 0x00007f00c8836639 to 0x00007f00c8838cf9
Event: 3.999 Thread 0x00007f00d8134000 Implicit null exception at 0x00007f00c8903aa2 to 0x00007f00c8903b9b

Events (10 events):
Event: 6.756 Thread 0x00007f00d8134000 DEOPT PACKING pc=0x00007f00c8ad49c3 sp=0x00007f00bf21a310
Event: 6.756 Thread 0x00007f00d8134000 DEOPT UNPACKING pc=0x00007f00c85c9633 sp=0x00007f00bf21a080 mode 0
Event: 6.761 Thread 0x00007f00d8142800 DEOPT PACKING pc=0x00007f00c8ad3c2c sp=0x00007f00bf017fb0
Event: 6.761 Thread 0x00007f00d8142800 DEOPT UNPACKING pc=0x00007f00c85c9633 sp=0x00007f00bf017d98 mode 0
Event: 6.761 Thread 0x00007f00d8142800 DEOPT PACKING pc=0x00007f00c8ad4fad sp=0x00007f00bf018120
Event: 6.761 Thread 0x00007f00d8142800 DEOPT UNPACKING pc=0x00007f00c85c9633 sp=0x00007f00bf017e78 mode 0
Event: 6.768 Thread 0x00007f00d8144000 Uncommon trap: trap_request=0xffffff65 fr.pc=0x00007f00c888d0ec
Event: 6.768 Thread 0x00007f00d8144000 DEOPT PACKING pc=0x00007f00c888d0ec sp=0x00007f00bef169f0
Event: 6.768 Thread 0x00007f00d8144000 DEOPT UNPACKING pc=0x00007f00c8587229 sp=0x00007f00bef168c0 mode 2
Event: 6.891 Executing VM operation: ParallelGCFailedAllocation


Dynamic libraries:
00400000-00401000 r-xp 00000000 08:06 266116                             /home/mohamed/jdk1.8.0_91/bin/java
00600000-00601000 rw-p 00000000 08:06 266116                             /home/mohamed/jdk1.8.0_91/bin/java
01295000-012b6000 rw-p 00000000 00:00 0                                  [heap]
c0000000-c2b00000 rw-p 00000000 00:00 0 
c2b00000-eab00000 ---p 00000000 00:00 0 
eab00000-f4700000 rw-p 00000000 00:00 0 
fd100000-100000000 ---p 00000000 00:00 0 
100000000-1000a0000 rw-p 00000000 00:00 0 
1000a0000-140000000 ---p 00000000 00:00 0 
7f0078000000-7f0078032000 rw-p 00000000 00:00 0 
7f0078032000-7f007c000000 ---p 00000000 00:00 0 
7f007c000000-7f007c021000 rw-p 00000000 00:00 0 
7f007c021000-7f0080000000 ---p 00000000 00:00 0 
7f0080000000-7f0080021000 rw-p 00000000 00:00 0 
7f0080021000-7f0084000000 ---p 00000000 00:00 0 
7f0084000000-7f0084022000 rw-p 00000000 00:00 0 
7f0084022000-7f0088000000 ---p 00000000 00:00 0 
7f0088000000-7f0088021000 rw-p 00000000 00:00 0 
7f0088021000-7f008c000000 ---p 00000000 00:00 0 
7f008c000000-7f008c032000 rw-p 00000000 00:00 0 
7f008c032000-7f0090000000 ---p 00000000 00:00 0 
7f0090000000-7f009098e000 rw-p 00000000 00:00 0 
7f009098e000-7f0094000000 ---p 00000000 00:00 0 
7f0094000000-7f0094021000 rw-p 00000000 00:00 0 
7f0094021000-7f0098000000 ---p 00000000 00:00 0 
7f0098000000-7f0098f89000 rw-p 00000000 00:00 0 
7f0098f89000-7f009c000000 ---p 00000000 00:00 0 
7f009c000000-7f009cb0e000 rw-p 00000000 00:00 0 
7f009cb0e000-7f00a0000000 ---p 00000000 00:00 0 
7f00a0000000-7f00a0021000 rw-p 00000000 00:00 0 
7f00a0021000-7f00a4000000 ---p 00000000 00:00 0 
7f00a4000000-7f00a4021000 rw-p 00000000 00:00 0 
7f00a4021000-7f00a8000000 ---p 00000000 00:00 0 
7f00a8000000-7f00a8295000 rw-p 00000000 00:00 0 
7f00a8295000-7f00ac000000 ---p 00000000 00:00 0 
7f00ac000000-7f00ac021000 rw-p 00000000 00:00 0 
7f00ac021000-7f00b0000000 ---p 00000000 00:00 0 
7f00b0000000-7f00b0021000 rw-p 00000000 00:00 0 
7f00b0021000-7f00b4000000 ---p 00000000 00:00 0 
7f00b4000000-7f00b4021000 rw-p 00000000 00:00 0 
7f00b4021000-7f00b8000000 ---p 00000000 00:00 0 
7f00b8000000-7f00b8021000 rw-p 00000000 00:00 0 
7f00b8021000-7f00bc000000 ---p 00000000 00:00 0 
7f00bed17000-7f00bed1a000 ---p 00000000 00:00 0 
7f00bed1a000-7f00bee18000 rw-p 00000000 00:00 0 
7f00bee18000-7f00bee1b000 ---p 00000000 00:00 0 
7f00bee1b000-7f00bef19000 rw-p 00000000 00:00 0 
7f00bef19000-7f00bef1c000 ---p 00000000 00:00 0 
7f00bef1c000-7f00bf01a000 rw-p 00000000 00:00 0 
7f00bf01a000-7f00bf01d000 ---p 00000000 00:00 0 
7f00bf01d000-7f00bf11b000 rw-p 00000000 00:00 0 
7f00bf11b000-7f00bf11e000 ---p 00000000 00:00 0 
7f00bf11e000-7f00bf21c000 rw-p 00000000 00:00 0 
7f00bf21c000-7f00bf21d000 ---p 00000000 00:00 0 
7f00bf21d000-7f00bf31d000 rw-p 00000000 00:00 0 
7f00bf31d000-7f00bf320000 ---p 00000000 00:00 0 
7f00bf320000-7f00bf41e000 rw-p 00000000 00:00 0 
7f00bf41e000-7f00bf421000 ---p 00000000 00:00 0 
7f00bf421000-7f00bf51f000 rw-p 00000000 00:00 0 
7f00bf51f000-7f00bf522000 ---p 00000000 00:00 0 
7f00bf522000-7f00bf620000 rw-p 00000000 00:00 0 
7f00bf620000-7f00bf623000 ---p 00000000 00:00 0 
7f00bf623000-7f00bf721000 rw-p 00000000 00:00 0 
7f00bf721000-7f00bf724000 ---p 00000000 00:00 0 
7f00bf724000-7f00bf822000 rw-p 00000000 00:00 0 
7f00bf822000-7f00bfafb000 r--p 00000000 08:06 526509                     /usr/lib/locale/locale-archive
7f00bfafb000-7f00bfafe000 ---p 00000000 00:00 0 
7f00bfafe000-7f00bfbfc000 rw-p 00000000 00:00 0 
7f00bfbfc000-7f00bfbff000 ---p 00000000 00:00 0 
7f00bfbff000-7f00bfcfd000 rw-p 00000000 00:00 0 
7f00bfcfd000-7f00bfcfe000 ---p 00000000 00:00 0 
7f00bfcfe000-7f00c0000000 rw-p 00000000 00:00 0 
7f00c0000000-7f00c0021000 rw-p 00000000 00:00 0 
7f00c0021000-7f00c4000000 ---p 00000000 00:00 0 
7f00c4034000-7f00c4057000 r--s 00193000 08:06 1069273                    /home/mohamed/.gradle/caches/modules-2/files-2.1/com.google.guava/guava-jdk5/13.0/381ae6c8add7c98e9bcddb1e0b898400cd6fc3f7/guava-jdk5-13.0.jar
7f00c4057000-7f00c4066000 r--s 000df000 08:06 6165411                    /home/mohamed/Android/Sdk/build-tools/23.0.1/lib/dx.jar
7f00c4066000-7f00c4e18000 rw-p 00000000 00:00 0 
7f00c4e18000-7f00c4ff1000 r--s 03d1f000 08:06 922159                     /home/mohamed/jdk1.8.0_91/jre/lib/rt.jar
7f00c4ff1000-7f00c56e7000 rw-p 00000000 00:00 0 
7f00c56e7000-7f00c5867000 ---p 00000000 00:00 0 
7f00c5867000-7f00c7a67000 rw-p 00000000 00:00 0 
7f00c7a67000-7f00c7a68000 ---p 00000000 00:00 0 
7f00c7a68000-7f00c7b68000 rw-p 00000000 00:00 0 
7f00c7b68000-7f00c7b69000 ---p 00000000 00:00 0 
7f00c7b69000-7f00c7c69000 rw-p 00000000 00:00 0 
7f00c7c69000-7f00c7c6a000 ---p 00000000 00:00 0 
7f00c7c6a000-7f00c7d6a000 rw-p 00000000 00:00 0 
7f00c7d6a000-7f00c7d6b000 ---p 00000000 00:00 0 
7f00c7d6b000-7f00c7e81000 rw-p 00000000 00:00 0 
7f00c7e81000-7f00c7fc1000 ---p 00000000 00:00 0 
7f00c7fc1000-7f00c7fd7000 rw-p 00000000 00:00 0 
7f00c7fd7000-7f00c8116000 ---p 00000000 00:00 0 
7f00c8116000-7f00c8165000 rw-p 00000000 00:00 0 
7f00c8165000-7f00c81c1000 ---p 00000000 00:00 0 
7f00c81c1000-7f00c81dc000 rw-p 00000000 00:00 0 
7f00c81dc000-7f00c8582000 ---p 00000000 00:00 0 
7f00c8582000-7f00c8be2000 rwxp 00000000 00:00 0 
7f00c8be2000-7f00d7582000 ---p 00000000 00:00 0 
7f00d7582000-7f00d759c000 r-xp 00000000 08:06 922210                     /home/mohamed/jdk1.8.0_91/jre/lib/amd64/libzip.so
7f00d759c000-7f00d779c000 ---p 0001a000 08:06 922210                     /home/mohamed/jdk1.8.0_91/jre/lib/amd64/libzip.so
7f00d779c000-7f00d779d000 rw-p 0001a000 08:06 922210                     /home/mohamed/jdk1.8.0_91/jre/lib/amd64/libzip.so
7f00d779d000-7f00d77a8000 r-xp 00000000 08:06 278669                     /lib/x86_64-linux-gnu/libnss_files-2.23.so
7f00d77a8000-7f00d79a7000 ---p 0000b000 08:06 278669                     /lib/x86_64-linux-gnu/libnss_files-2.23.so
7f00d79a7000-7f00d79a8000 r--p 0000a000 08:06 278669                     /lib/x86_64-linux-gnu/libnss_files-2.23.so
7f00d79a8000-7f00d79a9000 rw-p 0000b000 08:06 278669                     /lib/x86_64-linux-gnu/libnss_files-2.23.so
7f00d79a9000-7f00d79af000 rw-p 00000000 00:00 0 
7f00d79af000-7f00d79ba000 r-xp 00000000 08:06 278666                     /lib/x86_64-linux-gnu/libnss_nis-2.23.so
7f00d79ba000-7f00d7bb9000 ---p 0000b000 08:06 278666                     /lib/x86_64-linux-gnu/libnss_nis-2.23.so
7f00d7bb9000-7f00d7bba000 r--p 0000a000 08:06 278666                     /lib/x86_64-linux-gnu/libnss_nis-2.23.so
7f00d7bba000-7f00d7bbb000 rw-p 0000b000 08:06 278666                     /lib/x86_64-linux-gnu/libnss_nis-2.23.so
7f00d7bbb000-7f00d7bd1000 r-xp 00000000 08:06 278664                     /lib/x86_64-linux-gnu/libnsl-2.23.so
7f00d7bd1000-7f00d7dd0000 ---p 00016000 08:06 278664                     /lib/x86_64-linux-gnu/libnsl-2.23.so
7f00d7dd0000-7f00d7dd1000 r--p 00015000 08:06 278664                     /lib/x86_64-linux-gnu/libnsl-2.23.so
7f00d7dd1000-7f00d7dd2000 rw-p 00016000 08:06 278664                     /lib/x86_64-linux-gnu/libnsl-2.23.so
7f00d7dd2000-7f00d7dd4000 rw-p 00000000 00:00 0 
7f00d7dd4000-7f00d7dfe000 r-xp 00000000 08:06 922205                     /home/mohamed/jdk1.8.0_91/jre/lib/amd64/libjava.so
7f00d7dfe000-7f00d7ffe000 ---p 0002a000 08:06 922205                     /home/mohamed/jdk1.8.0_91/jre/lib/amd64/libjava.so
7f00d7ffe000-7f00d8000000 rw-p 0002a000 08:06 922205                     /home/mohamed/jdk1.8.0_91/jre/lib/amd64/libjava.so
7f00d8000000-7f00d838e000 rw-p 00000000 00:00 0 
7f00d838e000-7f00dc000000 ---p 00000000 00:00 0 
7f00dc009000-7f00dc011000 r-xp 00000000 08:06 278662                     /lib/x86_64-linux-gnu/libnss_compat-2.23.so
7f00dc011000-7f00dc210000 ---p 00008000 08:06 278662                     /lib/x86_64-linux-gnu/libnss_compat-2.23.so
7f00dc210000-7f00dc211000 r--p 00007000 08:06 278662                     /lib/x86_64-linux-gnu/libnss_compat-2.23.so
7f00dc211000-7f00dc212000 rw-p 00008000 08:06 278662                     /lib/x86_64-linux-gnu/libnss_compat-2.23.so
7f00dc212000-7f00dc21f000 r-xp 00000000 08:06 922209                     /home/mohamed/jdk1.8.0_91/jre/lib/amd64/libverify.so
7f00dc21f000-7f00dc41f000 ---p 0000d000 08:06 922209                     /home/mohamed/jdk1.8.0_91/jre/lib/amd64/libverify.so
7f00dc41f000-7f00dc421000 rw-p 0000d000 08:06 922209                     /home/mohamed/jdk1.8.0_91/jre/lib/amd64/libverify.so
7f00dc421000-7f00dc428000 r-xp 00000000 08:06 278678                     /lib/x86_64-linux-gnu/librt-2.23.so
7f00dc428000-7f00dc627000 ---p 00007000 08:06 278678                     /lib/x86_64-linux-gnu/librt-2.23.so
7f00dc627000-7f00dc628000 r--p 00006000 08:06 278678                     /lib/x86_64-linux-gnu/librt-2.23.so
7f00dc628000-7f00dc629000 rw-p 00007000 08:06 278678                     /lib/x86_64-linux-gnu/librt-2.23.so
7f00dc629000-7f00dc731000 r-xp 00000000 08:06 278675                     /lib/x86_64-linux-gnu/libm-2.23.so
7f00dc731000-7f00dc930000 ---p 00108000 08:06 278675                     /lib/x86_64-linux-gnu/libm-2.23.so
7f00dc930000-7f00dc931000 r--p 00107000 08:06 278675                     /lib/x86_64-linux-gnu/libm-2.23.so
7f00dc931000-7f00dc932000 rw-p 00108000 08:06 278675                     /lib/x86_64-linux-gnu/libm-2.23.so
7f00dc932000-7f00dd5f2000 r-xp 00000000 08:06 1184562                    /home/mohamed/jdk1.8.0_91/jre/lib/amd64/server/libjvm.so
7f00dd5f2000-7f00dd7f2000 ---p 00cc0000 08:06 1184562                    /home/mohamed/jdk1.8.0_91/jre/lib/amd64/server/libjvm.so
7f00dd7f2000-7f00dd8ca000 rw-p 00cc0000 08:06 1184562                    /home/mohamed/jdk1.8.0_91/jre/lib/amd64/server/libjvm.so
7f00dd8ca000-7f00dd915000 rw-p 00000000 00:00 0 
7f00dd915000-7f00ddad5000 r-xp 00000000 08:06 278683                     /lib/x86_64-linux-gnu/libc-2.23.so
7f00ddad5000-7f00ddcd4000 ---p 001c0000 08:06 278683                     /lib/x86_64-linux-gnu/libc-2.23.so
7f00ddcd4000-7f00ddcd8000 r--p 001bf000 08:06 278683                     /lib/x86_64-linux-gnu/libc-2.23.so
7f00ddcd8000-7f00ddcda000 rw-p 001c3000 08:06 278683                     /lib/x86_64-linux-gnu/libc-2.23.so
7f00ddcda000-7f00ddcde000 rw-p 00000000 00:00 0 
7f00ddcde000-7f00ddce1000 r-xp 00000000 08:06 278684                     /lib/x86_64-linux-gnu/libdl-2.23.so
7f00ddce1000-7f00ddee0000 ---p 00003000 08:06 278684                     /lib/x86_64-linux-gnu/libdl-2.23.so
7f00ddee0000-7f00ddee1000 r--p 00002000 08:06 278684                     /lib/x86_64-linux-gnu/libdl-2.23.so
7f00ddee1000-7f00ddee2000 rw-p 00003000 08:06 278684                     /lib/x86_64-linux-gnu/libdl-2.23.so
7f00ddee2000-7f00ddef7000 r-xp 00000000 08:06 36052                      /home/mohamed/jdk1.8.0_91/lib/amd64/jli/libjli.so
7f00ddef7000-7f00de0f7000 ---p 00015000 08:06 36052                      /home/mohamed/jdk1.8.0_91/lib/amd64/jli/libjli.so
7f00de0f7000-7f00de0f8000 rw-p 00015000 08:06 36052                      /home/mohamed/jdk1.8.0_91/lib/amd64/jli/libjli.so
7f00de0f8000-7f00de110000 r-xp 00000000 08:06 278682                     /lib/x86_64-linux-gnu/libpthread-2.23.so
7f00de110000-7f00de30f000 ---p 00018000 08:06 278682                     /lib/x86_64-linux-gnu/libpthread-2.23.so
7f00de30f000-7f00de310000 r--p 00017000 08:06 278682                     /lib/x86_64-linux-gnu/libpthread-2.23.so
7f00de310000-7f00de311000 rw-p 00018000 08:06 278682                     /lib/x86_64-linux-gnu/libpthread-2.23.so
7f00de311000-7f00de315000 rw-p 00000000 00:00 0 
7f00de315000-7f00de33b000 r-xp 00000000 08:06 278679                     /lib/x86_64-linux-gnu/ld-2.23.so
7f00de340000-7f00de412000 rw-p 00000000 00:00 0 
7f00de412000-7f00de415000 ---p 00000000 00:00 0 
7f00de415000-7f00de517000 rw-p 00000000 00:00 0 
7f00de51a000-7f00de52e000 rw-p 00000000 00:00 0 
7f00de52e000-7f00de536000 rw-s 00000000 08:06 1063516                    /tmp/hsperfdata_mohamed/9645
7f00de536000-7f00de537000 rw-p 00000000 00:00 0 
7f00de537000-7f00de538000 ---p 00000000 00:00 0 
7f00de538000-7f00de53a000 rw-p 00000000 00:00 0 
7f00de53a000-7f00de53b000 r--p 00025000 08:06 278679                     /lib/x86_64-linux-gnu/ld-2.23.so
7f00de53b000-7f00de53c000 rw-p 00026000 08:06 278679                     /lib/x86_64-linux-gnu/ld-2.23.so
7f00de53c000-7f00de53d000 rw-p 00000000 00:00 0 
7ffd940b1000-7ffd940d2000 rw-p 00000000 00:00 0                          [stack]
7ffd940f9000-7ffd940fb000 r--p 00000000 00:00 0                          [vvar]
7ffd940fb000-7ffd940fd000 r-xp 00000000 00:00 0                          [vdso]
ffffffffff600000-ffffffffff601000 r-xp 00000000 00:00 0                  [vsyscall]

VM Arguments:
jvm_args: -Djava.awt.headless=true -Xmx1024M -Dfile.encoding=UTF-8 -Duser.country=US -Duser.language=en -Duser.variant 
java_command: com.android.dx.command.Main --dex --force-jumbo --num-threads=4 --output /media/mohamed/Programs/Explore/app/build/intermediates/pre-dexed/debug/guava-jdk5-13.0_8c3a5ca224a02fb0d36671a9b3b7c568e325d058.jar /home/mohamed/.gradle/caches/modules-2/files-2.1/com.google.guava/guava-jdk5/13.0/381ae6c8add7c98e9bcddb1e0b898400cd6fc3f7/guava-jdk5-13.0.jar
java_class_path (initial): /home/mohamed/Android/Sdk/build-tools/23.0.1/lib/dx.jar
Launcher Type: SUN_STANDARD

Environment Variables:
JAVA_HOME=/usr/lib/jvm/java-8-oracle
PATH=/usr/local/sbin:/usr/local/bin:/usr/sbin:/usr/bin:/sbin:/bin:/usr/games:/usr/local/games:/snap/bin:/usr/lib/jvm/java-8-oracle/bin:/usr/lib/jvm/java-8-oracle/db/bin:/usr/lib/jvm/java-8-oracle/jre/bin
LD_LIBRARY_PATH=/home/mohamed/tools/android/android-studio/bin:
SHELL=/bin/bash
DISPLAY=:0

Signal Handlers:
SIGSEGV: [libjvm.so+0xabca10], sa_mask[0]=11111111011111111101111111111110, sa_flags=SA_RESTART|SA_SIGINFO
SIGBUS: [libjvm.so+0xabca10], sa_mask[0]=11111111011111111101111111111110, sa_flags=SA_RESTART|SA_SIGINFO
SIGFPE: [libjvm.so+0x919a20], sa_mask[0]=11111111011111111101111111111110, sa_flags=SA_RESTART|SA_SIGINFO
SIGPIPE: [libjvm.so+0x919a20], sa_mask[0]=11111111011111111101111111111110, sa_flags=SA_RESTART|SA_SIGINFO
SIGXFSZ: [libjvm.so+0x919a20], sa_mask[0]=11111111011111111101111111111110, sa_flags=SA_RESTART|SA_SIGINFO
SIGILL: [libjvm.so+0x919a20], sa_mask[0]=11111111011111111101111111111110, sa_flags=SA_RESTART|SA_SIGINFO
SIGUSR1: SIG_DFL, sa_mask[0]=00000000000000000000000000000000, sa_flags=none
SIGUSR2: [libjvm.so+0x91b050], sa_mask[0]=00100000000000000000000000000000, sa_flags=SA_RESTART|SA_SIGINFO
SIGHUP: [libjvm.so+0x91c450], sa_mask[0]=11111111011111111101111111111110, sa_flags=SA_RESTART|SA_SIGINFO
SIGINT: [libjvm.so+0x91c450], sa_mask[0]=11111111011111111101111111111110, sa_flags=SA_RESTART|SA_SIGINFO
SIGTERM: [libjvm.so+0x91c450], sa_mask[0]=11111111011111111101111111111110, sa_flags=SA_RESTART|SA_SIGINFO
SIGQUIT: [libjvm.so+0x91c450], sa_mask[0]=11111111011111111101111111111110, sa_flags=SA_RESTART|SA_SIGINFO


---------------  S Y S T E M  ---------------

OS:DISTRIB_ID=Ubuntu
DISTRIB_RELEASE=16.04
DISTRIB_CODENAME=xenial
DISTRIB_DESCRIPTION="Ubuntu 16.04 LTS"

uname:Linux 4.4.0-22-generic #40-Ubuntu SMP Thu May 12 22:03:46 UTC 2016 x86_64
libc:glibc 2.23 NPTL 2.23 
rlimit: STACK 8192k, CORE 0k, NPROC 15304, NOFILE 65536, AS infinity
load average:19.71 7.59 4.40

/proc/meminfo:
MemTotal:        3956776 kB
MemFree:           29704 kB
MemAvailable:      63416 kB
Buffers:             832 kB
Cached:           324284 kB
SwapCached:            0 kB
Active:          3450280 kB
Inactive:         290016 kB
Active(anon):    3437472 kB
Inactive(anon):   274808 kB
Active(file):      12808 kB
Inactive(file):    15208 kB
Unevictable:          48 kB
Mlocked:              48 kB
SwapTotal:             0 kB
SwapFree:              0 kB
Dirty:               516 kB
Writeback:             0 kB
AnonPages:       3415448 kB
Mapped:           153684 kB
Shmem:            296880 kB
Slab:              78984 kB
SReclaimable:      35084 kB
SUnreclaim:        43900 kB
KernelStack:       12160 kB
PageTables:        51244 kB
NFS_Unstable:          0 kB
Bounce:                0 kB
WritebackTmp:          0 kB
CommitLimit:     1978388 kB
Committed_AS:    8550040 kB
VmallocTotal:   34359738367 kB
VmallocUsed:           0 kB
VmallocChunk:          0 kB
HardwareCorrupted:     0 kB
AnonHugePages:   1724416 kB
CmaTotal:              0 kB
CmaFree:               0 kB
HugePages_Total:       0
HugePages_Free:        0
HugePages_Rsvd:        0
HugePages_Surp:        0
Hugepagesize:       2048 kB
DirectMap4k:      203128 kB
DirectMap2M:     3901440 kB
DirectMap1G:           0 kB


CPU:total 4 (2 cores per cpu, 2 threads per core) family 6 model 60 stepping 3, cmov, cx8, fxsr, mmx, sse, sse2, sse3, ssse3, sse4.1, sse4.2, popcnt, avx, avx2, aes, clmul, erms, lzcnt, ht, tsc, tscinvbit, bmi1, bmi2

/proc/cpuinfo:
processor	: 0
vendor_id	: GenuineIntel
cpu family	: 6
model		: 60
model name	: Intel(R) Core(TM) i5-4200M CPU @ 2.50GHz
stepping	: 3
microcode	: 0x16
cpu MHz		: 1144.531
cache size	: 3072 KB
physical id	: 0
siblings	: 4
core id		: 0
cpu cores	: 2
apicid		: 0
initial apicid	: 0
fpu		: yes
fpu_exception	: yes
cpuid level	: 13
wp		: yes
flags		: fpu vme de pse tsc msr pae mce cx8 apic sep mtrr pge mca cmov pat pse36 clflush dts acpi mmx fxsr sse sse2 ss ht tm pbe syscall nx pdpe1gb rdtscp lm constant_tsc arch_perfmon pebs bts rep_good nopl xtopology nonstop_tsc aperfmperf eagerfpu pni pclmulqdq dtes64 monitor ds_cpl vmx est tm2 ssse3 sdbg fma cx16 xtpr pdcm pcid sse4_1 sse4_2 movbe popcnt tsc_deadline_timer aes xsave avx f16c rdrand lahf_lm abm epb tpr_shadow vnmi flexpriority ept vpid fsgsbase tsc_adjust bmi1 avx2 smep bmi2 erms invpcid xsaveopt dtherm ida arat pln pts
bugs		:
bogomips	: 4988.47
clflush size	: 64
cache_alignment	: 64
address sizes	: 39 bits physical, 48 bits virtual
power management:

processor	: 1
vendor_id	: GenuineIntel
cpu family	: 6
model		: 60
model name	: Intel(R) Core(TM) i5-4200M CPU @ 2.50GHz
stepping	: 3
microcode	: 0x16
cpu MHz		: 2459.375
cache size	: 3072 KB
physical id	: 0
siblings	: 4
core id		: 1
cpu cores	: 2
apicid		: 2
initial apicid	: 2
fpu		: yes
fpu_exception	: yes
cpuid level	: 13
wp		: yes
flags		: fpu vme de pse tsc msr pae mce cx8 apic sep mtrr pge mca cmov pat pse36 clflush dts acpi mmx fxsr sse sse2 ss ht tm pbe syscall nx pdpe1gb rdtscp lm constant_tsc arch_perfmon pebs bts rep_good nopl xtopology nonstop_tsc aperfmperf eagerfpu pni pclmulqdq dtes64 monitor ds_cpl vmx est tm2 ssse3 sdbg fma cx16 xtpr pdcm pcid sse4_1 sse4_2 movbe popcnt tsc_deadline_timer aes xsave avx f16c rdrand lahf_lm abm epb tpr_shadow vnmi flexpriority ept vpid fsgsbase tsc_adjust bmi1 avx2 smep bmi2 erms invpcid xsaveopt dtherm ida arat pln pts
bugs		:
bogomips	: 4988.47
clflush size	: 64
cache_alignment	: 64
address sizes	: 39 bits physical, 48 bits virtual
power management:

processor	: 2
vendor_id	: GenuineIntel
cpu family	: 6
model		: 60
model name	: Intel(R) Core(TM) i5-4200M CPU @ 2.50GHz
stepping	: 3
microcode	: 0x16
cpu MHz		: 2499.902
cache size	: 3072 KB
physical id	: 0
siblings	: 4
core id		: 0
cpu cores	: 2
apicid		: 1
initial apicid	: 1
fpu		: yes
fpu_exception	: yes
cpuid level	: 13
wp		: yes
flags		: fpu vme de pse tsc msr pae mce cx8 apic sep mtrr pge mca cmov pat pse36 clflush dts acpi mmx fxsr sse sse2 ss ht tm pbe syscall nx pdpe1gb rdtscp lm constant_tsc arch_perfmon pebs bts rep_good nopl xtopology nonstop_tsc aperfmperf eagerfpu pni pclmulqdq dtes64 monitor ds_cpl vmx est tm2 ssse3 sdbg fma cx16 xtpr pdcm pcid sse4_1 sse4_2 movbe popcnt tsc_deadline_timer aes xsave avx f16c rdrand lahf_lm abm epb tpr_shadow vnmi flexpriority ept vpid fsgsbase tsc_adjust bmi1 avx2 smep bmi2 erms invpcid xsaveopt dtherm ida arat pln pts
bugs		:
bogomips	: 4988.47
clflush size	: 64
cache_alignment	: 64
address sizes	: 39 bits physical, 48 bits virtual
power management:

processor	: 3
vendor_id	: GenuineIntel
cpu family	: 6
model		: 60
model name	: Intel(R) Core(TM) i5-4200M CPU @ 2.50GHz
stepping	: 3
microcode	: 0x16
cpu MHz		: 2379.687
cache size	: 3072 KB
physical id	: 0
siblings	: 4
core id		: 1
cpu cores	: 2
apicid		: 3
initial apicid	: 3
fpu		: yes
fpu_exception	: yes
cpuid level	: 13
wp		: yes
flags		: fpu vme de pse tsc msr pae mce cx8 apic sep mtrr pge mca cmov pat pse36 clflush dts acpi mmx fxsr sse sse2 ss ht tm pbe syscall nx pdpe1gb rdtscp lm constant_tsc arch_perfmon pebs bts rep_good nopl xtopology nonstop_tsc aperfmperf eagerfpu pni pclmulqdq dtes64 monitor ds_cpl vmx est tm2 ssse3 sdbg fma cx16 xtpr pdcm pcid sse4_1 sse4_2 movbe popcnt tsc_deadline_timer aes xsave avx f16c rdrand lahf_lm abm epb tpr_shadow vnmi flexpriority ept vpid fsgsbase tsc_adjust bmi1 avx2 smep bmi2 erms invpcid xsaveopt dtherm ida arat pln pts
bugs		:
bogomips	: 4988.47
clflush size	: 64
cache_alignment	: 64
address sizes	: 39 bits physical, 48 bits virtual
power management:



Memory: 4k page, physical 3956776k(29704k free), swap 0k(0k free)

vm_info: Java HotSpot(TM) 64-Bit Server VM (25.91-b14) for linux-amd64 JRE (1.8.0_91-b14), built on Apr  1 2016 00:57:21 by "java_re" with gcc 4.3.0 20080428 (Red Hat 4.3.0-8)

time: Mon May 16 23:28:52 2016
elapsed time: 77 seconds (0d 0h 1m 17s)

