#
# There is insufficient memory for the Java Runtime Environment to continue.
# Native memory allocation (mmap) failed to map 90701824 bytes for committing reserved memory.
# Possible reasons:
#   The system is out of physical RAM or swap space
#   In 32 bit mode, the process size limit was hit
# Possible solutions:
#   Reduce memory load on the system
#   Increase physical memory or swap space
#   Check if swap backing store is full
#   Use 64 bit Java on a 64 bit OS
#   Decrease Java heap size (-Xmx/-Xms)
#   Decrease number of Java threads
#   Decrease Java thread stack sizes (-Xss)
#   Set larger code cache with -XX:ReservedCodeCacheSize=
# This output file may be truncated or incomplete.
#
#  Out of Memory Error (os_linux.cpp:2627), pid=21220, tid=139887096686336
#
# JRE version: Java(TM) SE Runtime Environment (8.0_91-b14) (build 1.8.0_91-b14)
# Java VM: Java HotSpot(TM) 64-Bit Server VM (25.91-b14 mixed mode linux-amd64 compressed oops)
# Failed to write core dump. Core dumps have been disabled. To enable core dumping, try "ulimit -c unlimited" before starting Java again
#

---------------  T H R E A D  ---------------

Current thread (0x00007f3a24078000):  VMThread [stack: 0x00007f3a00a4e000,0x00007f3a00b4f000] [id=21232]

Stack: [0x00007f3a00a4e000,0x00007f3a00b4f000],  sp=0x00007f3a00b4d3a0,  free space=1020k
Native frames: (J=compiled Java code, j=interpreted, Vv=VM code, C=native code)
V  [libjvm.so+0xabc18a]  VMError::report_and_die()+0x2ba
V  [libjvm.so+0x4fafeb]  report_vm_out_of_memory(char const*, int, unsigned long, VMErrorType, char const*)+0x8b
V  [libjvm.so+0x91cbb3]  os::Linux::commit_memory_impl(char*, unsigned long, bool)+0x103
V  [libjvm.so+0x91d109]  os::pd_commit_memory(char*, unsigned long, unsigned long, bool)+0x29
V  [libjvm.so+0x91740a]  os::commit_memory(char*, unsigned long, unsigned long, bool)+0x2a
V  [libjvm.so+0x98b033]  PSVirtualSpace::expand_by(unsigned long)+0x53
V  [libjvm.so+0x97b920]  PSOldGen::expand(unsigned long)+0x170
V  [libjvm.so+0x97bb2b]  PSOldGen::resize(unsigned long)+0x1cb
V  [libjvm.so+0x983801]  PSParallelCompact::invoke_no_policy(bool)+0x991
V  [libjvm.so+0x98915d]  PSScavenge::invoke()+0x1ad
V  [libjvm.so+0x9408b0]  ParallelScavengeHeap::failed_mem_allocate(unsigned long)+0x70
V  [libjvm.so+0xabdba7]  VM_ParallelGCFailedAllocation::doit()+0x97
V  [libjvm.so+0xac55d5]  VM_Operation::evaluate()+0x55
V  [libjvm.so+0xac39aa]  VMThread::evaluate_operation(VM_Operation*)+0xba
V  [libjvm.so+0xac3d2e]  VMThread::loop()+0x1ce
V  [libjvm.so+0xac41a0]  VMThread::run()+0x70
V  [libjvm.so+0x91ef78]  java_start(Thread*)+0x108

VM_Operation (0x00007f39e3af8ce0): ParallelGCFailedAllocation, mode: safepoint, requested by thread 0x00007f3a2413c000


---------------  P R O C E S S  ---------------

Java Threads: ( => current thread )
  0x00007f3a2413c000 JavaThread "pool-1-thread-4" [_thread_blocked, id=21246, stack(0x00007f39e39fa000,0x00007f39e3afb000)]
  0x00007f3a24135800 JavaThread "pool-1-thread-3" [_thread_blocked, id=21245, stack(0x00007f39e3afb000,0x00007f39e3bfc000)]
  0x00007f3a24133800 JavaThread "pool-1-thread-2" [_thread_blocked, id=21244, stack(0x00007f39e3bfc000,0x00007f39e3cfd000)]
  0x00007f3a24131800 JavaThread "pool-2-thread-1" [_thread_blocked, id=21243, stack(0x00007f39e3cfd000,0x00007f39e3dfe000)]
  0x00007f3a2412f000 JavaThread "pool-1-thread-1" [_thread_blocked, id=21242, stack(0x00007f39e3dfe000,0x00007f39e3eff000)]
  0x00007f3a240d3800 JavaThread "Service Thread" daemon [_thread_blocked, id=21239, stack(0x00007f3a0006e000,0x00007f3a0016f000)]
  0x00007f3a240be000 JavaThread "C1 CompilerThread2" daemon [_thread_blocked, id=21238, stack(0x00007f3a0016f000,0x00007f3a00270000)]
  0x00007f3a240bc800 JavaThread "C2 CompilerThread1" daemon [_thread_blocked, id=21237, stack(0x00007f3a00270000,0x00007f3a00371000)]
  0x00007f3a240b9800 JavaThread "C2 CompilerThread0" daemon [_thread_in_native, id=21236, stack(0x00007f3a00371000,0x00007f3a00472000)]
  0x00007f3a240b8000 JavaThread "Signal Dispatcher" daemon [_thread_blocked, id=21235, stack(0x00007f3a00472000,0x00007f3a00573000)]
  0x00007f3a24084000 JavaThread "Finalizer" daemon [_thread_blocked, id=21234, stack(0x00007f3a0084c000,0x00007f3a0094d000)]
  0x00007f3a2407f800 JavaThread "Reference Handler" daemon [_thread_blocked, id=21233, stack(0x00007f3a0094d000,0x00007f3a00a4e000)]
  0x00007f3a2400a000 JavaThread "main" [_thread_blocked, id=21225, stack(0x00007f3a2b10d000,0x00007f3a2b20e000)]

Other Threads:
=>0x00007f3a24078000 VMThread [stack: 0x00007f3a00a4e000,0x00007f3a00b4f000] [id=21232]
  0x00007f3a240d6000 WatcherThread [stack: 0x00007f39e3eff000,0x00007f39e4000000] [id=21240]

VM state:at safepoint (normal execution)

VM Mutex/Monitor currently owned by a thread:  ([mutex/lock_event])
[0x00007f3a24005de0] ExpandHeap_lock - owner thread: 0x00007f3a24078000
[0x00007f3a24006460] Threads_lock - owner thread: 0x00007f3a24078000
[0x00007f3a24006960] Heap_lock - owner thread: 0x00007f3a2413c000

Heap:
 PSYoungGen      total 280576K, used 24063K [0x00000000eab00000, 0x0000000100000000, 0x0000000100000000)
  eden space 221184K, 0% used [0x00000000eab00000,0x00000000eab00000,0x00000000f8300000)
  from space 59392K, 40% used [0x00000000fc600000,0x00000000fdd7fd68,0x0000000100000000)
  to   space 64000K, 0% used [0x00000000f8300000,0x00000000f8300000,0x00000000fc180000)
 ParOldGen       total 173568K, used 173499K [0x00000000c0000000, 0x00000000ca980000, 0x00000000eab00000)
  object space 173568K, 99% used [0x00000000c0000000,0x00000000ca96edb8,0x00000000ca980000)
 Metaspace       used 6196K, capacity 7216K, committed 7296K, reserved 1056768K
  class space    used 588K, capacity 616K, committed 640K, reserved 1048576K

Card table byte_map: [0x00007f3a28085000,0x00007f3a28286000] byte_map_base: 0x00007f3a27a85000

Marking Bits: (ParMarkBitMap*) 0x00007f3a2a5e3d60
 Begin Bits: [0x00007f3a02000000, 0x00007f3a03000000)
 End Bits:   [0x00007f3a03000000, 0x00007f3a04000000)

Polling page: 0x00007f3a2b232000

CodeCache: size=245760Kb used=9606Kb max_used=9614Kb free=236153Kb
 bounds [0x00007f3a15000000, 0x00007f3a15970000, 0x00007f3a24000000]
 total_blobs=2424 nmethods=2161 adapters=175
 compilation: enabled

Compilation events (10 events):
Event: 11.447 Thread 0x00007f3a240be000 2374   !   2       java.util.EnumSet::clone (18 bytes)
Event: 11.447 Thread 0x00007f3a240be000 nmethod 2374 0x00007f3a1592ec10 code [0x00007f3a1592eda0, 0x00007f3a1592f018]
Event: 11.527 Thread 0x00007f3a240be000 2376   !   3       com.android.dx.cf.direct.AttributeListParser::parse (323 bytes)
Event: 11.530 Thread 0x00007f3a240be000 nmethod 2376 0x00007f3a1594f650 code [0x00007f3a1594fba0, 0x00007f3a159532a8]
Event: 11.530 Thread 0x00007f3a240be000 2375       2       com.android.dx.cf.attrib.AttLocalVariableTypeTable::<init> (8 bytes)
Event: 11.530 Thread 0x00007f3a240be000 nmethod 2375 0x00007f3a1592e890 code [0x00007f3a1592ea00, 0x00007f3a1592eb88]
Event: 11.683 Thread 0x00007f3a240be000 2377       2       com.android.dx.ssa.SsaBasicBlock::setRegsUsed (27 bytes)
Event: 11.684 Thread 0x00007f3a240be000 nmethod 2377 0x00007f3a1592e390 code [0x00007f3a1592e520, 0x00007f3a1592e718]
Event: 11.684 Thread 0x00007f3a240be000 2378       2       java.util.ArrayList$SubList::set (40 bytes)
Event: 11.685 Thread 0x00007f3a240be000 nmethod 2378 0x00007f3a1592db90 code [0x00007f3a1592dd20, 0x00007f3a1592e088]

GC Heap History (10 events):
Event: 7.663 GC heap after
Heap after GC invocations=15 (full 2):
 PSYoungGen      total 268800K, used 38333K [0x00000000eab00000, 0x0000000100000000, 0x0000000100000000)
  eden space 211968K, 0% used [0x00000000eab00000,0x00000000eab00000,0x00000000f7a00000)
  from space 56832K, 67% used [0x00000000f7a00000,0x00000000f9f6f4c8,0x00000000fb180000)
  to   space 59392K, 0% used [0x00000000fc600000,0x00000000fc600000,0x0000000100000000)
 ParOldGen       total 106496K, used 98334K [0x00000000c0000000, 0x00000000c6800000, 0x00000000eab00000)
  object space 106496K, 92% used [0x00000000c0000000,0x00000000c6007bd0,0x00000000c6800000)
 Metaspace       used 6110K, capacity 7152K, committed 7296K, reserved 1056768K
  class space    used 588K, capacity 616K, committed 640K, reserved 1048576K
}
Event: 7.663 GC heap before
{Heap before GC invocations=16 (full 3):
 PSYoungGen      total 268800K, used 38333K [0x00000000eab00000, 0x0000000100000000, 0x0000000100000000)
  eden space 211968K, 0% used [0x00000000eab00000,0x00000000eab00000,0x00000000f7a00000)
  from space 56832K, 67% used [0x00000000f7a00000,0x00000000f9f6f4c8,0x00000000fb180000)
  to   space 59392K, 0% used [0x00000000fc600000,0x00000000fc600000,0x0000000100000000)
 ParOldGen       total 106496K, used 98334K [0x00000000c0000000, 0x00000000c6800000, 0x00000000eab00000)
  object space 106496K, 92% used [0x00000000c0000000,0x00000000c6007bd0,0x00000000c6800000)
 Metaspace       used 6110K, capacity 7152K, committed 7296K, reserved 1056768K
  class space    used 588K, capacity 616K, committed 640K, reserved 1048576K
Event: 8.488 GC heap after
Heap after GC invocations=16 (full 3):
 PSYoungGen      total 268800K, used 19723K [0x00000000eab00000, 0x0000000100000000, 0x0000000100000000)
  eden space 211968K, 0% used [0x00000000eab00000,0x00000000eab00000,0x00000000f7a00000)
  from space 56832K, 34% used [0x00000000f7a00000,0x00000000f8d42d28,0x00000000fb180000)
  to   space 59392K, 0% used [0x00000000fc600000,0x00000000fc600000,0x0000000100000000)
 ParOldGen       total 166912K, used 106487K [0x00000000c0000000, 0x00000000ca300000, 0x00000000eab00000)
  object space 166912K, 63% used [0x00000000c0000000,0x00000000c67fdd48,0x00000000ca300000)
 Metaspace       used 6110K, capacity 7152K, committed 7296K, reserved 1056768K
  class space    used 588K, capacity 616K, committed 640K, reserved 1048576K
}
Event: 9.175 GC heap before
{Heap before GC invocations=17 (full 3):
 PSYoungGen      total 268800K, used 231691K [0x00000000eab00000, 0x0000000100000000, 0x0000000100000000)
  eden space 211968K, 100% used [0x00000000eab00000,0x00000000f7a00000,0x00000000f7a00000)
  from space 56832K, 34% used [0x00000000f7a00000,0x00000000f8d42d28,0x00000000fb180000)
  to   space 59392K, 0% used [0x00000000fc600000,0x00000000fc600000,0x0000000100000000)
 ParOldGen       total 166912K, used 106487K [0x00000000c0000000, 0x00000000ca300000, 0x00000000eab00000)
  object space 166912K, 63% used [0x00000000c0000000,0x00000000c67fdd48,0x00000000ca300000)
 Metaspace       used 6170K, capacity 7216K, committed 7296K, reserved 1056768K
  class space    used 588K, capacity 616K, committed 640K, reserved 1048576K
Event: 9.308 GC heap after
Heap after GC invocations=17 (full 3):
 PSYoungGen      total 290816K, used 29839K [0x00000000eab00000, 0x0000000100000000, 0x0000000100000000)
  eden space 231424K, 0% used [0x00000000eab00000,0x00000000eab00000,0x00000000f8d00000)
  from space 59392K, 50% used [0x00000000fc600000,0x00000000fe323c80,0x0000000100000000)
  to   space 58368K, 0% used [0x00000000f8d00000,0x00000000f8d00000,0x00000000fc600000)
 ParOldGen       total 166912K, used 110983K [0x00000000c0000000, 0x00000000ca300000, 0x00000000eab00000)
  object space 166912K, 66% used [0x00000000c0000000,0x00000000c6c61d48,0x00000000ca300000)
 Metaspace       used 6170K, capacity 7216K, committed 7296K, reserved 1056768K
  class space    used 588K, capacity 616K, committed 640K, reserved 1048576K
}
Event: 10.071 GC heap before
{Heap before GC invocations=18 (full 3):
 PSYoungGen      total 290816K, used 261263K [0x00000000eab00000, 0x0000000100000000, 0x0000000100000000)
  eden space 231424K, 100% used [0x00000000eab00000,0x00000000f8d00000,0x00000000f8d00000)
  from space 59392K, 50% used [0x00000000fc600000,0x00000000fe323c80,0x0000000100000000)
  to   space 58368K, 0% used [0x00000000f8d00000,0x00000000f8d00000,0x00000000fc600000)
 ParOldGen       total 166912K, used 110983K [0x00000000c0000000, 0x00000000ca300000, 0x00000000eab00000)
  object space 166912K, 66% used [0x00000000c0000000,0x00000000c6c61d48,0x00000000ca300000)
 Metaspace       used 6181K, capacity 7216K, committed 7296K, reserved 1056768K
  class space    used 588K, capacity 616K, committed 640K, reserved 1048576K
Event: 10.195 GC heap after
Heap after GC invocations=18 (full 3):
 PSYoungGen      total 289792K, used 58361K [0x00000000eab00000, 0x0000000100000000, 0x0000000100000000)
  eden space 231424K, 0% used [0x00000000eab00000,0x00000000eab00000,0x00000000f8d00000)
  from space 58368K, 99% used [0x00000000f8d00000,0x00000000fc5fe628,0x00000000fc600000)
  to   space 59392K, 0% used [0x00000000fc600000,0x00000000fc600000,0x0000000100000000)
 ParOldGen       total 166912K, used 113304K [0x00000000c0000000, 0x00000000ca300000, 0x00000000eab00000)
  object space 166912K, 67% used [0x00000000c0000000,0x00000000c6ea6180,0x00000000ca300000)
 Metaspace       used 6181K, capacity 7216K, committed 7296K, reserved 1056768K
  class space    used 588K, capacity 616K, committed 640K, reserved 1048576K
}
Event: 11.778 GC heap before
{Heap before GC invocations=19 (full 3):
 PSYoungGen      total 289792K, used 289785K [0x00000000eab00000, 0x0000000100000000, 0x0000000100000000)
  eden space 231424K, 100% used [0x00000000eab00000,0x00000000f8d00000,0x00000000f8d00000)
  from space 58368K, 99% used [0x00000000f8d00000,0x00000000fc5fe628,0x00000000fc600000)
  to   space 59392K, 0% used [0x00000000fc600000,0x00000000fc600000,0x0000000100000000)
 ParOldGen       total 166912K, used 113304K [0x00000000c0000000, 0x00000000ca300000, 0x00000000eab00000)
  object space 166912K, 67% used [0x00000000c0000000,0x00000000c6ea6180,0x00000000ca300000)
 Metaspace       used 6196K, capacity 7216K, committed 7296K, reserved 1056768K
  class space    used 588K, capacity 616K, committed 640K, reserved 1048576K
Event: 11.948 GC heap after
Heap after GC invocations=19 (full 3):
 PSYoungGen      total 280576K, used 28287K [0x00000000eab00000, 0x0000000100000000, 0x0000000100000000)
  eden space 221184K, 0% used [0x00000000eab00000,0x00000000eab00000,0x00000000f8300000)
  from space 59392K, 47% used [0x00000000fc600000,0x00000000fe19fd58,0x0000000100000000)
  to   space 64000K, 0% used [0x00000000f8300000,0x00000000f8300000,0x00000000fc180000)
 ParOldGen       total 173568K, used 171804K [0x00000000c0000000, 0x00000000ca980000, 0x00000000eab00000)
  object space 173568K, 98% used [0x00000000c0000000,0x00000000ca7c72b8,0x00000000ca980000)
 Metaspace       used 6196K, capacity 7216K, committed 7296K, reserved 1056768K
  class space    used 588K, capacity 616K, committed 640K, reserved 1048576K
}
Event: 11.948 GC heap before
{Heap before GC invocations=20 (full 4):
 PSYoungGen      total 280576K, used 28287K [0x00000000eab00000, 0x0000000100000000, 0x0000000100000000)
  eden space 221184K, 0% used [0x00000000eab00000,0x00000000eab00000,0x00000000f8300000)
  from space 59392K, 47% used [0x00000000fc600000,0x00000000fe19fd58,0x0000000100000000)
  to   space 64000K, 0% used [0x00000000f8300000,0x00000000f8300000,0x00000000fc180000)
 ParOldGen       total 173568K, used 171804K [0x00000000c0000000, 0x00000000ca980000, 0x00000000eab00000)
  object space 173568K, 98% used [0x00000000c0000000,0x00000000ca7c72b8,0x00000000ca980000)
 Metaspace       used 6196K, capacity 7216K, committed 7296K, reserved 1056768K
  class space    used 588K, capacity 616K, committed 640K, reserved 1048576K

Deoptimization events (10 events):
Event: 6.428 Thread 0x00007f3a2413c000 Uncommon trap: reason=unstable_if action=reinterpret pc=0x00007f3a1552eb24 method=java.util.HashMap.putVal(ILjava/lang/Object;Ljava/lang/Object;ZZ)Ljava/lang/Object; @ 94
Event: 6.502 Thread 0x00007f3a2413c000 Uncommon trap: reason=unstable_if action=reinterpret pc=0x00007f3a15295ce8 method=java.util.HashMap.putVal(ILjava/lang/Object;Ljava/lang/Object;ZZ)Ljava/lang/Object; @ 162
Event: 6.537 Thread 0x00007f3a2413c000 Uncommon trap: reason=unstable_if action=reinterpret pc=0x00007f3a15522104 method=java.util.HashMap.getNode(ILjava/lang/Object;)Ljava/util/HashMap$Node; @ 84
Event: 7.448 Thread 0x00007f3a24133800 Uncommon trap: reason=unstable_if action=reinterpret pc=0x00007f3a157189a8 method=com.android.dx.ssa.SCCP.simulateBranch(Lcom/android/dx/ssa/SsaInsn;)V @ 548
Event: 7.489 Thread 0x00007f3a24133800 Uncommon trap: reason=bimorphic action=maybe_recompile pc=0x00007f3a158218e4 method=com.android.dx.cf.code.BytecodeArray.parseInstruction(ILcom/android/dx/cf/code/BytecodeArray$Visitor;)I @ 1327
Event: 7.489 Thread 0x00007f3a24133800 Uncommon trap: reason=bimorphic action=maybe_recompile pc=0x00007f3a158218e4 method=com.android.dx.cf.code.BytecodeArray.parseInstruction(ILcom/android/dx/cf/code/BytecodeArray$Visitor;)I @ 1327
Event: 9.597 Thread 0x00007f3a2413c000 Uncommon trap: reason=bimorphic action=maybe_recompile pc=0x00007f3a158c21dc method=com.android.dx.cf.code.BytecodeArray.parseInstruction(ILcom/android/dx/cf/code/BytecodeArray$Visitor;)I @ 1224
Event: 9.597 Thread 0x00007f3a2413c000 Uncommon trap: reason=bimorphic action=maybe_recompile pc=0x00007f3a158c21dc method=com.android.dx.cf.code.BytecodeArray.parseInstruction(ILcom/android/dx/cf/code/BytecodeArray$Visitor;)I @ 1224
Event: 10.504 Thread 0x00007f3a2413c000 Uncommon trap: reason=unstable_if action=reinterpret pc=0x00007f3a158f9748 method=com.android.dx.ssa.LocalVariableExtractor.processBlock(I)V @ 251
Event: 11.531 Thread 0x00007f3a24135800 Uncommon trap: reason=bimorphic action=maybe_recompile pc=0x00007f3a15959764 method=com.android.dx.cf.code.BytecodeArray.parseInstruction(ILcom/android/dx/cf/code/BytecodeArray$Visitor;)I @ 1477

Internal exceptions (6 events):
Event: 0.497 Thread 0x00007f3a2400a000 Exception <a 'java/lang/NoSuchMethodError': Method sun.misc.Unsafe.defineClass(Ljava/lang/String;[BII)Ljava/lang/Class; name or signature does not match> (0x00000000eab07cc0) thrown at [/HUDSON/workspace/8-2-build-linux-amd64/jdk8u91/6644/hotspot/src/shar
Event: 0.497 Thread 0x00007f3a2400a000 Exception <a 'java/lang/NoSuchMethodError': Method sun.misc.Unsafe.prefetchRead(Ljava/lang/Object;J)V name or signature does not match> (0x00000000eab07fa8) thrown at [/HUDSON/workspace/8-2-build-linux-amd64/jdk8u91/6644/hotspot/src/share/vm/prims/jni.cpp
Event: 2.161 Thread 0x00007f3a24133800 Implicit null exception at 0x00007f3a15272b83 to 0x00007f3a15274e7d
Event: 6.526 Thread 0x00007f3a2413c000 Exception <a 'java/lang/ArrayIndexOutOfBoundsException': 18> (0x00000000ee957ca8) thrown at [/HUDSON/workspace/8-2-build-linux-amd64/jdk8u91/6644/hotspot/src/share/vm/interpreter/interpreterRuntime.cpp, line 366]
Event: 6.527 Thread 0x00007f3a2413c000 Exception <a 'java/lang/ArrayIndexOutOfBoundsException': 145> (0x00000000ee959828) thrown at [/HUDSON/workspace/8-2-build-linux-amd64/jdk8u91/6644/hotspot/src/share/vm/interpreter/interpreterRuntime.cpp, line 366]
Event: 6.536 Thread 0x00007f3a2413c000 Exception <a 'java/lang/ArrayIndexOutOfBoundsException'> (0x00000000ee95ab10) thrown at [/HUDSON/workspace/8-2-build-linux-amd64/jdk8u91/6644/hotspot/src/share/vm/runtime/sharedRuntime.cpp, line 605]

Events (10 events):
Event: 11.669 Thread 0x00007f3a2413c000 DEOPT UNPACKING pc=0x00007f3a15047633 sp=0x00007f39e3af89a8 mode 0
Event: 11.699 Thread 0x00007f3a24133800 DEOPT PACKING pc=0x00007f3a15331e48 sp=0x00007f39e3cfad20
Event: 11.699 Thread 0x00007f3a24133800 DEOPT UNPACKING pc=0x00007f3a15047633 sp=0x00007f39e3cfaaa8 mode 0
Event: 11.721 Thread 0x00007f3a2413c000 DEOPT PACKING pc=0x00007f3a15331e48 sp=0x00007f39e3af8c20
Event: 11.721 Thread 0x00007f3a2413c000 DEOPT UNPACKING pc=0x00007f3a15047633 sp=0x00007f39e3af89a8 mode 0
Event: 11.751 Thread 0x00007f3a24133800 DEOPT PACKING pc=0x00007f3a15331e48 sp=0x00007f39e3cfad20
Event: 11.751 Thread 0x00007f3a24133800 DEOPT UNPACKING pc=0x00007f3a15047633 sp=0x00007f39e3cfaaa8 mode 0
Event: 11.776 Thread 0x00007f3a24135800 DEOPT PACKING pc=0x00007f3a15331e48 sp=0x00007f39e3bf9ca0
Event: 11.776 Thread 0x00007f3a24135800 DEOPT UNPACKING pc=0x00007f3a15047633 sp=0x00007f39e3bf9a28 mode 0
Event: 11.777 Executing VM operation: ParallelGCFailedAllocation


Dynamic libraries:
00400000-00401000 r-xp 00000000 08:06 266116                             /home/mohamed/jdk1.8.0_91/bin/java
00600000-00601000 rw-p 00000000 08:06 266116                             /home/mohamed/jdk1.8.0_91/bin/java
0166c000-0168d000 rw-p 00000000 00:00 0                                  [heap]
c0000000-ca980000 rw-p 00000000 00:00 0 
d0000000-eab00000 ---p 00000000 00:00 0 
eab00000-100000000 rw-p 00000000 00:00 0 
100000000-1000a0000 rw-p 00000000 00:00 0 
1000a0000-140000000 ---p 00000000 00:00 0 
7f39c0000000-7f39c00d3000 rw-p 00000000 00:00 0 
7f39c00d3000-7f39c4000000 ---p 00000000 00:00 0 
7f39c8000000-7f39c812a000 rw-p 00000000 00:00 0 
7f39c812a000-7f39cc000000 ---p 00000000 00:00 0 
7f39cc000000-7f39cc0eb000 rw-p 00000000 00:00 0 
7f39cc0eb000-7f39d0000000 ---p 00000000 00:00 0 
7f39d0000000-7f39d015c000 rw-p 00000000 00:00 0 
7f39d015c000-7f39d4000000 ---p 00000000 00:00 0 
7f39d4000000-7f39d4021000 rw-p 00000000 00:00 0 
7f39d4021000-7f39d8000000 ---p 00000000 00:00 0 
7f39d8000000-7f39d8021000 rw-p 00000000 00:00 0 
7f39d8021000-7f39dc000000 ---p 00000000 00:00 0 
7f39dc000000-7f39dc021000 rw-p 00000000 00:00 0 
7f39dc021000-7f39e0000000 ---p 00000000 00:00 0 
7f39e39fa000-7f39e39fd000 ---p 00000000 00:00 0 
7f39e39fd000-7f39e3afb000 rw-p 00000000 00:00 0 
7f39e3afb000-7f39e3afe000 ---p 00000000 00:00 0 
7f39e3afe000-7f39e3bfc000 rw-p 00000000 00:00 0 
7f39e3bfc000-7f39e3bff000 ---p 00000000 00:00 0 
7f39e3bff000-7f39e3cfd000 rw-p 00000000 00:00 0 
7f39e3cfd000-7f39e3d00000 ---p 00000000 00:00 0 
7f39e3d00000-7f39e3dfe000 rw-p 00000000 00:00 0 
7f39e3dfe000-7f39e3e01000 ---p 00000000 00:00 0 
7f39e3e01000-7f39e3eff000 rw-p 00000000 00:00 0 
7f39e3eff000-7f39e3f00000 ---p 00000000 00:00 0 
7f39e3f00000-7f39e4000000 rw-p 00000000 00:00 0 
7f39e4000000-7f39e594c000 rw-p 00000000 00:00 0 
7f39e594c000-7f39e8000000 ---p 00000000 00:00 0 
7f39e8000000-7f39e8d1f000 rw-p 00000000 00:00 0 
7f39e8d1f000-7f39ec000000 ---p 00000000 00:00 0 
7f39ec000000-7f39ec021000 rw-p 00000000 00:00 0 
7f39ec021000-7f39f0000000 ---p 00000000 00:00 0 
7f39f0000000-7f39f1132000 rw-p 00000000 00:00 0 
7f39f1132000-7f39f4000000 ---p 00000000 00:00 0 
7f39f4000000-7f39f4021000 rw-p 00000000 00:00 0 
7f39f4021000-7f39f8000000 ---p 00000000 00:00 0 
7f39f8000000-7f39f8021000 rw-p 00000000 00:00 0 
7f39f8021000-7f39fc000000 ---p 00000000 00:00 0 
7f39fc000000-7f39fc297000 rw-p 00000000 00:00 0 
7f39fc297000-7f3a00000000 ---p 00000000 00:00 0 
7f3a0006e000-7f3a00071000 ---p 00000000 00:00 0 
7f3a00071000-7f3a0016f000 rw-p 00000000 00:00 0 
7f3a0016f000-7f3a00172000 ---p 00000000 00:00 0 
7f3a00172000-7f3a00270000 rw-p 00000000 00:00 0 
7f3a00270000-7f3a00273000 ---p 00000000 00:00 0 
7f3a00273000-7f3a00371000 rw-p 00000000 00:00 0 
7f3a00371000-7f3a00374000 ---p 00000000 00:00 0 
7f3a00374000-7f3a00472000 rw-p 00000000 00:00 0 
7f3a00472000-7f3a00475000 ---p 00000000 00:00 0 
7f3a00475000-7f3a00573000 rw-p 00000000 00:00 0 
7f3a00573000-7f3a0084c000 r--p 00000000 08:06 526509                     /usr/lib/locale/locale-archive
7f3a0084c000-7f3a0084f000 ---p 00000000 00:00 0 
7f3a0084f000-7f3a0094d000 rw-p 00000000 00:00 0 
7f3a0094d000-7f3a00950000 ---p 00000000 00:00 0 
7f3a00950000-7f3a00a4e000 rw-p 00000000 00:00 0 
7f3a00a4e000-7f3a00a4f000 ---p 00000000 00:00 0 
7f3a00a4f000-7f3a01e80000 rw-p 00000000 00:00 0 
7f3a01e80000-7f3a02000000 ---p 00000000 00:00 0 
7f3a02000000-7f3a04000000 rw-p 00000000 00:00 0 
7f3a04000000-7f3a04021000 rw-p 00000000 00:00 0 
7f3a04021000-7f3a08000000 ---p 00000000 00:00 0 
7f3a08000000-7f3a08021000 rw-p 00000000 00:00 0 
7f3a08021000-7f3a0c000000 ---p 00000000 00:00 0 
7f3a0c000000-7f3a0c021000 rw-p 00000000 00:00 0 
7f3a0c021000-7f3a10000000 ---p 00000000 00:00 0 
7f3a10000000-7f3a10021000 rw-p 00000000 00:00 0 
7f3a10021000-7f3a14000000 ---p 00000000 00:00 0 
7f3a1400a000-7f3a1430d000 rw-p 00000000 00:00 0 
7f3a1430d000-7f3a144e6000 r--s 03d1f000 08:06 922159                     /home/mohamed/jdk1.8.0_91/jre/lib/rt.jar
7f3a144e6000-7f3a146e6000 rw-p 00000000 00:00 0 
7f3a146e6000-7f3a146e7000 ---p 00000000 00:00 0 
7f3a146e7000-7f3a147e7000 rw-p 00000000 00:00 0 
7f3a147e7000-7f3a147e8000 ---p 00000000 00:00 0 
7f3a147e8000-7f3a148e8000 rw-p 00000000 00:00 0 
7f3a148e8000-7f3a148e9000 ---p 00000000 00:00 0 
7f3a148e9000-7f3a149e9000 rw-p 00000000 00:00 0 
7f3a149e9000-7f3a149ea000 ---p 00000000 00:00 0 
7f3a149ea000-7f3a14b3f000 rw-p 00000000 00:00 0 
7f3a14b3f000-7f3a14c40000 ---p 00000000 00:00 0 
7f3a14c40000-7f3a14c66000 rw-p 00000000 00:00 0 
7f3a14c66000-7f3a15000000 ---p 00000000 00:00 0 
7f3a15000000-7f3a15970000 rwxp 00000000 00:00 0 
7f3a15970000-7f3a24000000 ---p 00000000 00:00 0 
7f3a24000000-7f3a2439e000 rw-p 00000000 00:00 0 
7f3a2439e000-7f3a28000000 ---p 00000000 00:00 0 
7f3a28000000-7f3a2800f000 r--s 000df000 08:06 6165411                    /home/mohamed/Android/Sdk/build-tools/23.0.1/lib/dx.jar
7f3a2800f000-7f3a280da000 rw-p 00000000 00:00 0 
7f3a280da000-7f3a281da000 ---p 00000000 00:00 0 
7f3a281da000-7f3a28285000 rw-p 00000000 00:00 0 
7f3a28285000-7f3a28286000 rw-p 00000000 00:00 0 
7f3a28286000-7f3a282a0000 r-xp 00000000 08:06 922210                     /home/mohamed/jdk1.8.0_91/jre/lib/amd64/libzip.so
7f3a282a0000-7f3a284a0000 ---p 0001a000 08:06 922210                     /home/mohamed/jdk1.8.0_91/jre/lib/amd64/libzip.so
7f3a284a0000-7f3a284a1000 rw-p 0001a000 08:06 922210                     /home/mohamed/jdk1.8.0_91/jre/lib/amd64/libzip.so
7f3a284a1000-7f3a284ac000 r-xp 00000000 08:06 278669                     /lib/x86_64-linux-gnu/libnss_files-2.23.so
7f3a284ac000-7f3a286ab000 ---p 0000b000 08:06 278669                     /lib/x86_64-linux-gnu/libnss_files-2.23.so
7f3a286ab000-7f3a286ac000 r--p 0000a000 08:06 278669                     /lib/x86_64-linux-gnu/libnss_files-2.23.so
7f3a286ac000-7f3a286ad000 rw-p 0000b000 08:06 278669                     /lib/x86_64-linux-gnu/libnss_files-2.23.so
7f3a286ad000-7f3a286b3000 rw-p 00000000 00:00 0 
7f3a286b3000-7f3a286be000 r-xp 00000000 08:06 278666                     /lib/x86_64-linux-gnu/libnss_nis-2.23.so
7f3a286be000-7f3a288bd000 ---p 0000b000 08:06 278666                     /lib/x86_64-linux-gnu/libnss_nis-2.23.so
7f3a288bd000-7f3a288be000 r--p 0000a000 08:06 278666                     /lib/x86_64-linux-gnu/libnss_nis-2.23.so
7f3a288be000-7f3a288bf000 rw-p 0000b000 08:06 278666                     /lib/x86_64-linux-gnu/libnss_nis-2.23.so
7f3a288bf000-7f3a288d5000 r-xp 00000000 08:06 278664                     /lib/x86_64-linux-gnu/libnsl-2.23.so
7f3a288d5000-7f3a28ad4000 ---p 00016000 08:06 278664                     /lib/x86_64-linux-gnu/libnsl-2.23.so
7f3a28ad4000-7f3a28ad5000 r--p 00015000 08:06 278664                     /lib/x86_64-linux-gnu/libnsl-2.23.so
7f3a28ad5000-7f3a28ad6000 rw-p 00016000 08:06 278664                     /lib/x86_64-linux-gnu/libnsl-2.23.so
7f3a28ad6000-7f3a28ad8000 rw-p 00000000 00:00 0 
7f3a28ad8000-7f3a28ae0000 r-xp 00000000 08:06 278662                     /lib/x86_64-linux-gnu/libnss_compat-2.23.so
7f3a28ae0000-7f3a28cdf000 ---p 00008000 08:06 278662                     /lib/x86_64-linux-gnu/libnss_compat-2.23.so
7f3a28cdf000-7f3a28ce0000 r--p 00007000 08:06 278662                     /lib/x86_64-linux-gnu/libnss_compat-2.23.so
7f3a28ce0000-7f3a28ce1000 rw-p 00008000 08:06 278662                     /lib/x86_64-linux-gnu/libnss_compat-2.23.so
7f3a28ce1000-7f3a28d0b000 r-xp 00000000 08:06 922205                     /home/mohamed/jdk1.8.0_91/jre/lib/amd64/libjava.so
7f3a28d0b000-7f3a28f0b000 ---p 0002a000 08:06 922205                     /home/mohamed/jdk1.8.0_91/jre/lib/amd64/libjava.so
7f3a28f0b000-7f3a28f0d000 rw-p 0002a000 08:06 922205                     /home/mohamed/jdk1.8.0_91/jre/lib/amd64/libjava.so
7f3a28f0d000-7f3a28f1a000 r-xp 00000000 08:06 922209                     /home/mohamed/jdk1.8.0_91/jre/lib/amd64/libverify.so
7f3a28f1a000-7f3a2911a000 ---p 0000d000 08:06 922209                     /home/mohamed/jdk1.8.0_91/jre/lib/amd64/libverify.so
7f3a2911a000-7f3a2911c000 rw-p 0000d000 08:06 922209                     /home/mohamed/jdk1.8.0_91/jre/lib/amd64/libverify.so
7f3a2911c000-7f3a29123000 r-xp 00000000 08:06 278678                     /lib/x86_64-linux-gnu/librt-2.23.so
7f3a29123000-7f3a29322000 ---p 00007000 08:06 278678                     /lib/x86_64-linux-gnu/librt-2.23.so
7f3a29322000-7f3a29323000 r--p 00006000 08:06 278678                     /lib/x86_64-linux-gnu/librt-2.23.so
7f3a29323000-7f3a29324000 rw-p 00007000 08:06 278678                     /lib/x86_64-linux-gnu/librt-2.23.so
7f3a29324000-7f3a2942c000 r-xp 00000000 08:06 278675                     /lib/x86_64-linux-gnu/libm-2.23.so
7f3a2942c000-7f3a2962b000 ---p 00108000 08:06 278675                     /lib/x86_64-linux-gnu/libm-2.23.so
7f3a2962b000-7f3a2962c000 r--p 00107000 08:06 278675                     /lib/x86_64-linux-gnu/libm-2.23.so
7f3a2962c000-7f3a2962d000 rw-p 00108000 08:06 278675                     /lib/x86_64-linux-gnu/libm-2.23.so
7f3a2962d000-7f3a2a2ed000 r-xp 00000000 08:06 1184562                    /home/mohamed/jdk1.8.0_91/jre/lib/amd64/server/libjvm.so
7f3a2a2ed000-7f3a2a4ed000 ---p 00cc0000 08:06 1184562                    /home/mohamed/jdk1.8.0_91/jre/lib/amd64/server/libjvm.so
7f3a2a4ed000-7f3a2a5c5000 rw-p 00cc0000 08:06 1184562                    /home/mohamed/jdk1.8.0_91/jre/lib/amd64/server/libjvm.so
7f3a2a5c5000-7f3a2a610000 rw-p 00000000 00:00 0 
7f3a2a610000-7f3a2a7d0000 r-xp 00000000 08:06 278683                     /lib/x86_64-linux-gnu/libc-2.23.so
7f3a2a7d0000-7f3a2a9cf000 ---p 001c0000 08:06 278683                     /lib/x86_64-linux-gnu/libc-2.23.so
7f3a2a9cf000-7f3a2a9d3000 r--p 001bf000 08:06 278683                     /lib/x86_64-linux-gnu/libc-2.23.so
7f3a2a9d3000-7f3a2a9d5000 rw-p 001c3000 08:06 278683                     /lib/x86_64-linux-gnu/libc-2.23.so
7f3a2a9d5000-7f3a2a9d9000 rw-p 00000000 00:00 0 
7f3a2a9d9000-7f3a2a9dc000 r-xp 00000000 08:06 278684                     /lib/x86_64-linux-gnu/libdl-2.23.so
7f3a2a9dc000-7f3a2abdb000 ---p 00003000 08:06 278684                     /lib/x86_64-linux-gnu/libdl-2.23.so
7f3a2abdb000-7f3a2abdc000 r--p 00002000 08:06 278684                     /lib/x86_64-linux-gnu/libdl-2.23.so
7f3a2abdc000-7f3a2abdd000 rw-p 00003000 08:06 278684                     /lib/x86_64-linux-gnu/libdl-2.23.so
7f3a2abdd000-7f3a2abf2000 r-xp 00000000 08:06 36052                      /home/mohamed/jdk1.8.0_91/lib/amd64/jli/libjli.so
7f3a2abf2000-7f3a2adf2000 ---p 00015000 08:06 36052                      /home/mohamed/jdk1.8.0_91/lib/amd64/jli/libjli.so
7f3a2adf2000-7f3a2adf3000 rw-p 00015000 08:06 36052                      /home/mohamed/jdk1.8.0_91/lib/amd64/jli/libjli.so
7f3a2adf3000-7f3a2ae0b000 r-xp 00000000 08:06 278682                     /lib/x86_64-linux-gnu/libpthread-2.23.so
7f3a2ae0b000-7f3a2b00a000 ---p 00018000 08:06 278682                     /lib/x86_64-linux-gnu/libpthread-2.23.so
7f3a2b00a000-7f3a2b00b000 r--p 00017000 08:06 278682                     /lib/x86_64-linux-gnu/libpthread-2.23.so
7f3a2b00b000-7f3a2b00c000 rw-p 00018000 08:06 278682                     /lib/x86_64-linux-gnu/libpthread-2.23.so
7f3a2b00c000-7f3a2b010000 rw-p 00000000 00:00 0 
7f3a2b010000-7f3a2b036000 r-xp 00000000 08:06 278679                     /lib/x86_64-linux-gnu/ld-2.23.so
7f3a2b03b000-7f3a2b10d000 rw-p 00000000 00:00 0 
7f3a2b10d000-7f3a2b110000 ---p 00000000 00:00 0 
7f3a2b110000-7f3a2b212000 rw-p 00000000 00:00 0 
7f3a2b215000-7f3a2b229000 rw-p 00000000 00:00 0 
7f3a2b229000-7f3a2b231000 rw-s 00000000 08:06 1063532                    /tmp/hsperfdata_mohamed/21220
7f3a2b231000-7f3a2b232000 rw-p 00000000 00:00 0 
7f3a2b232000-7f3a2b233000 ---p 00000000 00:00 0 
7f3a2b233000-7f3a2b235000 rw-p 00000000 00:00 0 
7f3a2b235000-7f3a2b236000 r--p 00025000 08:06 278679                     /lib/x86_64-linux-gnu/ld-2.23.so
7f3a2b236000-7f3a2b237000 rw-p 00026000 08:06 278679                     /lib/x86_64-linux-gnu/ld-2.23.so
7f3a2b237000-7f3a2b238000 rw-p 00000000 00:00 0 
7fff7188d000-7fff718ae000 rw-p 00000000 00:00 0                          [stack]
7fff71999000-7fff7199b000 r--p 00000000 00:00 0                          [vvar]
7fff7199b000-7fff7199d000 r-xp 00000000 00:00 0                          [vdso]
ffffffffff600000-ffffffffff601000 r-xp 00000000 00:00 0                  [vsyscall]

VM Arguments:
jvm_args: -Djava.awt.headless=true -Xmx1024M -Dfile.encoding=UTF-8 -Duser.country=US -Duser.language=en -Duser.variant 
java_command: com.android.dx.command.Main --dex --force-jumbo --num-threads=4 --output /media/mohamed/Programs/Explore/app/build/intermediates/pre-dexed/debug/main_b96a9e6e4bba87f32530723a59caa4b0f833400a.jar /media/mohamed/Programs/Explore/app/build/intermediates/transforms/instantRun/debug/folders/1/5/main
java_class_path (initial): /home/mohamed/Android/Sdk/build-tools/23.0.1/lib/dx.jar
Launcher Type: SUN_STANDARD

Environment Variables:
JAVA_HOME=/usr/lib/jvm/java-8-oracle
PATH=/usr/local/sbin:/usr/local/bin:/usr/sbin:/usr/bin:/sbin:/bin:/usr/games:/usr/local/games:/snap/bin:/usr/lib/jvm/java-8-oracle/bin:/usr/lib/jvm/java-8-oracle/db/bin:/usr/lib/jvm/java-8-oracle/jre/bin
LD_LIBRARY_PATH=/home/mohamed/tools/android/android-studio/bin:
SHELL=/bin/bash
DISPLAY=:0

Signal Handlers:
SIGSEGV: [libjvm.so+0xabca10], sa_mask[0]=11111111011111111101111111111110, sa_flags=SA_RESTART|SA_SIGINFO
SIGBUS: [libjvm.so+0xabca10], sa_mask[0]=11111111011111111101111111111110, sa_flags=SA_RESTART|SA_SIGINFO
SIGFPE: [libjvm.so+0x919a20], sa_mask[0]=11111111011111111101111111111110, sa_flags=SA_RESTART|SA_SIGINFO
SIGPIPE: [libjvm.so+0x919a20], sa_mask[0]=11111111011111111101111111111110, sa_flags=SA_RESTART|SA_SIGINFO
SIGXFSZ: [libjvm.so+0x919a20], sa_mask[0]=11111111011111111101111111111110, sa_flags=SA_RESTART|SA_SIGINFO
SIGILL: [libjvm.so+0x919a20], sa_mask[0]=11111111011111111101111111111110, sa_flags=SA_RESTART|SA_SIGINFO
SIGUSR1: SIG_DFL, sa_mask[0]=00000000000000000000000000000000, sa_flags=none
SIGUSR2: [libjvm.so+0x91b050], sa_mask[0]=00100000000000000000000000000000, sa_flags=SA_RESTART|SA_SIGINFO
SIGHUP: [libjvm.so+0x91c450], sa_mask[0]=11111111011111111101111111111110, sa_flags=SA_RESTART|SA_SIGINFO
SIGINT: [libjvm.so+0x91c450], sa_mask[0]=11111111011111111101111111111110, sa_flags=SA_RESTART|SA_SIGINFO
SIGTERM: [libjvm.so+0x91c450], sa_mask[0]=11111111011111111101111111111110, sa_flags=SA_RESTART|SA_SIGINFO
SIGQUIT: [libjvm.so+0x91c450], sa_mask[0]=11111111011111111101111111111110, sa_flags=SA_RESTART|SA_SIGINFO


---------------  S Y S T E M  ---------------

OS:DISTRIB_ID=Ubuntu
DISTRIB_RELEASE=16.04
DISTRIB_CODENAME=xenial
DISTRIB_DESCRIPTION="Ubuntu 16.04 LTS"

uname:Linux 4.4.0-22-generic #40-Ubuntu SMP Thu May 12 22:03:46 UTC 2016 x86_64
libc:glibc 2.23 NPTL 2.23 
rlimit: STACK 8192k, CORE 0k, NPROC 15304, NOFILE 65536, AS infinity
load average:2.15 1.09 0.95

/proc/meminfo:
MemTotal:        3956776 kB
MemFree:           34804 kB
MemAvailable:      87932 kB
Buffers:            1412 kB
Cached:           429424 kB
SwapCached:            0 kB
Active:          3355572 kB
Inactive:         384300 kB
Active(anon):    3334752 kB
Inactive(anon):   363028 kB
Active(file):      20820 kB
Inactive(file):    21272 kB
Unevictable:          48 kB
Mlocked:              48 kB
SwapTotal:             0 kB
SwapFree:              0 kB
Dirty:              1432 kB
Writeback:             0 kB
AnonPages:       3309784 kB
Mapped:           179136 kB
Shmem:            388200 kB
Slab:              81904 kB
SReclaimable:      40424 kB
SUnreclaim:        41480 kB
KernelStack:       10720 kB
PageTables:        46336 kB
NFS_Unstable:          0 kB
Bounce:                0 kB
WritebackTmp:          0 kB
CommitLimit:     1978388 kB
Committed_AS:    7654176 kB
VmallocTotal:   34359738367 kB
VmallocUsed:           0 kB
VmallocChunk:          0 kB
HardwareCorrupted:     0 kB
AnonHugePages:   1665024 kB
CmaTotal:              0 kB
CmaFree:               0 kB
HugePages_Total:       0
HugePages_Free:        0
HugePages_Rsvd:        0
HugePages_Surp:        0
Hugepagesize:       2048 kB
DirectMap4k:      217464 kB
DirectMap2M:     3887104 kB
DirectMap1G:           0 kB


CPU:total 4 (2 cores per cpu, 2 threads per core) family 6 model 60 stepping 3, cmov, cx8, fxsr, mmx, sse, sse2, sse3, ssse3, sse4.1, sse4.2, popcnt, avx, avx2, aes, clmul, erms, lzcnt, ht, tsc, tscinvbit, bmi1, bmi2

/proc/cpuinfo:
processor	: 0
vendor_id	: GenuineIntel
cpu family	: 6
model		: 60
model name	: Intel(R) Core(TM) i5-4200M CPU @ 2.50GHz
stepping	: 3
microcode	: 0x16
cpu MHz		: 3000.000
cache size	: 3072 KB
physical id	: 0
siblings	: 4
core id		: 0
cpu cores	: 2
apicid		: 0
initial apicid	: 0
fpu		: yes
fpu_exception	: yes
cpuid level	: 13
wp		: yes
flags		: fpu vme de pse tsc msr pae mce cx8 apic sep mtrr pge mca cmov pat pse36 clflush dts acpi mmx fxsr sse sse2 ss ht tm pbe syscall nx pdpe1gb rdtscp lm constant_tsc arch_perfmon pebs bts rep_good nopl xtopology nonstop_tsc aperfmperf eagerfpu pni pclmulqdq dtes64 monitor ds_cpl vmx est tm2 ssse3 sdbg fma cx16 xtpr pdcm pcid sse4_1 sse4_2 movbe popcnt tsc_deadline_timer aes xsave avx f16c rdrand lahf_lm abm epb tpr_shadow vnmi flexpriority ept vpid fsgsbase tsc_adjust bmi1 avx2 smep bmi2 erms invpcid xsaveopt dtherm ida arat pln pts
bugs		:
bogomips	: 4988.34
clflush size	: 64
cache_alignment	: 64
address sizes	: 39 bits physical, 48 bits virtual
power management:

processor	: 1
vendor_id	: GenuineIntel
cpu family	: 6
model		: 60
model name	: Intel(R) Core(TM) i5-4200M CPU @ 2.50GHz
stepping	: 3
microcode	: 0x16
cpu MHz		: 3009.765
cache size	: 3072 KB
physical id	: 0
siblings	: 4
core id		: 1
cpu cores	: 2
apicid		: 2
initial apicid	: 2
fpu		: yes
fpu_exception	: yes
cpuid level	: 13
wp		: yes
flags		: fpu vme de pse tsc msr pae mce cx8 apic sep mtrr pge mca cmov pat pse36 clflush dts acpi mmx fxsr sse sse2 ss ht tm pbe syscall nx pdpe1gb rdtscp lm constant_tsc arch_perfmon pebs bts rep_good nopl xtopology nonstop_tsc aperfmperf eagerfpu pni pclmulqdq dtes64 monitor ds_cpl vmx est tm2 ssse3 sdbg fma cx16 xtpr pdcm pcid sse4_1 sse4_2 movbe popcnt tsc_deadline_timer aes xsave avx f16c rdrand lahf_lm abm epb tpr_shadow vnmi flexpriority ept vpid fsgsbase tsc_adjust bmi1 avx2 smep bmi2 erms invpcid xsaveopt dtherm ida arat pln pts
bugs		:
bogomips	: 4988.34
clflush size	: 64
cache_alignment	: 64
address sizes	: 39 bits physical, 48 bits virtual
power management:

processor	: 2
vendor_id	: GenuineIntel
cpu family	: 6
model		: 60
model name	: Intel(R) Core(TM) i5-4200M CPU @ 2.50GHz
stepping	: 3
microcode	: 0x16
cpu MHz		: 3000.000
cache size	: 3072 KB
physical id	: 0
siblings	: 4
core id		: 0
cpu cores	: 2
apicid		: 1
initial apicid	: 1
fpu		: yes
fpu_exception	: yes
cpuid level	: 13
wp		: yes
flags		: fpu vme de pse tsc msr pae mce cx8 apic sep mtrr pge mca cmov pat pse36 clflush dts acpi mmx fxsr sse sse2 ss ht tm pbe syscall nx pdpe1gb rdtscp lm constant_tsc arch_perfmon pebs bts rep_good nopl xtopology nonstop_tsc aperfmperf eagerfpu pni pclmulqdq dtes64 monitor ds_cpl vmx est tm2 ssse3 sdbg fma cx16 xtpr pdcm pcid sse4_1 sse4_2 movbe popcnt tsc_deadline_timer aes xsave avx f16c rdrand lahf_lm abm epb tpr_shadow vnmi flexpriority ept vpid fsgsbase tsc_adjust bmi1 avx2 smep bmi2 erms invpcid xsaveopt dtherm ida arat pln pts
bugs		:
bogomips	: 4988.34
clflush size	: 64
cache_alignment	: 64
address sizes	: 39 bits physical, 48 bits virtual
power management:

processor	: 3
vendor_id	: GenuineIntel
cpu family	: 6
model		: 60
model name	: Intel(R) Core(TM) i5-4200M CPU @ 2.50GHz
stepping	: 3
microcode	: 0x16
cpu MHz		: 3027.148
cache size	: 3072 KB
physical id	: 0
siblings	: 4
core id		: 1
cpu cores	: 2
apicid		: 3
initial apicid	: 3
fpu		: yes
fpu_exception	: yes
cpuid level	: 13
wp		: yes
flags		: fpu vme de pse tsc msr pae mce cx8 apic sep mtrr pge mca cmov pat pse36 clflush dts acpi mmx fxsr sse sse2 ss ht tm pbe syscall nx pdpe1gb rdtscp lm constant_tsc arch_perfmon pebs bts rep_good nopl xtopology nonstop_tsc aperfmperf eagerfpu pni pclmulqdq dtes64 monitor ds_cpl vmx est tm2 ssse3 sdbg fma cx16 xtpr pdcm pcid sse4_1 sse4_2 movbe popcnt tsc_deadline_timer aes xsave avx f16c rdrand lahf_lm abm epb tpr_shadow vnmi flexpriority ept vpid fsgsbase tsc_adjust bmi1 avx2 smep bmi2 erms invpcid xsaveopt dtherm ida arat pln pts
bugs		:
bogomips	: 4988.34
clflush size	: 64
cache_alignment	: 64
address sizes	: 39 bits physical, 48 bits virtual
power management:



Memory: 4k page, physical 3956776k(34804k free), swap 0k(0k free)

vm_info: Java HotSpot(TM) 64-Bit Server VM (25.91-b14) for linux-amd64 JRE (1.8.0_91-b14), built on Apr  1 2016 00:57:21 by "java_re" with gcc 4.3.0 20080428 (Red Hat 4.3.0-8)

time: Thu May 19 02:32:04 2016
elapsed time: 14 seconds (0d 0h 0m 14s)

