#
# There is insufficient memory for the Java Runtime Environment to continue.
# Native memory allocation (mmap) failed to map 94371840 bytes for committing reserved memory.
# Possible reasons:
#   The system is out of physical RAM or swap space
#   In 32 bit mode, the process size limit was hit
# Possible solutions:
#   Reduce memory load on the system
#   Increase physical memory or swap space
#   Check if swap backing store is full
#   Use 64 bit Java on a 64 bit OS
#   Decrease Java heap size (-Xmx/-Xms)
#   Decrease number of Java threads
#   Decrease Java thread stack sizes (-Xss)
#   Set larger code cache with -XX:ReservedCodeCacheSize=
# This output file may be truncated or incomplete.
#
#  Out of Memory Error (os_linux.cpp:2627), pid=24116, tid=139635621598976
#
# JRE version: Java(TM) SE Runtime Environment (8.0_91-b14) (build 1.8.0_91-b14)
# Java VM: Java HotSpot(TM) 64-Bit Server VM (25.91-b14 mixed mode linux-amd64 compressed oops)
# Failed to write core dump. Core dumps have been disabled. To enable core dumping, try "ulimit -c unlimited" before starting Java again
#

---------------  T H R E A D  ---------------

Current thread (0x00007eff8c078000):  VMThread [stack: 0x00007eff738f9000,0x00007eff739fa000] [id=24126]

Stack: [0x00007eff738f9000,0x00007eff739fa000],  sp=0x00007eff739f83a0,  free space=1020k
Native frames: (J=compiled Java code, j=interpreted, Vv=VM code, C=native code)
V  [libjvm.so+0xabc18a]  VMError::report_and_die()+0x2ba
V  [libjvm.so+0x4fafeb]  report_vm_out_of_memory(char const*, int, unsigned long, VMErrorType, char const*)+0x8b
V  [libjvm.so+0x91cbb3]  os::Linux::commit_memory_impl(char*, unsigned long, bool)+0x103
V  [libjvm.so+0x91d109]  os::pd_commit_memory(char*, unsigned long, unsigned long, bool)+0x29
V  [libjvm.so+0x91740a]  os::commit_memory(char*, unsigned long, unsigned long, bool)+0x2a
V  [libjvm.so+0x98b033]  PSVirtualSpace::expand_by(unsigned long)+0x53
V  [libjvm.so+0x97b920]  PSOldGen::expand(unsigned long)+0x170
V  [libjvm.so+0x97bb2b]  PSOldGen::resize(unsigned long)+0x1cb
V  [libjvm.so+0x983801]  PSParallelCompact::invoke_no_policy(bool)+0x991
V  [libjvm.so+0x98915d]  PSScavenge::invoke()+0x1ad
V  [libjvm.so+0x9408b0]  ParallelScavengeHeap::failed_mem_allocate(unsigned long)+0x70
V  [libjvm.so+0xabdba7]  VM_ParallelGCFailedAllocation::doit()+0x97
V  [libjvm.so+0xac55d5]  VM_Operation::evaluate()+0x55
V  [libjvm.so+0xac39aa]  VMThread::evaluate_operation(VM_Operation*)+0xba
V  [libjvm.so+0xac3d2e]  VMThread::loop()+0x1ce
V  [libjvm.so+0xac41a0]  VMThread::run()+0x70
V  [libjvm.so+0x91ef78]  java_start(Thread*)+0x108

VM_Operation (0x00007eff921630a0): ParallelGCFailedAllocation, mode: safepoint, requested by thread 0x00007eff8c00a000


---------------  P R O C E S S  ---------------

Java Threads: ( => current thread )
  0x00007eff8c141800 JavaThread "pool-1-thread-4" [_thread_blocked, id=24139, stack(0x00007eff72913000,0x00007eff72a14000)]
  0x00007eff8c13d800 JavaThread "pool-1-thread-3" [_thread_blocked, id=24138, stack(0x00007eff72a14000,0x00007eff72b15000)]
  0x00007eff8c13b800 JavaThread "pool-1-thread-2" [_thread_blocked, id=24137, stack(0x00007eff72b15000,0x00007eff72c16000)]
  0x00007eff8c139800 JavaThread "pool-2-thread-1" [_thread_blocked, id=24136, stack(0x00007eff72c16000,0x00007eff72d17000)]
  0x00007eff8c137000 JavaThread "pool-1-thread-1" [_thread_blocked, id=24135, stack(0x00007eff72d17000,0x00007eff72e18000)]
  0x00007eff8c0db800 JavaThread "Service Thread" daemon [_thread_blocked, id=24133, stack(0x00007eff72f19000,0x00007eff7301a000)]
  0x00007eff8c0be000 JavaThread "C1 CompilerThread2" daemon [_thread_blocked, id=24132, stack(0x00007eff7301a000,0x00007eff7311b000)]
  0x00007eff8c0bc800 JavaThread "C2 CompilerThread1" daemon [_thread_blocked, id=24131, stack(0x00007eff7311b000,0x00007eff7321c000)]
  0x00007eff8c0b9800 JavaThread "C2 CompilerThread0" daemon [_thread_blocked, id=24130, stack(0x00007eff7321c000,0x00007eff7331d000)]
  0x00007eff8c0b8000 JavaThread "Signal Dispatcher" daemon [_thread_blocked, id=24129, stack(0x00007eff7331d000,0x00007eff7341e000)]
  0x00007eff8c084000 JavaThread "Finalizer" daemon [_thread_blocked, id=24128, stack(0x00007eff736f7000,0x00007eff737f8000)]
  0x00007eff8c07f800 JavaThread "Reference Handler" daemon [_thread_blocked, id=24127, stack(0x00007eff737f8000,0x00007eff738f9000)]
  0x00007eff8c00a000 JavaThread "main" [_thread_blocked, id=24121, stack(0x00007eff92065000,0x00007eff92166000)]

Other Threads:
=>0x00007eff8c078000 VMThread [stack: 0x00007eff738f9000,0x00007eff739fa000] [id=24126]
  0x00007eff8c0de000 WatcherThread [stack: 0x00007eff72e18000,0x00007eff72f19000] [id=24134]

VM state:at safepoint (normal execution)

VM Mutex/Monitor currently owned by a thread:  ([mutex/lock_event])
[0x00007eff8c005de0] ExpandHeap_lock - owner thread: 0x00007eff8c078000
[0x00007eff8c006460] Threads_lock - owner thread: 0x00007eff8c078000
[0x00007eff8c006960] Heap_lock - owner thread: 0x00007eff8c00a000

Heap:
 PSYoungGen      total 243200K, used 0K [0x00000000eab00000, 0x00000000ffb00000, 0x0000000100000000)
  eden space 196608K, 0% used [0x00000000eab00000,0x00000000eab00000,0x00000000f6b00000)
  from space 46592K, 0% used [0x00000000f6b00000,0x00000000f6b00000,0x00000000f9880000)
  to   space 46592K, 0% used [0x00000000fcd80000,0x00000000fcd80000,0x00000000ffb00000)
 ParOldGen       total 147968K, used 145872K [0x00000000c0000000, 0x00000000c9080000, 0x00000000eab00000)
  object space 147968K, 98% used [0x00000000c0000000,0x00000000c8e74270,0x00000000c9080000)
 Metaspace       used 6172K, capacity 7216K, committed 7296K, reserved 1056768K
  class space    used 588K, capacity 616K, committed 640K, reserved 1048576K

Card table byte_map: [0x00007eff7bba9000,0x00007eff7bdaa000] byte_map_base: 0x00007eff7b5a9000

Marking Bits: (ParMarkBitMap*) 0x00007eff9153bd60
 Begin Bits: [0x00007eff7964f000, 0x00007eff7a64f000)
 End Bits:   [0x00007eff7a64f000, 0x00007eff7b64f000)

Polling page: 0x00007eff9218a000

CodeCache: size=245760Kb used=10052Kb max_used=10056Kb free=235707Kb
 bounds [0x00007eff7c16a000, 0x00007eff7cb4a000, 0x00007eff8b16a000]
 total_blobs=2427 nmethods=2165 adapters=175
 compilation: enabled

Compilation events (10 events):
Event: 9.584 Thread 0x00007eff8c0bc800 nmethod 2364 0x00007eff7cb1ef50 code [0x00007eff7cb1f0e0, 0x00007eff7cb1f5b8]
Event: 9.584 Thread 0x00007eff8c0bc800 2068       4       com.android.dx.ssa.BasicRegisterMapper::addMapping (68 bytes)
Event: 9.592 Thread 0x00007eff8c0bc800 nmethod 2068 0x00007eff7cb1e550 code [0x00007eff7cb1e6c0, 0x00007eff7cb1eb98]
Event: 9.592 Thread 0x00007eff8c0bc800 2176 %     4       com.android.dx.ssa.SCCP::run @ 93 (298 bytes)
Event: 9.742 Thread 0x00007eff8c0be000 2378       2       java.util.concurrent.ArrayBlockingQueue::enqueue (53 bytes)
Event: 9.743 Thread 0x00007eff8c0be000 nmethod 2378 0x00007eff7cb02690 code [0x00007eff7cb02820, 0x00007eff7cb02b68]
Event: 9.807 Thread 0x00007eff8c0be000 2394   !   2       com.android.dx.dex.code.OutputFinisher::reverseBranch (73 bytes)
Event: 9.809 Thread 0x00007eff8c0be000 nmethod 2394 0x00007eff7cb20290 code [0x00007eff7cb204a0, 0x00007eff7cb20c08]
Event: 9.815 Thread 0x00007eff8c0be000 2396       2       sun.reflect.generics.reflectiveObjects.ParameterizedTypeImpl::getActualTypeArguments (11 bytes)
Event: 9.815 Thread 0x00007eff8c0be000 nmethod 2396 0x00007eff7cb181d0 code [0x00007eff7cb18340, 0x00007eff7cb18508]

GC Heap History (10 events):
Event: 7.077 GC heap after
Heap after GC invocations=14 (full 2):
 PSYoungGen      total 204800K, used 16320K [0x00000000eab00000, 0x00000000f9e80000, 0x0000000100000000)
  eden space 165376K, 0% used [0x00000000eab00000,0x00000000eab00000,0x00000000f4c80000)
  from space 39424K, 41% used [0x00000000f7800000,0x00000000f87f0370,0x00000000f9e80000)
  to   space 41984K, 0% used [0x00000000f4c80000,0x00000000f4c80000,0x00000000f7580000)
 ParOldGen       total 90112K, used 79208K [0x00000000c0000000, 0x00000000c5800000, 0x00000000eab00000)
  object space 90112K, 87% used [0x00000000c0000000,0x00000000c4d5a370,0x00000000c5800000)
 Metaspace       used 6066K, capacity 7152K, committed 7296K, reserved 1056768K
  class space    used 588K, capacity 616K, committed 640K, reserved 1048576K
}
Event: 7.077 GC heap before
{Heap before GC invocations=15 (full 3):
 PSYoungGen      total 204800K, used 16320K [0x00000000eab00000, 0x00000000f9e80000, 0x0000000100000000)
  eden space 165376K, 0% used [0x00000000eab00000,0x00000000eab00000,0x00000000f4c80000)
  from space 39424K, 41% used [0x00000000f7800000,0x00000000f87f0370,0x00000000f9e80000)
  to   space 41984K, 0% used [0x00000000f4c80000,0x00000000f4c80000,0x00000000f7580000)
 ParOldGen       total 90112K, used 79208K [0x00000000c0000000, 0x00000000c5800000, 0x00000000eab00000)
  object space 90112K, 87% used [0x00000000c0000000,0x00000000c4d5a370,0x00000000c5800000)
 Metaspace       used 6066K, capacity 7152K, committed 7296K, reserved 1056768K
  class space    used 588K, capacity 616K, committed 640K, reserved 1048576K
Event: 7.480 GC heap after
Heap after GC invocations=15 (full 3):
 PSYoungGen      total 204800K, used 0K [0x00000000eab00000, 0x00000000f9e80000, 0x0000000100000000)
  eden space 165376K, 0% used [0x00000000eab00000,0x00000000eab00000,0x00000000f4c80000)
  from space 39424K, 0% used [0x00000000f7800000,0x00000000f7800000,0x00000000f9e80000)
  to   space 41984K, 0% used [0x00000000f4c80000,0x00000000f4c80000,0x00000000f7580000)
 ParOldGen       total 147968K, used 80100K [0x00000000c0000000, 0x00000000c9080000, 0x00000000eab00000)
  object space 147968K, 54% used [0x00000000c0000000,0x00000000c4e39318,0x00000000c9080000)
 Metaspace       used 6066K, capacity 7152K, committed 7296K, reserved 1056768K
  class space    used 588K, capacity 616K, committed 640K, reserved 1048576K
}
Event: 8.186 GC heap before
{Heap before GC invocations=16 (full 3):
 PSYoungGen      total 204800K, used 165376K [0x00000000eab00000, 0x00000000f9e80000, 0x0000000100000000)
  eden space 165376K, 100% used [0x00000000eab00000,0x00000000f4c80000,0x00000000f4c80000)
  from space 39424K, 0% used [0x00000000f7800000,0x00000000f7800000,0x00000000f9e80000)
  to   space 41984K, 0% used [0x00000000f4c80000,0x00000000f4c80000,0x00000000f7580000)
 ParOldGen       total 147968K, used 80100K [0x00000000c0000000, 0x00000000c9080000, 0x00000000eab00000)
  object space 147968K, 54% used [0x00000000c0000000,0x00000000c4e39318,0x00000000c9080000)
 Metaspace       used 6108K, capacity 7152K, committed 7296K, reserved 1056768K
  class space    used 588K, capacity 616K, committed 640K, reserved 1048576K
Event: 8.223 GC heap after
Heap after GC invocations=16 (full 3):
 PSYoungGen      total 207360K, used 19824K [0x00000000eab00000, 0x00000000fc000000, 0x0000000100000000)
  eden space 165376K, 0% used [0x00000000eab00000,0x00000000eab00000,0x00000000f4c80000)
  from space 41984K, 47% used [0x00000000f4c80000,0x00000000f5fdc248,0x00000000f7580000)
  to   space 40448K, 0% used [0x00000000f9880000,0x00000000f9880000,0x00000000fc000000)
 ParOldGen       total 147968K, used 80108K [0x00000000c0000000, 0x00000000c9080000, 0x00000000eab00000)
  object space 147968K, 54% used [0x00000000c0000000,0x00000000c4e3b318,0x00000000c9080000)
 Metaspace       used 6108K, capacity 7152K, committed 7296K, reserved 1056768K
  class space    used 588K, capacity 616K, committed 640K, reserved 1048576K
}
Event: 8.731 GC heap before
{Heap before GC invocations=17 (full 3):
 PSYoungGen      total 207360K, used 185200K [0x00000000eab00000, 0x00000000fc000000, 0x0000000100000000)
  eden space 165376K, 100% used [0x00000000eab00000,0x00000000f4c80000,0x00000000f4c80000)
  from space 41984K, 47% used [0x00000000f4c80000,0x00000000f5fdc248,0x00000000f7580000)
  to   space 40448K, 0% used [0x00000000f9880000,0x00000000f9880000,0x00000000fc000000)
 ParOldGen       total 147968K, used 80108K [0x00000000c0000000, 0x00000000c9080000, 0x00000000eab00000)
  object space 147968K, 54% used [0x00000000c0000000,0x00000000c4e3b318,0x00000000c9080000)
 Metaspace       used 6132K, capacity 7216K, committed 7296K, reserved 1056768K
  class space    used 588K, capacity 616K, committed 640K, reserved 1048576K
Event: 8.805 GC heap after
Heap after GC invocations=17 (full 3):
 PSYoungGen      total 237056K, used 40429K [0x00000000eab00000, 0x00000000fd180000, 0x0000000100000000)
  eden space 196608K, 0% used [0x00000000eab00000,0x00000000eab00000,0x00000000f6b00000)
  from space 40448K, 99% used [0x00000000f9880000,0x00000000fbffb418,0x00000000fc000000)
  to   space 46592K, 0% used [0x00000000f6b00000,0x00000000f6b00000,0x00000000f9880000)
 ParOldGen       total 147968K, used 80188K [0x00000000c0000000, 0x00000000c9080000, 0x00000000eab00000)
  object space 147968K, 54% used [0x00000000c0000000,0x00000000c4e4f318,0x00000000c9080000)
 Metaspace       used 6132K, capacity 7216K, committed 7296K, reserved 1056768K
  class space    used 588K, capacity 616K, committed 640K, reserved 1048576K
}
Event: 9.833 GC heap before
{Heap before GC invocations=18 (full 3):
 PSYoungGen      total 237056K, used 237037K [0x00000000eab00000, 0x00000000fd180000, 0x0000000100000000)
  eden space 196608K, 100% used [0x00000000eab00000,0x00000000f6b00000,0x00000000f6b00000)
  from space 40448K, 99% used [0x00000000f9880000,0x00000000fbffb418,0x00000000fc000000)
  to   space 46592K, 0% used [0x00000000f6b00000,0x00000000f6b00000,0x00000000f9880000)
 ParOldGen       total 147968K, used 80188K [0x00000000c0000000, 0x00000000c9080000, 0x00000000eab00000)
  object space 147968K, 54% used [0x00000000c0000000,0x00000000c4e4f318,0x00000000c9080000)
 Metaspace       used 6172K, capacity 7216K, committed 7296K, reserved 1056768K
  class space    used 588K, capacity 616K, committed 640K, reserved 1048576K
Event: 9.960 GC heap after
Heap after GC invocations=18 (full 3):
 PSYoungGen      total 243200K, used 26813K [0x00000000eab00000, 0x00000000ffb00000, 0x0000000100000000)
  eden space 196608K, 0% used [0x00000000eab00000,0x00000000eab00000,0x00000000f6b00000)
  from space 46592K, 57% used [0x00000000f6b00000,0x00000000f852f688,0x00000000f9880000)
  to   space 46592K, 0% used [0x00000000fcd80000,0x00000000fcd80000,0x00000000ffb00000)
 ParOldGen       total 147968K, used 120530K [0x00000000c0000000, 0x00000000c9080000, 0x00000000eab00000)
  object space 147968K, 81% used [0x00000000c0000000,0x00000000c75b4b70,0x00000000c9080000)
 Metaspace       used 6172K, capacity 7216K, committed 7296K, reserved 1056768K
  class space    used 588K, capacity 616K, committed 640K, reserved 1048576K
}
Event: 9.960 GC heap before
{Heap before GC invocations=19 (full 4):
 PSYoungGen      total 243200K, used 26813K [0x00000000eab00000, 0x00000000ffb00000, 0x0000000100000000)
  eden space 196608K, 0% used [0x00000000eab00000,0x00000000eab00000,0x00000000f6b00000)
  from space 46592K, 57% used [0x00000000f6b00000,0x00000000f852f688,0x00000000f9880000)
  to   space 46592K, 0% used [0x00000000fcd80000,0x00000000fcd80000,0x00000000ffb00000)
 ParOldGen       total 147968K, used 120530K [0x00000000c0000000, 0x00000000c9080000, 0x00000000eab00000)
  object space 147968K, 81% used [0x00000000c0000000,0x00000000c75b4b70,0x00000000c9080000)
 Metaspace       used 6172K, capacity 7216K, committed 7296K, reserved 1056768K
  class space    used 588K, capacity 616K, committed 640K, reserved 1048576K

Deoptimization events (10 events):
Event: 6.885 Thread 0x00007eff8c141800 Uncommon trap: reason=unstable_if action=reinterpret pc=0x00007eff7c58b130 method=java.util.HashMap.getNode(ILjava/lang/Object;)Ljava/util/HashMap$Node; @ 84
Event: 7.486 Thread 0x00007eff8c141800 Uncommon trap: reason=unstable_if action=reinterpret pc=0x00007eff7c916650 method=com.android.dx.cf.code.BaseMachine.popArgs(Lcom/android/dx/cf/code/Frame;I)V @ 15
Event: 7.566 Thread 0x00007eff8c13d800 Uncommon trap: reason=bimorphic action=maybe_recompile pc=0x00007eff7c9ba59c method=com.android.dx.cf.code.BytecodeArray.parseInstruction(ILcom/android/dx/cf/code/BytecodeArray$Visitor;)I @ 2281
Event: 7.567 Thread 0x00007eff8c13d800 Uncommon trap: reason=bimorphic action=maybe_recompile pc=0x00007eff7c9ba59c method=com.android.dx.cf.code.BytecodeArray.parseInstruction(ILcom/android/dx/cf/code/BytecodeArray$Visitor;)I @ 2281
Event: 8.317 Thread 0x00007eff8c00a000 Uncommon trap: reason=unstable_if action=reinterpret pc=0x00007eff7c6f4f8c method=com.android.dx.ssa.SCCP.simulateBranch(Lcom/android/dx/ssa/SsaInsn;)V @ 548
Event: 8.363 Thread 0x00007eff8c00a000 Uncommon trap: reason=unstable_if action=reinterpret pc=0x00007eff7c86cda4 method=com.android.dx.cf.code.RopperMachine.run(Lcom/android/dx/cf/code/Frame;II)V @ 1500
Event: 8.500 Thread 0x00007eff8c141800 Uncommon trap: reason=unstable_if action=reinterpret pc=0x00007eff7c9a83e0 method=java.util.HashMap.putVal(ILjava/lang/Object;Ljava/lang/Object;ZZ)Ljava/lang/Object; @ 109
Event: 8.554 Thread 0x00007eff8c00a000 Uncommon trap: reason=unstable_if action=reinterpret pc=0x00007eff7c467700 method=java.util.HashMap.getNode(ILjava/lang/Object;)Ljava/util/HashMap$Node; @ 84
Event: 8.583 Thread 0x00007eff8c137000 Uncommon trap: reason=bimorphic action=maybe_recompile pc=0x00007eff7ca7b364 method=com.android.dx.cf.code.BytecodeArray.parseInstruction(ILcom/android/dx/cf/code/BytecodeArray$Visitor;)I @ 1224
Event: 8.583 Thread 0x00007eff8c137000 Uncommon trap: reason=bimorphic action=maybe_recompile pc=0x00007eff7ca7b364 method=com.android.dx.cf.code.BytecodeArray.parseInstruction(ILcom/android/dx/cf/code/BytecodeArray$Visitor;)I @ 1224

Internal exceptions (6 events):
Event: 0.352 Thread 0x00007eff8c00a000 Exception <a 'java/lang/NoSuchMethodError': Method sun.misc.Unsafe.defineClass(Ljava/lang/String;[BII)Ljava/lang/Class; name or signature does not match> (0x00000000eab07cc0) thrown at [/HUDSON/workspace/8-2-build-linux-amd64/jdk8u91/6644/hotspot/src/shar
Event: 0.352 Thread 0x00007eff8c00a000 Exception <a 'java/lang/NoSuchMethodError': Method sun.misc.Unsafe.prefetchRead(Ljava/lang/Object;J)V name or signature does not match> (0x00000000eab07fa8) thrown at [/HUDSON/workspace/8-2-build-linux-amd64/jdk8u91/6644/hotspot/src/share/vm/prims/jni.cpp
Event: 1.820 Thread 0x00007eff8c13d800 Implicit null exception at 0x00007eff7c40a9c9 to 0x00007eff7c40ce35
Event: 6.882 Thread 0x00007eff8c137000 Exception <a 'java/lang/ArrayIndexOutOfBoundsException': 18> (0x00000000f0466d90) thrown at [/HUDSON/workspace/8-2-build-linux-amd64/jdk8u91/6644/hotspot/src/share/vm/interpreter/interpreterRuntime.cpp, line 366]
Event: 6.883 Thread 0x00007eff8c137000 Exception <a 'java/lang/ArrayIndexOutOfBoundsException'> (0x00000000f0468910) thrown at [/HUDSON/workspace/8-2-build-linux-amd64/jdk8u91/6644/hotspot/src/share/vm/runtime/sharedRuntime.cpp, line 605]
Event: 6.884 Thread 0x00007eff8c137000 Exception <a 'java/lang/ArrayIndexOutOfBoundsException'> (0x00000000f0469bf8) thrown at [/HUDSON/workspace/8-2-build-linux-amd64/jdk8u91/6644/hotspot/src/share/vm/runtime/sharedRuntime.cpp, line 605]

Events (10 events):
Event: 9.797 Thread 0x00007eff8c13b800 DEOPT UNPACKING pc=0x00007eff7c1b1633 sp=0x00007eff72c139c0 mode 0
Event: 9.806 Thread 0x00007eff8c13d800 DEOPT PACKING pc=0x00007eff7c4edc38 sp=0x00007eff72b12c70
Event: 9.806 Thread 0x00007eff8c13d800 DEOPT UNPACKING pc=0x00007eff7c1b1633 sp=0x00007eff72b12a70 mode 0
Event: 9.810 Thread 0x00007eff8c13b800 DEOPT PACKING pc=0x00007eff7c675829 sp=0x00007eff72c13ed0
Event: 9.810 Thread 0x00007eff8c13b800 DEOPT UNPACKING pc=0x00007eff7c1b1633 sp=0x00007eff72c13d20 mode 0
Event: 9.811 Thread 0x00007eff8c141800 DEOPT PACKING pc=0x00007eff7c5414fe sp=0x00007eff72a11d60
Event: 9.811 Thread 0x00007eff8c141800 DEOPT UNPACKING pc=0x00007eff7c1b1633 sp=0x00007eff72a11b48 mode 0
Event: 9.816 Thread 0x00007eff8c141800 DEOPT PACKING pc=0x00007eff7c5a87af sp=0x00007eff72a11d30
Event: 9.816 Thread 0x00007eff8c141800 DEOPT UNPACKING pc=0x00007eff7c1b1633 sp=0x00007eff72a11b00 mode 0
Event: 9.831 Executing VM operation: ParallelGCFailedAllocation


Dynamic libraries:
00400000-00401000 r-xp 00000000 08:06 266116                             /home/mohamed/jdk1.8.0_91/bin/java
00600000-00601000 rw-p 00000000 08:06 266116                             /home/mohamed/jdk1.8.0_91/bin/java
01591000-015b2000 rw-p 00000000 00:00 0                                  [heap]
c0000000-c9080000 rw-p 00000000 00:00 0 
cea80000-eab00000 ---p 00000000 00:00 0 
eab00000-ffb00000 rw-p 00000000 00:00 0 
ffb00000-100000000 ---p 00000000 00:00 0 
100000000-1000a0000 rw-p 00000000 00:00 0 
1000a0000-140000000 ---p 00000000 00:00 0 
7eff24000000-7eff24045000 rw-p 00000000 00:00 0 
7eff24045000-7eff28000000 ---p 00000000 00:00 0 
7eff2c000000-7eff2c02a000 rw-p 00000000 00:00 0 
7eff2c02a000-7eff30000000 ---p 00000000 00:00 0 
7eff30000000-7eff30074000 rw-p 00000000 00:00 0 
7eff30074000-7eff34000000 ---p 00000000 00:00 0 
7eff34000000-7eff3402f000 rw-p 00000000 00:00 0 
7eff3402f000-7eff38000000 ---p 00000000 00:00 0 
7eff38000000-7eff38021000 rw-p 00000000 00:00 0 
7eff38021000-7eff3c000000 ---p 00000000 00:00 0 
7eff3c000000-7eff3c021000 rw-p 00000000 00:00 0 
7eff3c021000-7eff40000000 ---p 00000000 00:00 0 
7eff40000000-7eff40021000 rw-p 00000000 00:00 0 
7eff40021000-7eff44000000 ---p 00000000 00:00 0 
7eff44000000-7eff45076000 rw-p 00000000 00:00 0 
7eff45076000-7eff48000000 ---p 00000000 00:00 0 
7eff48000000-7eff48c61000 rw-p 00000000 00:00 0 
7eff48c61000-7eff4c000000 ---p 00000000 00:00 0 
7eff4c000000-7eff4c021000 rw-p 00000000 00:00 0 
7eff4c021000-7eff50000000 ---p 00000000 00:00 0 
7eff50000000-7eff5129d000 rw-p 00000000 00:00 0 
7eff5129d000-7eff54000000 ---p 00000000 00:00 0 
7eff54000000-7eff54021000 rw-p 00000000 00:00 0 
7eff54021000-7eff58000000 ---p 00000000 00:00 0 
7eff58000000-7eff58021000 rw-p 00000000 00:00 0 
7eff58021000-7eff5c000000 ---p 00000000 00:00 0 
7eff5c000000-7eff5c021000 rw-p 00000000 00:00 0 
7eff5c021000-7eff60000000 ---p 00000000 00:00 0 
7eff60000000-7eff6028f000 rw-p 00000000 00:00 0 
7eff6028f000-7eff64000000 ---p 00000000 00:00 0 
7eff64000000-7eff64021000 rw-p 00000000 00:00 0 
7eff64021000-7eff68000000 ---p 00000000 00:00 0 
7eff6c000000-7eff6c021000 rw-p 00000000 00:00 0 
7eff6c021000-7eff70000000 ---p 00000000 00:00 0 
7eff72913000-7eff72916000 ---p 00000000 00:00 0 
7eff72916000-7eff72a14000 rw-p 00000000 00:00 0 
7eff72a14000-7eff72a17000 ---p 00000000 00:00 0 
7eff72a17000-7eff72b15000 rw-p 00000000 00:00 0 
7eff72b15000-7eff72b18000 ---p 00000000 00:00 0 
7eff72b18000-7eff72c16000 rw-p 00000000 00:00 0 
7eff72c16000-7eff72c19000 ---p 00000000 00:00 0 
7eff72c19000-7eff72d17000 rw-p 00000000 00:00 0 
7eff72d17000-7eff72d1a000 ---p 00000000 00:00 0 
7eff72d1a000-7eff72e18000 rw-p 00000000 00:00 0 
7eff72e18000-7eff72e19000 ---p 00000000 00:00 0 
7eff72e19000-7eff72f19000 rw-p 00000000 00:00 0 
7eff72f19000-7eff72f1c000 ---p 00000000 00:00 0 
7eff72f1c000-7eff7301a000 rw-p 00000000 00:00 0 
7eff7301a000-7eff7301d000 ---p 00000000 00:00 0 
7eff7301d000-7eff7311b000 rw-p 00000000 00:00 0 
7eff7311b000-7eff7311e000 ---p 00000000 00:00 0 
7eff7311e000-7eff7321c000 rw-p 00000000 00:00 0 
7eff7321c000-7eff7321f000 ---p 00000000 00:00 0 
7eff7321f000-7eff7331d000 rw-p 00000000 00:00 0 
7eff7331d000-7eff73320000 ---p 00000000 00:00 0 
7eff73320000-7eff7341e000 rw-p 00000000 00:00 0 
7eff7341e000-7eff736f7000 r--p 00000000 08:06 526509                     /usr/lib/locale/locale-archive
7eff736f7000-7eff736fa000 ---p 00000000 00:00 0 
7eff736fa000-7eff737f8000 rw-p 00000000 00:00 0 
7eff737f8000-7eff737fb000 ---p 00000000 00:00 0 
7eff737fb000-7eff738f9000 rw-p 00000000 00:00 0 
7eff738f9000-7eff738fa000 ---p 00000000 00:00 0 
7eff738fa000-7eff74000000 rw-p 00000000 00:00 0 
7eff74000000-7eff74021000 rw-p 00000000 00:00 0 
7eff74021000-7eff78000000 ---p 00000000 00:00 0 
7eff780b5000-7eff78a00000 rw-p 00000000 00:00 0 
7eff78a00000-7eff78bd9000 r--s 03d1f000 08:06 922159                     /home/mohamed/jdk1.8.0_91/jre/lib/rt.jar
7eff78bd9000-7eff792cf000 rw-p 00000000 00:00 0 
7eff792cf000-7eff7944f000 ---p 00000000 00:00 0 
7eff7944f000-7eff7b64f000 rw-p 00000000 00:00 0 
7eff7b64f000-7eff7b650000 ---p 00000000 00:00 0 
7eff7b650000-7eff7b750000 rw-p 00000000 00:00 0 
7eff7b750000-7eff7b751000 ---p 00000000 00:00 0 
7eff7b751000-7eff7b851000 rw-p 00000000 00:00 0 
7eff7b851000-7eff7b852000 ---p 00000000 00:00 0 
7eff7b852000-7eff7b952000 rw-p 00000000 00:00 0 
7eff7b952000-7eff7b953000 ---p 00000000 00:00 0 
7eff7b953000-7eff7ba9c000 rw-p 00000000 00:00 0 
7eff7ba9c000-7eff7bba9000 ---p 00000000 00:00 0 
7eff7bba9000-7eff7bbf2000 rw-p 00000000 00:00 0 
7eff7bbf2000-7eff7bcfe000 ---p 00000000 00:00 0 
7eff7bcfe000-7eff7bda7000 rw-p 00000000 00:00 0 
7eff7bda7000-7eff7bda9000 ---p 00000000 00:00 0 
7eff7bda9000-7eff7bdd2000 rw-p 00000000 00:00 0 
7eff7bdd2000-7eff7c16a000 ---p 00000000 00:00 0 
7eff7c16a000-7eff7cb4a000 rwxp 00000000 00:00 0 
7eff7cb4a000-7eff8b16a000 ---p 00000000 00:00 0 
7eff8b16a000-7eff8b184000 r-xp 00000000 08:06 922210                     /home/mohamed/jdk1.8.0_91/jre/lib/amd64/libzip.so
7eff8b184000-7eff8b384000 ---p 0001a000 08:06 922210                     /home/mohamed/jdk1.8.0_91/jre/lib/amd64/libzip.so
7eff8b384000-7eff8b385000 rw-p 0001a000 08:06 922210                     /home/mohamed/jdk1.8.0_91/jre/lib/amd64/libzip.so
7eff8b385000-7eff8b390000 r-xp 00000000 08:06 278669                     /lib/x86_64-linux-gnu/libnss_files-2.23.so
7eff8b390000-7eff8b58f000 ---p 0000b000 08:06 278669                     /lib/x86_64-linux-gnu/libnss_files-2.23.so
7eff8b58f000-7eff8b590000 r--p 0000a000 08:06 278669                     /lib/x86_64-linux-gnu/libnss_files-2.23.so
7eff8b590000-7eff8b591000 rw-p 0000b000 08:06 278669                     /lib/x86_64-linux-gnu/libnss_files-2.23.so
7eff8b591000-7eff8b597000 rw-p 00000000 00:00 0 
7eff8b597000-7eff8b5a2000 r-xp 00000000 08:06 278666                     /lib/x86_64-linux-gnu/libnss_nis-2.23.so
7eff8b5a2000-7eff8b7a1000 ---p 0000b000 08:06 278666                     /lib/x86_64-linux-gnu/libnss_nis-2.23.so
7eff8b7a1000-7eff8b7a2000 r--p 0000a000 08:06 278666                     /lib/x86_64-linux-gnu/libnss_nis-2.23.so
7eff8b7a2000-7eff8b7a3000 rw-p 0000b000 08:06 278666                     /lib/x86_64-linux-gnu/libnss_nis-2.23.so
7eff8b7a3000-7eff8b7b9000 r-xp 00000000 08:06 278664                     /lib/x86_64-linux-gnu/libnsl-2.23.so
7eff8b7b9000-7eff8b9b8000 ---p 00016000 08:06 278664                     /lib/x86_64-linux-gnu/libnsl-2.23.so
7eff8b9b8000-7eff8b9b9000 r--p 00015000 08:06 278664                     /lib/x86_64-linux-gnu/libnsl-2.23.so
7eff8b9b9000-7eff8b9ba000 rw-p 00016000 08:06 278664                     /lib/x86_64-linux-gnu/libnsl-2.23.so
7eff8b9ba000-7eff8b9bc000 rw-p 00000000 00:00 0 
7eff8b9bc000-7eff8b9c4000 r-xp 00000000 08:06 278662                     /lib/x86_64-linux-gnu/libnss_compat-2.23.so
7eff8b9c4000-7eff8bbc3000 ---p 00008000 08:06 278662                     /lib/x86_64-linux-gnu/libnss_compat-2.23.so
7eff8bbc3000-7eff8bbc4000 r--p 00007000 08:06 278662                     /lib/x86_64-linux-gnu/libnss_compat-2.23.so
7eff8bbc4000-7eff8bbc5000 rw-p 00008000 08:06 278662                     /lib/x86_64-linux-gnu/libnss_compat-2.23.so
7eff8bbc5000-7eff8bbef000 r-xp 00000000 08:06 922205                     /home/mohamed/jdk1.8.0_91/jre/lib/amd64/libjava.so
7eff8bbef000-7eff8bdef000 ---p 0002a000 08:06 922205                     /home/mohamed/jdk1.8.0_91/jre/lib/amd64/libjava.so
7eff8bdef000-7eff8bdf1000 rw-p 0002a000 08:06 922205                     /home/mohamed/jdk1.8.0_91/jre/lib/amd64/libjava.so
7eff8bdf1000-7eff8bdfe000 r-xp 00000000 08:06 922209                     /home/mohamed/jdk1.8.0_91/jre/lib/amd64/libverify.so
7eff8bdfe000-7eff8bffe000 ---p 0000d000 08:06 922209                     /home/mohamed/jdk1.8.0_91/jre/lib/amd64/libverify.so
7eff8bffe000-7eff8c000000 rw-p 0000d000 08:06 922209                     /home/mohamed/jdk1.8.0_91/jre/lib/amd64/libverify.so
7eff8c000000-7eff8c3a6000 rw-p 00000000 00:00 0 
7eff8c3a6000-7eff90000000 ---p 00000000 00:00 0 
7eff90002000-7eff90011000 r--s 000df000 08:06 6165411                    /home/mohamed/Android/Sdk/build-tools/23.0.1/lib/dx.jar
7eff90011000-7eff90074000 rw-p 00000000 00:00 0 
7eff90074000-7eff9007b000 r-xp 00000000 08:06 278678                     /lib/x86_64-linux-gnu/librt-2.23.so
7eff9007b000-7eff9027a000 ---p 00007000 08:06 278678                     /lib/x86_64-linux-gnu/librt-2.23.so
7eff9027a000-7eff9027b000 r--p 00006000 08:06 278678                     /lib/x86_64-linux-gnu/librt-2.23.so
7eff9027b000-7eff9027c000 rw-p 00007000 08:06 278678                     /lib/x86_64-linux-gnu/librt-2.23.so
7eff9027c000-7eff90384000 r-xp 00000000 08:06 278675                     /lib/x86_64-linux-gnu/libm-2.23.so
7eff90384000-7eff90583000 ---p 00108000 08:06 278675                     /lib/x86_64-linux-gnu/libm-2.23.so
7eff90583000-7eff90584000 r--p 00107000 08:06 278675                     /lib/x86_64-linux-gnu/libm-2.23.so
7eff90584000-7eff90585000 rw-p 00108000 08:06 278675                     /lib/x86_64-linux-gnu/libm-2.23.so
7eff90585000-7eff91245000 r-xp 00000000 08:06 1184562                    /home/mohamed/jdk1.8.0_91/jre/lib/amd64/server/libjvm.so
7eff91245000-7eff91445000 ---p 00cc0000 08:06 1184562                    /home/mohamed/jdk1.8.0_91/jre/lib/amd64/server/libjvm.so
7eff91445000-7eff9151d000 rw-p 00cc0000 08:06 1184562                    /home/mohamed/jdk1.8.0_91/jre/lib/amd64/server/libjvm.so
7eff9151d000-7eff91568000 rw-p 00000000 00:00 0 
7eff91568000-7eff91728000 r-xp 00000000 08:06 278683                     /lib/x86_64-linux-gnu/libc-2.23.so
7eff91728000-7eff91927000 ---p 001c0000 08:06 278683                     /lib/x86_64-linux-gnu/libc-2.23.so
7eff91927000-7eff9192b000 r--p 001bf000 08:06 278683                     /lib/x86_64-linux-gnu/libc-2.23.so
7eff9192b000-7eff9192d000 rw-p 001c3000 08:06 278683                     /lib/x86_64-linux-gnu/libc-2.23.so
7eff9192d000-7eff91931000 rw-p 00000000 00:00 0 
7eff91931000-7eff91934000 r-xp 00000000 08:06 278684                     /lib/x86_64-linux-gnu/libdl-2.23.so
7eff91934000-7eff91b33000 ---p 00003000 08:06 278684                     /lib/x86_64-linux-gnu/libdl-2.23.so
7eff91b33000-7eff91b34000 r--p 00002000 08:06 278684                     /lib/x86_64-linux-gnu/libdl-2.23.so
7eff91b34000-7eff91b35000 rw-p 00003000 08:06 278684                     /lib/x86_64-linux-gnu/libdl-2.23.so
7eff91b35000-7eff91b4a000 r-xp 00000000 08:06 36052                      /home/mohamed/jdk1.8.0_91/lib/amd64/jli/libjli.so
7eff91b4a000-7eff91d4a000 ---p 00015000 08:06 36052                      /home/mohamed/jdk1.8.0_91/lib/amd64/jli/libjli.so
7eff91d4a000-7eff91d4b000 rw-p 00015000 08:06 36052                      /home/mohamed/jdk1.8.0_91/lib/amd64/jli/libjli.so
7eff91d4b000-7eff91d63000 r-xp 00000000 08:06 278682                     /lib/x86_64-linux-gnu/libpthread-2.23.so
7eff91d63000-7eff91f62000 ---p 00018000 08:06 278682                     /lib/x86_64-linux-gnu/libpthread-2.23.so
7eff91f62000-7eff91f63000 r--p 00017000 08:06 278682                     /lib/x86_64-linux-gnu/libpthread-2.23.so
7eff91f63000-7eff91f64000 rw-p 00018000 08:06 278682                     /lib/x86_64-linux-gnu/libpthread-2.23.so
7eff91f64000-7eff91f68000 rw-p 00000000 00:00 0 
7eff91f68000-7eff91f8e000 r-xp 00000000 08:06 278679                     /lib/x86_64-linux-gnu/ld-2.23.so
7eff91f93000-7eff92065000 rw-p 00000000 00:00 0 
7eff92065000-7eff92068000 ---p 00000000 00:00 0 
7eff92068000-7eff9216a000 rw-p 00000000 00:00 0 
7eff9216d000-7eff92181000 rw-p 00000000 00:00 0 
7eff92181000-7eff92189000 rw-s 00000000 08:06 1063525                    /tmp/hsperfdata_mohamed/24116
7eff92189000-7eff9218a000 rw-p 00000000 00:00 0 
7eff9218a000-7eff9218b000 ---p 00000000 00:00 0 
7eff9218b000-7eff9218d000 rw-p 00000000 00:00 0 
7eff9218d000-7eff9218e000 r--p 00025000 08:06 278679                     /lib/x86_64-linux-gnu/ld-2.23.so
7eff9218e000-7eff9218f000 rw-p 00026000 08:06 278679                     /lib/x86_64-linux-gnu/ld-2.23.so
7eff9218f000-7eff92190000 rw-p 00000000 00:00 0 
7ffd19562000-7ffd19583000 rw-p 00000000 00:00 0                          [stack]
7ffd195fb000-7ffd195fd000 r--p 00000000 00:00 0                          [vvar]
7ffd195fd000-7ffd195ff000 r-xp 00000000 00:00 0                          [vdso]
ffffffffff600000-ffffffffff601000 r-xp 00000000 00:00 0                  [vsyscall]

VM Arguments:
jvm_args: -Djava.awt.headless=true -Xmx1024M -Dfile.encoding=UTF-8 -Duser.country=US -Duser.language=en -Duser.variant 
java_command: com.android.dx.command.Main --dex --force-jumbo --num-threads=4 --output /media/mohamed/Programs/Explore/app/build/intermediates/pre-dexed/debug/main_b96a9e6e4bba87f32530723a59caa4b0f833400a.jar /media/mohamed/Programs/Explore/app/build/intermediates/transforms/instantRun/debug/folders/1/5/main
java_class_path (initial): /home/mohamed/Android/Sdk/build-tools/23.0.1/lib/dx.jar
Launcher Type: SUN_STANDARD

Environment Variables:
JAVA_HOME=/usr/lib/jvm/java-8-oracle
PATH=/usr/local/sbin:/usr/local/bin:/usr/sbin:/usr/bin:/sbin:/bin:/usr/games:/usr/local/games:/snap/bin:/usr/lib/jvm/java-8-oracle/bin:/usr/lib/jvm/java-8-oracle/db/bin:/usr/lib/jvm/java-8-oracle/jre/bin
LD_LIBRARY_PATH=/home/mohamed/tools/android/android-studio/bin:
SHELL=/bin/bash
DISPLAY=:0

Signal Handlers:
SIGSEGV: [libjvm.so+0xabca10], sa_mask[0]=11111111011111111101111111111110, sa_flags=SA_RESTART|SA_SIGINFO
SIGBUS: [libjvm.so+0xabca10], sa_mask[0]=11111111011111111101111111111110, sa_flags=SA_RESTART|SA_SIGINFO
SIGFPE: [libjvm.so+0x919a20], sa_mask[0]=11111111011111111101111111111110, sa_flags=SA_RESTART|SA_SIGINFO
SIGPIPE: [libjvm.so+0x919a20], sa_mask[0]=11111111011111111101111111111110, sa_flags=SA_RESTART|SA_SIGINFO
SIGXFSZ: [libjvm.so+0x919a20], sa_mask[0]=11111111011111111101111111111110, sa_flags=SA_RESTART|SA_SIGINFO
SIGILL: [libjvm.so+0x919a20], sa_mask[0]=11111111011111111101111111111110, sa_flags=SA_RESTART|SA_SIGINFO
SIGUSR1: SIG_DFL, sa_mask[0]=00000000000000000000000000000000, sa_flags=none
SIGUSR2: [libjvm.so+0x91b050], sa_mask[0]=00100000000000000000000000000000, sa_flags=SA_RESTART|SA_SIGINFO
SIGHUP: [libjvm.so+0x91c450], sa_mask[0]=11111111011111111101111111111110, sa_flags=SA_RESTART|SA_SIGINFO
SIGINT: [libjvm.so+0x91c450], sa_mask[0]=11111111011111111101111111111110, sa_flags=SA_RESTART|SA_SIGINFO
SIGTERM: [libjvm.so+0x91c450], sa_mask[0]=11111111011111111101111111111110, sa_flags=SA_RESTART|SA_SIGINFO
SIGQUIT: [libjvm.so+0x91c450], sa_mask[0]=11111111011111111101111111111110, sa_flags=SA_RESTART|SA_SIGINFO


---------------  S Y S T E M  ---------------

OS:DISTRIB_ID=Ubuntu
DISTRIB_RELEASE=16.04
DISTRIB_CODENAME=xenial
DISTRIB_DESCRIPTION="Ubuntu 16.04 LTS"

uname:Linux 4.4.0-22-generic #40-Ubuntu SMP Thu May 12 22:03:46 UTC 2016 x86_64
libc:glibc 2.23 NPTL 2.23 
rlimit: STACK 8192k, CORE 0k, NPROC 15304, NOFILE 65536, AS infinity
load average:1.82 1.53 1.27

/proc/meminfo:
MemTotal:        3956776 kB
MemFree:           28544 kB
MemAvailable:      91072 kB
Buffers:            1340 kB
Cached:           472732 kB
SwapCached:            0 kB
Active:          3315572 kB
Inactive:         428936 kB
Active(anon):    3290256 kB
Inactive(anon):   403116 kB
Active(file):      25316 kB
Inactive(file):    25820 kB
Unevictable:          48 kB
Mlocked:              48 kB
SwapTotal:             0 kB
SwapFree:              0 kB
Dirty:               164 kB
Writeback:             0 kB
AnonPages:       3270584 kB
Mapped:           222760 kB
Shmem:            422844 kB
Slab:              82708 kB
SReclaimable:      40780 kB
SUnreclaim:        41928 kB
KernelStack:       10720 kB
PageTables:        46104 kB
NFS_Unstable:          0 kB
Bounce:                0 kB
WritebackTmp:          0 kB
CommitLimit:     1978388 kB
Committed_AS:    7784260 kB
VmallocTotal:   34359738367 kB
VmallocUsed:           0 kB
VmallocChunk:          0 kB
HardwareCorrupted:     0 kB
AnonHugePages:   1474560 kB
CmaTotal:              0 kB
CmaFree:               0 kB
HugePages_Total:       0
HugePages_Free:        0
HugePages_Rsvd:        0
HugePages_Surp:        0
Hugepagesize:       2048 kB
DirectMap4k:      219512 kB
DirectMap2M:     3885056 kB
DirectMap1G:           0 kB


CPU:total 4 (2 cores per cpu, 2 threads per core) family 6 model 60 stepping 3, cmov, cx8, fxsr, mmx, sse, sse2, sse3, ssse3, sse4.1, sse4.2, popcnt, avx, avx2, aes, clmul, erms, lzcnt, ht, tsc, tscinvbit, bmi1, bmi2

/proc/cpuinfo:
processor	: 0
vendor_id	: GenuineIntel
cpu family	: 6
model		: 60
model name	: Intel(R) Core(TM) i5-4200M CPU @ 2.50GHz
stepping	: 3
microcode	: 0x16
cpu MHz		: 2542.675
cache size	: 3072 KB
physical id	: 0
siblings	: 4
core id		: 0
cpu cores	: 2
apicid		: 0
initial apicid	: 0
fpu		: yes
fpu_exception	: yes
cpuid level	: 13
wp		: yes
flags		: fpu vme de pse tsc msr pae mce cx8 apic sep mtrr pge mca cmov pat pse36 clflush dts acpi mmx fxsr sse sse2 ss ht tm pbe syscall nx pdpe1gb rdtscp lm constant_tsc arch_perfmon pebs bts rep_good nopl xtopology nonstop_tsc aperfmperf eagerfpu pni pclmulqdq dtes64 monitor ds_cpl vmx est tm2 ssse3 sdbg fma cx16 xtpr pdcm pcid sse4_1 sse4_2 movbe popcnt tsc_deadline_timer aes xsave avx f16c rdrand lahf_lm abm epb tpr_shadow vnmi flexpriority ept vpid fsgsbase tsc_adjust bmi1 avx2 smep bmi2 erms invpcid xsaveopt dtherm ida arat pln pts
bugs		:
bogomips	: 4988.34
clflush size	: 64
cache_alignment	: 64
address sizes	: 39 bits physical, 48 bits virtual
power management:

processor	: 1
vendor_id	: GenuineIntel
cpu family	: 6
model		: 60
model name	: Intel(R) Core(TM) i5-4200M CPU @ 2.50GHz
stepping	: 3
microcode	: 0x16
cpu MHz		: 2525.781
cache size	: 3072 KB
physical id	: 0
siblings	: 4
core id		: 1
cpu cores	: 2
apicid		: 2
initial apicid	: 2
fpu		: yes
fpu_exception	: yes
cpuid level	: 13
wp		: yes
flags		: fpu vme de pse tsc msr pae mce cx8 apic sep mtrr pge mca cmov pat pse36 clflush dts acpi mmx fxsr sse sse2 ss ht tm pbe syscall nx pdpe1gb rdtscp lm constant_tsc arch_perfmon pebs bts rep_good nopl xtopology nonstop_tsc aperfmperf eagerfpu pni pclmulqdq dtes64 monitor ds_cpl vmx est tm2 ssse3 sdbg fma cx16 xtpr pdcm pcid sse4_1 sse4_2 movbe popcnt tsc_deadline_timer aes xsave avx f16c rdrand lahf_lm abm epb tpr_shadow vnmi flexpriority ept vpid fsgsbase tsc_adjust bmi1 avx2 smep bmi2 erms invpcid xsaveopt dtherm ida arat pln pts
bugs		:
bogomips	: 4988.34
clflush size	: 64
cache_alignment	: 64
address sizes	: 39 bits physical, 48 bits virtual
power management:

processor	: 2
vendor_id	: GenuineIntel
cpu family	: 6
model		: 60
model name	: Intel(R) Core(TM) i5-4200M CPU @ 2.50GHz
stepping	: 3
microcode	: 0x16
cpu MHz		: 2500.195
cache size	: 3072 KB
physical id	: 0
siblings	: 4
core id		: 0
cpu cores	: 2
apicid		: 1
initial apicid	: 1
fpu		: yes
fpu_exception	: yes
cpuid level	: 13
wp		: yes
flags		: fpu vme de pse tsc msr pae mce cx8 apic sep mtrr pge mca cmov pat pse36 clflush dts acpi mmx fxsr sse sse2 ss ht tm pbe syscall nx pdpe1gb rdtscp lm constant_tsc arch_perfmon pebs bts rep_good nopl xtopology nonstop_tsc aperfmperf eagerfpu pni pclmulqdq dtes64 monitor ds_cpl vmx est tm2 ssse3 sdbg fma cx16 xtpr pdcm pcid sse4_1 sse4_2 movbe popcnt tsc_deadline_timer aes xsave avx f16c rdrand lahf_lm abm epb tpr_shadow vnmi flexpriority ept vpid fsgsbase tsc_adjust bmi1 avx2 smep bmi2 erms invpcid xsaveopt dtherm ida arat pln pts
bugs		:
bogomips	: 4988.34
clflush size	: 64
cache_alignment	: 64
address sizes	: 39 bits physical, 48 bits virtual
power management:

processor	: 3
vendor_id	: GenuineIntel
cpu family	: 6
model		: 60
model name	: Intel(R) Core(TM) i5-4200M CPU @ 2.50GHz
stepping	: 3
microcode	: 0x16
cpu MHz		: 2497.167
cache size	: 3072 KB
physical id	: 0
siblings	: 4
core id		: 1
cpu cores	: 2
apicid		: 3
initial apicid	: 3
fpu		: yes
fpu_exception	: yes
cpuid level	: 13
wp		: yes
flags		: fpu vme de pse tsc msr pae mce cx8 apic sep mtrr pge mca cmov pat pse36 clflush dts acpi mmx fxsr sse sse2 ss ht tm pbe syscall nx pdpe1gb rdtscp lm constant_tsc arch_perfmon pebs bts rep_good nopl xtopology nonstop_tsc aperfmperf eagerfpu pni pclmulqdq dtes64 monitor ds_cpl vmx est tm2 ssse3 sdbg fma cx16 xtpr pdcm pcid sse4_1 sse4_2 movbe popcnt tsc_deadline_timer aes xsave avx f16c rdrand lahf_lm abm epb tpr_shadow vnmi flexpriority ept vpid fsgsbase tsc_adjust bmi1 avx2 smep bmi2 erms invpcid xsaveopt dtherm ida arat pln pts
bugs		:
bogomips	: 4988.34
clflush size	: 64
cache_alignment	: 64
address sizes	: 39 bits physical, 48 bits virtual
power management:



Memory: 4k page, physical 3956776k(28544k free), swap 0k(0k free)

vm_info: Java HotSpot(TM) 64-Bit Server VM (25.91-b14) for linux-amd64 JRE (1.8.0_91-b14), built on Apr  1 2016 00:57:21 by "java_re" with gcc 4.3.0 20080428 (Red Hat 4.3.0-8)

time: Thu May 19 03:25:40 2016
elapsed time: 12 seconds (0d 0h 0m 12s)

