#
# There is insufficient memory for the Java Runtime Environment to continue.
# Native memory allocation (mmap) failed to map 93847552 bytes for committing reserved memory.
# Possible reasons:
#   The system is out of physical RAM or swap space
#   In 32 bit mode, the process size limit was hit
# Possible solutions:
#   Reduce memory load on the system
#   Increase physical memory or swap space
#   Check if swap backing store is full
#   Use 64 bit Java on a 64 bit OS
#   Decrease Java heap size (-Xmx/-Xms)
#   Decrease number of Java threads
#   Decrease Java thread stack sizes (-Xss)
#   Set larger code cache with -XX:ReservedCodeCacheSize=
# This output file may be truncated or incomplete.
#
#  Out of Memory Error (os_linux.cpp:2627), pid=16214, tid=139660197979904
#
# JRE version: Java(TM) SE Runtime Environment (8.0_91-b14) (build 1.8.0_91-b14)
# Java VM: Java HotSpot(TM) 64-Bit Server VM (25.91-b14 mixed mode linux-amd64 compressed oops)
# Failed to write core dump. Core dumps have been disabled. To enable core dumping, try "ulimit -c unlimited" before starting Java again
#

---------------  T H R E A D  ---------------

Current thread (0x00007f053c078000):  VMThread [stack: 0x00007f052c6d6000,0x00007f052c7d7000] [id=16224]

Stack: [0x00007f052c6d6000,0x00007f052c7d7000],  sp=0x00007f052c7d5220,  free space=1020k
Native frames: (J=compiled Java code, j=interpreted, Vv=VM code, C=native code)
V  [libjvm.so+0xabc18a]  VMError::report_and_die()+0x2ba
V  [libjvm.so+0x4fafeb]  report_vm_out_of_memory(char const*, int, unsigned long, VMErrorType, char const*)+0x8b
V  [libjvm.so+0x91cbb3]  os::Linux::commit_memory_impl(char*, unsigned long, bool)+0x103
V  [libjvm.so+0x91d109]  os::pd_commit_memory(char*, unsigned long, unsigned long, bool)+0x29
V  [libjvm.so+0x91740a]  os::commit_memory(char*, unsigned long, unsigned long, bool)+0x2a
V  [libjvm.so+0x98b033]  PSVirtualSpace::expand_by(unsigned long)+0x53
V  [libjvm.so+0x98c438]  PSYoungGen::resize_generation(unsigned long, unsigned long)+0xf8
V  [libjvm.so+0x98b592]  PSYoungGen::resize(unsigned long, unsigned long)+0x22
V  [libjvm.so+0x98886b]  PSScavenge::invoke_no_policy()+0xf3b
V  [libjvm.so+0x988ff1]  PSScavenge::invoke()+0x41
V  [libjvm.so+0x9408b0]  ParallelScavengeHeap::failed_mem_allocate(unsigned long)+0x70
V  [libjvm.so+0xabdba7]  VM_ParallelGCFailedAllocation::doit()+0x97
V  [libjvm.so+0xac55d5]  VM_Operation::evaluate()+0x55
V  [libjvm.so+0xac39aa]  VMThread::evaluate_operation(VM_Operation*)+0xba
V  [libjvm.so+0xac3d2e]  VMThread::loop()+0x1ce
V  [libjvm.so+0xac41a0]  VMThread::run()+0x70
V  [libjvm.so+0x91ef78]  java_start(Thread*)+0x108

VM_Operation (0x00007f05158f6cb0): ParallelGCFailedAllocation, mode: safepoint, requested by thread 0x00007f053c12d800


---------------  P R O C E S S  ---------------

Java Threads: ( => current thread )
  0x00007f053c136000 JavaThread "pool-1-thread-4" [_thread_blocked, id=16239, stack(0x00007f05155f6000,0x00007f05156f7000)]
  0x00007f053c131800 JavaThread "pool-1-thread-3" [_thread_blocked, id=16238, stack(0x00007f05156f7000,0x00007f05157f8000)]
  0x00007f053c12d800 JavaThread "pool-1-thread-2" [_thread_blocked, id=16237, stack(0x00007f05157f8000,0x00007f05158f9000)]
  0x00007f053c129800 JavaThread "pool-2-thread-1" [_thread_blocked, id=16236, stack(0x00007f05158f9000,0x00007f05159fa000)]
  0x00007f053c127000 JavaThread "pool-1-thread-1" [_thread_blocked, id=16235, stack(0x00007f05159fa000,0x00007f0515afb000)]
  0x00007f053c0cb800 JavaThread "Service Thread" daemon [_thread_blocked, id=16231, stack(0x00007f0515bfc000,0x00007f0515cfd000)]
  0x00007f053c0be000 JavaThread "C1 CompilerThread2" daemon [_thread_blocked, id=16230, stack(0x00007f0515cfd000,0x00007f0515dfe000)]
  0x00007f053c0bc800 JavaThread "C2 CompilerThread1" daemon [_thread_blocked, id=16229, stack(0x00007f0515dfe000,0x00007f0515eff000)]
  0x00007f053c0b9800 JavaThread "C2 CompilerThread0" daemon [_thread_blocked, id=16228, stack(0x00007f0515eff000,0x00007f0516000000)]
  0x00007f053c0b8000 JavaThread "Signal Dispatcher" daemon [_thread_blocked, id=16227, stack(0x00007f052c0fa000,0x00007f052c1fb000)]
  0x00007f053c084000 JavaThread "Finalizer" daemon [_thread_blocked, id=16226, stack(0x00007f052c4d4000,0x00007f052c5d5000)]
  0x00007f053c07f800 JavaThread "Reference Handler" daemon [_thread_blocked, id=16225, stack(0x00007f052c5d5000,0x00007f052c6d6000)]
  0x00007f053c00a000 JavaThread "main" [_thread_blocked, id=16219, stack(0x00007f0544d7f000,0x00007f0544e80000)]

Other Threads:
=>0x00007f053c078000 VMThread [stack: 0x00007f052c6d6000,0x00007f052c7d7000] [id=16224]
  0x00007f053c0ce000 WatcherThread [stack: 0x00007f0515afb000,0x00007f0515bfc000] [id=16232]

VM state:at safepoint (normal execution)

VM Mutex/Monitor currently owned by a thread:  ([mutex/lock_event])
[0x00007f053c006460] Threads_lock - owner thread: 0x00007f053c078000
[0x00007f053c006960] Heap_lock - owner thread: 0x00007f053c12d800

Heap:
 PSYoungGen      total 139264K, used 23542K [0x00000000eab00000, 0x00000000f5500000, 0x0000000100000000)
  eden space 115712K, 0% used [0x00000000eab00000,0x00000000eab00000,0x00000000f1c00000)
  from space 23552K, 99% used [0x00000000f1c00000,0x00000000f32fd868,0x00000000f3300000)
  to   space 12288K, 0% used [0x00000000f3300000,0x00000000f3300000,0x00000000f3f00000)
 ParOldGen       total 78336K, used 57772K [0x00000000c0000000, 0x00000000c4c80000, 0x00000000eab00000)
  object space 78336K, 73% used [0x00000000c0000000,0x00000000c386b0b8,0x00000000c4c80000)
 Metaspace       used 5838K, capacity 7088K, committed 7296K, reserved 1056768K
  class space    used 569K, capacity 616K, committed 640K, reserved 1048576K

Card table byte_map: [0x00007f0541937000,0x00007f0541b38000] byte_map_base: 0x00007f0541337000

Marking Bits: (ParMarkBitMap*) 0x00007f0544255d60
 Begin Bits: [0x00007f0516000000, 0x00007f0517000000)
 End Bits:   [0x00007f0517000000, 0x00007f0518000000)

Polling page: 0x00007f0544ea4000

CodeCache: size=245760Kb used=6624Kb max_used=6624Kb free=239135Kb
 bounds [0x00007f052d000000, 0x00007f052d680000, 0x00007f053c000000]
 total_blobs=1853 nmethods=1590 adapters=175
 compilation: enabled

Compilation events (10 events):
Event: 4.780 Thread 0x00007f053c0be000 1700 %     3       com.android.dx.ssa.back.FirstFitLocalCombiningAllocator::tryMapRegs @ 9 (110 bytes)
Event: 4.782 Thread 0x00007f053c0be000 nmethod 1700% 0x00007f052d661f50 code [0x00007f052d6621a0, 0x00007f052d663028]
Event: 4.782 Thread 0x00007f053c0be000 1701       3       com.android.dx.ssa.back.FirstFitLocalCombiningAllocator::tryMapRegs (110 bytes)
Event: 4.786 Thread 0x00007f053c0be000 nmethod 1701 0x00007f052d660810 code [0x00007f052d660a60, 0x00007f052d661798]
Event: 4.792 Thread 0x00007f053c0be000 1702 %     3       com.android.dx.ssa.back.FirstFitLocalCombiningAllocator::handleNormalUnassociated @ 10 (99 bytes)
Event: 4.793 Thread 0x00007f053c0be000 nmethod 1702% 0x00007f052d65e650 code [0x00007f052d65e920, 0x00007f052d65fd78]
Event: 4.801 Thread 0x00007f053c0bc800 nmethod 1204 0x00007f052d67b450 code [0x00007f052d67b5e0, 0x00007f052d67bd18]
Event: 4.801 Thread 0x00007f053c0bc800 1645       4       com.android.dx.util.BitIntSet::merge (148 bytes)
Event: 4.802 Thread 0x00007f053c0be000 1703 %     3       com.android.dx.ssa.back.SsaToRop::removePhiFunctions @ 13 (83 bytes)
Event: 4.804 Thread 0x00007f053c0be000 nmethod 1703% 0x00007f052d679290 code [0x00007f052d679560, 0x00007f052d67a9c8]

GC Heap History (10 events):
Event: 2.784 GC heap after
Heap after GC invocations=3 (full 0):
 PSYoungGen      total 34304K, used 2556K [0x00000000eab00000, 0x00000000eee00000, 0x0000000100000000)
  eden space 31744K, 0% used [0x00000000eab00000,0x00000000eab00000,0x00000000eca00000)
  from space 2560K, 99% used [0x00000000eca00000,0x00000000ecc7f0a8,0x00000000ecc80000)
  to   space 2560K, 0% used [0x00000000eeb80000,0x00000000eeb80000,0x00000000eee00000)
 ParOldGen       total 42496K, used 8089K [0x00000000c0000000, 0x00000000c2980000, 0x00000000eab00000)
  object space 42496K, 19% used [0x00000000c0000000,0x00000000c07e66b0,0x00000000c2980000)
 Metaspace       used 5573K, capacity 6832K, committed 7040K, reserved 1056768K
  class space    used 567K, capacity 616K, committed 640K, reserved 1048576K
}
Event: 2.987 GC heap before
{Heap before GC invocations=4 (full 0):
 PSYoungGen      total 34304K, used 34300K [0x00000000eab00000, 0x00000000eee00000, 0x0000000100000000)
  eden space 31744K, 100% used [0x00000000eab00000,0x00000000eca00000,0x00000000eca00000)
  from space 2560K, 99% used [0x00000000eca00000,0x00000000ecc7f0a8,0x00000000ecc80000)
  to   space 2560K, 0% used [0x00000000eeb80000,0x00000000eeb80000,0x00000000eee00000)
 ParOldGen       total 42496K, used 8089K [0x00000000c0000000, 0x00000000c2980000, 0x00000000eab00000)
  object space 42496K, 19% used [0x00000000c0000000,0x00000000c07e66b0,0x00000000c2980000)
 Metaspace       used 5632K, capacity 6896K, committed 7040K, reserved 1056768K
  class space    used 567K, capacity 616K, committed 640K, reserved 1048576K
Event: 3.043 GC heap after
Heap after GC invocations=4 (full 0):
 PSYoungGen      total 66048K, used 2540K [0x00000000eab00000, 0x00000000eee00000, 0x0000000100000000)
  eden space 63488K, 0% used [0x00000000eab00000,0x00000000eab00000,0x00000000ee900000)
  from space 2560K, 99% used [0x00000000eeb80000,0x00000000eedfb0b8,0x00000000eee00000)
  to   space 2560K, 0% used [0x00000000ee900000,0x00000000ee900000,0x00000000eeb80000)
 ParOldGen       total 42496K, used 12737K [0x00000000c0000000, 0x00000000c2980000, 0x00000000eab00000)
  object space 42496K, 29% used [0x00000000c0000000,0x00000000c0c706b0,0x00000000c2980000)
 Metaspace       used 5632K, capacity 6896K, committed 7040K, reserved 1056768K
  class space    used 567K, capacity 616K, committed 640K, reserved 1048576K
}
Event: 3.468 GC heap before
{Heap before GC invocations=5 (full 0):
 PSYoungGen      total 66048K, used 66028K [0x00000000eab00000, 0x00000000eee00000, 0x0000000100000000)
  eden space 63488K, 100% used [0x00000000eab00000,0x00000000ee900000,0x00000000ee900000)
  from space 2560K, 99% used [0x00000000eeb80000,0x00000000eedfb0b8,0x00000000eee00000)
  to   space 2560K, 0% used [0x00000000ee900000,0x00000000ee900000,0x00000000eeb80000)
 ParOldGen       total 42496K, used 12737K [0x00000000c0000000, 0x00000000c2980000, 0x00000000eab00000)
  object space 42496K, 29% used [0x00000000c0000000,0x00000000c0c706b0,0x00000000c2980000)
 Metaspace       used 5689K, capacity 6960K, committed 7040K, reserved 1056768K
  class space    used 567K, capacity 616K, committed 640K, reserved 1048576K
Event: 3.495 GC heap after
Heap after GC invocations=5 (full 0):
 PSYoungGen      total 66048K, used 2555K [0x00000000eab00000, 0x00000000f3f00000, 0x0000000100000000)
  eden space 63488K, 0% used [0x00000000eab00000,0x00000000eab00000,0x00000000ee900000)
  from space 2560K, 99% used [0x00000000ee900000,0x00000000eeb7ed50,0x00000000eeb80000)
  to   space 12288K, 0% used [0x00000000f3300000,0x00000000f3300000,0x00000000f3f00000)
 ParOldGen       total 42496K, used 22301K [0x00000000c0000000, 0x00000000c2980000, 0x00000000eab00000)
  object space 42496K, 52% used [0x00000000c0000000,0x00000000c15c74e8,0x00000000c2980000)
 Metaspace       used 5689K, capacity 6960K, committed 7040K, reserved 1056768K
  class space    used 567K, capacity 616K, committed 640K, reserved 1048576K
}
Event: 3.912 GC heap before
{Heap before GC invocations=6 (full 0):
 PSYoungGen      total 66048K, used 66043K [0x00000000eab00000, 0x00000000f3f00000, 0x0000000100000000)
  eden space 63488K, 100% used [0x00000000eab00000,0x00000000ee900000,0x00000000ee900000)
  from space 2560K, 99% used [0x00000000ee900000,0x00000000eeb7ed50,0x00000000eeb80000)
  to   space 12288K, 0% used [0x00000000f3300000,0x00000000f3300000,0x00000000f3f00000)
 ParOldGen       total 42496K, used 22301K [0x00000000c0000000, 0x00000000c2980000, 0x00000000eab00000)
  object space 42496K, 52% used [0x00000000c0000000,0x00000000c15c74e8,0x00000000c2980000)
 Metaspace       used 5756K, capacity 6960K, committed 7040K, reserved 1056768K
  class space    used 567K, capacity 616K, committed 640K, reserved 1048576K
Event: 4.028 GC heap after
Heap after GC invocations=6 (full 0):
 PSYoungGen      total 128000K, used 12263K [0x00000000eab00000, 0x00000000f5500000, 0x0000000100000000)
  eden space 115712K, 0% used [0x00000000eab00000,0x00000000eab00000,0x00000000f1c00000)
  from space 12288K, 99% used [0x00000000f3300000,0x00000000f3ef9cb0,0x00000000f3f00000)
  to   space 23552K, 0% used [0x00000000f1c00000,0x00000000f1c00000,0x00000000f3300000)
 ParOldGen       total 42496K, used 37984K [0x00000000c0000000, 0x00000000c2980000, 0x00000000eab00000)
  object space 42496K, 89% used [0x00000000c0000000,0x00000000c2518210,0x00000000c2980000)
 Metaspace       used 5756K, capacity 6960K, committed 7040K, reserved 1056768K
  class space    used 567K, capacity 616K, committed 640K, reserved 1048576K
}
Event: 4.038 GC heap before
{Heap before GC invocations=7 (full 1):
 PSYoungGen      total 128000K, used 12263K [0x00000000eab00000, 0x00000000f5500000, 0x0000000100000000)
  eden space 115712K, 0% used [0x00000000eab00000,0x00000000eab00000,0x00000000f1c00000)
  from space 12288K, 99% used [0x00000000f3300000,0x00000000f3ef9cb0,0x00000000f3f00000)
  to   space 23552K, 0% used [0x00000000f1c00000,0x00000000f1c00000,0x00000000f3300000)
 ParOldGen       total 42496K, used 37984K [0x00000000c0000000, 0x00000000c2980000, 0x00000000eab00000)
  object space 42496K, 89% used [0x00000000c0000000,0x00000000c2518210,0x00000000c2980000)
 Metaspace       used 5756K, capacity 6960K, committed 7040K, reserved 1056768K
  class space    used 567K, capacity 616K, committed 640K, reserved 1048576K
Event: 4.262 GC heap after
Heap after GC invocations=7 (full 1):
 PSYoungGen      total 128000K, used 4557K [0x00000000eab00000, 0x00000000f5500000, 0x0000000100000000)
  eden space 115712K, 0% used [0x00000000eab00000,0x00000000eab00000,0x00000000f1c00000)
  from space 12288K, 37% used [0x00000000f3300000,0x00000000f3773490,0x00000000f3f00000)
  to   space 23552K, 0% used [0x00000000f1c00000,0x00000000f1c00000,0x00000000f3300000)
 ParOldGen       total 78336K, used 42259K [0x00000000c0000000, 0x00000000c4c80000, 0x00000000eab00000)
  object space 78336K, 53% used [0x00000000c0000000,0x00000000c2944e28,0x00000000c4c80000)
 Metaspace       used 5756K, capacity 6960K, committed 7040K, reserved 1056768K
  class space    used 567K, capacity 616K, committed 640K, reserved 1048576K
}
Event: 4.814 GC heap before
{Heap before GC invocations=8 (full 1):
 PSYoungGen      total 128000K, used 120269K [0x00000000eab00000, 0x00000000f5500000, 0x0000000100000000)
  eden space 115712K, 100% used [0x00000000eab00000,0x00000000f1c00000,0x00000000f1c00000)
  from space 12288K, 37% used [0x00000000f3300000,0x00000000f3773490,0x00000000f3f00000)
  to   space 23552K, 0% used [0x00000000f1c00000,0x00000000f1c00000,0x00000000f3300000)
 ParOldGen       total 78336K, used 42259K [0x00000000c0000000, 0x00000000c4c80000, 0x00000000eab00000)
  object space 78336K, 53% used [0x00000000c0000000,0x00000000c2944e28,0x00000000c4c80000)
 Metaspace       used 5838K, capacity 7088K, committed 7296K, reserved 1056768K
  class space    used 569K, capacity 616K, committed 640K, reserved 1048576K

Deoptimization events (10 events):
Event: 3.059 Thread 0x00007f053c131800 Uncommon trap: reason=bimorphic action=maybe_recompile pc=0x00007f052d2ac660 method=java.util.HashMap.getNode(ILjava/lang/Object;)Ljava/util/HashMap$Node; @ 126
Event: 3.059 Thread 0x00007f053c131800 Uncommon trap: reason=bimorphic action=maybe_recompile pc=0x00007f052d2ac660 method=java.util.HashMap.getNode(ILjava/lang/Object;)Ljava/util/HashMap$Node; @ 126
Event: 3.114 Thread 0x00007f053c12d800 Uncommon trap: reason=bimorphic action=maybe_recompile pc=0x00007f052d2ac660 method=java.util.HashMap.getNode(ILjava/lang/Object;)Ljava/util/HashMap$Node; @ 126
Event: 3.118 Thread 0x00007f053c12d800 Uncommon trap: reason=bimorphic action=maybe_recompile pc=0x00007f052d2ac660 method=java.util.HashMap.getNode(ILjava/lang/Object;)Ljava/util/HashMap$Node; @ 126
Event: 3.360 Thread 0x00007f053c127000 Uncommon trap: reason=class_check action=maybe_recompile pc=0x00007f052d4bf06c method=com.android.dx.ssa.SCCP.simulatePhi(Lcom/android/dx/ssa/PhiInsn;)V @ 124
Event: 3.409 Thread 0x00007f053c136000 Uncommon trap: reason=class_check action=maybe_recompile pc=0x00007f052d4bf06c method=com.android.dx.ssa.SCCP.simulatePhi(Lcom/android/dx/ssa/PhiInsn;)V @ 124
Event: 3.451 Thread 0x00007f053c136000 Uncommon trap: reason=unstable_if action=reinterpret pc=0x00007f052d382e1c method=java.util.HashMap.putVal(ILjava/lang/Object;Ljava/lang/Object;ZZ)Ljava/lang/Object; @ 94
Event: 3.659 Thread 0x00007f053c127000 Uncommon trap: reason=class_check action=maybe_recompile pc=0x00007f052d4bf06c method=com.android.dx.ssa.SCCP.simulatePhi(Lcom/android/dx/ssa/PhiInsn;)V @ 124
Event: 3.659 Thread 0x00007f053c127000 Uncommon trap: reason=class_check action=maybe_recompile pc=0x00007f052d4bf06c method=com.android.dx.ssa.SCCP.simulatePhi(Lcom/android/dx/ssa/PhiInsn;)V @ 124
Event: 4.405 Thread 0x00007f053c127000 Uncommon trap: reason=unstable_if action=reinterpret pc=0x00007f052d381884 method=com.android.dx.dex.code.OutputFinisher.hasLocalInfo(Lcom/android/dx/dex/code/DalvInsn;)Z @ 24

Internal exceptions (3 events):
Event: 0.608 Thread 0x00007f053c00a000 Exception <a 'java/lang/NoSuchMethodError': Method sun.misc.Unsafe.defineClass(Ljava/lang/String;[BII)Ljava/lang/Class; name or signature does not match> (0x00000000eab07cc0) thrown at [/HUDSON/workspace/8-2-build-linux-amd64/jdk8u91/6644/hotspot/src/shar
Event: 0.608 Thread 0x00007f053c00a000 Exception <a 'java/lang/NoSuchMethodError': Method sun.misc.Unsafe.prefetchRead(Ljava/lang/Object;J)V name or signature does not match> (0x00000000eab07fa8) thrown at [/HUDSON/workspace/8-2-build-linux-amd64/jdk8u91/6644/hotspot/src/share/vm/prims/jni.cpp
Event: 2.313 Thread 0x00007f053c131800 Implicit null exception at 0x00007f052d2b33bb to 0x00007f052d2b56e5

Events (10 events):
Event: 4.791 Thread 0x00007f053c12d800 DEOPT UNPACKING pc=0x00007f052d047633 sp=0x00007f05158f6bb0 mode 0
Event: 4.792 Thread 0x00007f053c131800 DEOPT PACKING pc=0x00007f052d5d8ab3 sp=0x00007f05157f5c10
Event: 4.792 Thread 0x00007f053c131800 DEOPT UNPACKING pc=0x00007f052d047633 sp=0x00007f05157f5930 mode 0
Event: 4.792 Thread 0x00007f053c131800 DEOPT PACKING pc=0x00007f052d5d8ab3 sp=0x00007f05157f5c10
Event: 4.792 Thread 0x00007f053c131800 DEOPT UNPACKING pc=0x00007f052d047633 sp=0x00007f05157f5930 mode 0
Event: 4.793 Thread 0x00007f053c131800 DEOPT PACKING pc=0x00007f052d5d8ab3 sp=0x00007f05157f5c10
Event: 4.793 Thread 0x00007f053c131800 DEOPT UNPACKING pc=0x00007f052d047633 sp=0x00007f05157f5930 mode 0
Event: 4.793 Thread 0x00007f053c12d800 DEOPT PACKING pc=0x00007f052d5d8ab3 sp=0x00007f05158f6e90
Event: 4.793 Thread 0x00007f053c12d800 DEOPT UNPACKING pc=0x00007f052d047633 sp=0x00007f05158f6bb0 mode 0
Event: 4.813 Executing VM operation: ParallelGCFailedAllocation


Dynamic libraries:
00400000-00401000 r-xp 00000000 08:06 266116                             /home/mohamed/jdk1.8.0_91/bin/java
00600000-00601000 rw-p 00000000 08:06 266116                             /home/mohamed/jdk1.8.0_91/bin/java
02360000-02381000 rw-p 00000000 00:00 0                                  [heap]
c0000000-c4c80000 rw-p 00000000 00:00 0 
c4c80000-eab00000 ---p 00000000 00:00 0 
eab00000-f5500000 rw-p 00000000 00:00 0 
fae80000-100000000 ---p 00000000 00:00 0 
100000000-1000a0000 rw-p 00000000 00:00 0 
1000a0000-140000000 ---p 00000000 00:00 0 
7f04e0000000-7f04e0021000 rw-p 00000000 00:00 0 
7f04e0021000-7f04e4000000 ---p 00000000 00:00 0 
7f04e4000000-7f04e4021000 rw-p 00000000 00:00 0 
7f04e4021000-7f04e8000000 ---p 00000000 00:00 0 
7f04e8000000-7f04e8021000 rw-p 00000000 00:00 0 
7f04e8021000-7f04ec000000 ---p 00000000 00:00 0 
7f04ec000000-7f04ec021000 rw-p 00000000 00:00 0 
7f04ec021000-7f04f0000000 ---p 00000000 00:00 0 
7f04f0000000-7f04f0021000 rw-p 00000000 00:00 0 
7f04f0021000-7f04f4000000 ---p 00000000 00:00 0 
7f04f4000000-7f04f4043000 rw-p 00000000 00:00 0 
7f04f4043000-7f04f8000000 ---p 00000000 00:00 0 
7f04f8000000-7f04f8a21000 rw-p 00000000 00:00 0 
7f04f8a21000-7f04fc000000 ---p 00000000 00:00 0 
7f04fc000000-7f04fc021000 rw-p 00000000 00:00 0 
7f04fc021000-7f0500000000 ---p 00000000 00:00 0 
7f0500000000-7f0500881000 rw-p 00000000 00:00 0 
7f0500881000-7f0504000000 ---p 00000000 00:00 0 
7f0504000000-7f0504a04000 rw-p 00000000 00:00 0 
7f0504a04000-7f0508000000 ---p 00000000 00:00 0 
7f0508000000-7f0508021000 rw-p 00000000 00:00 0 
7f0508021000-7f050c000000 ---p 00000000 00:00 0 
7f050c000000-7f050c021000 rw-p 00000000 00:00 0 
7f050c021000-7f0510000000 ---p 00000000 00:00 0 
7f0510000000-7f0510021000 rw-p 00000000 00:00 0 
7f0510021000-7f0514000000 ---p 00000000 00:00 0 
7f05155f6000-7f05155f9000 ---p 00000000 00:00 0 
7f05155f9000-7f05156f7000 rw-p 00000000 00:00 0 
7f05156f7000-7f05156fa000 ---p 00000000 00:00 0 
7f05156fa000-7f05157f8000 rw-p 00000000 00:00 0 
7f05157f8000-7f05157fb000 ---p 00000000 00:00 0 
7f05157fb000-7f05158f9000 rw-p 00000000 00:00 0 
7f05158f9000-7f05158fc000 ---p 00000000 00:00 0 
7f05158fc000-7f05159fa000 rw-p 00000000 00:00 0 
7f05159fa000-7f05159fd000 ---p 00000000 00:00 0 
7f05159fd000-7f0515afb000 rw-p 00000000 00:00 0 
7f0515afb000-7f0515afc000 ---p 00000000 00:00 0 
7f0515afc000-7f0515bfc000 rw-p 00000000 00:00 0 
7f0515bfc000-7f0515bff000 ---p 00000000 00:00 0 
7f0515bff000-7f0515cfd000 rw-p 00000000 00:00 0 
7f0515cfd000-7f0515d00000 ---p 00000000 00:00 0 
7f0515d00000-7f0515dfe000 rw-p 00000000 00:00 0 
7f0515dfe000-7f0515e01000 ---p 00000000 00:00 0 
7f0515e01000-7f0515eff000 rw-p 00000000 00:00 0 
7f0515eff000-7f0515f02000 ---p 00000000 00:00 0 
7f0515f02000-7f0518000000 rw-p 00000000 00:00 0 
7f0518000000-7f0518021000 rw-p 00000000 00:00 0 
7f0518021000-7f051c000000 ---p 00000000 00:00 0 
7f051c000000-7f051c28e000 rw-p 00000000 00:00 0 
7f051c28e000-7f0520000000 ---p 00000000 00:00 0 
7f0520000000-7f0520021000 rw-p 00000000 00:00 0 
7f0520021000-7f0524000000 ---p 00000000 00:00 0 
7f0524000000-7f0524021000 rw-p 00000000 00:00 0 
7f0524021000-7f0528000000 ---p 00000000 00:00 0 
7f0528000000-7f0528021000 rw-p 00000000 00:00 0 
7f0528021000-7f052c000000 ---p 00000000 00:00 0 
7f052c0eb000-7f052c0fa000 r--s 000df000 08:06 6165411                    /home/mohamed/Android/Sdk/build-tools/23.0.1/lib/dx.jar
7f052c0fa000-7f052c0fd000 ---p 00000000 00:00 0 
7f052c0fd000-7f052c1fb000 rw-p 00000000 00:00 0 
7f052c1fb000-7f052c4d4000 r--p 00000000 08:06 526509                     /usr/lib/locale/locale-archive
7f052c4d4000-7f052c4d7000 ---p 00000000 00:00 0 
7f052c4d7000-7f052c5d5000 rw-p 00000000 00:00 0 
7f052c5d5000-7f052c5d8000 ---p 00000000 00:00 0 
7f052c5d8000-7f052c6d6000 rw-p 00000000 00:00 0 
7f052c6d6000-7f052c6d7000 ---p 00000000 00:00 0 
7f052c6d7000-7f052d000000 rw-p 00000000 00:00 0 
7f052d000000-7f052d680000 rwxp 00000000 00:00 0 
7f052d680000-7f053c000000 ---p 00000000 00:00 0 
7f053c000000-7f053c396000 rw-p 00000000 00:00 0 
7f053c396000-7f0540000000 ---p 00000000 00:00 0 
7f0540003000-7f054078e000 rw-p 00000000 00:00 0 
7f054078e000-7f0540967000 r--s 03d1f000 08:06 922159                     /home/mohamed/jdk1.8.0_91/jre/lib/rt.jar
7f0540967000-7f054105d000 rw-p 00000000 00:00 0 
7f054105d000-7f05411dd000 ---p 00000000 00:00 0 
7f05411dd000-7f05413dd000 rw-p 00000000 00:00 0 
7f05413dd000-7f05413de000 ---p 00000000 00:00 0 
7f05413de000-7f05414de000 rw-p 00000000 00:00 0 
7f05414de000-7f05414df000 ---p 00000000 00:00 0 
7f05414df000-7f05415df000 rw-p 00000000 00:00 0 
7f05415df000-7f05415e0000 ---p 00000000 00:00 0 
7f05415e0000-7f05416e0000 rw-p 00000000 00:00 0 
7f05416e0000-7f05416e1000 ---p 00000000 00:00 0 
7f05416e1000-7f0541808000 rw-p 00000000 00:00 0 
7f0541808000-7f0541937000 ---p 00000000 00:00 0 
7f0541937000-7f054195e000 rw-p 00000000 00:00 0 
7f054195e000-7f0541a8c000 ---p 00000000 00:00 0 
7f0541a8c000-7f0541ae2000 rw-p 00000000 00:00 0 
7f0541ae2000-7f0541b37000 ---p 00000000 00:00 0 
7f0541b37000-7f0541b52000 rw-p 00000000 00:00 0 
7f0541b52000-7f0541ef8000 ---p 00000000 00:00 0 
7f0541ef8000-7f0541f12000 r-xp 00000000 08:06 922210                     /home/mohamed/jdk1.8.0_91/jre/lib/amd64/libzip.so
7f0541f12000-7f0542112000 ---p 0001a000 08:06 922210                     /home/mohamed/jdk1.8.0_91/jre/lib/amd64/libzip.so
7f0542112000-7f0542113000 rw-p 0001a000 08:06 922210                     /home/mohamed/jdk1.8.0_91/jre/lib/amd64/libzip.so
7f0542113000-7f054211e000 r-xp 00000000 08:06 278669                     /lib/x86_64-linux-gnu/libnss_files-2.23.so
7f054211e000-7f054231d000 ---p 0000b000 08:06 278669                     /lib/x86_64-linux-gnu/libnss_files-2.23.so
7f054231d000-7f054231e000 r--p 0000a000 08:06 278669                     /lib/x86_64-linux-gnu/libnss_files-2.23.so
7f054231e000-7f054231f000 rw-p 0000b000 08:06 278669                     /lib/x86_64-linux-gnu/libnss_files-2.23.so
7f054231f000-7f0542325000 rw-p 00000000 00:00 0 
7f0542325000-7f0542330000 r-xp 00000000 08:06 278666                     /lib/x86_64-linux-gnu/libnss_nis-2.23.so
7f0542330000-7f054252f000 ---p 0000b000 08:06 278666                     /lib/x86_64-linux-gnu/libnss_nis-2.23.so
7f054252f000-7f0542530000 r--p 0000a000 08:06 278666                     /lib/x86_64-linux-gnu/libnss_nis-2.23.so
7f0542530000-7f0542531000 rw-p 0000b000 08:06 278666                     /lib/x86_64-linux-gnu/libnss_nis-2.23.so
7f0542531000-7f0542547000 r-xp 00000000 08:06 278664                     /lib/x86_64-linux-gnu/libnsl-2.23.so
7f0542547000-7f0542746000 ---p 00016000 08:06 278664                     /lib/x86_64-linux-gnu/libnsl-2.23.so
7f0542746000-7f0542747000 r--p 00015000 08:06 278664                     /lib/x86_64-linux-gnu/libnsl-2.23.so
7f0542747000-7f0542748000 rw-p 00016000 08:06 278664                     /lib/x86_64-linux-gnu/libnsl-2.23.so
7f0542748000-7f054274a000 rw-p 00000000 00:00 0 
7f054274a000-7f0542752000 r-xp 00000000 08:06 278662                     /lib/x86_64-linux-gnu/libnss_compat-2.23.so
7f0542752000-7f0542951000 ---p 00008000 08:06 278662                     /lib/x86_64-linux-gnu/libnss_compat-2.23.so
7f0542951000-7f0542952000 r--p 00007000 08:06 278662                     /lib/x86_64-linux-gnu/libnss_compat-2.23.so
7f0542952000-7f0542953000 rw-p 00008000 08:06 278662                     /lib/x86_64-linux-gnu/libnss_compat-2.23.so
7f0542953000-7f054297d000 r-xp 00000000 08:06 922205                     /home/mohamed/jdk1.8.0_91/jre/lib/amd64/libjava.so
7f054297d000-7f0542b7d000 ---p 0002a000 08:06 922205                     /home/mohamed/jdk1.8.0_91/jre/lib/amd64/libjava.so
7f0542b7d000-7f0542b7f000 rw-p 0002a000 08:06 922205                     /home/mohamed/jdk1.8.0_91/jre/lib/amd64/libjava.so
7f0542b7f000-7f0542b8c000 r-xp 00000000 08:06 922209                     /home/mohamed/jdk1.8.0_91/jre/lib/amd64/libverify.so
7f0542b8c000-7f0542d8c000 ---p 0000d000 08:06 922209                     /home/mohamed/jdk1.8.0_91/jre/lib/amd64/libverify.so
7f0542d8c000-7f0542d8e000 rw-p 0000d000 08:06 922209                     /home/mohamed/jdk1.8.0_91/jre/lib/amd64/libverify.so
7f0542d8e000-7f0542d95000 r-xp 00000000 08:06 278678                     /lib/x86_64-linux-gnu/librt-2.23.so
7f0542d95000-7f0542f94000 ---p 00007000 08:06 278678                     /lib/x86_64-linux-gnu/librt-2.23.so
7f0542f94000-7f0542f95000 r--p 00006000 08:06 278678                     /lib/x86_64-linux-gnu/librt-2.23.so
7f0542f95000-7f0542f96000 rw-p 00007000 08:06 278678                     /lib/x86_64-linux-gnu/librt-2.23.so
7f0542f96000-7f054309e000 r-xp 00000000 08:06 278675                     /lib/x86_64-linux-gnu/libm-2.23.so
7f054309e000-7f054329d000 ---p 00108000 08:06 278675                     /lib/x86_64-linux-gnu/libm-2.23.so
7f054329d000-7f054329e000 r--p 00107000 08:06 278675                     /lib/x86_64-linux-gnu/libm-2.23.so
7f054329e000-7f054329f000 rw-p 00108000 08:06 278675                     /lib/x86_64-linux-gnu/libm-2.23.so
7f054329f000-7f0543f5f000 r-xp 00000000 08:06 1184562                    /home/mohamed/jdk1.8.0_91/jre/lib/amd64/server/libjvm.so
7f0543f5f000-7f054415f000 ---p 00cc0000 08:06 1184562                    /home/mohamed/jdk1.8.0_91/jre/lib/amd64/server/libjvm.so
7f054415f000-7f0544237000 rw-p 00cc0000 08:06 1184562                    /home/mohamed/jdk1.8.0_91/jre/lib/amd64/server/libjvm.so
7f0544237000-7f0544282000 rw-p 00000000 00:00 0 
7f0544282000-7f0544442000 r-xp 00000000 08:06 278683                     /lib/x86_64-linux-gnu/libc-2.23.so
7f0544442000-7f0544641000 ---p 001c0000 08:06 278683                     /lib/x86_64-linux-gnu/libc-2.23.so
7f0544641000-7f0544645000 r--p 001bf000 08:06 278683                     /lib/x86_64-linux-gnu/libc-2.23.so
7f0544645000-7f0544647000 rw-p 001c3000 08:06 278683                     /lib/x86_64-linux-gnu/libc-2.23.so
7f0544647000-7f054464b000 rw-p 00000000 00:00 0 
7f054464b000-7f054464e000 r-xp 00000000 08:06 278684                     /lib/x86_64-linux-gnu/libdl-2.23.so
7f054464e000-7f054484d000 ---p 00003000 08:06 278684                     /lib/x86_64-linux-gnu/libdl-2.23.so
7f054484d000-7f054484e000 r--p 00002000 08:06 278684                     /lib/x86_64-linux-gnu/libdl-2.23.so
7f054484e000-7f054484f000 rw-p 00003000 08:06 278684                     /lib/x86_64-linux-gnu/libdl-2.23.so
7f054484f000-7f0544864000 r-xp 00000000 08:06 36052                      /home/mohamed/jdk1.8.0_91/lib/amd64/jli/libjli.so
7f0544864000-7f0544a64000 ---p 00015000 08:06 36052                      /home/mohamed/jdk1.8.0_91/lib/amd64/jli/libjli.so
7f0544a64000-7f0544a65000 rw-p 00015000 08:06 36052                      /home/mohamed/jdk1.8.0_91/lib/amd64/jli/libjli.so
7f0544a65000-7f0544a7d000 r-xp 00000000 08:06 278682                     /lib/x86_64-linux-gnu/libpthread-2.23.so
7f0544a7d000-7f0544c7c000 ---p 00018000 08:06 278682                     /lib/x86_64-linux-gnu/libpthread-2.23.so
7f0544c7c000-7f0544c7d000 r--p 00017000 08:06 278682                     /lib/x86_64-linux-gnu/libpthread-2.23.so
7f0544c7d000-7f0544c7e000 rw-p 00018000 08:06 278682                     /lib/x86_64-linux-gnu/libpthread-2.23.so
7f0544c7e000-7f0544c82000 rw-p 00000000 00:00 0 
7f0544c82000-7f0544ca8000 r-xp 00000000 08:06 278679                     /lib/x86_64-linux-gnu/ld-2.23.so
7f0544cad000-7f0544d7f000 rw-p 00000000 00:00 0 
7f0544d7f000-7f0544d82000 ---p 00000000 00:00 0 
7f0544d82000-7f0544e84000 rw-p 00000000 00:00 0 
7f0544e87000-7f0544e9b000 rw-p 00000000 00:00 0 
7f0544e9b000-7f0544ea3000 rw-s 00000000 08:06 1063519                    /tmp/hsperfdata_mohamed/16214
7f0544ea3000-7f0544ea4000 rw-p 00000000 00:00 0 
7f0544ea4000-7f0544ea5000 ---p 00000000 00:00 0 
7f0544ea5000-7f0544ea7000 rw-p 00000000 00:00 0 
7f0544ea7000-7f0544ea8000 r--p 00025000 08:06 278679                     /lib/x86_64-linux-gnu/ld-2.23.so
7f0544ea8000-7f0544ea9000 rw-p 00026000 08:06 278679                     /lib/x86_64-linux-gnu/ld-2.23.so
7f0544ea9000-7f0544eaa000 rw-p 00000000 00:00 0 
7ffeeba1f000-7ffeeba40000 rw-p 00000000 00:00 0                          [stack]
7ffeebbc0000-7ffeebbc2000 r--p 00000000 00:00 0                          [vvar]
7ffeebbc2000-7ffeebbc4000 r-xp 00000000 00:00 0                          [vdso]
ffffffffff600000-ffffffffff601000 r-xp 00000000 00:00 0                  [vsyscall]

VM Arguments:
jvm_args: -Djava.awt.headless=true -Xmx1024M -Dfile.encoding=UTF-8 -Duser.country=US -Duser.language=en -Duser.variant 
java_command: com.android.dx.command.Main --dex --force-jumbo --num-threads=4 --output /media/mohamed/Programs/Explore/app/build/intermediates/pre-dexed/debug/main_b96a9e6e4bba87f32530723a59caa4b0f833400a.jar /media/mohamed/Programs/Explore/app/build/intermediates/transforms/instantRun/debug/folders/1/5/main
java_class_path (initial): /home/mohamed/Android/Sdk/build-tools/23.0.1/lib/dx.jar
Launcher Type: SUN_STANDARD

Environment Variables:
JAVA_HOME=/usr/lib/jvm/java-8-oracle
PATH=/usr/local/sbin:/usr/local/bin:/usr/sbin:/usr/bin:/sbin:/bin:/usr/games:/usr/local/games:/snap/bin:/usr/lib/jvm/java-8-oracle/bin:/usr/lib/jvm/java-8-oracle/db/bin:/usr/lib/jvm/java-8-oracle/jre/bin
LD_LIBRARY_PATH=/home/mohamed/tools/android/android-studio/bin:
SHELL=/bin/bash
DISPLAY=:0

Signal Handlers:
SIGSEGV: [libjvm.so+0xabca10], sa_mask[0]=11111111011111111101111111111110, sa_flags=SA_RESTART|SA_SIGINFO
SIGBUS: [libjvm.so+0xabca10], sa_mask[0]=11111111011111111101111111111110, sa_flags=SA_RESTART|SA_SIGINFO
SIGFPE: [libjvm.so+0x919a20], sa_mask[0]=11111111011111111101111111111110, sa_flags=SA_RESTART|SA_SIGINFO
SIGPIPE: [libjvm.so+0x919a20], sa_mask[0]=11111111011111111101111111111110, sa_flags=SA_RESTART|SA_SIGINFO
SIGXFSZ: [libjvm.so+0x919a20], sa_mask[0]=11111111011111111101111111111110, sa_flags=SA_RESTART|SA_SIGINFO
SIGILL: [libjvm.so+0x919a20], sa_mask[0]=11111111011111111101111111111110, sa_flags=SA_RESTART|SA_SIGINFO
SIGUSR1: SIG_DFL, sa_mask[0]=00000000000000000000000000000000, sa_flags=none
SIGUSR2: [libjvm.so+0x91b050], sa_mask[0]=00100000000000000000000000000000, sa_flags=SA_RESTART|SA_SIGINFO
SIGHUP: [libjvm.so+0x91c450], sa_mask[0]=11111111011111111101111111111110, sa_flags=SA_RESTART|SA_SIGINFO
SIGINT: [libjvm.so+0x91c450], sa_mask[0]=11111111011111111101111111111110, sa_flags=SA_RESTART|SA_SIGINFO
SIGTERM: [libjvm.so+0x91c450], sa_mask[0]=11111111011111111101111111111110, sa_flags=SA_RESTART|SA_SIGINFO
SIGQUIT: [libjvm.so+0x91c450], sa_mask[0]=11111111011111111101111111111110, sa_flags=SA_RESTART|SA_SIGINFO


---------------  S Y S T E M  ---------------

OS:DISTRIB_ID=Ubuntu
DISTRIB_RELEASE=16.04
DISTRIB_CODENAME=xenial
DISTRIB_DESCRIPTION="Ubuntu 16.04 LTS"

uname:Linux 4.4.0-22-generic #40-Ubuntu SMP Thu May 12 22:03:46 UTC 2016 x86_64
libc:glibc 2.23 NPTL 2.23 
rlimit: STACK 8192k, CORE 0k, NPROC 15304, NOFILE 65536, AS infinity
load average:1.95 0.95 0.91

/proc/meminfo:
MemTotal:        3956776 kB
MemFree:           37512 kB
MemAvailable:      90592 kB
Buffers:            3104 kB
Cached:           592292 kB
SwapCached:            0 kB
Active:          3207072 kB
Inactive:         529672 kB
Active(anon):    3177320 kB
Inactive(anon):   517360 kB
Active(file):      29752 kB
Inactive(file):    12312 kB
Unevictable:          32 kB
Mlocked:              32 kB
SwapTotal:             0 kB
SwapFree:              0 kB
Dirty:              2068 kB
Writeback:             0 kB
AnonPages:       3141820 kB
Mapped:           407796 kB
Shmem:            553120 kB
Slab:              81660 kB
SReclaimable:      40404 kB
SUnreclaim:        41256 kB
KernelStack:       10672 kB
PageTables:        47484 kB
NFS_Unstable:          0 kB
Bounce:                0 kB
WritebackTmp:          0 kB
CommitLimit:     1978388 kB
Committed_AS:    7461352 kB
VmallocTotal:   34359738367 kB
VmallocUsed:           0 kB
VmallocChunk:          0 kB
HardwareCorrupted:     0 kB
AnonHugePages:   1755136 kB
CmaTotal:              0 kB
CmaFree:               0 kB
HugePages_Total:       0
HugePages_Free:        0
HugePages_Rsvd:        0
HugePages_Surp:        0
Hugepagesize:       2048 kB
DirectMap4k:      174456 kB
DirectMap2M:     3930112 kB
DirectMap1G:           0 kB


CPU:total 4 (2 cores per cpu, 2 threads per core) family 6 model 60 stepping 3, cmov, cx8, fxsr, mmx, sse, sse2, sse3, ssse3, sse4.1, sse4.2, popcnt, avx, avx2, aes, clmul, erms, lzcnt, ht, tsc, tscinvbit, bmi1, bmi2

/proc/cpuinfo:
processor	: 0
vendor_id	: GenuineIntel
cpu family	: 6
model		: 60
model name	: Intel(R) Core(TM) i5-4200M CPU @ 2.50GHz
stepping	: 3
microcode	: 0x16
cpu MHz		: 2805.859
cache size	: 3072 KB
physical id	: 0
siblings	: 4
core id		: 0
cpu cores	: 2
apicid		: 0
initial apicid	: 0
fpu		: yes
fpu_exception	: yes
cpuid level	: 13
wp		: yes
flags		: fpu vme de pse tsc msr pae mce cx8 apic sep mtrr pge mca cmov pat pse36 clflush dts acpi mmx fxsr sse sse2 ss ht tm pbe syscall nx pdpe1gb rdtscp lm constant_tsc arch_perfmon pebs bts rep_good nopl xtopology nonstop_tsc aperfmperf eagerfpu pni pclmulqdq dtes64 monitor ds_cpl vmx est tm2 ssse3 sdbg fma cx16 xtpr pdcm pcid sse4_1 sse4_2 movbe popcnt tsc_deadline_timer aes xsave avx f16c rdrand lahf_lm abm epb tpr_shadow vnmi flexpriority ept vpid fsgsbase tsc_adjust bmi1 avx2 smep bmi2 erms invpcid xsaveopt dtherm ida arat pln pts
bugs		:
bogomips	: 4988.77
clflush size	: 64
cache_alignment	: 64
address sizes	: 39 bits physical, 48 bits virtual
power management:

processor	: 1
vendor_id	: GenuineIntel
cpu family	: 6
model		: 60
model name	: Intel(R) Core(TM) i5-4200M CPU @ 2.50GHz
stepping	: 3
microcode	: 0x16
cpu MHz		: 2731.542
cache size	: 3072 KB
physical id	: 0
siblings	: 4
core id		: 1
cpu cores	: 2
apicid		: 2
initial apicid	: 2
fpu		: yes
fpu_exception	: yes
cpuid level	: 13
wp		: yes
flags		: fpu vme de pse tsc msr pae mce cx8 apic sep mtrr pge mca cmov pat pse36 clflush dts acpi mmx fxsr sse sse2 ss ht tm pbe syscall nx pdpe1gb rdtscp lm constant_tsc arch_perfmon pebs bts rep_good nopl xtopology nonstop_tsc aperfmperf eagerfpu pni pclmulqdq dtes64 monitor ds_cpl vmx est tm2 ssse3 sdbg fma cx16 xtpr pdcm pcid sse4_1 sse4_2 movbe popcnt tsc_deadline_timer aes xsave avx f16c rdrand lahf_lm abm epb tpr_shadow vnmi flexpriority ept vpid fsgsbase tsc_adjust bmi1 avx2 smep bmi2 erms invpcid xsaveopt dtherm ida arat pln pts
bugs		:
bogomips	: 4988.77
clflush size	: 64
cache_alignment	: 64
address sizes	: 39 bits physical, 48 bits virtual
power management:

processor	: 2
vendor_id	: GenuineIntel
cpu family	: 6
model		: 60
model name	: Intel(R) Core(TM) i5-4200M CPU @ 2.50GHz
stepping	: 3
microcode	: 0x16
cpu MHz		: 2625.000
cache size	: 3072 KB
physical id	: 0
siblings	: 4
core id		: 0
cpu cores	: 2
apicid		: 1
initial apicid	: 1
fpu		: yes
fpu_exception	: yes
cpuid level	: 13
wp		: yes
flags		: fpu vme de pse tsc msr pae mce cx8 apic sep mtrr pge mca cmov pat pse36 clflush dts acpi mmx fxsr sse sse2 ss ht tm pbe syscall nx pdpe1gb rdtscp lm constant_tsc arch_perfmon pebs bts rep_good nopl xtopology nonstop_tsc aperfmperf eagerfpu pni pclmulqdq dtes64 monitor ds_cpl vmx est tm2 ssse3 sdbg fma cx16 xtpr pdcm pcid sse4_1 sse4_2 movbe popcnt tsc_deadline_timer aes xsave avx f16c rdrand lahf_lm abm epb tpr_shadow vnmi flexpriority ept vpid fsgsbase tsc_adjust bmi1 avx2 smep bmi2 erms invpcid xsaveopt dtherm ida arat pln pts
bugs		:
bogomips	: 4988.77
clflush size	: 64
cache_alignment	: 64
address sizes	: 39 bits physical, 48 bits virtual
power management:

processor	: 3
vendor_id	: GenuineIntel
cpu family	: 6
model		: 60
model name	: Intel(R) Core(TM) i5-4200M CPU @ 2.50GHz
stepping	: 3
microcode	: 0x16
cpu MHz		: 2565.332
cache size	: 3072 KB
physical id	: 0
siblings	: 4
core id		: 1
cpu cores	: 2
apicid		: 3
initial apicid	: 3
fpu		: yes
fpu_exception	: yes
cpuid level	: 13
wp		: yes
flags		: fpu vme de pse tsc msr pae mce cx8 apic sep mtrr pge mca cmov pat pse36 clflush dts acpi mmx fxsr sse sse2 ss ht tm pbe syscall nx pdpe1gb rdtscp lm constant_tsc arch_perfmon pebs bts rep_good nopl xtopology nonstop_tsc aperfmperf eagerfpu pni pclmulqdq dtes64 monitor ds_cpl vmx est tm2 ssse3 sdbg fma cx16 xtpr pdcm pcid sse4_1 sse4_2 movbe popcnt tsc_deadline_timer aes xsave avx f16c rdrand lahf_lm abm epb tpr_shadow vnmi flexpriority ept vpid fsgsbase tsc_adjust bmi1 avx2 smep bmi2 erms invpcid xsaveopt dtherm ida arat pln pts
bugs		:
bogomips	: 4988.77
clflush size	: 64
cache_alignment	: 64
address sizes	: 39 bits physical, 48 bits virtual
power management:



Memory: 4k page, physical 3956776k(37512k free), swap 0k(0k free)

vm_info: Java HotSpot(TM) 64-Bit Server VM (25.91-b14) for linux-amd64 JRE (1.8.0_91-b14), built on Apr  1 2016 00:57:21 by "java_re" with gcc 4.3.0 20080428 (Red Hat 4.3.0-8)

time: Thu May 19 07:13:52 2016
elapsed time: 5 seconds (0d 0h 0m 5s)

