#
# There is insufficient memory for the Java Runtime Environment to continue.
# Native memory allocation (mmap) failed to map 135790592 bytes for committing reserved memory.
# Possible reasons:
#   The system is out of physical RAM or swap space
#   In 32 bit mode, the process size limit was hit
# Possible solutions:
#   Reduce memory load on the system
#   Increase physical memory or swap space
#   Check if swap backing store is full
#   Use 64 bit Java on a 64 bit OS
#   Decrease Java heap size (-Xmx/-Xms)
#   Decrease number of Java threads
#   Decrease Java thread stack sizes (-Xss)
#   Set larger code cache with -XX:ReservedCodeCacheSize=
# This output file may be truncated or incomplete.
#
#  Out of Memory Error (os_linux.cpp:2627), pid=16075, tid=140205217867520
#
# JRE version: Java(TM) SE Runtime Environment (8.0_91-b14) (build 1.8.0_91-b14)
# Java VM: Java HotSpot(TM) 64-Bit Server VM (25.91-b14 mixed mode linux-amd64 compressed oops)
# Failed to write core dump. Core dumps have been disabled. To enable core dumping, try "ulimit -c unlimited" before starting Java again
#

---------------  T H R E A D  ---------------

Current thread (0x00007f8424078000):  VMThread [stack: 0x00007f841224e000,0x00007f841234f000] [id=16084]

Stack: [0x00007f841224e000,0x00007f841234f000],  sp=0x00007f841234d020,  free space=1020k
Native frames: (J=compiled Java code, j=interpreted, Vv=VM code, C=native code)
V  [libjvm.so+0xabc18a]  VMError::report_and_die()+0x2ba
V  [libjvm.so+0x4fafeb]  report_vm_out_of_memory(char const*, int, unsigned long, VMErrorType, char const*)+0x8b
V  [libjvm.so+0x91cbb3]  os::Linux::commit_memory_impl(char*, unsigned long, bool)+0x103
V  [libjvm.so+0x91d109]  os::pd_commit_memory(char*, unsigned long, unsigned long, bool)+0x29
V  [libjvm.so+0x91740a]  os::commit_memory(char*, unsigned long, unsigned long, bool)+0x2a
V  [libjvm.so+0x98b033]  PSVirtualSpace::expand_by(unsigned long)+0x53
V  [libjvm.so+0x97b920]  PSOldGen::expand(unsigned long)+0x170
V  [libjvm.so+0x97bb2b]  PSOldGen::resize(unsigned long)+0x1cb
V  [libjvm.so+0x983801]  PSParallelCompact::invoke_no_policy(bool)+0x991
V  [libjvm.so+0x98915d]  PSScavenge::invoke()+0x1ad
V  [libjvm.so+0x9408b0]  ParallelScavengeHeap::failed_mem_allocate(unsigned long)+0x70
V  [libjvm.so+0xabdba7]  VM_ParallelGCFailedAllocation::doit()+0x97
V  [libjvm.so+0xac55d5]  VM_Operation::evaluate()+0x55
V  [libjvm.so+0xac39aa]  VMThread::evaluate_operation(VM_Operation*)+0xba
V  [libjvm.so+0xac3d2e]  VMThread::loop()+0x1ce
V  [libjvm.so+0xac41a0]  VMThread::run()+0x70
V  [libjvm.so+0x91ef78]  java_start(Thread*)+0x108

VM_Operation (0x00007f842c9f7f20): ParallelGCFailedAllocation, mode: safepoint, requested by thread 0x00007f842400a000


---------------  P R O C E S S  ---------------

Java Threads: ( => current thread )
  0x00007f842412c000 JavaThread "pool-1-thread-4" [_thread_blocked, id=16099, stack(0x00007f8411259000,0x00007f841135a000)]
  0x00007f8424128000 JavaThread "pool-1-thread-3" [_thread_blocked, id=16098, stack(0x00007f841135a000,0x00007f841145b000)]
  0x00007f8424125800 JavaThread "pool-1-thread-2" [_thread_blocked, id=16097, stack(0x00007f841145b000,0x00007f841155c000)]
  0x00007f8424121000 JavaThread "pool-2-thread-1" [_thread_blocked, id=16096, stack(0x00007f841155c000,0x00007f841165d000)]
  0x00007f842411f000 JavaThread "pool-1-thread-1" [_thread_blocked, id=16095, stack(0x00007f841165d000,0x00007f841175e000)]
  0x00007f84240c1000 JavaThread "Service Thread" daemon [_thread_blocked, id=16092, stack(0x00007f841186e000,0x00007f841196f000)]
  0x00007f84240be000 JavaThread "C1 CompilerThread2" daemon [_thread_blocked, id=16091, stack(0x00007f841196f000,0x00007f8411a70000)]
  0x00007f84240bc800 JavaThread "C2 CompilerThread1" daemon [_thread_blocked, id=16089, stack(0x00007f8411a70000,0x00007f8411b71000)]
  0x00007f84240b9800 JavaThread "C2 CompilerThread0" daemon [_thread_blocked, id=16088, stack(0x00007f8411b71000,0x00007f8411c72000)]
  0x00007f84240b8000 JavaThread "Signal Dispatcher" daemon [_thread_blocked, id=16087, stack(0x00007f8411c72000,0x00007f8411d73000)]
  0x00007f8424084000 JavaThread "Finalizer" daemon [_thread_blocked, id=16086, stack(0x00007f841204c000,0x00007f841214d000)]
  0x00007f842407f800 JavaThread "Reference Handler" daemon [_thread_blocked, id=16085, stack(0x00007f841214d000,0x00007f841224e000)]
  0x00007f842400a000 JavaThread "main" [_thread_blocked, id=16077, stack(0x00007f842c8fa000,0x00007f842c9fb000)]

Other Threads:
=>0x00007f8424078000 VMThread [stack: 0x00007f841224e000,0x00007f841234f000] [id=16084]
  0x00007f84240c4000 WatcherThread [stack: 0x00007f841176d000,0x00007f841186e000] [id=16094]

VM state:at safepoint (normal execution)

VM Mutex/Monitor currently owned by a thread:  ([mutex/lock_event])
[0x00007f8424005de0] ExpandHeap_lock - owner thread: 0x00007f8424078000
[0x00007f8424006460] Threads_lock - owner thread: 0x00007f8424078000
[0x00007f8424006960] Heap_lock - owner thread: 0x00007f842400a000

Heap:
 PSYoungGen      total 232960K, used 31764K [0x00000000eab00000, 0x0000000100000000, 0x0000000100000000)
  eden space 116736K, 0% used [0x00000000eab00000,0x00000000eab00000,0x00000000f1d00000)
  from space 116224K, 27% used [0x00000000f1d00000,0x00000000f3c05170,0x00000000f8e80000)
  to   space 114688K, 0% used [0x00000000f9000000,0x00000000f9000000,0x0000000100000000)
 ParOldGen       total 190464K, used 190140K [0x00000000c0000000, 0x00000000cba00000, 0x00000000eab00000)
  object space 190464K, 99% used [0x00000000c0000000,0x00000000cb9af050,0x00000000cba00000)
 Metaspace       used 6176K, capacity 7216K, committed 7296K, reserved 1056768K
  class space    used 588K, capacity 616K, committed 640K, reserved 1048576K

Card table byte_map: [0x00007f84294b2000,0x00007f84296b3000] byte_map_base: 0x00007f8428eb2000

Marking Bits: (ParMarkBitMap*) 0x00007f842bdd0d60
 Begin Bits: [0x00007f8413000000, 0x00007f8414000000)
 End Bits:   [0x00007f8414000000, 0x00007f8415000000)

Polling page: 0x00007f842ca1f000

CodeCache: size=245760Kb used=9333Kb max_used=9373Kb free=236426Kb
 bounds [0x00007f8415000000, 0x00007f8415950000, 0x00007f8424000000]
 total_blobs=2340 nmethods=2078 adapters=175
 compilation: enabled

Compilation events (10 events):
Event: 25.749 Thread 0x00007f84240be000 2406       2       java.util.concurrent.locks.AbstractQueuedSynchronizer$Node::predecessor (19 bytes)
Event: 25.749 Thread 0x00007f84240be000 nmethod 2406 0x00007f841510e650 code [0x00007f841510e7c0, 0x00007f841510e9c8]
Event: 25.887 Thread 0x00007f84240be000 2407 %     3       com.android.dx.cf.iface.StdAttributeList::findNext @ 7 (85 bytes)
Event: 25.888 Thread 0x00007f84240be000 nmethod 2407% 0x00007f841510ff50 code [0x00007f8415110140, 0x00007f8415110dc8]
Event: 25.895 Thread 0x00007f84240be000 2408       3       com.android.dx.cf.iface.StdAttributeList::findNext (85 bytes)
Event: 25.896 Thread 0x00007f84240be000 nmethod 2408 0x00007f8415140fd0 code [0x00007f84151411c0, 0x00007f8415141da8]
Event: 26.047 Thread 0x00007f84240be000 2409 %     3       com.android.dx.cf.code.BasicBlocker::visitSwitch @ 27 (64 bytes)
Event: 26.049 Thread 0x00007f84240be000 nmethod 2409% 0x00007f8415925990 code [0x00007f8415925c00, 0x00007f8415926c78]
Event: 26.801 Thread 0x00007f84240b9800 nmethod 2387 0x00007f8415931310 code [0x00007f8415932d80, 0x00007f841593b040]
Event: 26.801 Thread 0x00007f84240b9800 1567       4       com.android.dx.ssa.LocalVariableExtractor::processBlock (383 bytes)

GC Heap History (10 events):
Event: 20.221 GC heap after
Heap after GC invocations=16 (full 3):
 PSYoungGen      total 251392K, used 66659K [0x00000000eab00000, 0x0000000100000000, 0x0000000100000000)
  eden space 183296K, 0% used [0x00000000eab00000,0x00000000eab00000,0x00000000f5e00000)
  from space 68096K, 97% used [0x00000000f5e00000,0x00000000f9f18d98,0x00000000fa080000)
  to   space 78336K, 0% used [0x00000000fb380000,0x00000000fb380000,0x0000000100000000)
 ParOldGen       total 190464K, used 93606K [0x00000000c0000000, 0x00000000cba00000, 0x00000000eab00000)
  object space 190464K, 49% used [0x00000000c0000000,0x00000000c5b69bc0,0x00000000cba00000)
 Metaspace       used 6160K, capacity 7216K, committed 7296K, reserved 1056768K
  class space    used 588K, capacity 616K, committed 640K, reserved 1048576K
}
Event: 22.084 GC heap before
{Heap before GC invocations=17 (full 3):
 PSYoungGen      total 251392K, used 249955K [0x00000000eab00000, 0x0000000100000000, 0x0000000100000000)
  eden space 183296K, 100% used [0x00000000eab00000,0x00000000f5e00000,0x00000000f5e00000)
  from space 68096K, 97% used [0x00000000f5e00000,0x00000000f9f18d98,0x00000000fa080000)
  to   space 78336K, 0% used [0x00000000fb380000,0x00000000fb380000,0x0000000100000000)
 ParOldGen       total 190464K, used 93606K [0x00000000c0000000, 0x00000000cba00000, 0x00000000eab00000)
  object space 190464K, 49% used [0x00000000c0000000,0x00000000c5b69bc0,0x00000000cba00000)
 Metaspace       used 6169K, capacity 7216K, committed 7296K, reserved 1056768K
  class space    used 588K, capacity 616K, committed 640K, reserved 1048576K
Event: 22.593 GC heap after
Heap after GC invocations=17 (full 3):
 PSYoungGen      total 236032K, used 78330K [0x00000000eab00000, 0x0000000100000000, 0x0000000100000000)
  eden space 157696K, 0% used [0x00000000eab00000,0x00000000eab00000,0x00000000f4500000)
  from space 78336K, 99% used [0x00000000fb380000,0x00000000ffffeb10,0x0000000100000000)
  to   space 95744K, 0% used [0x00000000f4500000,0x00000000f4500000,0x00000000fa280000)
 ParOldGen       total 190464K, used 106702K [0x00000000c0000000, 0x00000000cba00000, 0x00000000eab00000)
  object space 190464K, 56% used [0x00000000c0000000,0x00000000c6833840,0x00000000cba00000)
 Metaspace       used 6169K, capacity 7216K, committed 7296K, reserved 1056768K
  class space    used 588K, capacity 616K, committed 640K, reserved 1048576K
}
Event: 23.844 GC heap before
{Heap before GC invocations=18 (full 3):
 PSYoungGen      total 236032K, used 236026K [0x00000000eab00000, 0x0000000100000000, 0x0000000100000000)
  eden space 157696K, 100% used [0x00000000eab00000,0x00000000f4500000,0x00000000f4500000)
  from space 78336K, 99% used [0x00000000fb380000,0x00000000ffffeb10,0x0000000100000000)
  to   space 95744K, 0% used [0x00000000f4500000,0x00000000f4500000,0x00000000fa280000)
 ParOldGen       total 190464K, used 106702K [0x00000000c0000000, 0x00000000cba00000, 0x00000000eab00000)
  object space 190464K, 56% used [0x00000000c0000000,0x00000000c6833840,0x00000000cba00000)
 Metaspace       used 6174K, capacity 7216K, committed 7296K, reserved 1056768K
  class space    used 588K, capacity 616K, committed 640K, reserved 1048576K
Event: 24.237 GC heap after
Heap after GC invocations=18 (full 3):
 PSYoungGen      total 253440K, used 95715K [0x00000000eab00000, 0x0000000100000000, 0x0000000100000000)
  eden space 157696K, 0% used [0x00000000eab00000,0x00000000eab00000,0x00000000f4500000)
  from space 95744K, 99% used [0x00000000f4500000,0x00000000fa278c78,0x00000000fa280000)
  to   space 95744K, 0% used [0x00000000fa280000,0x00000000fa280000,0x0000000100000000)
 ParOldGen       total 190464K, used 114452K [0x00000000c0000000, 0x00000000cba00000, 0x00000000eab00000)
  object space 190464K, 60% used [0x00000000c0000000,0x00000000c6fc51b0,0x00000000cba00000)
 Metaspace       used 6174K, capacity 7216K, committed 7296K, reserved 1056768K
  class space    used 588K, capacity 616K, committed 640K, reserved 1048576K
}
Event: 25.352 GC heap before
{Heap before GC invocations=19 (full 3):
 PSYoungGen      total 253440K, used 253411K [0x00000000eab00000, 0x0000000100000000, 0x0000000100000000)
  eden space 157696K, 100% used [0x00000000eab00000,0x00000000f4500000,0x00000000f4500000)
  from space 95744K, 99% used [0x00000000f4500000,0x00000000fa278c78,0x00000000fa280000)
  to   space 95744K, 0% used [0x00000000fa280000,0x00000000fa280000,0x0000000100000000)
 ParOldGen       total 190464K, used 114452K [0x00000000c0000000, 0x00000000cba00000, 0x00000000eab00000)
  object space 190464K, 60% used [0x00000000c0000000,0x00000000c6fc51b0,0x00000000cba00000)
 Metaspace       used 6176K, capacity 7216K, committed 7296K, reserved 1056768K
  class space    used 588K, capacity 616K, committed 640K, reserved 1048576K
Event: 25.734 GC heap after
Heap after GC invocations=19 (full 3):
 PSYoungGen      total 212480K, used 78535K [0x00000000eab00000, 0x0000000100000000, 0x0000000100000000)
  eden space 116736K, 0% used [0x00000000eab00000,0x00000000eab00000,0x00000000f1d00000)
  from space 95744K, 82% used [0x00000000fa280000,0x00000000fef31e10,0x0000000100000000)
  to   space 116224K, 0% used [0x00000000f1d00000,0x00000000f1d00000,0x00000000f8e80000)
 ParOldGen       total 190464K, used 146507K [0x00000000c0000000, 0x00000000cba00000, 0x00000000eab00000)
  object space 190464K, 76% used [0x00000000c0000000,0x00000000c8f12ed0,0x00000000cba00000)
 Metaspace       used 6176K, capacity 7216K, committed 7296K, reserved 1056768K
  class space    used 588K, capacity 616K, committed 640K, reserved 1048576K
}
Event: 26.837 GC heap before
{Heap before GC invocations=20 (full 3):
 PSYoungGen      total 212480K, used 195271K [0x00000000eab00000, 0x0000000100000000, 0x0000000100000000)
  eden space 116736K, 100% used [0x00000000eab00000,0x00000000f1d00000,0x00000000f1d00000)
  from space 95744K, 82% used [0x00000000fa280000,0x00000000fef31e10,0x0000000100000000)
  to   space 116224K, 0% used [0x00000000f1d00000,0x00000000f1d00000,0x00000000f8e80000)
 ParOldGen       total 190464K, used 146507K [0x00000000c0000000, 0x00000000cba00000, 0x00000000eab00000)
  object space 190464K, 76% used [0x00000000c0000000,0x00000000c8f12ed0,0x00000000cba00000)
 Metaspace       used 6176K, capacity 7216K, committed 7296K, reserved 1056768K
  class space    used 588K, capacity 616K, committed 640K, reserved 1048576K
Event: 27.096 GC heap after
Heap after GC invocations=20 (full 3):
 PSYoungGen      total 232960K, used 52995K [0x00000000eab00000, 0x0000000100000000, 0x0000000100000000)
  eden space 116736K, 0% used [0x00000000eab00000,0x00000000eab00000,0x00000000f1d00000)
  from space 116224K, 45% used [0x00000000f1d00000,0x00000000f50c0f88,0x00000000f8e80000)
  to   space 114688K, 0% used [0x00000000f9000000,0x00000000f9000000,0x0000000100000000)
 ParOldGen       total 190464K, used 185006K [0x00000000c0000000, 0x00000000cba00000, 0x00000000eab00000)
  object space 190464K, 97% used [0x00000000c0000000,0x00000000cb4ab808,0x00000000cba00000)
 Metaspace       used 6176K, capacity 7216K, committed 7296K, reserved 1056768K
  class space    used 588K, capacity 616K, committed 640K, reserved 1048576K
}
Event: 27.096 GC heap before
{Heap before GC invocations=21 (full 4):
 PSYoungGen      total 232960K, used 52995K [0x00000000eab00000, 0x0000000100000000, 0x0000000100000000)
  eden space 116736K, 0% used [0x00000000eab00000,0x00000000eab00000,0x00000000f1d00000)
  from space 116224K, 45% used [0x00000000f1d00000,0x00000000f50c0f88,0x00000000f8e80000)
  to   space 114688K, 0% used [0x00000000f9000000,0x00000000f9000000,0x0000000100000000)
 ParOldGen       total 190464K, used 185006K [0x00000000c0000000, 0x00000000cba00000, 0x00000000eab00000)
  object space 190464K, 97% used [0x00000000c0000000,0x00000000cb4ab808,0x00000000cba00000)
 Metaspace       used 6176K, capacity 7216K, committed 7296K, reserved 1056768K
  class space    used 588K, capacity 616K, committed 640K, reserved 1048576K

Deoptimization events (10 events):
Event: 11.819 Thread 0x00007f842400a000 Uncommon trap: reason=unstable_if action=reinterpret pc=0x00007f84154407bc method=java.util.HashMap.putVal(ILjava/lang/Object;Ljava/lang/Object;ZZ)Ljava/lang/Object; @ 94
Event: 12.062 Thread 0x00007f8424125800 Uncommon trap: reason=unstable_if action=reinterpret pc=0x00007f84152ecc84 method=java.util.HashMap.putVal(ILjava/lang/Object;Ljava/lang/Object;ZZ)Ljava/lang/Object; @ 162
Event: 12.096 Thread 0x00007f8424125800 Uncommon trap: reason=unstable_if action=reinterpret pc=0x00007f8415398128 method=java.util.HashMap.getNode(ILjava/lang/Object;)Ljava/util/HashMap$Node; @ 84
Event: 15.647 Thread 0x00007f842411f000 Uncommon trap: reason=unstable_if action=reinterpret pc=0x00007f84152ab944 method=com.android.dx.rop.code.RegisterSpec.equals(ILcom/android/dx/rop/type/TypeBearer;Lcom/android/dx/rop/code/LocalItem;)Z @ 16
Event: 17.159 Thread 0x00007f842411f000 Uncommon trap: reason=unstable_if action=reinterpret pc=0x00007f8415792bd0 method=com.android.dx.ssa.SCCP.simulateBranch(Lcom/android/dx/ssa/SsaInsn;)V @ 548
Event: 17.320 Thread 0x00007f8424128000 Uncommon trap: reason=bimorphic action=maybe_recompile pc=0x00007f84157a636c method=com.android.dx.cf.code.BytecodeArray.parseInstruction(ILcom/android/dx/cf/code/BytecodeArray$Visitor;)I @ 1327
Event: 17.320 Thread 0x00007f8424128000 Uncommon trap: reason=bimorphic action=maybe_recompile pc=0x00007f84157a636c method=com.android.dx.cf.code.BytecodeArray.parseInstruction(ILcom/android/dx/cf/code/BytecodeArray$Visitor;)I @ 1327
Event: 23.727 Thread 0x00007f842400a000 Uncommon trap: reason=bimorphic action=maybe_recompile pc=0x00007f84158a68ac method=com.android.dx.cf.code.BytecodeArray.parseInstruction(ILcom/android/dx/cf/code/BytecodeArray$Visitor;)I @ 1477
Event: 23.728 Thread 0x00007f842400a000 Uncommon trap: reason=bimorphic action=maybe_recompile pc=0x00007f84158a68ac method=com.android.dx.cf.code.BytecodeArray.parseInstruction(ILcom/android/dx/cf/code/BytecodeArray$Visitor;)I @ 1477
Event: 25.059 Thread 0x00007f842412c000 Uncommon trap: reason=unstable_if action=reinterpret pc=0x00007f841584d4e8 method=com.android.dx.rop.code.RegisterSpec.intersect(Lcom/android/dx/rop/code/RegisterSpec;Z)Lcom/android/dx/rop/code/RegisterSpec; @ 8

Internal exceptions (5 events):
Event: 0.112 Thread 0x00007f842400a000 Exception <a 'java/lang/NoSuchMethodError': Method sun.misc.Unsafe.defineClass(Ljava/lang/String;[BII)Ljava/lang/Class; name or signature does not match> (0x00000000eab07cc0) thrown at [/HUDSON/workspace/8-2-build-linux-amd64/jdk8u91/6644/hotspot/src/shar
Event: 0.112 Thread 0x00007f842400a000 Exception <a 'java/lang/NoSuchMethodError': Method sun.misc.Unsafe.prefetchRead(Ljava/lang/Object;J)V name or signature does not match> (0x00000000eab07fa8) thrown at [/HUDSON/workspace/8-2-build-linux-amd64/jdk8u91/6644/hotspot/src/share/vm/prims/jni.cpp
Event: 12.093 Thread 0x00007f8424125800 Exception <a 'java/lang/ArrayIndexOutOfBoundsException': 18> (0x00000000ee19b630) thrown at [/HUDSON/workspace/8-2-build-linux-amd64/jdk8u91/6644/hotspot/src/share/vm/interpreter/interpreterRuntime.cpp, line 366]
Event: 12.093 Thread 0x00007f8424125800 Exception <a 'java/lang/ArrayIndexOutOfBoundsException': 145> (0x00000000ee19d1b0) thrown at [/HUDSON/workspace/8-2-build-linux-amd64/jdk8u91/6644/hotspot/src/share/vm/interpreter/interpreterRuntime.cpp, line 366]
Event: 12.096 Thread 0x00007f8424125800 Exception <a 'java/lang/ArrayIndexOutOfBoundsException'> (0x00000000ee19e498) thrown at [/HUDSON/workspace/8-2-build-linux-amd64/jdk8u91/6644/hotspot/src/share/vm/runtime/sharedRuntime.cpp, line 605]

Events (10 events):
Event: 26.560 Thread 0x00007f842400a000 DEOPT UNPACKING pc=0x00007f8415047633 sp=0x00007f842c9f7cb8 mode 0
Event: 26.560 Thread 0x00007f842400a000 DEOPT PACKING pc=0x00007f841558eb51 sp=0x00007f842c9f7f00
Event: 26.560 Thread 0x00007f842400a000 DEOPT UNPACKING pc=0x00007f8415047633 sp=0x00007f842c9f7cb8 mode 0
Event: 26.561 Thread 0x00007f842400a000 DEOPT PACKING pc=0x00007f841558eb51 sp=0x00007f842c9f7f00
Event: 26.561 Thread 0x00007f842400a000 DEOPT UNPACKING pc=0x00007f8415047633 sp=0x00007f842c9f7cb8 mode 0
Event: 26.561 Thread 0x00007f842400a000 DEOPT PACKING pc=0x00007f841558eb51 sp=0x00007f842c9f7f00
Event: 26.561 Thread 0x00007f842400a000 DEOPT UNPACKING pc=0x00007f8415047633 sp=0x00007f842c9f7cb8 mode 0
Event: 26.814 Thread 0x00007f842400a000 DEOPT PACKING pc=0x00007f84155d29d2 sp=0x00007f842c9f8240
Event: 26.814 Thread 0x00007f842400a000 DEOPT UNPACKING pc=0x00007f8415047633 sp=0x00007f842c9f7fc0 mode 0
Event: 26.837 Executing VM operation: ParallelGCFailedAllocation


Dynamic libraries:
00400000-00401000 r-xp 00000000 08:06 266116                             /home/mohamed/jdk1.8.0_91/bin/java
00600000-00601000 rw-p 00000000 08:06 266116                             /home/mohamed/jdk1.8.0_91/bin/java
01b76000-01b97000 rw-p 00000000 00:00 0                                  [heap]
c0000000-cba00000 rw-p 00000000 00:00 0 
d3b80000-eab00000 ---p 00000000 00:00 0 
eab00000-100000000 rw-p 00000000 00:00 0 
100000000-1000a0000 rw-p 00000000 00:00 0 
1000a0000-140000000 ---p 00000000 00:00 0 
7f83c4000000-7f83c4021000 rw-p 00000000 00:00 0 
7f83c4021000-7f83c8000000 ---p 00000000 00:00 0 
7f83cc000000-7f83cc021000 rw-p 00000000 00:00 0 
7f83cc021000-7f83d0000000 ---p 00000000 00:00 0 
7f83d0000000-7f83d0021000 rw-p 00000000 00:00 0 
7f83d0021000-7f83d4000000 ---p 00000000 00:00 0 
7f83d4000000-7f83d404b000 rw-p 00000000 00:00 0 
7f83d404b000-7f83d8000000 ---p 00000000 00:00 0 
7f83d8000000-7f83d8021000 rw-p 00000000 00:00 0 
7f83d8021000-7f83dc000000 ---p 00000000 00:00 0 
7f83dc000000-7f83dc021000 rw-p 00000000 00:00 0 
7f83dc021000-7f83e0000000 ---p 00000000 00:00 0 
7f83e0000000-7f83e0021000 rw-p 00000000 00:00 0 
7f83e0021000-7f83e4000000 ---p 00000000 00:00 0 
7f83e4000000-7f83e559d000 rw-p 00000000 00:00 0 
7f83e559d000-7f83e8000000 ---p 00000000 00:00 0 
7f83e8000000-7f83e8b1e000 rw-p 00000000 00:00 0 
7f83e8b1e000-7f83ec000000 ---p 00000000 00:00 0 
7f83ec000000-7f83ec021000 rw-p 00000000 00:00 0 
7f83ec021000-7f83f0000000 ---p 00000000 00:00 0 
7f83f0000000-7f83f1070000 rw-p 00000000 00:00 0 
7f83f1070000-7f83f4000000 ---p 00000000 00:00 0 
7f83f4000000-7f83f4021000 rw-p 00000000 00:00 0 
7f83f4021000-7f83f8000000 ---p 00000000 00:00 0 
7f83f8000000-7f83f8021000 rw-p 00000000 00:00 0 
7f83f8021000-7f83fc000000 ---p 00000000 00:00 0 
7f83fc000000-7f83fc021000 rw-p 00000000 00:00 0 
7f83fc021000-7f8400000000 ---p 00000000 00:00 0 
7f8400000000-7f840028f000 rw-p 00000000 00:00 0 
7f840028f000-7f8404000000 ---p 00000000 00:00 0 
7f8404000000-7f8404021000 rw-p 00000000 00:00 0 
7f8404021000-7f8408000000 ---p 00000000 00:00 0 
7f8408000000-7f8408021000 rw-p 00000000 00:00 0 
7f8408021000-7f840c000000 ---p 00000000 00:00 0 
7f840c000000-7f840c021000 rw-p 00000000 00:00 0 
7f840c021000-7f8410000000 ---p 00000000 00:00 0 
7f8411259000-7f841125c000 ---p 00000000 00:00 0 
7f841125c000-7f841135a000 rw-p 00000000 00:00 0 
7f841135a000-7f841135d000 ---p 00000000 00:00 0 
7f841135d000-7f841145b000 rw-p 00000000 00:00 0 
7f841145b000-7f841145e000 ---p 00000000 00:00 0 
7f841145e000-7f841155c000 rw-p 00000000 00:00 0 
7f841155c000-7f841155f000 ---p 00000000 00:00 0 
7f841155f000-7f841165d000 rw-p 00000000 00:00 0 
7f841165d000-7f8411660000 ---p 00000000 00:00 0 
7f8411660000-7f841175e000 rw-p 00000000 00:00 0 
7f841175e000-7f841176d000 r--s 000df000 08:06 6165411                    /home/mohamed/Android/Sdk/build-tools/23.0.1/lib/dx.jar
7f841176d000-7f841176e000 ---p 00000000 00:00 0 
7f841176e000-7f841186e000 rw-p 00000000 00:00 0 
7f841186e000-7f8411871000 ---p 00000000 00:00 0 
7f8411871000-7f841196f000 rw-p 00000000 00:00 0 
7f841196f000-7f8411972000 ---p 00000000 00:00 0 
7f8411972000-7f8411a70000 rw-p 00000000 00:00 0 
7f8411a70000-7f8411a73000 ---p 00000000 00:00 0 
7f8411a73000-7f8411b71000 rw-p 00000000 00:00 0 
7f8411b71000-7f8411b74000 ---p 00000000 00:00 0 
7f8411b74000-7f8411c72000 rw-p 00000000 00:00 0 
7f8411c72000-7f8411c75000 ---p 00000000 00:00 0 
7f8411c75000-7f8411d73000 rw-p 00000000 00:00 0 
7f8411d73000-7f841204c000 r--p 00000000 08:06 526509                     /usr/lib/locale/locale-archive
7f841204c000-7f841204f000 ---p 00000000 00:00 0 
7f841204f000-7f841214d000 rw-p 00000000 00:00 0 
7f841214d000-7f8412150000 ---p 00000000 00:00 0 
7f8412150000-7f841224e000 rw-p 00000000 00:00 0 
7f841224e000-7f841224f000 ---p 00000000 00:00 0 
7f841224f000-7f8415000000 rw-p 00000000 00:00 0 
7f8415000000-7f8415950000 rwxp 00000000 00:00 0 
7f8415950000-7f8424000000 ---p 00000000 00:00 0 
7f8424000000-7f842438d000 rw-p 00000000 00:00 0 
7f842438d000-7f8428000000 ---p 00000000 00:00 0 
7f8428006000-7f8428309000 rw-p 00000000 00:00 0 
7f8428309000-7f84284e2000 r--s 03d1f000 08:06 922159                     /home/mohamed/jdk1.8.0_91/jre/lib/rt.jar
7f84284e2000-7f8428bd8000 rw-p 00000000 00:00 0 
7f8428bd8000-7f8428d58000 ---p 00000000 00:00 0 
7f8428d58000-7f8428f58000 rw-p 00000000 00:00 0 
7f8428f58000-7f8428f59000 ---p 00000000 00:00 0 
7f8428f59000-7f8429059000 rw-p 00000000 00:00 0 
7f8429059000-7f842905a000 ---p 00000000 00:00 0 
7f842905a000-7f842915a000 rw-p 00000000 00:00 0 
7f842915a000-7f842915b000 ---p 00000000 00:00 0 
7f842915b000-7f842925b000 rw-p 00000000 00:00 0 
7f842925b000-7f842925c000 ---p 00000000 00:00 0 
7f842925c000-7f84293b9000 rw-p 00000000 00:00 0 
7f84293b9000-7f84294b2000 ---p 00000000 00:00 0 
7f84294b2000-7f842950f000 rw-p 00000000 00:00 0 
7f842950f000-7f8429607000 ---p 00000000 00:00 0 
7f8429607000-7f84296b2000 rw-p 00000000 00:00 0 
7f84296b2000-7f84296d9000 rw-p 00000000 00:00 0 
7f84296d9000-7f8429a73000 ---p 00000000 00:00 0 
7f8429a73000-7f8429a8d000 r-xp 00000000 08:06 922210                     /home/mohamed/jdk1.8.0_91/jre/lib/amd64/libzip.so
7f8429a8d000-7f8429c8d000 ---p 0001a000 08:06 922210                     /home/mohamed/jdk1.8.0_91/jre/lib/amd64/libzip.so
7f8429c8d000-7f8429c8e000 rw-p 0001a000 08:06 922210                     /home/mohamed/jdk1.8.0_91/jre/lib/amd64/libzip.so
7f8429c8e000-7f8429c99000 r-xp 00000000 08:06 278669                     /lib/x86_64-linux-gnu/libnss_files-2.23.so
7f8429c99000-7f8429e98000 ---p 0000b000 08:06 278669                     /lib/x86_64-linux-gnu/libnss_files-2.23.so
7f8429e98000-7f8429e99000 r--p 0000a000 08:06 278669                     /lib/x86_64-linux-gnu/libnss_files-2.23.so
7f8429e99000-7f8429e9a000 rw-p 0000b000 08:06 278669                     /lib/x86_64-linux-gnu/libnss_files-2.23.so
7f8429e9a000-7f8429ea0000 rw-p 00000000 00:00 0 
7f8429ea0000-7f8429eab000 r-xp 00000000 08:06 278666                     /lib/x86_64-linux-gnu/libnss_nis-2.23.so
7f8429eab000-7f842a0aa000 ---p 0000b000 08:06 278666                     /lib/x86_64-linux-gnu/libnss_nis-2.23.so
7f842a0aa000-7f842a0ab000 r--p 0000a000 08:06 278666                     /lib/x86_64-linux-gnu/libnss_nis-2.23.so
7f842a0ab000-7f842a0ac000 rw-p 0000b000 08:06 278666                     /lib/x86_64-linux-gnu/libnss_nis-2.23.so
7f842a0ac000-7f842a0c2000 r-xp 00000000 08:06 278664                     /lib/x86_64-linux-gnu/libnsl-2.23.so
7f842a0c2000-7f842a2c1000 ---p 00016000 08:06 278664                     /lib/x86_64-linux-gnu/libnsl-2.23.so
7f842a2c1000-7f842a2c2000 r--p 00015000 08:06 278664                     /lib/x86_64-linux-gnu/libnsl-2.23.so
7f842a2c2000-7f842a2c3000 rw-p 00016000 08:06 278664                     /lib/x86_64-linux-gnu/libnsl-2.23.so
7f842a2c3000-7f842a2c5000 rw-p 00000000 00:00 0 
7f842a2c5000-7f842a2cd000 r-xp 00000000 08:06 278662                     /lib/x86_64-linux-gnu/libnss_compat-2.23.so
7f842a2cd000-7f842a4cc000 ---p 00008000 08:06 278662                     /lib/x86_64-linux-gnu/libnss_compat-2.23.so
7f842a4cc000-7f842a4cd000 r--p 00007000 08:06 278662                     /lib/x86_64-linux-gnu/libnss_compat-2.23.so
7f842a4cd000-7f842a4ce000 rw-p 00008000 08:06 278662                     /lib/x86_64-linux-gnu/libnss_compat-2.23.so
7f842a4ce000-7f842a4f8000 r-xp 00000000 08:06 922205                     /home/mohamed/jdk1.8.0_91/jre/lib/amd64/libjava.so
7f842a4f8000-7f842a6f8000 ---p 0002a000 08:06 922205                     /home/mohamed/jdk1.8.0_91/jre/lib/amd64/libjava.so
7f842a6f8000-7f842a6fa000 rw-p 0002a000 08:06 922205                     /home/mohamed/jdk1.8.0_91/jre/lib/amd64/libjava.so
7f842a6fa000-7f842a707000 r-xp 00000000 08:06 922209                     /home/mohamed/jdk1.8.0_91/jre/lib/amd64/libverify.so
7f842a707000-7f842a907000 ---p 0000d000 08:06 922209                     /home/mohamed/jdk1.8.0_91/jre/lib/amd64/libverify.so
7f842a907000-7f842a909000 rw-p 0000d000 08:06 922209                     /home/mohamed/jdk1.8.0_91/jre/lib/amd64/libverify.so
7f842a909000-7f842a910000 r-xp 00000000 08:06 278678                     /lib/x86_64-linux-gnu/librt-2.23.so
7f842a910000-7f842ab0f000 ---p 00007000 08:06 278678                     /lib/x86_64-linux-gnu/librt-2.23.so
7f842ab0f000-7f842ab10000 r--p 00006000 08:06 278678                     /lib/x86_64-linux-gnu/librt-2.23.so
7f842ab10000-7f842ab11000 rw-p 00007000 08:06 278678                     /lib/x86_64-linux-gnu/librt-2.23.so
7f842ab11000-7f842ac19000 r-xp 00000000 08:06 278675                     /lib/x86_64-linux-gnu/libm-2.23.so
7f842ac19000-7f842ae18000 ---p 00108000 08:06 278675                     /lib/x86_64-linux-gnu/libm-2.23.so
7f842ae18000-7f842ae19000 r--p 00107000 08:06 278675                     /lib/x86_64-linux-gnu/libm-2.23.so
7f842ae19000-7f842ae1a000 rw-p 00108000 08:06 278675                     /lib/x86_64-linux-gnu/libm-2.23.so
7f842ae1a000-7f842bada000 r-xp 00000000 08:06 1184562                    /home/mohamed/jdk1.8.0_91/jre/lib/amd64/server/libjvm.so
7f842bada000-7f842bcda000 ---p 00cc0000 08:06 1184562                    /home/mohamed/jdk1.8.0_91/jre/lib/amd64/server/libjvm.so
7f842bcda000-7f842bdb2000 rw-p 00cc0000 08:06 1184562                    /home/mohamed/jdk1.8.0_91/jre/lib/amd64/server/libjvm.so
7f842bdb2000-7f842bdfd000 rw-p 00000000 00:00 0 
7f842bdfd000-7f842bfbd000 r-xp 00000000 08:06 278683                     /lib/x86_64-linux-gnu/libc-2.23.so
7f842bfbd000-7f842c1bc000 ---p 001c0000 08:06 278683                     /lib/x86_64-linux-gnu/libc-2.23.so
7f842c1bc000-7f842c1c0000 r--p 001bf000 08:06 278683                     /lib/x86_64-linux-gnu/libc-2.23.so
7f842c1c0000-7f842c1c2000 rw-p 001c3000 08:06 278683                     /lib/x86_64-linux-gnu/libc-2.23.so
7f842c1c2000-7f842c1c6000 rw-p 00000000 00:00 0 
7f842c1c6000-7f842c1c9000 r-xp 00000000 08:06 278684                     /lib/x86_64-linux-gnu/libdl-2.23.so
7f842c1c9000-7f842c3c8000 ---p 00003000 08:06 278684                     /lib/x86_64-linux-gnu/libdl-2.23.so
7f842c3c8000-7f842c3c9000 r--p 00002000 08:06 278684                     /lib/x86_64-linux-gnu/libdl-2.23.so
7f842c3c9000-7f842c3ca000 rw-p 00003000 08:06 278684                     /lib/x86_64-linux-gnu/libdl-2.23.so
7f842c3ca000-7f842c3df000 r-xp 00000000 08:06 36052                      /home/mohamed/jdk1.8.0_91/lib/amd64/jli/libjli.so
7f842c3df000-7f842c5df000 ---p 00015000 08:06 36052                      /home/mohamed/jdk1.8.0_91/lib/amd64/jli/libjli.so
7f842c5df000-7f842c5e0000 rw-p 00015000 08:06 36052                      /home/mohamed/jdk1.8.0_91/lib/amd64/jli/libjli.so
7f842c5e0000-7f842c5f8000 r-xp 00000000 08:06 278682                     /lib/x86_64-linux-gnu/libpthread-2.23.so
7f842c5f8000-7f842c7f7000 ---p 00018000 08:06 278682                     /lib/x86_64-linux-gnu/libpthread-2.23.so
7f842c7f7000-7f842c7f8000 r--p 00017000 08:06 278682                     /lib/x86_64-linux-gnu/libpthread-2.23.so
7f842c7f8000-7f842c7f9000 rw-p 00018000 08:06 278682                     /lib/x86_64-linux-gnu/libpthread-2.23.so
7f842c7f9000-7f842c7fd000 rw-p 00000000 00:00 0 
7f842c7fd000-7f842c823000 r-xp 00000000 08:06 278679                     /lib/x86_64-linux-gnu/ld-2.23.so
7f842c828000-7f842c8fa000 rw-p 00000000 00:00 0 
7f842c8fa000-7f842c8fd000 ---p 00000000 00:00 0 
7f842c8fd000-7f842c9ff000 rw-p 00000000 00:00 0 
7f842ca02000-7f842ca16000 rw-p 00000000 00:00 0 
7f842ca16000-7f842ca1e000 rw-s 00000000 08:06 1063561                    /tmp/hsperfdata_mohamed/16075
7f842ca1e000-7f842ca1f000 rw-p 00000000 00:00 0 
7f842ca1f000-7f842ca20000 ---p 00000000 00:00 0 
7f842ca20000-7f842ca22000 rw-p 00000000 00:00 0 
7f842ca22000-7f842ca23000 r--p 00025000 08:06 278679                     /lib/x86_64-linux-gnu/ld-2.23.so
7f842ca23000-7f842ca24000 rw-p 00026000 08:06 278679                     /lib/x86_64-linux-gnu/ld-2.23.so
7f842ca24000-7f842ca25000 rw-p 00000000 00:00 0 
7ffda3cc8000-7ffda3ce9000 rw-p 00000000 00:00 0                          [stack]
7ffda3d90000-7ffda3d92000 r--p 00000000 00:00 0                          [vvar]
7ffda3d92000-7ffda3d94000 r-xp 00000000 00:00 0                          [vdso]
ffffffffff600000-ffffffffff601000 r-xp 00000000 00:00 0                  [vsyscall]

VM Arguments:
jvm_args: -Djava.awt.headless=true -Xmx1024M -Dfile.encoding=UTF-8 -Duser.country=US -Duser.language=en -Duser.variant 
java_command: com.android.dx.command.Main --dex --force-jumbo --num-threads=4 --output /media/mohamed/Programs/Explore/app/build/intermediates/pre-dexed/debug/main_b96a9e6e4bba87f32530723a59caa4b0f833400a.jar /media/mohamed/Programs/Explore/app/build/intermediates/transforms/instantRun/debug/folders/1/5/main
java_class_path (initial): /home/mohamed/Android/Sdk/build-tools/23.0.1/lib/dx.jar
Launcher Type: SUN_STANDARD

Environment Variables:
JAVA_HOME=/usr/lib/jvm/java-8-oracle
PATH=/usr/local/sbin:/usr/local/bin:/usr/sbin:/usr/bin:/sbin:/bin:/usr/games:/usr/local/games:/snap/bin:/usr/lib/jvm/java-8-oracle/bin:/usr/lib/jvm/java-8-oracle/db/bin:/usr/lib/jvm/java-8-oracle/jre/bin
LD_LIBRARY_PATH=/home/mohamed/tools/android/android-studio/bin:
SHELL=/bin/bash
DISPLAY=:0

Signal Handlers:
SIGSEGV: [libjvm.so+0xabca10], sa_mask[0]=11111111011111111101111111111110, sa_flags=SA_RESTART|SA_SIGINFO
SIGBUS: [libjvm.so+0xabca10], sa_mask[0]=11111111011111111101111111111110, sa_flags=SA_RESTART|SA_SIGINFO
SIGFPE: [libjvm.so+0x919a20], sa_mask[0]=11111111011111111101111111111110, sa_flags=SA_RESTART|SA_SIGINFO
SIGPIPE: [libjvm.so+0x919a20], sa_mask[0]=11111111011111111101111111111110, sa_flags=SA_RESTART|SA_SIGINFO
SIGXFSZ: [libjvm.so+0x919a20], sa_mask[0]=11111111011111111101111111111110, sa_flags=SA_RESTART|SA_SIGINFO
SIGILL: [libjvm.so+0x919a20], sa_mask[0]=11111111011111111101111111111110, sa_flags=SA_RESTART|SA_SIGINFO
SIGUSR1: SIG_DFL, sa_mask[0]=00000000000000000000000000000000, sa_flags=none
SIGUSR2: [libjvm.so+0x91b050], sa_mask[0]=00100000000000000000000000000000, sa_flags=SA_RESTART|SA_SIGINFO
SIGHUP: [libjvm.so+0x91c450], sa_mask[0]=11111111011111111101111111111110, sa_flags=SA_RESTART|SA_SIGINFO
SIGINT: [libjvm.so+0x91c450], sa_mask[0]=11111111011111111101111111111110, sa_flags=SA_RESTART|SA_SIGINFO
SIGTERM: [libjvm.so+0x91c450], sa_mask[0]=11111111011111111101111111111110, sa_flags=SA_RESTART|SA_SIGINFO
SIGQUIT: [libjvm.so+0x91c450], sa_mask[0]=11111111011111111101111111111110, sa_flags=SA_RESTART|SA_SIGINFO


---------------  S Y S T E M  ---------------

OS:DISTRIB_ID=Ubuntu
DISTRIB_RELEASE=16.04
DISTRIB_CODENAME=xenial
DISTRIB_DESCRIPTION="Ubuntu 16.04 LTS"

uname:Linux 4.4.0-22-generic #40-Ubuntu SMP Thu May 12 22:03:46 UTC 2016 x86_64
libc:glibc 2.23 NPTL 2.23 
rlimit: STACK 8192k, CORE 0k, NPROC 15304, NOFILE 65536, AS infinity
load average:13.11 22.18 17.35

/proc/meminfo:
MemTotal:        3956776 kB
MemFree:           31632 kB
MemAvailable:     105324 kB
Buffers:            3512 kB
Cached:           323452 kB
SwapCached:            0 kB
Active:          3463228 kB
Inactive:         275964 kB
Active(anon):    3432280 kB
Inactive(anon):   248588 kB
Active(file):      30948 kB
Inactive(file):    27376 kB
Unevictable:          48 kB
Mlocked:              48 kB
SwapTotal:             0 kB
SwapFree:              0 kB
Dirty:              1796 kB
Writeback:             0 kB
AnonPages:       3412408 kB
Mapped:           113800 kB
Shmem:            268576 kB
Slab:              86996 kB
SReclaimable:      44756 kB
SUnreclaim:        42240 kB
KernelStack:       10928 kB
PageTables:        45216 kB
NFS_Unstable:          0 kB
Bounce:                0 kB
WritebackTmp:          0 kB
CommitLimit:     1978388 kB
Committed_AS:    7302996 kB
VmallocTotal:   34359738367 kB
VmallocUsed:           0 kB
VmallocChunk:          0 kB
HardwareCorrupted:     0 kB
AnonHugePages:   1415168 kB
CmaTotal:              0 kB
CmaFree:               0 kB
HugePages_Total:       0
HugePages_Free:        0
HugePages_Rsvd:        0
HugePages_Surp:        0
Hugepagesize:       2048 kB
DirectMap4k:      164216 kB
DirectMap2M:     3940352 kB
DirectMap1G:           0 kB


CPU:total 4 (2 cores per cpu, 2 threads per core) family 6 model 60 stepping 3, cmov, cx8, fxsr, mmx, sse, sse2, sse3, ssse3, sse4.1, sse4.2, popcnt, avx, avx2, aes, clmul, erms, lzcnt, ht, tsc, tscinvbit, bmi1, bmi2

/proc/cpuinfo:
processor	: 0
vendor_id	: GenuineIntel
cpu family	: 6
model		: 60
model name	: Intel(R) Core(TM) i5-4200M CPU @ 2.50GHz
stepping	: 3
microcode	: 0x16
cpu MHz		: 3000.000
cache size	: 3072 KB
physical id	: 0
siblings	: 4
core id		: 0
cpu cores	: 2
apicid		: 0
initial apicid	: 0
fpu		: yes
fpu_exception	: yes
cpuid level	: 13
wp		: yes
flags		: fpu vme de pse tsc msr pae mce cx8 apic sep mtrr pge mca cmov pat pse36 clflush dts acpi mmx fxsr sse sse2 ss ht tm pbe syscall nx pdpe1gb rdtscp lm constant_tsc arch_perfmon pebs bts rep_good nopl xtopology nonstop_tsc aperfmperf eagerfpu pni pclmulqdq dtes64 monitor ds_cpl vmx est tm2 ssse3 sdbg fma cx16 xtpr pdcm pcid sse4_1 sse4_2 movbe popcnt tsc_deadline_timer aes xsave avx f16c rdrand lahf_lm abm epb tpr_shadow vnmi flexpriority ept vpid fsgsbase tsc_adjust bmi1 avx2 smep bmi2 erms invpcid xsaveopt dtherm ida arat pln pts
bugs		:
bogomips	: 4988.42
clflush size	: 64
cache_alignment	: 64
address sizes	: 39 bits physical, 48 bits virtual
power management:

processor	: 1
vendor_id	: GenuineIntel
cpu family	: 6
model		: 60
model name	: Intel(R) Core(TM) i5-4200M CPU @ 2.50GHz
stepping	: 3
microcode	: 0x16
cpu MHz		: 2999.902
cache size	: 3072 KB
physical id	: 0
siblings	: 4
core id		: 1
cpu cores	: 2
apicid		: 2
initial apicid	: 2
fpu		: yes
fpu_exception	: yes
cpuid level	: 13
wp		: yes
flags		: fpu vme de pse tsc msr pae mce cx8 apic sep mtrr pge mca cmov pat pse36 clflush dts acpi mmx fxsr sse sse2 ss ht tm pbe syscall nx pdpe1gb rdtscp lm constant_tsc arch_perfmon pebs bts rep_good nopl xtopology nonstop_tsc aperfmperf eagerfpu pni pclmulqdq dtes64 monitor ds_cpl vmx est tm2 ssse3 sdbg fma cx16 xtpr pdcm pcid sse4_1 sse4_2 movbe popcnt tsc_deadline_timer aes xsave avx f16c rdrand lahf_lm abm epb tpr_shadow vnmi flexpriority ept vpid fsgsbase tsc_adjust bmi1 avx2 smep bmi2 erms invpcid xsaveopt dtherm ida arat pln pts
bugs		:
bogomips	: 4988.42
clflush size	: 64
cache_alignment	: 64
address sizes	: 39 bits physical, 48 bits virtual
power management:

processor	: 2
vendor_id	: GenuineIntel
cpu family	: 6
model		: 60
model name	: Intel(R) Core(TM) i5-4200M CPU @ 2.50GHz
stepping	: 3
microcode	: 0x16
cpu MHz		: 3000.000
cache size	: 3072 KB
physical id	: 0
siblings	: 4
core id		: 0
cpu cores	: 2
apicid		: 1
initial apicid	: 1
fpu		: yes
fpu_exception	: yes
cpuid level	: 13
wp		: yes
flags		: fpu vme de pse tsc msr pae mce cx8 apic sep mtrr pge mca cmov pat pse36 clflush dts acpi mmx fxsr sse sse2 ss ht tm pbe syscall nx pdpe1gb rdtscp lm constant_tsc arch_perfmon pebs bts rep_good nopl xtopology nonstop_tsc aperfmperf eagerfpu pni pclmulqdq dtes64 monitor ds_cpl vmx est tm2 ssse3 sdbg fma cx16 xtpr pdcm pcid sse4_1 sse4_2 movbe popcnt tsc_deadline_timer aes xsave avx f16c rdrand lahf_lm abm epb tpr_shadow vnmi flexpriority ept vpid fsgsbase tsc_adjust bmi1 avx2 smep bmi2 erms invpcid xsaveopt dtherm ida arat pln pts
bugs		:
bogomips	: 4988.42
clflush size	: 64
cache_alignment	: 64
address sizes	: 39 bits physical, 48 bits virtual
power management:

processor	: 3
vendor_id	: GenuineIntel
cpu family	: 6
model		: 60
model name	: Intel(R) Core(TM) i5-4200M CPU @ 2.50GHz
stepping	: 3
microcode	: 0x16
cpu MHz		: 2999.902
cache size	: 3072 KB
physical id	: 0
siblings	: 4
core id		: 1
cpu cores	: 2
apicid		: 3
initial apicid	: 3
fpu		: yes
fpu_exception	: yes
cpuid level	: 13
wp		: yes
flags		: fpu vme de pse tsc msr pae mce cx8 apic sep mtrr pge mca cmov pat pse36 clflush dts acpi mmx fxsr sse sse2 ss ht tm pbe syscall nx pdpe1gb rdtscp lm constant_tsc arch_perfmon pebs bts rep_good nopl xtopology nonstop_tsc aperfmperf eagerfpu pni pclmulqdq dtes64 monitor ds_cpl vmx est tm2 ssse3 sdbg fma cx16 xtpr pdcm pcid sse4_1 sse4_2 movbe popcnt tsc_deadline_timer aes xsave avx f16c rdrand lahf_lm abm epb tpr_shadow vnmi flexpriority ept vpid fsgsbase tsc_adjust bmi1 avx2 smep bmi2 erms invpcid xsaveopt dtherm ida arat pln pts
bugs		:
bogomips	: 4988.42
clflush size	: 64
cache_alignment	: 64
address sizes	: 39 bits physical, 48 bits virtual
power management:



Memory: 4k page, physical 3956776k(31632k free), swap 0k(0k free)

vm_info: Java HotSpot(TM) 64-Bit Server VM (25.91-b14) for linux-amd64 JRE (1.8.0_91-b14), built on Apr  1 2016 00:57:21 by "java_re" with gcc 4.3.0 20080428 (Red Hat 4.3.0-8)

time: Tue May 17 05:53:32 2016
elapsed time: 30 seconds (0d 0h 0m 30s)

