#
# There is insufficient memory for the Java Runtime Environment to continue.
# Native memory allocation (mmap) failed to map 147849216 bytes for committing reserved memory.
# Possible reasons:
#   The system is out of physical RAM or swap space
#   In 32 bit mode, the process size limit was hit
# Possible solutions:
#   Reduce memory load on the system
#   Increase physical memory or swap space
#   Check if swap backing store is full
#   Use 64 bit Java on a 64 bit OS
#   Decrease Java heap size (-Xmx/-Xms)
#   Decrease number of Java threads
#   Decrease Java thread stack sizes (-Xss)
#   Set larger code cache with -XX:ReservedCodeCacheSize=
# This output file may be truncated or incomplete.
#
#  Out of Memory Error (os_linux.cpp:2627), pid=3333, tid=140479670769408
#
# JRE version: Java(TM) SE Runtime Environment (8.0_91-b14) (build 1.8.0_91-b14)
# Java VM: Java HotSpot(TM) 64-Bit Server VM (25.91-b14 mixed mode linux-amd64 compressed oops)
# Failed to write core dump. Core dumps have been disabled. To enable core dumping, try "ulimit -c unlimited" before starting Java again
#

---------------  T H R E A D  ---------------

Current thread (0x00007fc408078000):  VMThread [stack: 0x00007fc3f8cfd000,0x00007fc3f8dfe000] [id=3364]

Stack: [0x00007fc3f8cfd000,0x00007fc3f8dfe000],  sp=0x00007fc3f8dfc2a0,  free space=1020k
Native frames: (J=compiled Java code, j=interpreted, Vv=VM code, C=native code)
V  [libjvm.so+0xabc18a]  VMError::report_and_die()+0x2ba
V  [libjvm.so+0x4fafeb]  report_vm_out_of_memory(char const*, int, unsigned long, VMErrorType, char const*)+0x8b
V  [libjvm.so+0x91cbb3]  os::Linux::commit_memory_impl(char*, unsigned long, bool)+0x103
V  [libjvm.so+0x91d109]  os::pd_commit_memory(char*, unsigned long, unsigned long, bool)+0x29
V  [libjvm.so+0x91740a]  os::commit_memory(char*, unsigned long, unsigned long, bool)+0x2a
V  [libjvm.so+0x98b033]  PSVirtualSpace::expand_by(unsigned long)+0x53
V  [libjvm.so+0x98c438]  PSYoungGen::resize_generation(unsigned long, unsigned long)+0xf8
V  [libjvm.so+0x98b592]  PSYoungGen::resize(unsigned long, unsigned long)+0x22
V  [libjvm.so+0x98886b]  PSScavenge::invoke_no_policy()+0xf3b
V  [libjvm.so+0x988ff1]  PSScavenge::invoke()+0x41
V  [libjvm.so+0x9408b0]  ParallelScavengeHeap::failed_mem_allocate(unsigned long)+0x70
V  [libjvm.so+0xabdba7]  VM_ParallelGCFailedAllocation::doit()+0x97
V  [libjvm.so+0xac55d5]  VM_Operation::evaluate()+0x55
V  [libjvm.so+0xac39aa]  VMThread::evaluate_operation(VM_Operation*)+0xba
V  [libjvm.so+0xac3d2e]  VMThread::loop()+0x1ce
V  [libjvm.so+0xac41a0]  VMThread::run()+0x70
V  [libjvm.so+0x91ef78]  java_start(Thread*)+0x108

VM_Operation (0x00007fc3f1ffda00): ParallelGCFailedAllocation, mode: safepoint, requested by thread 0x00007fc408141000


---------------  P R O C E S S  ---------------

Java Threads: ( => current thread )
  0x00007fc408144000 JavaThread "pool-1-thread-4" [_thread_blocked, id=3420, stack(0x00007fc3f1cfd000,0x00007fc3f1dfe000)]
  0x00007fc408142800 JavaThread "pool-1-thread-3" [_thread_blocked, id=3417, stack(0x00007fc3f1dfe000,0x00007fc3f1eff000)]
  0x00007fc408141000 JavaThread "pool-1-thread-2" [_thread_blocked, id=3414, stack(0x00007fc3f1eff000,0x00007fc3f2000000)]
  0x00007fc408133800 JavaThread "pool-2-thread-1" [_thread_blocked, id=3411, stack(0x00007fc3f801a000,0x00007fc3f811b000)]
  0x00007fc408131800 JavaThread "pool-1-thread-1" [_thread_blocked, id=3409, stack(0x00007fc3f811b000,0x00007fc3f821c000)]
  0x00007fc4080c1000 JavaThread "Service Thread" daemon [_thread_blocked, id=3387, stack(0x00007fc3f831d000,0x00007fc3f841e000)]
  0x00007fc4080be000 JavaThread "C1 CompilerThread2" daemon [_thread_blocked, id=3386, stack(0x00007fc3f841e000,0x00007fc3f851f000)]
  0x00007fc4080bc800 JavaThread "C2 CompilerThread1" daemon [_thread_blocked, id=3384, stack(0x00007fc3f851f000,0x00007fc3f8620000)]
  0x00007fc4080b9800 JavaThread "C2 CompilerThread0" daemon [_thread_blocked, id=3381, stack(0x00007fc3f8620000,0x00007fc3f8721000)]
  0x00007fc4080b8000 JavaThread "Signal Dispatcher" daemon [_thread_blocked, id=3378, stack(0x00007fc3f8721000,0x00007fc3f8822000)]
  0x00007fc408084000 JavaThread "Finalizer" daemon [_thread_blocked, id=3370, stack(0x00007fc3f8afb000,0x00007fc3f8bfc000)]
  0x00007fc40807f800 JavaThread "Reference Handler" daemon [_thread_blocked, id=3367, stack(0x00007fc3f8bfc000,0x00007fc3f8cfd000)]
  0x00007fc40800a000 JavaThread "main" [_thread_blocked, id=3347, stack(0x00007fc41143f000,0x00007fc411540000)]

Other Threads:
=>0x00007fc408078000 VMThread [stack: 0x00007fc3f8cfd000,0x00007fc3f8dfe000] [id=3364]
  0x00007fc4080c4000 WatcherThread [stack: 0x00007fc3f821c000,0x00007fc3f831d000] [id=3399]

VM state:at safepoint (normal execution)

VM Mutex/Monitor currently owned by a thread:  ([mutex/lock_event])
[0x00007fc4080064e0] Threads_lock - owner thread: 0x00007fc408078000
[0x00007fc4080069e0] Heap_lock - owner thread: 0x00007fc408141000

Heap:
 PSYoungGen      total 139264K, used 13818K [0x00000000eab00000, 0x00000000f4200000, 0x0000000100000000)
  eden space 125440K, 0% used [0x00000000eab00000,0x00000000eab00000,0x00000000f2580000)
  from space 13824K, 99% used [0x00000000f2580000,0x00000000f32fe988,0x00000000f3300000)
  to   space 12288K, 0% used [0x00000000f3300000,0x00000000f3300000,0x00000000f3f00000)
 ParOldGen       total 42496K, used 39988K [0x00000000c0000000, 0x00000000c2980000, 0x00000000eab00000)
  object space 42496K, 94% used [0x00000000c0000000,0x00000000c270d1c0,0x00000000c2980000)
 Metaspace       used 6261K, capacity 7156K, committed 7296K, reserved 1056768K
  class space    used 605K, capacity 620K, committed 640K, reserved 1048576K

Card table byte_map: [0x00007fc40dff7000,0x00007fc40e1f8000] byte_map_base: 0x00007fc40d9f7000

Marking Bits: (ParMarkBitMap*) 0x00007fc410915d60
 Begin Bits: [0x00007fc3f2000000, 0x00007fc3f3000000)
 End Bits:   [0x00007fc3f3000000, 0x00007fc3f4000000)

Polling page: 0x00007fc411564000

CodeCache: size=245760Kb used=7449Kb max_used=7449Kb free=238310Kb
 bounds [0x00007fc3f9000000, 0x00007fc3f9750000, 0x00007fc408000000]
 total_blobs=2174 nmethods=1905 adapters=182
 compilation: enabled

Compilation events (10 events):
Event: 22.249 Thread 0x00007fc4080be000 2225       2       java.io.FilterInputStream::read (9 bytes)
Event: 22.249 Thread 0x00007fc4080be000 nmethod 2225 0x00007fc3f9748290 code [0x00007fc3f9748400, 0x00007fc3f9748588]
Event: 22.250 Thread 0x00007fc4080be000 2224       2       java.util.concurrent.locks.AbstractQueuedSynchronizer::compareAndSetTail (13 bytes)
Event: 22.250 Thread 0x00007fc4080be000 nmethod 2224 0x00007fc3f9748650 code [0x00007fc3f97487a0, 0x00007fc3f9748930]
Event: 22.250 Thread 0x00007fc4080be000 2223       2       java.util.concurrent.locks.AbstractQueuedSynchronizer::isOnSyncQueue (33 bytes)
Event: 22.250 Thread 0x00007fc4080be000 nmethod 2223 0x00007fc3f9748990 code [0x00007fc3f9748b00, 0x00007fc3f9748d10]
Event: 22.258 Thread 0x00007fc4080be000 2227       2       java.util.concurrent.ThreadPoolExecutor::execute (132 bytes)
Event: 22.258 Thread 0x00007fc4080be000 nmethod 2227 0x00007fc3f9748e50 code [0x00007fc3f9749040, 0x00007fc3f9749488]
Event: 22.262 Thread 0x00007fc4080be000 2229 %     3       java.util.HashMap$HashIterator::nextNode @ 68 (100 bytes)
Event: 22.263 Thread 0x00007fc4080be000 nmethod 2229% 0x00007fc3f9749750 code [0x00007fc3f9749900, 0x00007fc3f9749e38]

GC Heap History (10 events):
Event: 3.128 GC heap after
Heap after GC invocations=2 (full 0):
 PSYoungGen      total 34304K, used 2550K [0x00000000eab00000, 0x00000000ecf00000, 0x0000000100000000)
  eden space 31744K, 0% used [0x00000000eab00000,0x00000000eab00000,0x00000000eca00000)
  from space 2560K, 99% used [0x00000000ecc80000,0x00000000ecefd9d0,0x00000000ecf00000)
  to   space 2560K, 0% used [0x00000000eca00000,0x00000000eca00000,0x00000000ecc80000)
 ParOldGen       total 42496K, used 4922K [0x00000000c0000000, 0x00000000c2980000, 0x00000000eab00000)
  object space 42496K, 11% used [0x00000000c0000000,0x00000000c04ce960,0x00000000c2980000)
 Metaspace       used 5685K, capacity 6768K, committed 7040K, reserved 1056768K
  class space    used 584K, capacity 616K, committed 640K, reserved 1048576K
}
Event: 4.275 GC heap before
{Heap before GC invocations=3 (full 0):
 PSYoungGen      total 34304K, used 34294K [0x00000000eab00000, 0x00000000ecf00000, 0x0000000100000000)
  eden space 31744K, 100% used [0x00000000eab00000,0x00000000eca00000,0x00000000eca00000)
  from space 2560K, 99% used [0x00000000ecc80000,0x00000000ecefd9d0,0x00000000ecf00000)
  to   space 2560K, 0% used [0x00000000eca00000,0x00000000eca00000,0x00000000ecc80000)
 ParOldGen       total 42496K, used 4922K [0x00000000c0000000, 0x00000000c2980000, 0x00000000eab00000)
  object space 42496K, 11% used [0x00000000c0000000,0x00000000c04ce960,0x00000000c2980000)
 Metaspace       used 5830K, capacity 6836K, committed 7040K, reserved 1056768K
  class space    used 604K, capacity 620K, committed 640K, reserved 1048576K
Event: 4.414 GC heap after
Heap after GC invocations=3 (full 0):
 PSYoungGen      total 34304K, used 2549K [0x00000000eab00000, 0x00000000eee00000, 0x0000000100000000)
  eden space 31744K, 0% used [0x00000000eab00000,0x00000000eab00000,0x00000000eca00000)
  from space 2560K, 99% used [0x00000000eca00000,0x00000000ecc7d7e8,0x00000000ecc80000)
  to   space 2560K, 0% used [0x00000000eeb80000,0x00000000eeb80000,0x00000000eee00000)
 ParOldGen       total 42496K, used 9394K [0x00000000c0000000, 0x00000000c2980000, 0x00000000eab00000)
  object space 42496K, 22% used [0x00000000c0000000,0x00000000c092c870,0x00000000c2980000)
 Metaspace       used 5830K, capacity 6836K, committed 7040K, reserved 1056768K
  class space    used 604K, capacity 620K, committed 640K, reserved 1048576K
}
Event: 5.322 GC heap before
{Heap before GC invocations=4 (full 0):
 PSYoungGen      total 34304K, used 34293K [0x00000000eab00000, 0x00000000eee00000, 0x0000000100000000)
  eden space 31744K, 100% used [0x00000000eab00000,0x00000000eca00000,0x00000000eca00000)
  from space 2560K, 99% used [0x00000000eca00000,0x00000000ecc7d7e8,0x00000000ecc80000)
  to   space 2560K, 0% used [0x00000000eeb80000,0x00000000eeb80000,0x00000000eee00000)
 ParOldGen       total 42496K, used 9394K [0x00000000c0000000, 0x00000000c2980000, 0x00000000eab00000)
  object space 42496K, 22% used [0x00000000c0000000,0x00000000c092c870,0x00000000c2980000)
 Metaspace       used 5895K, capacity 6900K, committed 7040K, reserved 1056768K
  class space    used 605K, capacity 620K, committed 640K, reserved 1048576K
Event: 5.413 GC heap after
Heap after GC invocations=4 (full 0):
 PSYoungGen      total 66048K, used 2556K [0x00000000eab00000, 0x00000000eee00000, 0x0000000100000000)
  eden space 63488K, 0% used [0x00000000eab00000,0x00000000eab00000,0x00000000ee900000)
  from space 2560K, 99% used [0x00000000eeb80000,0x00000000eedff3c0,0x00000000eee00000)
  to   space 2560K, 0% used [0x00000000ee900000,0x00000000ee900000,0x00000000eeb80000)
 ParOldGen       total 42496K, used 13941K [0x00000000c0000000, 0x00000000c2980000, 0x00000000eab00000)
  object space 42496K, 32% used [0x00000000c0000000,0x00000000c0d9d660,0x00000000c2980000)
 Metaspace       used 5895K, capacity 6900K, committed 7040K, reserved 1056768K
  class space    used 605K, capacity 620K, committed 640K, reserved 1048576K
}
Event: 6.743 GC heap before
{Heap before GC invocations=5 (full 0):
 PSYoungGen      total 66048K, used 66044K [0x00000000eab00000, 0x00000000eee00000, 0x0000000100000000)
  eden space 63488K, 100% used [0x00000000eab00000,0x00000000ee900000,0x00000000ee900000)
  from space 2560K, 99% used [0x00000000eeb80000,0x00000000eedff3c0,0x00000000eee00000)
  to   space 2560K, 0% used [0x00000000ee900000,0x00000000ee900000,0x00000000eeb80000)
 ParOldGen       total 42496K, used 13941K [0x00000000c0000000, 0x00000000c2980000, 0x00000000eab00000)
  object space 42496K, 32% used [0x00000000c0000000,0x00000000c0d9d660,0x00000000c2980000)
 Metaspace       used 5959K, capacity 6964K, committed 7040K, reserved 1056768K
  class space    used 605K, capacity 620K, committed 640K, reserved 1048576K
Event: 6.901 GC heap after
Heap after GC invocations=5 (full 0):
 PSYoungGen      total 66048K, used 2548K [0x00000000eab00000, 0x00000000f3f00000, 0x0000000100000000)
  eden space 63488K, 0% used [0x00000000eab00000,0x00000000eab00000,0x00000000ee900000)
  from space 2560K, 99% used [0x00000000ee900000,0x00000000eeb7d320,0x00000000eeb80000)
  to   space 12288K, 0% used [0x00000000f3300000,0x00000000f3300000,0x00000000f3f00000)
 ParOldGen       total 42496K, used 23550K [0x00000000c0000000, 0x00000000c2980000, 0x00000000eab00000)
  object space 42496K, 55% used [0x00000000c0000000,0x00000000c16ffb08,0x00000000c2980000)
 Metaspace       used 5959K, capacity 6964K, committed 7040K, reserved 1056768K
  class space    used 605K, capacity 620K, committed 640K, reserved 1048576K
}
Event: 8.128 GC heap before
{Heap before GC invocations=6 (full 0):
 PSYoungGen      total 66048K, used 66036K [0x00000000eab00000, 0x00000000f3f00000, 0x0000000100000000)
  eden space 63488K, 100% used [0x00000000eab00000,0x00000000ee900000,0x00000000ee900000)
  from space 2560K, 99% used [0x00000000ee900000,0x00000000eeb7d320,0x00000000eeb80000)
  to   space 12288K, 0% used [0x00000000f3300000,0x00000000f3300000,0x00000000f3f00000)
 ParOldGen       total 42496K, used 23550K [0x00000000c0000000, 0x00000000c2980000, 0x00000000eab00000)
  object space 42496K, 55% used [0x00000000c0000000,0x00000000c16ffb08,0x00000000c2980000)
 Metaspace       used 6049K, capacity 7028K, committed 7296K, reserved 1056768K
  class space    used 605K, capacity 620K, committed 640K, reserved 1048576K
Event: 8.287 GC heap after
Heap after GC invocations=6 (full 0):
 PSYoungGen      total 137728K, used 11797K [0x00000000eab00000, 0x00000000f4200000, 0x0000000100000000)
  eden space 125440K, 0% used [0x00000000eab00000,0x00000000eab00000,0x00000000f2580000)
  from space 12288K, 96% used [0x00000000f3300000,0x00000000f3e85540,0x00000000f3f00000)
  to   space 13824K, 0% used [0x00000000f2580000,0x00000000f2580000,0x00000000f3300000)
 ParOldGen       total 42496K, used 23550K [0x00000000c0000000, 0x00000000c2980000, 0x00000000eab00000)
  object space 42496K, 55% used [0x00000000c0000000,0x00000000c16ffb08,0x00000000c2980000)
 Metaspace       used 6049K, capacity 7028K, committed 7296K, reserved 1056768K
  class space    used 605K, capacity 620K, committed 640K, reserved 1048576K
}
Event: 22.288 GC heap before
{Heap before GC invocations=7 (full 0):
 PSYoungGen      total 137728K, used 137237K [0x00000000eab00000, 0x00000000f4200000, 0x0000000100000000)
  eden space 125440K, 100% used [0x00000000eab00000,0x00000000f2580000,0x00000000f2580000)
  from space 12288K, 96% used [0x00000000f3300000,0x00000000f3e85540,0x00000000f3f00000)
  to   space 13824K, 0% used [0x00000000f2580000,0x00000000f2580000,0x00000000f3300000)
 ParOldGen       total 42496K, used 23550K [0x00000000c0000000, 0x00000000c2980000, 0x00000000eab00000)
  object space 42496K, 55% used [0x00000000c0000000,0x00000000c16ffb08,0x00000000c2980000)
 Metaspace       used 6261K, capacity 7156K, committed 7296K, reserved 1056768K
  class space    used 605K, capacity 620K, committed 640K, reserved 1048576K

Deoptimization events (10 events):
Event: 3.018 Thread 0x00007fc408144000 Uncommon trap: reason=bimorphic action=maybe_recompile pc=0x00007fc3f92129b8 method=java.util.HashMap.getNode(ILjava/lang/Object;)Ljava/util/HashMap$Node; @ 126
Event: 3.018 Thread 0x00007fc408144000 Uncommon trap: reason=bimorphic action=maybe_recompile pc=0x00007fc3f921ced4 method=java.util.HashMap.getNode(ILjava/lang/Object;)Ljava/util/HashMap$Node; @ 126
Event: 3.317 Thread 0x00007fc408144000 Uncommon trap: reason=unstable_if action=reinterpret pc=0x00007fc3f9273930 method=java.util.HashMap.putVal(ILjava/lang/Object;Ljava/lang/Object;ZZ)Ljava/lang/Object; @ 162
Event: 3.353 Thread 0x00007fc408144000 Uncommon trap: reason=unstable_if action=reinterpret pc=0x00007fc3f92d556c method=java.util.HashMap.getNode(ILjava/lang/Object;)Ljava/util/HashMap$Node; @ 84
Event: 3.618 Thread 0x00007fc408142800 Uncommon trap: reason=unstable_if action=reinterpret pc=0x00007fc3f92916a8 method=com.android.dx.rop.code.LocalItem.hashCode()I @ 25
Event: 4.617 Thread 0x00007fc408131800 Uncommon trap: reason=unstable_if action=reinterpret pc=0x00007fc3f932f9bc method=com.android.dx.ssa.SsaMethod.updateOneDefinition(Lcom/android/dx/ssa/SsaInsn;Lcom/android/dx/rop/code/RegisterSpec;)V @ 4
Event: 5.453 Thread 0x00007fc408141000 Uncommon trap: reason=unstable_if action=reinterpret pc=0x00007fc3f93776d0 method=java.util.HashMap.putVal(ILjava/lang/Object;Ljava/lang/Object;ZZ)Ljava/lang/Object; @ 109
Event: 5.913 Thread 0x00007fc408142800 Uncommon trap: reason=unstable_if action=reinterpret pc=0x00007fc3f936bec4 method=com.android.dx.util.IntList.binarysearch(I)I @ 105
Event: 16.497 Thread 0x00007fc408142800 Uncommon trap: reason=unstable_if action=reinterpret pc=0x00007fc3f96c0530 method=com.android.dx.cf.code.ByteCatchList.listFor(I)Lcom/android/dx/cf/code/ByteCatchList; @ 19
Event: 22.259 Thread 0x00007fc408142800 Uncommon trap: reason=null_check action=make_not_entrant pc=0x00007fc3f96e8780 method=com.android.dx.ssa.SsaRenamer.getLocalForNewReg(I)Lcom/android/dx/rop/code/LocalItem; @ 19

Internal exceptions (6 events):
Event: 0.252 Thread 0x00007fc40800a000 Exception <a 'java/lang/NoSuchMethodError': Method sun.misc.Unsafe.defineClass(Ljava/lang/String;[BII)Ljava/lang/Class; name or signature does not match> (0x00000000eab07cc0) thrown at [/HUDSON/workspace/8-2-build-linux-amd64/jdk8u91/6644/hotspot/src/shar
Event: 0.252 Thread 0x00007fc40800a000 Exception <a 'java/lang/NoSuchMethodError': Method sun.misc.Unsafe.prefetchRead(Ljava/lang/Object;J)V name or signature does not match> (0x00000000eab07fa8) thrown at [/HUDSON/workspace/8-2-build-linux-amd64/jdk8u91/6644/hotspot/src/share/vm/prims/jni.cpp
Event: 3.342 Thread 0x00007fc408144000 Exception <a 'java/lang/ArrayIndexOutOfBoundsException': 18> (0x00000000eaedc4c8) thrown at [/HUDSON/workspace/8-2-build-linux-amd64/jdk8u91/6644/hotspot/src/share/vm/interpreter/interpreterRuntime.cpp, line 366]
Event: 3.342 Thread 0x00007fc408144000 Exception <a 'java/lang/ArrayIndexOutOfBoundsException': 145> (0x00000000eaede048) thrown at [/HUDSON/workspace/8-2-build-linux-amd64/jdk8u91/6644/hotspot/src/share/vm/interpreter/interpreterRuntime.cpp, line 366]
Event: 3.349 Thread 0x00007fc408144000 Exception <a 'java/lang/ArrayIndexOutOfBoundsException': 40> (0x00000000eaedf330) thrown at [/HUDSON/workspace/8-2-build-linux-amd64/jdk8u91/6644/hotspot/src/share/vm/interpreter/interpreterRuntime.cpp, line 366]
Event: 22.259 Thread 0x00007fc408142800 Implicit null exception at 0x00007fc3f96e4dd1 to 0x00007fc3f96e8739

Events (10 events):
Event: 22.252 Thread 0x00007fc408141000 DEOPT PACKING pc=0x00007fc3f92f68a7 sp=0x00007fc3f1ffdd00
Event: 22.252 Thread 0x00007fc408141000 DEOPT UNPACKING pc=0x00007fc3f9047633 sp=0x00007fc3f1ffdae8 mode 0
Event: 22.259 Thread 0x00007fc408142800 Uncommon trap: trap_request=0xfffffff4 fr.pc=0x00007fc3f96e8780
Event: 22.259 Thread 0x00007fc408142800 DEOPT PACKING pc=0x00007fc3f96e8780 sp=0x00007fc3f1efcc90
Event: 22.259 Thread 0x00007fc408142800 DEOPT UNPACKING pc=0x00007fc3f9005229 sp=0x00007fc3f1efca80 mode 2
Event: 22.264 Thread 0x00007fc408131800 DEOPT PACKING pc=0x00007fc3f922014b sp=0x00007fc3f821a130
Event: 22.264 Thread 0x00007fc408131800 DEOPT UNPACKING pc=0x00007fc3f9047633 sp=0x00007fc3f8219ea8 mode 0
Event: 22.282 Thread 0x00007fc408142800 DEOPT PACKING pc=0x00007fc3f92909e8 sp=0x00007fc3f1efc280
Event: 22.282 Thread 0x00007fc408142800 DEOPT UNPACKING pc=0x00007fc3f9047633 sp=0x00007fc3f1efbfc0 mode 0
Event: 22.288 Executing VM operation: ParallelGCFailedAllocation


Dynamic libraries:
00400000-00401000 r-xp 00000000 08:06 266116                             /home/mohamed/jdk1.8.0_91/bin/java
00600000-00601000 rw-p 00000000 08:06 266116                             /home/mohamed/jdk1.8.0_91/bin/java
023cc000-023ed000 rw-p 00000000 00:00 0                                  [heap]
c0000000-c2980000 rw-p 00000000 00:00 0 
c2980000-eab00000 ---p 00000000 00:00 0 
eab00000-f4200000 rw-p 00000000 00:00 0 
fcf00000-100000000 ---p 00000000 00:00 0 
100000000-1000a0000 rw-p 00000000 00:00 0 
1000a0000-140000000 ---p 00000000 00:00 0 
7fc3a4000000-7fc3a4021000 rw-p 00000000 00:00 0 
7fc3a4021000-7fc3a8000000 ---p 00000000 00:00 0 
7fc3ac000000-7fc3ac021000 rw-p 00000000 00:00 0 
7fc3ac021000-7fc3b0000000 ---p 00000000 00:00 0 
7fc3b0000000-7fc3b0031000 rw-p 00000000 00:00 0 
7fc3b0031000-7fc3b4000000 ---p 00000000 00:00 0 
7fc3b4000000-7fc3b4036000 rw-p 00000000 00:00 0 
7fc3b4036000-7fc3b8000000 ---p 00000000 00:00 0 
7fc3b8000000-7fc3b8021000 rw-p 00000000 00:00 0 
7fc3b8021000-7fc3bc000000 ---p 00000000 00:00 0 
7fc3bc000000-7fc3bc021000 rw-p 00000000 00:00 0 
7fc3bc021000-7fc3c0000000 ---p 00000000 00:00 0 
7fc3c0000000-7fc3c0021000 rw-p 00000000 00:00 0 
7fc3c0021000-7fc3c4000000 ---p 00000000 00:00 0 
7fc3c4000000-7fc3c48d6000 rw-p 00000000 00:00 0 
7fc3c48d6000-7fc3c8000000 ---p 00000000 00:00 0 
7fc3c8000000-7fc3c88f9000 rw-p 00000000 00:00 0 
7fc3c88f9000-7fc3cc000000 ---p 00000000 00:00 0 
7fc3cc000000-7fc3cc021000 rw-p 00000000 00:00 0 
7fc3cc021000-7fc3d0000000 ---p 00000000 00:00 0 
7fc3d0000000-7fc3d135e000 rw-p 00000000 00:00 0 
7fc3d135e000-7fc3d4000000 ---p 00000000 00:00 0 
7fc3d4000000-7fc3d4021000 rw-p 00000000 00:00 0 
7fc3d4021000-7fc3d8000000 ---p 00000000 00:00 0 
7fc3d8000000-7fc3d8021000 rw-p 00000000 00:00 0 
7fc3d8021000-7fc3dc000000 ---p 00000000 00:00 0 
7fc3dc000000-7fc3dc021000 rw-p 00000000 00:00 0 
7fc3dc021000-7fc3e0000000 ---p 00000000 00:00 0 
7fc3e4000000-7fc3e4021000 rw-p 00000000 00:00 0 
7fc3e4021000-7fc3e8000000 ---p 00000000 00:00 0 
7fc3e8000000-7fc3e828d000 rw-p 00000000 00:00 0 
7fc3e828d000-7fc3ec000000 ---p 00000000 00:00 0 
7fc3ec000000-7fc3ec021000 rw-p 00000000 00:00 0 
7fc3ec021000-7fc3f0000000 ---p 00000000 00:00 0 
7fc3f1cfd000-7fc3f1d00000 ---p 00000000 00:00 0 
7fc3f1d00000-7fc3f1dfe000 rw-p 00000000 00:00 0 
7fc3f1dfe000-7fc3f1e01000 ---p 00000000 00:00 0 
7fc3f1e01000-7fc3f1eff000 rw-p 00000000 00:00 0 
7fc3f1eff000-7fc3f1f02000 ---p 00000000 00:00 0 
7fc3f1f02000-7fc3f4000000 rw-p 00000000 00:00 0 
7fc3f4000000-7fc3f4021000 rw-p 00000000 00:00 0 
7fc3f4021000-7fc3f8000000 ---p 00000000 00:00 0 
7fc3f801a000-7fc3f801d000 ---p 00000000 00:00 0 
7fc3f801d000-7fc3f811b000 rw-p 00000000 00:00 0 
7fc3f811b000-7fc3f811e000 ---p 00000000 00:00 0 
7fc3f811e000-7fc3f821c000 rw-p 00000000 00:00 0 
7fc3f821c000-7fc3f821d000 ---p 00000000 00:00 0 
7fc3f821d000-7fc3f831d000 rw-p 00000000 00:00 0 
7fc3f831d000-7fc3f8320000 ---p 00000000 00:00 0 
7fc3f8320000-7fc3f841e000 rw-p 00000000 00:00 0 
7fc3f841e000-7fc3f8421000 ---p 00000000 00:00 0 
7fc3f8421000-7fc3f851f000 rw-p 00000000 00:00 0 
7fc3f851f000-7fc3f8522000 ---p 00000000 00:00 0 
7fc3f8522000-7fc3f8620000 rw-p 00000000 00:00 0 
7fc3f8620000-7fc3f8623000 ---p 00000000 00:00 0 
7fc3f8623000-7fc3f8721000 rw-p 00000000 00:00 0 
7fc3f8721000-7fc3f8724000 ---p 00000000 00:00 0 
7fc3f8724000-7fc3f8822000 rw-p 00000000 00:00 0 
7fc3f8822000-7fc3f8afb000 r--p 00000000 08:06 526509                     /usr/lib/locale/locale-archive
7fc3f8afb000-7fc3f8afe000 ---p 00000000 00:00 0 
7fc3f8afe000-7fc3f8bfc000 rw-p 00000000 00:00 0 
7fc3f8bfc000-7fc3f8bff000 ---p 00000000 00:00 0 
7fc3f8bff000-7fc3f8cfd000 rw-p 00000000 00:00 0 
7fc3f8cfd000-7fc3f8cfe000 ---p 00000000 00:00 0 
7fc3f8cfe000-7fc3f9000000 rw-p 00000000 00:00 0 
7fc3f9000000-7fc3f9750000 rwxp 00000000 00:00 0 
7fc3f9750000-7fc408000000 ---p 00000000 00:00 0 
7fc408000000-7fc40838d000 rw-p 00000000 00:00 0 
7fc40838d000-7fc40c000000 ---p 00000000 00:00 0 
7fc40c078000-7fc40c08d000 r--s 000d6000 08:02 131780                     /media/mohamed/Programs/Explore/app/build/intermediates/exploded-aar/com.android.support/support-v4/23.0.1/jars/classes.jar
7fc40c08d000-7fc40c09c000 r--s 000df000 08:06 6165411                    /home/mohamed/Android/Sdk/build-tools/23.0.1/lib/dx.jar
7fc40c09c000-7fc40ce4e000 rw-p 00000000 00:00 0 
7fc40ce4e000-7fc40d027000 r--s 03d1f000 08:06 922159                     /home/mohamed/jdk1.8.0_91/jre/lib/rt.jar
7fc40d027000-7fc40d71d000 rw-p 00000000 00:00 0 
7fc40d71d000-7fc40d89d000 ---p 00000000 00:00 0 
7fc40d89d000-7fc40da9d000 rw-p 00000000 00:00 0 
7fc40da9d000-7fc40da9e000 ---p 00000000 00:00 0 
7fc40da9e000-7fc40db9e000 rw-p 00000000 00:00 0 
7fc40db9e000-7fc40db9f000 ---p 00000000 00:00 0 
7fc40db9f000-7fc40dc9f000 rw-p 00000000 00:00 0 
7fc40dc9f000-7fc40dca0000 ---p 00000000 00:00 0 
7fc40dca0000-7fc40dda0000 rw-p 00000000 00:00 0 
7fc40dda0000-7fc40dda1000 ---p 00000000 00:00 0 
7fc40dda1000-7fc40deb6000 rw-p 00000000 00:00 0 
7fc40deb6000-7fc40dff7000 ---p 00000000 00:00 0 
7fc40dff7000-7fc40e00c000 rw-p 00000000 00:00 0 
7fc40e00c000-7fc40e14c000 ---p 00000000 00:00 0 
7fc40e14c000-7fc40e198000 rw-p 00000000 00:00 0 
7fc40e198000-7fc40e1f7000 ---p 00000000 00:00 0 
7fc40e1f7000-7fc40e216000 rw-p 00000000 00:00 0 
7fc40e216000-7fc40e5b8000 ---p 00000000 00:00 0 
7fc40e5b8000-7fc40e5d2000 r-xp 00000000 08:06 922210                     /home/mohamed/jdk1.8.0_91/jre/lib/amd64/libzip.so
7fc40e5d2000-7fc40e7d2000 ---p 0001a000 08:06 922210                     /home/mohamed/jdk1.8.0_91/jre/lib/amd64/libzip.so
7fc40e7d2000-7fc40e7d3000 rw-p 0001a000 08:06 922210                     /home/mohamed/jdk1.8.0_91/jre/lib/amd64/libzip.so
7fc40e7d3000-7fc40e7de000 r-xp 00000000 08:06 278669                     /lib/x86_64-linux-gnu/libnss_files-2.23.so
7fc40e7de000-7fc40e9dd000 ---p 0000b000 08:06 278669                     /lib/x86_64-linux-gnu/libnss_files-2.23.so
7fc40e9dd000-7fc40e9de000 r--p 0000a000 08:06 278669                     /lib/x86_64-linux-gnu/libnss_files-2.23.so
7fc40e9de000-7fc40e9df000 rw-p 0000b000 08:06 278669                     /lib/x86_64-linux-gnu/libnss_files-2.23.so
7fc40e9df000-7fc40e9e5000 rw-p 00000000 00:00 0 
7fc40e9e5000-7fc40e9f0000 r-xp 00000000 08:06 278666                     /lib/x86_64-linux-gnu/libnss_nis-2.23.so
7fc40e9f0000-7fc40ebef000 ---p 0000b000 08:06 278666                     /lib/x86_64-linux-gnu/libnss_nis-2.23.so
7fc40ebef000-7fc40ebf0000 r--p 0000a000 08:06 278666                     /lib/x86_64-linux-gnu/libnss_nis-2.23.so
7fc40ebf0000-7fc40ebf1000 rw-p 0000b000 08:06 278666                     /lib/x86_64-linux-gnu/libnss_nis-2.23.so
7fc40ebf1000-7fc40ec07000 r-xp 00000000 08:06 278664                     /lib/x86_64-linux-gnu/libnsl-2.23.so
7fc40ec07000-7fc40ee06000 ---p 00016000 08:06 278664                     /lib/x86_64-linux-gnu/libnsl-2.23.so
7fc40ee06000-7fc40ee07000 r--p 00015000 08:06 278664                     /lib/x86_64-linux-gnu/libnsl-2.23.so
7fc40ee07000-7fc40ee08000 rw-p 00016000 08:06 278664                     /lib/x86_64-linux-gnu/libnsl-2.23.so
7fc40ee08000-7fc40ee0a000 rw-p 00000000 00:00 0 
7fc40ee0a000-7fc40ee12000 r-xp 00000000 08:06 278662                     /lib/x86_64-linux-gnu/libnss_compat-2.23.so
7fc40ee12000-7fc40f011000 ---p 00008000 08:06 278662                     /lib/x86_64-linux-gnu/libnss_compat-2.23.so
7fc40f011000-7fc40f012000 r--p 00007000 08:06 278662                     /lib/x86_64-linux-gnu/libnss_compat-2.23.so
7fc40f012000-7fc40f013000 rw-p 00008000 08:06 278662                     /lib/x86_64-linux-gnu/libnss_compat-2.23.so
7fc40f013000-7fc40f03d000 r-xp 00000000 08:06 922205                     /home/mohamed/jdk1.8.0_91/jre/lib/amd64/libjava.so
7fc40f03d000-7fc40f23d000 ---p 0002a000 08:06 922205                     /home/mohamed/jdk1.8.0_91/jre/lib/amd64/libjava.so
7fc40f23d000-7fc40f23f000 rw-p 0002a000 08:06 922205                     /home/mohamed/jdk1.8.0_91/jre/lib/amd64/libjava.so
7fc40f23f000-7fc40f24c000 r-xp 00000000 08:06 922209                     /home/mohamed/jdk1.8.0_91/jre/lib/amd64/libverify.so
7fc40f24c000-7fc40f44c000 ---p 0000d000 08:06 922209                     /home/mohamed/jdk1.8.0_91/jre/lib/amd64/libverify.so
7fc40f44c000-7fc40f44e000 rw-p 0000d000 08:06 922209                     /home/mohamed/jdk1.8.0_91/jre/lib/amd64/libverify.so
7fc40f44e000-7fc40f455000 r-xp 00000000 08:06 278678                     /lib/x86_64-linux-gnu/librt-2.23.so
7fc40f455000-7fc40f654000 ---p 00007000 08:06 278678                     /lib/x86_64-linux-gnu/librt-2.23.so
7fc40f654000-7fc40f655000 r--p 00006000 08:06 278678                     /lib/x86_64-linux-gnu/librt-2.23.so
7fc40f655000-7fc40f656000 rw-p 00007000 08:06 278678                     /lib/x86_64-linux-gnu/librt-2.23.so
7fc40f656000-7fc40f75e000 r-xp 00000000 08:06 278675                     /lib/x86_64-linux-gnu/libm-2.23.so
7fc40f75e000-7fc40f95d000 ---p 00108000 08:06 278675                     /lib/x86_64-linux-gnu/libm-2.23.so
7fc40f95d000-7fc40f95e000 r--p 00107000 08:06 278675                     /lib/x86_64-linux-gnu/libm-2.23.so
7fc40f95e000-7fc40f95f000 rw-p 00108000 08:06 278675                     /lib/x86_64-linux-gnu/libm-2.23.so
7fc40f95f000-7fc41061f000 r-xp 00000000 08:06 1184562                    /home/mohamed/jdk1.8.0_91/jre/lib/amd64/server/libjvm.so
7fc41061f000-7fc41081f000 ---p 00cc0000 08:06 1184562                    /home/mohamed/jdk1.8.0_91/jre/lib/amd64/server/libjvm.so
7fc41081f000-7fc4108f7000 rw-p 00cc0000 08:06 1184562                    /home/mohamed/jdk1.8.0_91/jre/lib/amd64/server/libjvm.so
7fc4108f7000-7fc410942000 rw-p 00000000 00:00 0 
7fc410942000-7fc410b02000 r-xp 00000000 08:06 278683                     /lib/x86_64-linux-gnu/libc-2.23.so
7fc410b02000-7fc410d01000 ---p 001c0000 08:06 278683                     /lib/x86_64-linux-gnu/libc-2.23.so
7fc410d01000-7fc410d05000 r--p 001bf000 08:06 278683                     /lib/x86_64-linux-gnu/libc-2.23.so
7fc410d05000-7fc410d07000 rw-p 001c3000 08:06 278683                     /lib/x86_64-linux-gnu/libc-2.23.so
7fc410d07000-7fc410d0b000 rw-p 00000000 00:00 0 
7fc410d0b000-7fc410d0e000 r-xp 00000000 08:06 278684                     /lib/x86_64-linux-gnu/libdl-2.23.so
7fc410d0e000-7fc410f0d000 ---p 00003000 08:06 278684                     /lib/x86_64-linux-gnu/libdl-2.23.so
7fc410f0d000-7fc410f0e000 r--p 00002000 08:06 278684                     /lib/x86_64-linux-gnu/libdl-2.23.so
7fc410f0e000-7fc410f0f000 rw-p 00003000 08:06 278684                     /lib/x86_64-linux-gnu/libdl-2.23.so
7fc410f0f000-7fc410f24000 r-xp 00000000 08:06 36052                      /home/mohamed/jdk1.8.0_91/lib/amd64/jli/libjli.so
7fc410f24000-7fc411124000 ---p 00015000 08:06 36052                      /home/mohamed/jdk1.8.0_91/lib/amd64/jli/libjli.so
7fc411124000-7fc411125000 rw-p 00015000 08:06 36052                      /home/mohamed/jdk1.8.0_91/lib/amd64/jli/libjli.so
7fc411125000-7fc41113d000 r-xp 00000000 08:06 278682                     /lib/x86_64-linux-gnu/libpthread-2.23.so
7fc41113d000-7fc41133c000 ---p 00018000 08:06 278682                     /lib/x86_64-linux-gnu/libpthread-2.23.so
7fc41133c000-7fc41133d000 r--p 00017000 08:06 278682                     /lib/x86_64-linux-gnu/libpthread-2.23.so
7fc41133d000-7fc41133e000 rw-p 00018000 08:06 278682                     /lib/x86_64-linux-gnu/libpthread-2.23.so
7fc41133e000-7fc411342000 rw-p 00000000 00:00 0 
7fc411342000-7fc411368000 r-xp 00000000 08:06 278679                     /lib/x86_64-linux-gnu/ld-2.23.so
7fc41136d000-7fc41143f000 rw-p 00000000 00:00 0 
7fc41143f000-7fc411442000 ---p 00000000 00:00 0 
7fc411442000-7fc411544000 rw-p 00000000 00:00 0 
7fc411547000-7fc41155b000 rw-p 00000000 00:00 0 
7fc41155b000-7fc411563000 rw-s 00000000 08:06 1185838                    /tmp/hsperfdata_mohamed/3333
7fc411563000-7fc411564000 rw-p 00000000 00:00 0 
7fc411564000-7fc411565000 ---p 00000000 00:00 0 
7fc411565000-7fc411567000 rw-p 00000000 00:00 0 
7fc411567000-7fc411568000 r--p 00025000 08:06 278679                     /lib/x86_64-linux-gnu/ld-2.23.so
7fc411568000-7fc411569000 rw-p 00026000 08:06 278679                     /lib/x86_64-linux-gnu/ld-2.23.so
7fc411569000-7fc41156a000 rw-p 00000000 00:00 0 
7ffd4bbd7000-7ffd4bbf8000 rw-p 00000000 00:00 0                          [stack]
7ffd4bbfa000-7ffd4bbfc000 r--p 00000000 00:00 0                          [vvar]
7ffd4bbfc000-7ffd4bbfe000 r-xp 00000000 00:00 0                          [vdso]
ffffffffff600000-ffffffffff601000 r-xp 00000000 00:00 0                  [vsyscall]

VM Arguments:
jvm_args: -Djava.awt.headless=true -Xmx1024M -Dfile.encoding=UTF-8 -Duser.country=US -Duser.language=en -Duser.variant 
java_command: com.android.dx.command.Main --dex --force-jumbo --num-threads=4 --output /media/mohamed/Programs/Explore/app/build/intermediates/pre-dexed/debug/com.android.support-support-v4-23.0.1_5b362f6f460684ac40e8a3c61b96dfe7f0bde568.jar /media/mohamed/Programs/Explore/app/build/intermediates/exploded-aar/com.android.support/support-v4/23.0.1/jars/classes.jar
java_class_path (initial): /home/mohamed/Android/Sdk/build-tools/23.0.1/lib/dx.jar
Launcher Type: SUN_STANDARD

Environment Variables:
JAVA_HOME=/usr/lib/jvm/java-8-oracle
PATH=/usr/local/sbin:/usr/local/bin:/usr/sbin:/usr/bin:/sbin:/bin:/usr/games:/usr/local/games:/snap/bin:/usr/lib/jvm/java-8-oracle/bin:/usr/lib/jvm/java-8-oracle/db/bin:/usr/lib/jvm/java-8-oracle/jre/bin
LD_LIBRARY_PATH=/home/mohamed/tools/android/android-studio/bin:
SHELL=/bin/bash
DISPLAY=:0

Signal Handlers:
SIGSEGV: [libjvm.so+0xabca10], sa_mask[0]=11111111011111111101111111111110, sa_flags=SA_RESTART|SA_SIGINFO
SIGBUS: [libjvm.so+0xabca10], sa_mask[0]=11111111011111111101111111111110, sa_flags=SA_RESTART|SA_SIGINFO
SIGFPE: [libjvm.so+0x919a20], sa_mask[0]=11111111011111111101111111111110, sa_flags=SA_RESTART|SA_SIGINFO
SIGPIPE: [libjvm.so+0x919a20], sa_mask[0]=11111111011111111101111111111110, sa_flags=SA_RESTART|SA_SIGINFO
SIGXFSZ: [libjvm.so+0x919a20], sa_mask[0]=11111111011111111101111111111110, sa_flags=SA_RESTART|SA_SIGINFO
SIGILL: [libjvm.so+0x919a20], sa_mask[0]=11111111011111111101111111111110, sa_flags=SA_RESTART|SA_SIGINFO
SIGUSR1: SIG_DFL, sa_mask[0]=00000000000000000000000000000000, sa_flags=none
SIGUSR2: [libjvm.so+0x91b050], sa_mask[0]=00100000000000000000000000000000, sa_flags=SA_RESTART|SA_SIGINFO
SIGHUP: [libjvm.so+0x91c450], sa_mask[0]=11111111011111111101111111111110, sa_flags=SA_RESTART|SA_SIGINFO
SIGINT: [libjvm.so+0x91c450], sa_mask[0]=11111111011111111101111111111110, sa_flags=SA_RESTART|SA_SIGINFO
SIGTERM: [libjvm.so+0x91c450], sa_mask[0]=11111111011111111101111111111110, sa_flags=SA_RESTART|SA_SIGINFO
SIGQUIT: [libjvm.so+0x91c450], sa_mask[0]=11111111011111111101111111111110, sa_flags=SA_RESTART|SA_SIGINFO


---------------  S Y S T E M  ---------------

OS:DISTRIB_ID=Ubuntu
DISTRIB_RELEASE=16.04
DISTRIB_CODENAME=xenial
DISTRIB_DESCRIPTION="Ubuntu 16.04 LTS"

uname:Linux 4.4.0-22-generic #39-Ubuntu SMP Thu May 5 16:53:32 UTC 2016 x86_64
libc:glibc 2.23 NPTL 2.23 
rlimit: STACK 8192k, CORE 0k, NPROC 15304, NOFILE 65536, AS infinity
load average:11.55 4.86 2.06

/proc/meminfo:
MemTotal:        3956776 kB
MemFree:           30168 kB
MemAvailable:     105940 kB
Buffers:             868 kB
Cached:           326288 kB
SwapCached:            0 kB
Active:          3435192 kB
Inactive:         282452 kB
Active(anon):    3400912 kB
Inactive(anon):   249456 kB
Active(file):      34280 kB
Inactive(file):    32996 kB
Unevictable:          32 kB
Mlocked:              32 kB
SwapTotal:             0 kB
SwapFree:              0 kB
Dirty:               216 kB
Writeback:             0 kB
AnonPages:       3390980 kB
Mapped:           170572 kB
Shmem:            259336 kB
Slab:              82248 kB
SReclaimable:      37884 kB
SUnreclaim:        44364 kB
KernelStack:       14144 kB
PageTables:        57676 kB
NFS_Unstable:          0 kB
Bounce:                0 kB
WritebackTmp:          0 kB
CommitLimit:     1978388 kB
Committed_AS:    9533484 kB
VmallocTotal:   34359738367 kB
VmallocUsed:           0 kB
VmallocChunk:          0 kB
HardwareCorrupted:     0 kB
AnonHugePages:    575488 kB
CmaTotal:              0 kB
CmaFree:               0 kB
HugePages_Total:       0
HugePages_Free:        0
HugePages_Rsvd:        0
HugePages_Surp:        0
Hugepagesize:       2048 kB
DirectMap4k:      143736 kB
DirectMap2M:     3960832 kB
DirectMap1G:           0 kB


CPU:total 4 (2 cores per cpu, 2 threads per core) family 6 model 60 stepping 3, cmov, cx8, fxsr, mmx, sse, sse2, sse3, ssse3, sse4.1, sse4.2, popcnt, avx, avx2, aes, clmul, erms, lzcnt, ht, tsc, tscinvbit, bmi1, bmi2

/proc/cpuinfo:
processor	: 0
vendor_id	: GenuineIntel
cpu family	: 6
model		: 60
model name	: Intel(R) Core(TM) i5-4200M CPU @ 2.50GHz
stepping	: 3
microcode	: 0x16
cpu MHz		: 2942.675
cache size	: 3072 KB
physical id	: 0
siblings	: 4
core id		: 0
cpu cores	: 2
apicid		: 0
initial apicid	: 0
fpu		: yes
fpu_exception	: yes
cpuid level	: 13
wp		: yes
flags		: fpu vme de pse tsc msr pae mce cx8 apic sep mtrr pge mca cmov pat pse36 clflush dts acpi mmx fxsr sse sse2 ss ht tm pbe syscall nx pdpe1gb rdtscp lm constant_tsc arch_perfmon pebs bts rep_good nopl xtopology nonstop_tsc aperfmperf eagerfpu pni pclmulqdq dtes64 monitor ds_cpl vmx est tm2 ssse3 sdbg fma cx16 xtpr pdcm pcid sse4_1 sse4_2 movbe popcnt tsc_deadline_timer aes xsave avx f16c rdrand lahf_lm abm epb tpr_shadow vnmi flexpriority ept vpid fsgsbase tsc_adjust bmi1 avx2 smep bmi2 erms invpcid xsaveopt dtherm ida arat pln pts
bugs		:
bogomips	: 4988.45
clflush size	: 64
cache_alignment	: 64
address sizes	: 39 bits physical, 48 bits virtual
power management:

processor	: 1
vendor_id	: GenuineIntel
cpu family	: 6
model		: 60
model name	: Intel(R) Core(TM) i5-4200M CPU @ 2.50GHz
stepping	: 3
microcode	: 0x16
cpu MHz		: 2500.000
cache size	: 3072 KB
physical id	: 0
siblings	: 4
core id		: 1
cpu cores	: 2
apicid		: 2
initial apicid	: 2
fpu		: yes
fpu_exception	: yes
cpuid level	: 13
wp		: yes
flags		: fpu vme de pse tsc msr pae mce cx8 apic sep mtrr pge mca cmov pat pse36 clflush dts acpi mmx fxsr sse sse2 ss ht tm pbe syscall nx pdpe1gb rdtscp lm constant_tsc arch_perfmon pebs bts rep_good nopl xtopology nonstop_tsc aperfmperf eagerfpu pni pclmulqdq dtes64 monitor ds_cpl vmx est tm2 ssse3 sdbg fma cx16 xtpr pdcm pcid sse4_1 sse4_2 movbe popcnt tsc_deadline_timer aes xsave avx f16c rdrand lahf_lm abm epb tpr_shadow vnmi flexpriority ept vpid fsgsbase tsc_adjust bmi1 avx2 smep bmi2 erms invpcid xsaveopt dtherm ida arat pln pts
bugs		:
bogomips	: 4988.45
clflush size	: 64
cache_alignment	: 64
address sizes	: 39 bits physical, 48 bits virtual
power management:

processor	: 2
vendor_id	: GenuineIntel
cpu family	: 6
model		: 60
model name	: Intel(R) Core(TM) i5-4200M CPU @ 2.50GHz
stepping	: 3
microcode	: 0x16
cpu MHz		: 2994.726
cache size	: 3072 KB
physical id	: 0
siblings	: 4
core id		: 0
cpu cores	: 2
apicid		: 1
initial apicid	: 1
fpu		: yes
fpu_exception	: yes
cpuid level	: 13
wp		: yes
flags		: fpu vme de pse tsc msr pae mce cx8 apic sep mtrr pge mca cmov pat pse36 clflush dts acpi mmx fxsr sse sse2 ss ht tm pbe syscall nx pdpe1gb rdtscp lm constant_tsc arch_perfmon pebs bts rep_good nopl xtopology nonstop_tsc aperfmperf eagerfpu pni pclmulqdq dtes64 monitor ds_cpl vmx est tm2 ssse3 sdbg fma cx16 xtpr pdcm pcid sse4_1 sse4_2 movbe popcnt tsc_deadline_timer aes xsave avx f16c rdrand lahf_lm abm epb tpr_shadow vnmi flexpriority ept vpid fsgsbase tsc_adjust bmi1 avx2 smep bmi2 erms invpcid xsaveopt dtherm ida arat pln pts
bugs		:
bogomips	: 4988.45
clflush size	: 64
cache_alignment	: 64
address sizes	: 39 bits physical, 48 bits virtual
power management:

processor	: 3
vendor_id	: GenuineIntel
cpu family	: 6
model		: 60
model name	: Intel(R) Core(TM) i5-4200M CPU @ 2.50GHz
stepping	: 3
microcode	: 0x16
cpu MHz		: 2916.406
cache size	: 3072 KB
physical id	: 0
siblings	: 4
core id		: 1
cpu cores	: 2
apicid		: 3
initial apicid	: 3
fpu		: yes
fpu_exception	: yes
cpuid level	: 13
wp		: yes
flags		: fpu vme de pse tsc msr pae mce cx8 apic sep mtrr pge mca cmov pat pse36 clflush dts acpi mmx fxsr sse sse2 ss ht tm pbe syscall nx pdpe1gb rdtscp lm constant_tsc arch_perfmon pebs bts rep_good nopl xtopology nonstop_tsc aperfmperf eagerfpu pni pclmulqdq dtes64 monitor ds_cpl vmx est tm2 ssse3 sdbg fma cx16 xtpr pdcm pcid sse4_1 sse4_2 movbe popcnt tsc_deadline_timer aes xsave avx f16c rdrand lahf_lm abm epb tpr_shadow vnmi flexpriority ept vpid fsgsbase tsc_adjust bmi1 avx2 smep bmi2 erms invpcid xsaveopt dtherm ida arat pln pts
bugs		:
bogomips	: 4988.45
clflush size	: 64
cache_alignment	: 64
address sizes	: 39 bits physical, 48 bits virtual
power management:



Memory: 4k page, physical 3956776k(30168k free), swap 0k(0k free)

vm_info: Java HotSpot(TM) 64-Bit Server VM (25.91-b14) for linux-amd64 JRE (1.8.0_91-b14), built on Apr  1 2016 00:57:21 by "java_re" with gcc 4.3.0 20080428 (Red Hat 4.3.0-8)

time: Mon May  9 02:07:16 2016
elapsed time: 27 seconds (0d 0h 0m 27s)

