#
# There is insufficient memory for the Java Runtime Environment to continue.
# Native memory allocation (mmap) failed to map 170917888 bytes for committing reserved memory.
# Possible reasons:
#   The system is out of physical RAM or swap space
#   In 32 bit mode, the process size limit was hit
# Possible solutions:
#   Reduce memory load on the system
#   Increase physical memory or swap space
#   Check if swap backing store is full
#   Use 64 bit Java on a 64 bit OS
#   Decrease Java heap size (-Xmx/-Xms)
#   Decrease number of Java threads
#   Decrease Java thread stack sizes (-Xss)
#   Set larger code cache with -XX:ReservedCodeCacheSize=
# This output file may be truncated or incomplete.
#
#  Out of Memory Error (os_linux.cpp:2627), pid=9445, tid=140453116176128
#
# JRE version: Java(TM) SE Runtime Environment (8.0_91-b14) (build 1.8.0_91-b14)
# Java VM: Java HotSpot(TM) 64-Bit Server VM (25.91-b14 mixed mode linux-amd64 compressed oops)
# Failed to write core dump. Core dumps have been disabled. To enable core dumping, try "ulimit -c unlimited" before starting Java again
#

---------------  T H R E A D  ---------------

Current thread (0x00007fbddc078000):  VMThread [stack: 0x00007fbdca08e000,0x00007fbdca18f000] [id=9489]

Stack: [0x00007fbdca08e000,0x00007fbdca18f000],  sp=0x00007fbdca18d2a0,  free space=1020k
Native frames: (J=compiled Java code, j=interpreted, Vv=VM code, C=native code)
V  [libjvm.so+0xabc18a]  VMError::report_and_die()+0x2ba
V  [libjvm.so+0x4fafeb]  report_vm_out_of_memory(char const*, int, unsigned long, VMErrorType, char const*)+0x8b
V  [libjvm.so+0x91cbb3]  os::Linux::commit_memory_impl(char*, unsigned long, bool)+0x103
V  [libjvm.so+0x91d109]  os::pd_commit_memory(char*, unsigned long, unsigned long, bool)+0x29
V  [libjvm.so+0x91740a]  os::commit_memory(char*, unsigned long, unsigned long, bool)+0x2a
V  [libjvm.so+0x98b033]  PSVirtualSpace::expand_by(unsigned long)+0x53
V  [libjvm.so+0x98c438]  PSYoungGen::resize_generation(unsigned long, unsigned long)+0xf8
V  [libjvm.so+0x98b592]  PSYoungGen::resize(unsigned long, unsigned long)+0x22
V  [libjvm.so+0x98886b]  PSScavenge::invoke_no_policy()+0xf3b
V  [libjvm.so+0x988ff1]  PSScavenge::invoke()+0x41
V  [libjvm.so+0x9408b0]  ParallelScavengeHeap::failed_mem_allocate(unsigned long)+0x70
V  [libjvm.so+0xabdba7]  VM_ParallelGCFailedAllocation::doit()+0x97
V  [libjvm.so+0xac55d5]  VM_Operation::evaluate()+0x55
V  [libjvm.so+0xac39aa]  VMThread::evaluate_operation(VM_Operation*)+0xba
V  [libjvm.so+0xac3d2e]  VMThread::loop()+0x1ce
V  [libjvm.so+0xac41a0]  VMThread::run()+0x70
V  [libjvm.so+0x91ef78]  java_start(Thread*)+0x108

VM_Operation (0x00007fbdc91a6df0): ParallelGCFailedAllocation, mode: safepoint, requested by thread 0x00007fbddc172000


---------------  P R O C E S S  ---------------

Java Threads: ( => current thread )
  0x00007fbddc172000 JavaThread "pool-1-thread-4" [_thread_blocked, id=9527, stack(0x00007fbdc90a8000,0x00007fbdc91a9000)]
  0x00007fbddc16e000 JavaThread "pool-1-thread-3" [_thread_blocked, id=9526, stack(0x00007fbdc91a9000,0x00007fbdc92aa000)]
  0x00007fbddc16b800 JavaThread "pool-1-thread-2" [_thread_blocked, id=9525, stack(0x00007fbdc92aa000,0x00007fbdc93ab000)]
  0x00007fbddc169800 JavaThread "pool-2-thread-1" [_thread_blocked, id=9524, stack(0x00007fbdc93ab000,0x00007fbdc94ac000)]
  0x00007fbddc167000 JavaThread "pool-1-thread-1" [_thread_blocked, id=9523, stack(0x00007fbdc94ac000,0x00007fbdc95ad000)]
  0x00007fbddc0c9800 JavaThread "Service Thread" daemon [_thread_blocked, id=9506, stack(0x00007fbdc96ae000,0x00007fbdc97af000)]
  0x00007fbddc0be000 JavaThread "C1 CompilerThread2" daemon [_thread_blocked, id=9505, stack(0x00007fbdc97af000,0x00007fbdc98b0000)]
  0x00007fbddc0bc800 JavaThread "C2 CompilerThread1" daemon [_thread_blocked, id=9504, stack(0x00007fbdc98b0000,0x00007fbdc99b1000)]
  0x00007fbddc0b9800 JavaThread "C2 CompilerThread0" daemon [_thread_blocked, id=9503, stack(0x00007fbdc99b1000,0x00007fbdc9ab2000)]
  0x00007fbddc0b8000 JavaThread "Signal Dispatcher" daemon [_thread_blocked, id=9500, stack(0x00007fbdc9ab2000,0x00007fbdc9bb3000)]
  0x00007fbddc084000 JavaThread "Finalizer" daemon [_thread_blocked, id=9498, stack(0x00007fbdc9e8c000,0x00007fbdc9f8d000)]
  0x00007fbddc07f800 JavaThread "Reference Handler" daemon [_thread_blocked, id=9491, stack(0x00007fbdc9f8d000,0x00007fbdca08e000)]
  0x00007fbddc00a000 JavaThread "main" [_thread_blocked, id=9468, stack(0x00007fbde4744000,0x00007fbde4845000)]

Other Threads:
=>0x00007fbddc078000 VMThread [stack: 0x00007fbdca08e000,0x00007fbdca18f000] [id=9489]
  0x00007fbddc0cc000 WatcherThread [stack: 0x00007fbdc95ad000,0x00007fbdc96ae000] [id=9507]

VM state:at safepoint (normal execution)

VM Mutex/Monitor currently owned by a thread:  ([mutex/lock_event])
[0x00007fbddc006460] Threads_lock - owner thread: 0x00007fbddc078000
[0x00007fbddc006960] Heap_lock - owner thread: 0x00007fbddc172000

Heap:
 PSYoungGen      total 139264K, used 17910K [0x00000000eab00000, 0x00000000f4a00000, 0x0000000100000000)
  eden space 121344K, 0% used [0x00000000eab00000,0x00000000eab00000,0x00000000f2180000)
  from space 17920K, 99% used [0x00000000f2180000,0x00000000f32fdaf0,0x00000000f3300000)
  to   space 12288K, 0% used [0x00000000f3300000,0x00000000f3300000,0x00000000f3f00000)
 ParOldGen       total 73216K, used 72611K [0x00000000c0000000, 0x00000000c4780000, 0x00000000eab00000)
  object space 73216K, 99% used [0x00000000c0000000,0x00000000c46e8e80,0x00000000c4780000)
 Metaspace       used 5778K, capacity 7024K, committed 7296K, reserved 1056768K
  class space    used 569K, capacity 616K, committed 640K, reserved 1048576K

Card table byte_map: [0x00007fbde12fc000,0x00007fbde14fd000] byte_map_base: 0x00007fbde0cfc000

Marking Bits: (ParMarkBitMap*) 0x00007fbde3c1ad60
 Begin Bits: [0x00007fbdcb000000, 0x00007fbdcc000000)
 End Bits:   [0x00007fbdcc000000, 0x00007fbdcd000000)

Polling page: 0x00007fbde4869000

CodeCache: size=245760Kb used=6532Kb max_used=6532Kb free=239227Kb
 bounds [0x00007fbdcd000000, 0x00007fbdcd670000, 0x00007fbddc000000]
 total_blobs=1807 nmethods=1545 adapters=175
 compilation: enabled

Compilation events (10 events):
Event: 6.473 Thread 0x00007fbddc0be000 1792       2       java.util.TimSort::sort (229 bytes)
Event: 6.473 Thread 0x00007fbddc0be000 nmethod 1792 0x00007fbdcd65c510 code [0x00007fbdcd65c6e0, 0x00007fbdcd65cb78]
Event: 6.473 Thread 0x00007fbddc0be000 1787       2       java.util.HashMap$EntrySet::iterator (12 bytes)
Event: 6.474 Thread 0x00007fbddc0be000 nmethod 1787 0x00007fbdcd65c110 code [0x00007fbdcd65c280, 0x00007fbdcd65c468]
Event: 6.474 Thread 0x00007fbddc0be000 1793       3       com.android.dx.ssa.PhiInsn::mapSourceRegisters (78 bytes)
Event: 6.474 Thread 0x00007fbddc0be000 nmethod 1793 0x00007fbdcd6601d0 code [0x00007fbdcd6603c0, 0x00007fbdcd660d28]
Event: 6.571 Thread 0x00007fbddc0be000 1795 %     3       com.android.dx.ssa.back.InterferenceGraph::<init> @ 18 (42 bytes)
Event: 6.572 Thread 0x00007fbddc0be000 nmethod 1795% 0x00007fbdcd661150 code [0x00007fbdcd6613a0, 0x00007fbdcd662138]
Event: 6.572 Thread 0x00007fbddc0be000 1796       3       com.android.dx.ssa.back.InterferenceGraph::<init> (42 bytes)
Event: 6.573 Thread 0x00007fbddc0be000 nmethod 1796 0x00007fbdcd662950 code [0x00007fbdcd662b80, 0x00007fbdcd663898]

GC Heap History (10 events):
Event: 2.279 GC heap after
Heap after GC invocations=2 (full 0):
 PSYoungGen      total 34304K, used 2556K [0x00000000eab00000, 0x00000000ecf00000, 0x0000000100000000)
  eden space 31744K, 0% used [0x00000000eab00000,0x00000000eab00000,0x00000000eca00000)
  from space 2560K, 99% used [0x00000000ecc80000,0x00000000eceff0c0,0x00000000ecf00000)
  to   space 2560K, 0% used [0x00000000eca00000,0x00000000eca00000,0x00000000ecc80000)
 ParOldGen       total 42496K, used 3640K [0x00000000c0000000, 0x00000000c2980000, 0x00000000eab00000)
  object space 42496K, 8% used [0x00000000c0000000,0x00000000c038e078,0x00000000c2980000)
 Metaspace       used 5419K, capacity 6704K, committed 6784K, reserved 1056768K
  class space    used 567K, capacity 616K, committed 640K, reserved 1048576K
}
Event: 2.863 GC heap before
{Heap before GC invocations=3 (full 0):
 PSYoungGen      total 34304K, used 34300K [0x00000000eab00000, 0x00000000ecf00000, 0x0000000100000000)
  eden space 31744K, 100% used [0x00000000eab00000,0x00000000eca00000,0x00000000eca00000)
  from space 2560K, 99% used [0x00000000ecc80000,0x00000000eceff0c0,0x00000000ecf00000)
  to   space 2560K, 0% used [0x00000000eca00000,0x00000000eca00000,0x00000000ecc80000)
 ParOldGen       total 42496K, used 3640K [0x00000000c0000000, 0x00000000c2980000, 0x00000000eab00000)
  object space 42496K, 8% used [0x00000000c0000000,0x00000000c038e078,0x00000000c2980000)
 Metaspace       used 5473K, capacity 6768K, committed 7040K, reserved 1056768K
  class space    used 567K, capacity 616K, committed 640K, reserved 1048576K
Event: 2.895 GC heap after
Heap after GC invocations=3 (full 0):
 PSYoungGen      total 34304K, used 2556K [0x00000000eab00000, 0x00000000eee00000, 0x0000000100000000)
  eden space 31744K, 0% used [0x00000000eab00000,0x00000000eab00000,0x00000000eca00000)
  from space 2560K, 99% used [0x00000000eca00000,0x00000000ecc7f0e0,0x00000000ecc80000)
  to   space 2560K, 0% used [0x00000000eeb80000,0x00000000eeb80000,0x00000000eee00000)
 ParOldGen       total 42496K, used 7864K [0x00000000c0000000, 0x00000000c2980000, 0x00000000eab00000)
  object space 42496K, 18% used [0x00000000c0000000,0x00000000c07ae078,0x00000000c2980000)
 Metaspace       used 5473K, capacity 6768K, committed 7040K, reserved 1056768K
  class space    used 567K, capacity 616K, committed 640K, reserved 1048576K
}
Event: 3.332 GC heap before
{Heap before GC invocations=4 (full 0):
 PSYoungGen      total 34304K, used 34300K [0x00000000eab00000, 0x00000000eee00000, 0x0000000100000000)
  eden space 31744K, 100% used [0x00000000eab00000,0x00000000eca00000,0x00000000eca00000)
  from space 2560K, 99% used [0x00000000eca00000,0x00000000ecc7f0e0,0x00000000ecc80000)
  to   space 2560K, 0% used [0x00000000eeb80000,0x00000000eeb80000,0x00000000eee00000)
 ParOldGen       total 42496K, used 7864K [0x00000000c0000000, 0x00000000c2980000, 0x00000000eab00000)
  object space 42496K, 18% used [0x00000000c0000000,0x00000000c07ae078,0x00000000c2980000)
 Metaspace       used 5574K, capacity 6832K, committed 7040K, reserved 1056768K
  class space    used 567K, capacity 616K, committed 640K, reserved 1048576K
Event: 3.378 GC heap after
Heap after GC invocations=4 (full 0):
 PSYoungGen      total 66048K, used 2558K [0x00000000eab00000, 0x00000000eee00000, 0x0000000100000000)
  eden space 63488K, 0% used [0x00000000eab00000,0x00000000eab00000,0x00000000ee900000)
  from space 2560K, 99% used [0x00000000eeb80000,0x00000000eedff950,0x00000000eee00000)
  to   space 2560K, 0% used [0x00000000ee900000,0x00000000ee900000,0x00000000eeb80000)
 ParOldGen       total 42496K, used 12534K [0x00000000c0000000, 0x00000000c2980000, 0x00000000eab00000)
  object space 42496K, 29% used [0x00000000c0000000,0x00000000c0c3d9c0,0x00000000c2980000)
 Metaspace       used 5574K, capacity 6832K, committed 7040K, reserved 1056768K
  class space    used 567K, capacity 616K, committed 640K, reserved 1048576K
}
Event: 4.187 GC heap before
{Heap before GC invocations=5 (full 0):
 PSYoungGen      total 66048K, used 66046K [0x00000000eab00000, 0x00000000eee00000, 0x0000000100000000)
  eden space 63488K, 100% used [0x00000000eab00000,0x00000000ee900000,0x00000000ee900000)
  from space 2560K, 99% used [0x00000000eeb80000,0x00000000eedff950,0x00000000eee00000)
  to   space 2560K, 0% used [0x00000000ee900000,0x00000000ee900000,0x00000000eeb80000)
 ParOldGen       total 42496K, used 12534K [0x00000000c0000000, 0x00000000c2980000, 0x00000000eab00000)
  object space 42496K, 29% used [0x00000000c0000000,0x00000000c0c3d9c0,0x00000000c2980000)
 Metaspace       used 5611K, capacity 6896K, committed 7040K, reserved 1056768K
  class space    used 567K, capacity 616K, committed 640K, reserved 1048576K
Event: 4.250 GC heap after
Heap after GC invocations=5 (full 0):
 PSYoungGen      total 66048K, used 2538K [0x00000000eab00000, 0x00000000f3f00000, 0x0000000100000000)
  eden space 63488K, 0% used [0x00000000eab00000,0x00000000eab00000,0x00000000ee900000)
  from space 2560K, 99% used [0x00000000ee900000,0x00000000eeb7aab8,0x00000000eeb80000)
  to   space 12288K, 0% used [0x00000000f3300000,0x00000000f3300000,0x00000000f3f00000)
 ParOldGen       total 42496K, used 22374K [0x00000000c0000000, 0x00000000c2980000, 0x00000000eab00000)
  object space 42496K, 52% used [0x00000000c0000000,0x00000000c15d9938,0x00000000c2980000)
 Metaspace       used 5611K, capacity 6896K, committed 7040K, reserved 1056768K
  class space    used 567K, capacity 616K, committed 640K, reserved 1048576K
}
Event: 5.468 GC heap before
{Heap before GC invocations=6 (full 0):
 PSYoungGen      total 66048K, used 66026K [0x00000000eab00000, 0x00000000f3f00000, 0x0000000100000000)
  eden space 63488K, 100% used [0x00000000eab00000,0x00000000ee900000,0x00000000ee900000)
  from space 2560K, 99% used [0x00000000ee900000,0x00000000eeb7aab8,0x00000000eeb80000)
  to   space 12288K, 0% used [0x00000000f3300000,0x00000000f3300000,0x00000000f3f00000)
 ParOldGen       total 42496K, used 22374K [0x00000000c0000000, 0x00000000c2980000, 0x00000000eab00000)
  object space 42496K, 52% used [0x00000000c0000000,0x00000000c15d9938,0x00000000c2980000)
 Metaspace       used 5726K, capacity 6960K, committed 7040K, reserved 1056768K
  class space    used 568K, capacity 616K, committed 640K, reserved 1048576K
Event: 5.597 GC heap after
Heap after GC invocations=6 (full 0):
 PSYoungGen      total 133632K, used 12262K [0x00000000eab00000, 0x00000000f4a00000, 0x0000000100000000)
  eden space 121344K, 0% used [0x00000000eab00000,0x00000000eab00000,0x00000000f2180000)
  from space 12288K, 99% used [0x00000000f3300000,0x00000000f3ef9968,0x00000000f3f00000)
  to   space 17920K, 0% used [0x00000000f2180000,0x00000000f2180000,0x00000000f3300000)
 ParOldGen       total 42496K, used 28060K [0x00000000c0000000, 0x00000000c2980000, 0x00000000eab00000)
  object space 42496K, 66% used [0x00000000c0000000,0x00000000c1b670f0,0x00000000c2980000)
 Metaspace       used 5726K, capacity 6960K, committed 7040K, reserved 1056768K
  class space    used 568K, capacity 616K, committed 640K, reserved 1048576K
}
Event: 6.615 GC heap before
{Heap before GC invocations=7 (full 0):
 PSYoungGen      total 133632K, used 133606K [0x00000000eab00000, 0x00000000f4a00000, 0x0000000100000000)
  eden space 121344K, 100% used [0x00000000eab00000,0x00000000f2180000,0x00000000f2180000)
  from space 12288K, 99% used [0x00000000f3300000,0x00000000f3ef9968,0x00000000f3f00000)
  to   space 17920K, 0% used [0x00000000f2180000,0x00000000f2180000,0x00000000f3300000)
 ParOldGen       total 42496K, used 28060K [0x00000000c0000000, 0x00000000c2980000, 0x00000000eab00000)
  object space 42496K, 66% used [0x00000000c0000000,0x00000000c1b670f0,0x00000000c2980000)
 Metaspace       used 5778K, capacity 7024K, committed 7296K, reserved 1056768K
  class space    used 569K, capacity 616K, committed 640K, reserved 1048576K

Deoptimization events (10 events):
Event: 2.227 Thread 0x00007fbddc167000 Uncommon trap: reason=null_check action=make_not_entrant pc=0x00007fbdcd274ca0 method=com.android.dx.ssa.SsaRenamer.getLocalForNewReg(I)Lcom/android/dx/rop/code/LocalItem; @ 19
Event: 2.295 Thread 0x00007fbddc00a000 Uncommon trap: reason=unstable_if action=reinterpret pc=0x00007fbdcd19e250 method=java.lang.String.<init>([CII)V @ 18
Event: 3.069 Thread 0x00007fbddc00a000 Uncommon trap: reason=unloaded action=reinterpret pc=0x00007fbdcd1dc0e0 method=com.android.dx.cf.cst.ConstantPoolParser.parse0(ILjava/util/BitSet;)Lcom/android/dx/rop/cst/Constant; @ 176
Event: 3.290 Thread 0x00007fbddc16b800 Uncommon trap: reason=bimorphic action=maybe_recompile pc=0x00007fbdcd21db5c method=java.util.HashMap.getNode(ILjava/lang/Object;)Ljava/util/HashMap$Node; @ 126
Event: 3.290 Thread 0x00007fbddc16b800 Uncommon trap: reason=bimorphic action=maybe_recompile pc=0x00007fbdcd21db5c method=java.util.HashMap.getNode(ILjava/lang/Object;)Ljava/util/HashMap$Node; @ 126
Event: 3.393 Thread 0x00007fbddc172000 Uncommon trap: reason=bimorphic action=maybe_recompile pc=0x00007fbdcd21db5c method=java.util.HashMap.getNode(ILjava/lang/Object;)Ljava/util/HashMap$Node; @ 126
Event: 3.393 Thread 0x00007fbddc172000 Uncommon trap: reason=bimorphic action=maybe_recompile pc=0x00007fbdcd21db5c method=java.util.HashMap.getNode(ILjava/lang/Object;)Ljava/util/HashMap$Node; @ 126
Event: 5.116 Thread 0x00007fbddc167000 Uncommon trap: reason=unstable_if action=reinterpret pc=0x00007fbdcd4ed250 method=com.android.dx.dex.code.OutputFinisher.hasLocalInfo(Lcom/android/dx/dex/code/DalvInsn;)Z @ 24
Event: 5.361 Thread 0x00007fbddc00a000 Uncommon trap: reason=unstable_if action=reinterpret pc=0x00007fbdcd335200 method=com.android.dx.ssa.SsaRenamer$BlockRenamer.visitMoveInsn(Lcom/android/dx/ssa/NormalSsaInsn;)V @ 104
Event: 6.236 Thread 0x00007fbddc00a000 Uncommon trap: reason=class_check action=maybe_recompile pc=0x00007fbdcd4f39b8 method=java.util.HashMap.putVal(ILjava/lang/Object;Ljava/lang/Object;ZZ)Ljava/lang/Object; @ 203

Internal exceptions (3 events):
Event: 0.190 Thread 0x00007fbddc00a000 Exception <a 'java/lang/NoSuchMethodError': Method sun.misc.Unsafe.defineClass(Ljava/lang/String;[BII)Ljava/lang/Class; name or signature does not match> (0x00000000eab07cc0) thrown at [/HUDSON/workspace/8-2-build-linux-amd64/jdk8u91/6644/hotspot/src/shar
Event: 0.190 Thread 0x00007fbddc00a000 Exception <a 'java/lang/NoSuchMethodError': Method sun.misc.Unsafe.prefetchRead(Ljava/lang/Object;J)V name or signature does not match> (0x00000000eab07fa8) thrown at [/HUDSON/workspace/8-2-build-linux-amd64/jdk8u91/6644/hotspot/src/share/vm/prims/jni.cpp
Event: 2.227 Thread 0x00007fbddc167000 Implicit null exception at 0x00007fbdcd27291d to 0x00007fbdcd274c81

Events (10 events):
Event: 6.522 Thread 0x00007fbddc172000 DEOPT UNPACKING pc=0x00007fbdcd047633 sp=0x00007fbdc91a6b80 mode 0
Event: 6.534 Thread 0x00007fbddc16e000 DEOPT PACKING pc=0x00007fbdcd345a7f sp=0x00007fbdc92a7d00
Event: 6.534 Thread 0x00007fbddc16e000 DEOPT UNPACKING pc=0x00007fbdcd047633 sp=0x00007fbdc92a7b00 mode 0
Event: 6.545 Thread 0x00007fbddc172000 DEOPT PACKING pc=0x00007fbdcd345a7f sp=0x00007fbdc91a6ea0
Event: 6.545 Thread 0x00007fbddc172000 DEOPT UNPACKING pc=0x00007fbdcd047633 sp=0x00007fbdc91a6ca0 mode 0
Event: 6.555 Thread 0x00007fbddc16e000 DEOPT PACKING pc=0x00007fbdcd345a7f sp=0x00007fbdc92a7e20
Event: 6.555 Thread 0x00007fbddc16e000 DEOPT UNPACKING pc=0x00007fbdcd047633 sp=0x00007fbdc92a7c20 mode 0
Event: 6.573 Thread 0x00007fbddc16e000 DEOPT PACKING pc=0x00007fbdcd5362bd sp=0x00007fbdc92a7ed0
Event: 6.573 Thread 0x00007fbddc16e000 DEOPT UNPACKING pc=0x00007fbdcd047633 sp=0x00007fbdc92a7ca8 mode 0
Event: 6.608 Executing VM operation: ParallelGCFailedAllocation


Dynamic libraries:
00400000-00401000 r-xp 00000000 08:06 266116                             /home/mohamed/jdk1.8.0_91/bin/java
00600000-00601000 rw-p 00000000 08:06 266116                             /home/mohamed/jdk1.8.0_91/bin/java
0232d000-0234e000 rw-p 00000000 00:00 0                                  [heap]
c0000000-c4780000 rw-p 00000000 00:00 0 
c4780000-eab00000 ---p 00000000 00:00 0 
eab00000-f4a00000 rw-p 00000000 00:00 0 
fed00000-100000000 ---p 00000000 00:00 0 
100000000-1000a0000 rw-p 00000000 00:00 0 
1000a0000-140000000 ---p 00000000 00:00 0 
7fbd7c000000-7fbd7c021000 rw-p 00000000 00:00 0 
7fbd7c021000-7fbd80000000 ---p 00000000 00:00 0 
7fbd80000000-7fbd80021000 rw-p 00000000 00:00 0 
7fbd80021000-7fbd84000000 ---p 00000000 00:00 0 
7fbd84000000-7fbd84021000 rw-p 00000000 00:00 0 
7fbd84021000-7fbd88000000 ---p 00000000 00:00 0 
7fbd88000000-7fbd88029000 rw-p 00000000 00:00 0 
7fbd88029000-7fbd8c000000 ---p 00000000 00:00 0 
7fbd8c000000-7fbd8c021000 rw-p 00000000 00:00 0 
7fbd8c021000-7fbd90000000 ---p 00000000 00:00 0 
7fbd90000000-7fbd9003b000 rw-p 00000000 00:00 0 
7fbd9003b000-7fbd94000000 ---p 00000000 00:00 0 
7fbd94000000-7fbd94807000 rw-p 00000000 00:00 0 
7fbd94807000-7fbd98000000 ---p 00000000 00:00 0 
7fbd98000000-7fbd98021000 rw-p 00000000 00:00 0 
7fbd98021000-7fbd9c000000 ---p 00000000 00:00 0 
7fbd9c000000-7fbd9cfe1000 rw-p 00000000 00:00 0 
7fbd9cfe1000-7fbda0000000 ---p 00000000 00:00 0 
7fbda0000000-7fbda0880000 rw-p 00000000 00:00 0 
7fbda0880000-7fbda4000000 ---p 00000000 00:00 0 
7fbda4000000-7fbda4021000 rw-p 00000000 00:00 0 
7fbda4021000-7fbda8000000 ---p 00000000 00:00 0 
7fbda8000000-7fbda8021000 rw-p 00000000 00:00 0 
7fbda8021000-7fbdac000000 ---p 00000000 00:00 0 
7fbdac000000-7fbdac28d000 rw-p 00000000 00:00 0 
7fbdac28d000-7fbdb0000000 ---p 00000000 00:00 0 
7fbdb0000000-7fbdb0021000 rw-p 00000000 00:00 0 
7fbdb0021000-7fbdb4000000 ---p 00000000 00:00 0 
7fbdb4000000-7fbdb4021000 rw-p 00000000 00:00 0 
7fbdb4021000-7fbdb8000000 ---p 00000000 00:00 0 
7fbdb8000000-7fbdb8021000 rw-p 00000000 00:00 0 
7fbdb8021000-7fbdbc000000 ---p 00000000 00:00 0 
7fbdbc000000-7fbdbc024000 rw-p 00000000 00:00 0 
7fbdbc024000-7fbdc0000000 ---p 00000000 00:00 0 
7fbdc4000000-7fbdc4021000 rw-p 00000000 00:00 0 
7fbdc4021000-7fbdc8000000 ---p 00000000 00:00 0 
7fbdc90a8000-7fbdc90ab000 ---p 00000000 00:00 0 
7fbdc90ab000-7fbdc91a9000 rw-p 00000000 00:00 0 
7fbdc91a9000-7fbdc91ac000 ---p 00000000 00:00 0 
7fbdc91ac000-7fbdc92aa000 rw-p 00000000 00:00 0 
7fbdc92aa000-7fbdc92ad000 ---p 00000000 00:00 0 
7fbdc92ad000-7fbdc93ab000 rw-p 00000000 00:00 0 
7fbdc93ab000-7fbdc93ae000 ---p 00000000 00:00 0 
7fbdc93ae000-7fbdc94ac000 rw-p 00000000 00:00 0 
7fbdc94ac000-7fbdc94af000 ---p 00000000 00:00 0 
7fbdc94af000-7fbdc95ad000 rw-p 00000000 00:00 0 
7fbdc95ad000-7fbdc95ae000 ---p 00000000 00:00 0 
7fbdc95ae000-7fbdc96ae000 rw-p 00000000 00:00 0 
7fbdc96ae000-7fbdc96b1000 ---p 00000000 00:00 0 
7fbdc96b1000-7fbdc97af000 rw-p 00000000 00:00 0 
7fbdc97af000-7fbdc97b2000 ---p 00000000 00:00 0 
7fbdc97b2000-7fbdc98b0000 rw-p 00000000 00:00 0 
7fbdc98b0000-7fbdc98b3000 ---p 00000000 00:00 0 
7fbdc98b3000-7fbdc99b1000 rw-p 00000000 00:00 0 
7fbdc99b1000-7fbdc99b4000 ---p 00000000 00:00 0 
7fbdc99b4000-7fbdc9ab2000 rw-p 00000000 00:00 0 
7fbdc9ab2000-7fbdc9ab5000 ---p 00000000 00:00 0 
7fbdc9ab5000-7fbdc9bb3000 rw-p 00000000 00:00 0 
7fbdc9bb3000-7fbdc9e8c000 r--p 00000000 08:06 526509                     /usr/lib/locale/locale-archive
7fbdc9e8c000-7fbdc9e8f000 ---p 00000000 00:00 0 
7fbdc9e8f000-7fbdc9f8d000 rw-p 00000000 00:00 0 
7fbdc9f8d000-7fbdc9f90000 ---p 00000000 00:00 0 
7fbdc9f90000-7fbdca08e000 rw-p 00000000 00:00 0 
7fbdca08e000-7fbdca08f000 ---p 00000000 00:00 0 
7fbdca08f000-7fbdcd000000 rw-p 00000000 00:00 0 
7fbdcd000000-7fbdcd670000 rwxp 00000000 00:00 0 
7fbdcd670000-7fbddc000000 ---p 00000000 00:00 0 
7fbddc000000-7fbddc39e000 rw-p 00000000 00:00 0 
7fbddc39e000-7fbde0000000 ---p 00000000 00:00 0 
7fbde0001000-7fbde0010000 r--s 000df000 08:06 6165411                    /home/mohamed/Android/Sdk/build-tools/23.0.1/lib/dx.jar
7fbde0010000-7fbde0153000 rw-p 00000000 00:00 0 
7fbde0153000-7fbde032c000 r--s 03d1f000 08:06 922159                     /home/mohamed/jdk1.8.0_91/jre/lib/rt.jar
7fbde032c000-7fbde0a22000 rw-p 00000000 00:00 0 
7fbde0a22000-7fbde0ba2000 ---p 00000000 00:00 0 
7fbde0ba2000-7fbde0da2000 rw-p 00000000 00:00 0 
7fbde0da2000-7fbde0da3000 ---p 00000000 00:00 0 
7fbde0da3000-7fbde0ea3000 rw-p 00000000 00:00 0 
7fbde0ea3000-7fbde0ea4000 ---p 00000000 00:00 0 
7fbde0ea4000-7fbde0fa4000 rw-p 00000000 00:00 0 
7fbde0fa4000-7fbde0fa5000 ---p 00000000 00:00 0 
7fbde0fa5000-7fbde10a5000 rw-p 00000000 00:00 0 
7fbde10a5000-7fbde10a6000 ---p 00000000 00:00 0 
7fbde10a6000-7fbde11ca000 rw-p 00000000 00:00 0 
7fbde11ca000-7fbde12fc000 ---p 00000000 00:00 0 
7fbde12fc000-7fbde1320000 rw-p 00000000 00:00 0 
7fbde1320000-7fbde1451000 ---p 00000000 00:00 0 
7fbde1451000-7fbde14a1000 rw-p 00000000 00:00 0 
7fbde14a1000-7fbde14fc000 ---p 00000000 00:00 0 
7fbde14fc000-7fbde1517000 rw-p 00000000 00:00 0 
7fbde1517000-7fbde18bd000 ---p 00000000 00:00 0 
7fbde18bd000-7fbde18d7000 r-xp 00000000 08:06 922210                     /home/mohamed/jdk1.8.0_91/jre/lib/amd64/libzip.so
7fbde18d7000-7fbde1ad7000 ---p 0001a000 08:06 922210                     /home/mohamed/jdk1.8.0_91/jre/lib/amd64/libzip.so
7fbde1ad7000-7fbde1ad8000 rw-p 0001a000 08:06 922210                     /home/mohamed/jdk1.8.0_91/jre/lib/amd64/libzip.so
7fbde1ad8000-7fbde1ae3000 r-xp 00000000 08:06 278669                     /lib/x86_64-linux-gnu/libnss_files-2.23.so
7fbde1ae3000-7fbde1ce2000 ---p 0000b000 08:06 278669                     /lib/x86_64-linux-gnu/libnss_files-2.23.so
7fbde1ce2000-7fbde1ce3000 r--p 0000a000 08:06 278669                     /lib/x86_64-linux-gnu/libnss_files-2.23.so
7fbde1ce3000-7fbde1ce4000 rw-p 0000b000 08:06 278669                     /lib/x86_64-linux-gnu/libnss_files-2.23.so
7fbde1ce4000-7fbde1cea000 rw-p 00000000 00:00 0 
7fbde1cea000-7fbde1cf5000 r-xp 00000000 08:06 278666                     /lib/x86_64-linux-gnu/libnss_nis-2.23.so
7fbde1cf5000-7fbde1ef4000 ---p 0000b000 08:06 278666                     /lib/x86_64-linux-gnu/libnss_nis-2.23.so
7fbde1ef4000-7fbde1ef5000 r--p 0000a000 08:06 278666                     /lib/x86_64-linux-gnu/libnss_nis-2.23.so
7fbde1ef5000-7fbde1ef6000 rw-p 0000b000 08:06 278666                     /lib/x86_64-linux-gnu/libnss_nis-2.23.so
7fbde1ef6000-7fbde1f0c000 r-xp 00000000 08:06 278664                     /lib/x86_64-linux-gnu/libnsl-2.23.so
7fbde1f0c000-7fbde210b000 ---p 00016000 08:06 278664                     /lib/x86_64-linux-gnu/libnsl-2.23.so
7fbde210b000-7fbde210c000 r--p 00015000 08:06 278664                     /lib/x86_64-linux-gnu/libnsl-2.23.so
7fbde210c000-7fbde210d000 rw-p 00016000 08:06 278664                     /lib/x86_64-linux-gnu/libnsl-2.23.so
7fbde210d000-7fbde210f000 rw-p 00000000 00:00 0 
7fbde210f000-7fbde2117000 r-xp 00000000 08:06 278662                     /lib/x86_64-linux-gnu/libnss_compat-2.23.so
7fbde2117000-7fbde2316000 ---p 00008000 08:06 278662                     /lib/x86_64-linux-gnu/libnss_compat-2.23.so
7fbde2316000-7fbde2317000 r--p 00007000 08:06 278662                     /lib/x86_64-linux-gnu/libnss_compat-2.23.so
7fbde2317000-7fbde2318000 rw-p 00008000 08:06 278662                     /lib/x86_64-linux-gnu/libnss_compat-2.23.so
7fbde2318000-7fbde2342000 r-xp 00000000 08:06 922205                     /home/mohamed/jdk1.8.0_91/jre/lib/amd64/libjava.so
7fbde2342000-7fbde2542000 ---p 0002a000 08:06 922205                     /home/mohamed/jdk1.8.0_91/jre/lib/amd64/libjava.so
7fbde2542000-7fbde2544000 rw-p 0002a000 08:06 922205                     /home/mohamed/jdk1.8.0_91/jre/lib/amd64/libjava.so
7fbde2544000-7fbde2551000 r-xp 00000000 08:06 922209                     /home/mohamed/jdk1.8.0_91/jre/lib/amd64/libverify.so
7fbde2551000-7fbde2751000 ---p 0000d000 08:06 922209                     /home/mohamed/jdk1.8.0_91/jre/lib/amd64/libverify.so
7fbde2751000-7fbde2753000 rw-p 0000d000 08:06 922209                     /home/mohamed/jdk1.8.0_91/jre/lib/amd64/libverify.so
7fbde2753000-7fbde275a000 r-xp 00000000 08:06 278678                     /lib/x86_64-linux-gnu/librt-2.23.so
7fbde275a000-7fbde2959000 ---p 00007000 08:06 278678                     /lib/x86_64-linux-gnu/librt-2.23.so
7fbde2959000-7fbde295a000 r--p 00006000 08:06 278678                     /lib/x86_64-linux-gnu/librt-2.23.so
7fbde295a000-7fbde295b000 rw-p 00007000 08:06 278678                     /lib/x86_64-linux-gnu/librt-2.23.so
7fbde295b000-7fbde2a63000 r-xp 00000000 08:06 278675                     /lib/x86_64-linux-gnu/libm-2.23.so
7fbde2a63000-7fbde2c62000 ---p 00108000 08:06 278675                     /lib/x86_64-linux-gnu/libm-2.23.so
7fbde2c62000-7fbde2c63000 r--p 00107000 08:06 278675                     /lib/x86_64-linux-gnu/libm-2.23.so
7fbde2c63000-7fbde2c64000 rw-p 00108000 08:06 278675                     /lib/x86_64-linux-gnu/libm-2.23.so
7fbde2c64000-7fbde3924000 r-xp 00000000 08:06 1184562                    /home/mohamed/jdk1.8.0_91/jre/lib/amd64/server/libjvm.so
7fbde3924000-7fbde3b24000 ---p 00cc0000 08:06 1184562                    /home/mohamed/jdk1.8.0_91/jre/lib/amd64/server/libjvm.so
7fbde3b24000-7fbde3bfc000 rw-p 00cc0000 08:06 1184562                    /home/mohamed/jdk1.8.0_91/jre/lib/amd64/server/libjvm.so
7fbde3bfc000-7fbde3c47000 rw-p 00000000 00:00 0 
7fbde3c47000-7fbde3e07000 r-xp 00000000 08:06 278683                     /lib/x86_64-linux-gnu/libc-2.23.so
7fbde3e07000-7fbde4006000 ---p 001c0000 08:06 278683                     /lib/x86_64-linux-gnu/libc-2.23.so
7fbde4006000-7fbde400a000 r--p 001bf000 08:06 278683                     /lib/x86_64-linux-gnu/libc-2.23.so
7fbde400a000-7fbde400c000 rw-p 001c3000 08:06 278683                     /lib/x86_64-linux-gnu/libc-2.23.so
7fbde400c000-7fbde4010000 rw-p 00000000 00:00 0 
7fbde4010000-7fbde4013000 r-xp 00000000 08:06 278684                     /lib/x86_64-linux-gnu/libdl-2.23.so
7fbde4013000-7fbde4212000 ---p 00003000 08:06 278684                     /lib/x86_64-linux-gnu/libdl-2.23.so
7fbde4212000-7fbde4213000 r--p 00002000 08:06 278684                     /lib/x86_64-linux-gnu/libdl-2.23.so
7fbde4213000-7fbde4214000 rw-p 00003000 08:06 278684                     /lib/x86_64-linux-gnu/libdl-2.23.so
7fbde4214000-7fbde4229000 r-xp 00000000 08:06 36052                      /home/mohamed/jdk1.8.0_91/lib/amd64/jli/libjli.so
7fbde4229000-7fbde4429000 ---p 00015000 08:06 36052                      /home/mohamed/jdk1.8.0_91/lib/amd64/jli/libjli.so
7fbde4429000-7fbde442a000 rw-p 00015000 08:06 36052                      /home/mohamed/jdk1.8.0_91/lib/amd64/jli/libjli.so
7fbde442a000-7fbde4442000 r-xp 00000000 08:06 278682                     /lib/x86_64-linux-gnu/libpthread-2.23.so
7fbde4442000-7fbde4641000 ---p 00018000 08:06 278682                     /lib/x86_64-linux-gnu/libpthread-2.23.so
7fbde4641000-7fbde4642000 r--p 00017000 08:06 278682                     /lib/x86_64-linux-gnu/libpthread-2.23.so
7fbde4642000-7fbde4643000 rw-p 00018000 08:06 278682                     /lib/x86_64-linux-gnu/libpthread-2.23.so
7fbde4643000-7fbde4647000 rw-p 00000000 00:00 0 
7fbde4647000-7fbde466d000 r-xp 00000000 08:06 278679                     /lib/x86_64-linux-gnu/ld-2.23.so
7fbde4672000-7fbde4744000 rw-p 00000000 00:00 0 
7fbde4744000-7fbde4747000 ---p 00000000 00:00 0 
7fbde4747000-7fbde4849000 rw-p 00000000 00:00 0 
7fbde484c000-7fbde4860000 rw-p 00000000 00:00 0 
7fbde4860000-7fbde4868000 rw-s 00000000 08:06 1063516                    /tmp/hsperfdata_mohamed/9445
7fbde4868000-7fbde4869000 rw-p 00000000 00:00 0 
7fbde4869000-7fbde486a000 ---p 00000000 00:00 0 
7fbde486a000-7fbde486c000 rw-p 00000000 00:00 0 
7fbde486c000-7fbde486d000 r--p 00025000 08:06 278679                     /lib/x86_64-linux-gnu/ld-2.23.so
7fbde486d000-7fbde486e000 rw-p 00026000 08:06 278679                     /lib/x86_64-linux-gnu/ld-2.23.so
7fbde486e000-7fbde486f000 rw-p 00000000 00:00 0 
7ffedd37c000-7ffedd39d000 rw-p 00000000 00:00 0                          [stack]
7ffedd3da000-7ffedd3dc000 r--p 00000000 00:00 0                          [vvar]
7ffedd3dc000-7ffedd3de000 r-xp 00000000 00:00 0                          [vdso]
ffffffffff600000-ffffffffff601000 r-xp 00000000 00:00 0                  [vsyscall]

VM Arguments:
jvm_args: -Djava.awt.headless=true -Xmx1024M -Dfile.encoding=UTF-8 -Duser.country=US -Duser.language=en -Duser.variant 
java_command: com.android.dx.command.Main --dex --force-jumbo --num-threads=4 --output /media/mohamed/Programs/Explore/app/build/intermediates/pre-dexed/debug/main_b96a9e6e4bba87f32530723a59caa4b0f833400a.jar /media/mohamed/Programs/Explore/app/build/intermediates/transforms/instantRun/debug/folders/1/5/main
java_class_path (initial): /home/mohamed/Android/Sdk/build-tools/23.0.1/lib/dx.jar
Launcher Type: SUN_STANDARD

Environment Variables:
JAVA_HOME=/usr/lib/jvm/java-8-oracle
PATH=/usr/local/sbin:/usr/local/bin:/usr/sbin:/usr/bin:/sbin:/bin:/usr/games:/usr/local/games:/snap/bin:/usr/lib/jvm/java-8-oracle/bin:/usr/lib/jvm/java-8-oracle/db/bin:/usr/lib/jvm/java-8-oracle/jre/bin
LD_LIBRARY_PATH=/home/mohamed/tools/android/android-studio/bin:
SHELL=/bin/bash
DISPLAY=:0

Signal Handlers:
SIGSEGV: [libjvm.so+0xabca10], sa_mask[0]=11111111011111111101111111111110, sa_flags=SA_RESTART|SA_SIGINFO
SIGBUS: [libjvm.so+0xabca10], sa_mask[0]=11111111011111111101111111111110, sa_flags=SA_RESTART|SA_SIGINFO
SIGFPE: [libjvm.so+0x919a20], sa_mask[0]=11111111011111111101111111111110, sa_flags=SA_RESTART|SA_SIGINFO
SIGPIPE: [libjvm.so+0x919a20], sa_mask[0]=11111111011111111101111111111110, sa_flags=SA_RESTART|SA_SIGINFO
SIGXFSZ: [libjvm.so+0x919a20], sa_mask[0]=11111111011111111101111111111110, sa_flags=SA_RESTART|SA_SIGINFO
SIGILL: [libjvm.so+0x919a20], sa_mask[0]=11111111011111111101111111111110, sa_flags=SA_RESTART|SA_SIGINFO
SIGUSR1: SIG_DFL, sa_mask[0]=00000000000000000000000000000000, sa_flags=none
SIGUSR2: [libjvm.so+0x91b050], sa_mask[0]=00100000000000000000000000000000, sa_flags=SA_RESTART|SA_SIGINFO
SIGHUP: [libjvm.so+0x91c450], sa_mask[0]=11111111011111111101111111111110, sa_flags=SA_RESTART|SA_SIGINFO
SIGINT: [libjvm.so+0x91c450], sa_mask[0]=11111111011111111101111111111110, sa_flags=SA_RESTART|SA_SIGINFO
SIGTERM: [libjvm.so+0x91c450], sa_mask[0]=11111111011111111101111111111110, sa_flags=SA_RESTART|SA_SIGINFO
SIGQUIT: [libjvm.so+0x91c450], sa_mask[0]=11111111011111111101111111111110, sa_flags=SA_RESTART|SA_SIGINFO


---------------  S Y S T E M  ---------------

OS:DISTRIB_ID=Ubuntu
DISTRIB_RELEASE=16.04
DISTRIB_CODENAME=xenial
DISTRIB_DESCRIPTION="Ubuntu 16.04 LTS"

uname:Linux 4.4.0-22-generic #40-Ubuntu SMP Thu May 12 22:03:46 UTC 2016 x86_64
libc:glibc 2.23 NPTL 2.23 
rlimit: STACK 8192k, CORE 0k, NPROC 15304, NOFILE 65536, AS infinity
load average:6.25 2.97 2.79

/proc/meminfo:
MemTotal:        3956776 kB
MemFree:          210860 kB
MemAvailable:     307632 kB
Buffers:            3548 kB
Cached:           382136 kB
SwapCached:            0 kB
Active:          3244176 kB
Inactive:         313040 kB
Active(anon):    3193584 kB
Inactive(anon):   274672 kB
Active(file):      50592 kB
Inactive(file):    38368 kB
Unevictable:          48 kB
Mlocked:              48 kB
SwapTotal:             0 kB
SwapFree:              0 kB
Dirty:              8280 kB
Writeback:             0 kB
AnonPages:       3172168 kB
Mapped:           183992 kB
Shmem:            296432 kB
Slab:              81128 kB
SReclaimable:      37200 kB
SUnreclaim:        43928 kB
KernelStack:       12608 kB
PageTables:        50300 kB
NFS_Unstable:          0 kB
Bounce:                0 kB
WritebackTmp:          0 kB
CommitLimit:     1978388 kB
Committed_AS:    8238984 kB
VmallocTotal:   34359738367 kB
VmallocUsed:           0 kB
VmallocChunk:          0 kB
HardwareCorrupted:     0 kB
AnonHugePages:   1632256 kB
CmaTotal:              0 kB
CmaFree:               0 kB
HugePages_Total:       0
HugePages_Free:        0
HugePages_Rsvd:        0
HugePages_Surp:        0
Hugepagesize:       2048 kB
DirectMap4k:      203128 kB
DirectMap2M:     3901440 kB
DirectMap1G:           0 kB


CPU:total 4 (2 cores per cpu, 2 threads per core) family 6 model 60 stepping 3, cmov, cx8, fxsr, mmx, sse, sse2, sse3, ssse3, sse4.1, sse4.2, popcnt, avx, avx2, aes, clmul, erms, lzcnt, ht, tsc, tscinvbit, bmi1, bmi2

/proc/cpuinfo:
processor	: 0
vendor_id	: GenuineIntel
cpu family	: 6
model		: 60
model name	: Intel(R) Core(TM) i5-4200M CPU @ 2.50GHz
stepping	: 3
microcode	: 0x16
cpu MHz		: 3000.097
cache size	: 3072 KB
physical id	: 0
siblings	: 4
core id		: 0
cpu cores	: 2
apicid		: 0
initial apicid	: 0
fpu		: yes
fpu_exception	: yes
cpuid level	: 13
wp		: yes
flags		: fpu vme de pse tsc msr pae mce cx8 apic sep mtrr pge mca cmov pat pse36 clflush dts acpi mmx fxsr sse sse2 ss ht tm pbe syscall nx pdpe1gb rdtscp lm constant_tsc arch_perfmon pebs bts rep_good nopl xtopology nonstop_tsc aperfmperf eagerfpu pni pclmulqdq dtes64 monitor ds_cpl vmx est tm2 ssse3 sdbg fma cx16 xtpr pdcm pcid sse4_1 sse4_2 movbe popcnt tsc_deadline_timer aes xsave avx f16c rdrand lahf_lm abm epb tpr_shadow vnmi flexpriority ept vpid fsgsbase tsc_adjust bmi1 avx2 smep bmi2 erms invpcid xsaveopt dtherm ida arat pln pts
bugs		:
bogomips	: 4988.47
clflush size	: 64
cache_alignment	: 64
address sizes	: 39 bits physical, 48 bits virtual
power management:

processor	: 1
vendor_id	: GenuineIntel
cpu family	: 6
model		: 60
model name	: Intel(R) Core(TM) i5-4200M CPU @ 2.50GHz
stepping	: 3
microcode	: 0x16
cpu MHz		: 3000.195
cache size	: 3072 KB
physical id	: 0
siblings	: 4
core id		: 1
cpu cores	: 2
apicid		: 2
initial apicid	: 2
fpu		: yes
fpu_exception	: yes
cpuid level	: 13
wp		: yes
flags		: fpu vme de pse tsc msr pae mce cx8 apic sep mtrr pge mca cmov pat pse36 clflush dts acpi mmx fxsr sse sse2 ss ht tm pbe syscall nx pdpe1gb rdtscp lm constant_tsc arch_perfmon pebs bts rep_good nopl xtopology nonstop_tsc aperfmperf eagerfpu pni pclmulqdq dtes64 monitor ds_cpl vmx est tm2 ssse3 sdbg fma cx16 xtpr pdcm pcid sse4_1 sse4_2 movbe popcnt tsc_deadline_timer aes xsave avx f16c rdrand lahf_lm abm epb tpr_shadow vnmi flexpriority ept vpid fsgsbase tsc_adjust bmi1 avx2 smep bmi2 erms invpcid xsaveopt dtherm ida arat pln pts
bugs		:
bogomips	: 4988.47
clflush size	: 64
cache_alignment	: 64
address sizes	: 39 bits physical, 48 bits virtual
power management:

processor	: 2
vendor_id	: GenuineIntel
cpu family	: 6
model		: 60
model name	: Intel(R) Core(TM) i5-4200M CPU @ 2.50GHz
stepping	: 3
microcode	: 0x16
cpu MHz		: 3014.941
cache size	: 3072 KB
physical id	: 0
siblings	: 4
core id		: 0
cpu cores	: 2
apicid		: 1
initial apicid	: 1
fpu		: yes
fpu_exception	: yes
cpuid level	: 13
wp		: yes
flags		: fpu vme de pse tsc msr pae mce cx8 apic sep mtrr pge mca cmov pat pse36 clflush dts acpi mmx fxsr sse sse2 ss ht tm pbe syscall nx pdpe1gb rdtscp lm constant_tsc arch_perfmon pebs bts rep_good nopl xtopology nonstop_tsc aperfmperf eagerfpu pni pclmulqdq dtes64 monitor ds_cpl vmx est tm2 ssse3 sdbg fma cx16 xtpr pdcm pcid sse4_1 sse4_2 movbe popcnt tsc_deadline_timer aes xsave avx f16c rdrand lahf_lm abm epb tpr_shadow vnmi flexpriority ept vpid fsgsbase tsc_adjust bmi1 avx2 smep bmi2 erms invpcid xsaveopt dtherm ida arat pln pts
bugs		:
bogomips	: 4988.47
clflush size	: 64
cache_alignment	: 64
address sizes	: 39 bits physical, 48 bits virtual
power management:

processor	: 3
vendor_id	: GenuineIntel
cpu family	: 6
model		: 60
model name	: Intel(R) Core(TM) i5-4200M CPU @ 2.50GHz
stepping	: 3
microcode	: 0x16
cpu MHz		: 3000.390
cache size	: 3072 KB
physical id	: 0
siblings	: 4
core id		: 1
cpu cores	: 2
apicid		: 3
initial apicid	: 3
fpu		: yes
fpu_exception	: yes
cpuid level	: 13
wp		: yes
flags		: fpu vme de pse tsc msr pae mce cx8 apic sep mtrr pge mca cmov pat pse36 clflush dts acpi mmx fxsr sse sse2 ss ht tm pbe syscall nx pdpe1gb rdtscp lm constant_tsc arch_perfmon pebs bts rep_good nopl xtopology nonstop_tsc aperfmperf eagerfpu pni pclmulqdq dtes64 monitor ds_cpl vmx est tm2 ssse3 sdbg fma cx16 xtpr pdcm pcid sse4_1 sse4_2 movbe popcnt tsc_deadline_timer aes xsave avx f16c rdrand lahf_lm abm epb tpr_shadow vnmi flexpriority ept vpid fsgsbase tsc_adjust bmi1 avx2 smep bmi2 erms invpcid xsaveopt dtherm ida arat pln pts
bugs		:
bogomips	: 4988.47
clflush size	: 64
cache_alignment	: 64
address sizes	: 39 bits physical, 48 bits virtual
power management:



Memory: 4k page, physical 3956776k(210860k free), swap 0k(0k free)

vm_info: Java HotSpot(TM) 64-Bit Server VM (25.91-b14) for linux-amd64 JRE (1.8.0_91-b14), built on Apr  1 2016 00:57:21 by "java_re" with gcc 4.3.0 20080428 (Red Hat 4.3.0-8)

time: Mon May 16 23:27:38 2016
elapsed time: 7 seconds (0d 0h 0m 7s)

