#
# There is insufficient memory for the Java Runtime Environment to continue.
# Native memory allocation (mmap) failed to map 170917888 bytes for committing reserved memory.
# Possible reasons:
#   The system is out of physical RAM or swap space
#   In 32 bit mode, the process size limit was hit
# Possible solutions:
#   Reduce memory load on the system
#   Increase physical memory or swap space
#   Check if swap backing store is full
#   Use 64 bit Java on a 64 bit OS
#   Decrease Java heap size (-Xmx/-Xms)
#   Decrease number of Java threads
#   Decrease Java thread stack sizes (-Xss)
#   Set larger code cache with -XX:ReservedCodeCacheSize=
# This output file may be truncated or incomplete.
#
#  Out of Memory Error (os_linux.cpp:2627), pid=4531, tid=140337018758912
#
# JRE version: Java(TM) SE Runtime Environment (8.0_91-b14) (build 1.8.0_91-b14)
# Java VM: Java HotSpot(TM) 64-Bit Server VM (25.91-b14 mixed mode linux-amd64 compressed oops)
# Failed to write core dump. Core dumps have been disabled. To enable core dumping, try "ulimit -c unlimited" before starting Java again
#

---------------  T H R E A D  ---------------

Current thread (0x00007fa2d4078000):  VMThread [stack: 0x00007fa2c216e000,0x00007fa2c226f000] [id=4562]

Stack: [0x00007fa2c216e000,0x00007fa2c226f000],  sp=0x00007fa2c226cfa0,  free space=1019k
Native frames: (J=compiled Java code, j=interpreted, Vv=VM code, C=native code)
V  [libjvm.so+0xabc18a]  VMError::report_and_die()+0x2ba
V  [libjvm.so+0x4fafeb]  report_vm_out_of_memory(char const*, int, unsigned long, VMErrorType, char const*)+0x8b
V  [libjvm.so+0x91cbb3]  os::Linux::commit_memory_impl(char*, unsigned long, bool)+0x103
V  [libjvm.so+0x91d109]  os::pd_commit_memory(char*, unsigned long, unsigned long, bool)+0x29
V  [libjvm.so+0x91740a]  os::commit_memory(char*, unsigned long, unsigned long, bool)+0x2a
V  [libjvm.so+0x98b033]  PSVirtualSpace::expand_by(unsigned long)+0x53
V  [libjvm.so+0x98c438]  PSYoungGen::resize_generation(unsigned long, unsigned long)+0xf8
V  [libjvm.so+0x98b592]  PSYoungGen::resize(unsigned long, unsigned long)+0x22
V  [libjvm.so+0x98886b]  PSScavenge::invoke_no_policy()+0xf3b
V  [libjvm.so+0x988ff1]  PSScavenge::invoke()+0x41
V  [libjvm.so+0x9408b0]  ParallelScavengeHeap::failed_mem_allocate(unsigned long)+0x70
V  [libjvm.so+0xabdba7]  VM_ParallelGCFailedAllocation::doit()+0x97
V  [libjvm.so+0xac55d5]  VM_Operation::evaluate()+0x55
V  [libjvm.so+0xac39aa]  VMThread::evaluate_operation(VM_Operation*)+0xba
V  [libjvm.so+0xac3d2e]  VMThread::loop()+0x1ce
V  [libjvm.so+0xac41a0]  VMThread::run()+0x70
V  [libjvm.so+0x91ef78]  java_start(Thread*)+0x108

VM_Operation (0x00007fa2c167bcc0): ParallelGCFailedAllocation, mode: safepoint, requested by thread 0x00007fa2d4127000


---------------  P R O C E S S  ---------------

Java Threads: ( => current thread )
  0x00007fa2d4134800 JavaThread "pool-1-thread-4" [_thread_blocked, id=4618, stack(0x00007fa2c1179000,0x00007fa2c127a000)]
  0x00007fa2d4130800 JavaThread "pool-1-thread-3" [_thread_blocked, id=4615, stack(0x00007fa2c127a000,0x00007fa2c137b000)]
  0x00007fa2d412e000 JavaThread "pool-1-thread-2" [_thread_blocked, id=4609, stack(0x00007fa2c137b000,0x00007fa2c147c000)]
  0x00007fa2d4129800 JavaThread "pool-2-thread-1" [_thread_blocked, id=4606, stack(0x00007fa2c147c000,0x00007fa2c157d000)]
  0x00007fa2d4127000 JavaThread "pool-1-thread-1" [_thread_blocked, id=4603, stack(0x00007fa2c157d000,0x00007fa2c167e000)]
  0x00007fa2d40c1800 JavaThread "Service Thread" daemon [_thread_blocked, id=4591, stack(0x00007fa2c178e000,0x00007fa2c188f000)]
  0x00007fa2d40be000 JavaThread "C1 CompilerThread2" daemon [_thread_blocked, id=4588, stack(0x00007fa2c188f000,0x00007fa2c1990000)]
  0x00007fa2d40bc800 JavaThread "C2 CompilerThread1" daemon [_thread_blocked, id=4587, stack(0x00007fa2c1990000,0x00007fa2c1a91000)]
  0x00007fa2d40b9800 JavaThread "C2 CompilerThread0" daemon [_thread_blocked, id=4584, stack(0x00007fa2c1a91000,0x00007fa2c1b92000)]
  0x00007fa2d40b8000 JavaThread "Signal Dispatcher" daemon [_thread_blocked, id=4579, stack(0x00007fa2c1b92000,0x00007fa2c1c93000)]
  0x00007fa2d4084000 JavaThread "Finalizer" daemon [_thread_blocked, id=4568, stack(0x00007fa2c1f6c000,0x00007fa2c206d000)]
  0x00007fa2d407f800 JavaThread "Reference Handler" daemon [_thread_blocked, id=4566, stack(0x00007fa2c206d000,0x00007fa2c216e000)]
  0x00007fa2d400a000 JavaThread "main" [_thread_blocked, id=4539, stack(0x00007fa2dc815000,0x00007fa2dc916000)]

Other Threads:
=>0x00007fa2d4078000 VMThread [stack: 0x00007fa2c216e000,0x00007fa2c226f000] [id=4562]
  0x00007fa2d40c4000 WatcherThread [stack: 0x00007fa2c168d000,0x00007fa2c178e000] [id=4592]

VM state:at safepoint (normal execution)

VM Mutex/Monitor currently owned by a thread:  ([mutex/lock_event])
[0x00007fa2d4006460] Threads_lock - owner thread: 0x00007fa2d4078000
[0x00007fa2d4006960] Heap_lock - owner thread: 0x00007fa2d4127000

Heap:
 PSYoungGen      total 139776K, used 17892K [0x00000000eab00000, 0x00000000f4a00000, 0x0000000100000000)
  eden space 121856K, 0% used [0x00000000eab00000,0x00000000eab00000,0x00000000f2200000)
  from space 17920K, 99% used [0x00000000f2200000,0x00000000f33791f8,0x00000000f3380000)
  to   space 12800K, 0% used [0x00000000f3380000,0x00000000f3380000,0x00000000f4000000)
 ParOldGen       total 71680K, used 71461K [0x00000000c0000000, 0x00000000c4600000, 0x00000000eab00000)
  object space 71680K, 99% used [0x00000000c0000000,0x00000000c45c9700,0x00000000c4600000)
 Metaspace       used 5800K, capacity 7088K, committed 7296K, reserved 1056768K
  class space    used 569K, capacity 616K, committed 640K, reserved 1048576K

Card table byte_map: [0x00007fa2d93cd000,0x00007fa2d95ce000] byte_map_base: 0x00007fa2d8dcd000

Marking Bits: (ParMarkBitMap*) 0x00007fa2dbcebd60
 Begin Bits: [0x00007fa2c3000000, 0x00007fa2c4000000)
 End Bits:   [0x00007fa2c4000000, 0x00007fa2c5000000)

Polling page: 0x00007fa2dc93a000

CodeCache: size=245760Kb used=6223Kb max_used=6223Kb free=239536Kb
 bounds [0x00007fa2c5000000, 0x00007fa2c5620000, 0x00007fa2d4000000]
 total_blobs=1782 nmethods=1521 adapters=175
 compilation: enabled

Compilation events (10 events):
Event: 7.350 Thread 0x00007fa2d40be000 1815       2       com.android.dx.util.ListIntSet::has (17 bytes)
Event: 7.351 Thread 0x00007fa2d40be000 nmethod 1815 0x00007fa2c560d690 code [0x00007fa2c560d800, 0x00007fa2c560d988]
Event: 7.351 Thread 0x00007fa2d40be000 1817       2       com.android.dx.util.ListIntSet::add (26 bytes)
Event: 7.351 Thread 0x00007fa2d40be000 nmethod 1817 0x00007fa2c560da50 code [0x00007fa2c560dbc0, 0x00007fa2c560dd98]
Event: 7.351 Thread 0x00007fa2d40be000 1818       2       com.android.dx.util.IntList::insert (115 bytes)
Event: 7.352 Thread 0x00007fa2d40be000 nmethod 1818 0x00007fa2c560de90 code [0x00007fa2c560e020, 0x00007fa2c560e3e8]
Event: 7.353 Thread 0x00007fa2d40be000 1819       3       com.android.dx.ssa.SsaConverter::placePhiFunctions (394 bytes)
Event: 7.357 Thread 0x00007fa2d40be000 nmethod 1819 0x00007fa2c560e5d0 code [0x00007fa2c560eb40, 0x00007fa2c5611ed8]
Event: 7.687 Thread 0x00007fa2d40be000 1820       2       com.android.dx.ssa.PhiTypeResolver::resolveResultType (308 bytes)
Event: 7.689 Thread 0x00007fa2d40be000 nmethod 1820 0x00007fa2c5615450 code [0x00007fa2c5615740, 0x00007fa2c5616598]

GC Heap History (10 events):
Event: 2.109 GC heap after
Heap after GC invocations=2 (full 0):
 PSYoungGen      total 34304K, used 2556K [0x00000000eab00000, 0x00000000ecf00000, 0x0000000100000000)
  eden space 31744K, 0% used [0x00000000eab00000,0x00000000eab00000,0x00000000eca00000)
  from space 2560K, 99% used [0x00000000ecc80000,0x00000000eceff0e0,0x00000000ecf00000)
  to   space 2560K, 0% used [0x00000000eca00000,0x00000000eca00000,0x00000000ecc80000)
 ParOldGen       total 42496K, used 3572K [0x00000000c0000000, 0x00000000c2980000, 0x00000000eab00000)
  object space 42496K, 8% used [0x00000000c0000000,0x00000000c037d040,0x00000000c2980000)
 Metaspace       used 5441K, capacity 6768K, committed 7040K, reserved 1056768K
  class space    used 566K, capacity 616K, committed 640K, reserved 1048576K
}
Event: 3.113 GC heap before
{Heap before GC invocations=3 (full 0):
 PSYoungGen      total 34304K, used 34300K [0x00000000eab00000, 0x00000000ecf00000, 0x0000000100000000)
  eden space 31744K, 100% used [0x00000000eab00000,0x00000000eca00000,0x00000000eca00000)
  from space 2560K, 99% used [0x00000000ecc80000,0x00000000eceff0e0,0x00000000ecf00000)
  to   space 2560K, 0% used [0x00000000eca00000,0x00000000eca00000,0x00000000ecc80000)
 ParOldGen       total 42496K, used 3572K [0x00000000c0000000, 0x00000000c2980000, 0x00000000eab00000)
  object space 42496K, 8% used [0x00000000c0000000,0x00000000c037d040,0x00000000c2980000)
 Metaspace       used 5506K, capacity 6832K, committed 7040K, reserved 1056768K
  class space    used 567K, capacity 616K, committed 640K, reserved 1048576K
Event: 3.164 GC heap after
Heap after GC invocations=3 (full 0):
 PSYoungGen      total 34304K, used 2556K [0x00000000eab00000, 0x00000000eee00000, 0x0000000100000000)
  eden space 31744K, 0% used [0x00000000eab00000,0x00000000eab00000,0x00000000eca00000)
  from space 2560K, 99% used [0x00000000eca00000,0x00000000ecc7f098,0x00000000ecc80000)
  to   space 2560K, 0% used [0x00000000eeb80000,0x00000000eeb80000,0x00000000eee00000)
 ParOldGen       total 42496K, used 8518K [0x00000000c0000000, 0x00000000c2980000, 0x00000000eab00000)
  object space 42496K, 20% used [0x00000000c0000000,0x00000000c0851ab0,0x00000000c2980000)
 Metaspace       used 5506K, capacity 6832K, committed 7040K, reserved 1056768K
  class space    used 567K, capacity 616K, committed 640K, reserved 1048576K
}
Event: 3.665 GC heap before
{Heap before GC invocations=4 (full 0):
 PSYoungGen      total 34304K, used 34300K [0x00000000eab00000, 0x00000000eee00000, 0x0000000100000000)
  eden space 31744K, 100% used [0x00000000eab00000,0x00000000eca00000,0x00000000eca00000)
  from space 2560K, 99% used [0x00000000eca00000,0x00000000ecc7f098,0x00000000ecc80000)
  to   space 2560K, 0% used [0x00000000eeb80000,0x00000000eeb80000,0x00000000eee00000)
 ParOldGen       total 42496K, used 8518K [0x00000000c0000000, 0x00000000c2980000, 0x00000000eab00000)
  object space 42496K, 20% used [0x00000000c0000000,0x00000000c0851ab0,0x00000000c2980000)
 Metaspace       used 5560K, capacity 6832K, committed 7040K, reserved 1056768K
  class space    used 567K, capacity 616K, committed 640K, reserved 1048576K
Event: 3.723 GC heap after
Heap after GC invocations=4 (full 0):
 PSYoungGen      total 66048K, used 2556K [0x00000000eab00000, 0x00000000eee00000, 0x0000000100000000)
  eden space 63488K, 0% used [0x00000000eab00000,0x00000000eab00000,0x00000000ee900000)
  from space 2560K, 99% used [0x00000000eeb80000,0x00000000eedff098,0x00000000eee00000)
  to   space 2560K, 0% used [0x00000000ee900000,0x00000000ee900000,0x00000000eeb80000)
 ParOldGen       total 42496K, used 13043K [0x00000000c0000000, 0x00000000c2980000, 0x00000000eab00000)
  object space 42496K, 30% used [0x00000000c0000000,0x00000000c0cbcc00,0x00000000c2980000)
 Metaspace       used 5560K, capacity 6832K, committed 7040K, reserved 1056768K
  class space    used 567K, capacity 616K, committed 640K, reserved 1048576K
}
Event: 4.862 GC heap before
{Heap before GC invocations=5 (full 0):
 PSYoungGen      total 66048K, used 66044K [0x00000000eab00000, 0x00000000eee00000, 0x0000000100000000)
  eden space 63488K, 100% used [0x00000000eab00000,0x00000000ee900000,0x00000000ee900000)
  from space 2560K, 99% used [0x00000000eeb80000,0x00000000eedff098,0x00000000eee00000)
  to   space 2560K, 0% used [0x00000000ee900000,0x00000000ee900000,0x00000000eeb80000)
 ParOldGen       total 42496K, used 13043K [0x00000000c0000000, 0x00000000c2980000, 0x00000000eab00000)
  object space 42496K, 30% used [0x00000000c0000000,0x00000000c0cbcc00,0x00000000c2980000)
 Metaspace       used 5627K, capacity 6896K, committed 7040K, reserved 1056768K
  class space    used 567K, capacity 616K, committed 640K, reserved 1048576K
Event: 4.929 GC heap after
Heap after GC invocations=5 (full 0):
 PSYoungGen      total 66048K, used 2538K [0x00000000eab00000, 0x00000000f4000000, 0x0000000100000000)
  eden space 63488K, 0% used [0x00000000eab00000,0x00000000eab00000,0x00000000ee900000)
  from space 2560K, 99% used [0x00000000ee900000,0x00000000eeb7aa90,0x00000000eeb80000)
  to   space 12800K, 0% used [0x00000000f3380000,0x00000000f3380000,0x00000000f4000000)
 ParOldGen       total 42496K, used 23297K [0x00000000c0000000, 0x00000000c2980000, 0x00000000eab00000)
  object space 42496K, 54% used [0x00000000c0000000,0x00000000c16c0478,0x00000000c2980000)
 Metaspace       used 5627K, capacity 6896K, committed 7040K, reserved 1056768K
  class space    used 567K, capacity 616K, committed 640K, reserved 1048576K
}
Event: 6.029 GC heap before
{Heap before GC invocations=6 (full 0):
 PSYoungGen      total 66048K, used 66026K [0x00000000eab00000, 0x00000000f4000000, 0x0000000100000000)
  eden space 63488K, 100% used [0x00000000eab00000,0x00000000ee900000,0x00000000ee900000)
  from space 2560K, 99% used [0x00000000ee900000,0x00000000eeb7aa90,0x00000000eeb80000)
  to   space 12800K, 0% used [0x00000000f3380000,0x00000000f3380000,0x00000000f4000000)
 ParOldGen       total 42496K, used 23297K [0x00000000c0000000, 0x00000000c2980000, 0x00000000eab00000)
  object space 42496K, 54% used [0x00000000c0000000,0x00000000c16c0478,0x00000000c2980000)
 Metaspace       used 5698K, capacity 6960K, committed 7040K, reserved 1056768K
  class space    used 568K, capacity 616K, committed 640K, reserved 1048576K
Event: 6.179 GC heap after
Heap after GC invocations=6 (full 0):
 PSYoungGen      total 134656K, used 12775K [0x00000000eab00000, 0x00000000f4a00000, 0x0000000100000000)
  eden space 121856K, 0% used [0x00000000eab00000,0x00000000eab00000,0x00000000f2200000)
  from space 12800K, 99% used [0x00000000f3380000,0x00000000f3ff9ee0,0x00000000f4000000)
  to   space 17920K, 0% used [0x00000000f2200000,0x00000000f2200000,0x00000000f3380000)
 ParOldGen       total 42496K, used 27863K [0x00000000c0000000, 0x00000000c2980000, 0x00000000eab00000)
  object space 42496K, 65% used [0x00000000c0000000,0x00000000c1b35f40,0x00000000c2980000)
 Metaspace       used 5698K, capacity 6960K, committed 7040K, reserved 1056768K
  class space    used 568K, capacity 616K, committed 640K, reserved 1048576K
}
Event: 7.753 GC heap before
{Heap before GC invocations=7 (full 0):
 PSYoungGen      total 134656K, used 134631K [0x00000000eab00000, 0x00000000f4a00000, 0x0000000100000000)
  eden space 121856K, 100% used [0x00000000eab00000,0x00000000f2200000,0x00000000f2200000)
  from space 12800K, 99% used [0x00000000f3380000,0x00000000f3ff9ee0,0x00000000f4000000)
  to   space 17920K, 0% used [0x00000000f2200000,0x00000000f2200000,0x00000000f3380000)
 ParOldGen       total 42496K, used 27863K [0x00000000c0000000, 0x00000000c2980000, 0x00000000eab00000)
  object space 42496K, 65% used [0x00000000c0000000,0x00000000c1b35f40,0x00000000c2980000)
 Metaspace       used 5800K, capacity 7088K, committed 7296K, reserved 1056768K
  class space    used 569K, capacity 616K, committed 640K, reserved 1048576K

Deoptimization events (9 events):
Event: 1.152 Thread 0x00007fa2d4127000 Uncommon trap: reason=unstable_if action=reinterpret pc=0x00007fa2c51c19fc method=java.util.BitSet.ensureCapacity(I)V @ 6
Event: 1.311 Thread 0x00007fa2d4134800 Uncommon trap: reason=unstable_if action=reinterpret pc=0x00007fa2c51a3d68 method=com.android.dx.rop.code.RegisterSpec.equals(ILcom/android/dx/rop/type/TypeBearer;Lcom/android/dx/rop/code/LocalItem;)Z @ 16
Event: 2.173 Thread 0x00007fa2d400a000 Uncommon trap: reason=unstable_if action=reinterpret pc=0x00007fa2c517abd8 method=java.lang.String.<init>([CII)V @ 18
Event: 2.696 Thread 0x00007fa2d400a000 Uncommon trap: reason=unloaded action=reinterpret pc=0x00007fa2c51a7a70 method=com.android.dx.cf.cst.ConstantPoolParser.parse0(ILjava/util/BitSet;)Lcom/android/dx/rop/cst/Constant; @ 176
Event: 3.289 Thread 0x00007fa2d400a000 Uncommon trap: reason=bimorphic action=maybe_recompile pc=0x00007fa2c52971bc method=java.util.HashMap.getNode(ILjava/lang/Object;)Ljava/util/HashMap$Node; @ 126
Event: 3.289 Thread 0x00007fa2d400a000 Uncommon trap: reason=bimorphic action=maybe_recompile pc=0x00007fa2c52971bc method=java.util.HashMap.getNode(ILjava/lang/Object;)Ljava/util/HashMap$Node; @ 126
Event: 3.845 Thread 0x00007fa2d4130800 Uncommon trap: reason=bimorphic action=maybe_recompile pc=0x00007fa2c52971bc method=java.util.HashMap.getNode(ILjava/lang/Object;)Ljava/util/HashMap$Node; @ 126
Event: 3.845 Thread 0x00007fa2d4130800 Uncommon trap: reason=bimorphic action=maybe_recompile pc=0x00007fa2c52971bc method=java.util.HashMap.getNode(ILjava/lang/Object;)Ljava/util/HashMap$Node; @ 126
Event: 5.362 Thread 0x00007fa2d400a000 Uncommon trap: reason=unstable_if action=reinterpret pc=0x00007fa2c5417284 method=com.android.dx.dex.code.OutputFinisher.hasLocalInfo(Lcom/android/dx/dex/code/DalvInsn;)Z @ 24

Internal exceptions (2 events):
Event: 0.045 Thread 0x00007fa2d400a000 Exception <a 'java/lang/NoSuchMethodError': Method sun.misc.Unsafe.defineClass(Ljava/lang/String;[BII)Ljava/lang/Class; name or signature does not match> (0x00000000eab07cc0) thrown at [/HUDSON/workspace/8-2-build-linux-amd64/jdk8u91/6644/hotspot/src/shar
Event: 0.045 Thread 0x00007fa2d400a000 Exception <a 'java/lang/NoSuchMethodError': Method sun.misc.Unsafe.prefetchRead(Ljava/lang/Object;J)V name or signature does not match> (0x00000000eab07fa8) thrown at [/HUDSON/workspace/8-2-build-linux-amd64/jdk8u91/6644/hotspot/src/share/vm/prims/jni.cpp

Events (10 events):
Event: 7.701 Thread 0x00007fa2d400a000 DEOPT UNPACKING pc=0x00007fa2c5047633 sp=0x00007fa2dc912f98 mode 0
Event: 7.701 Thread 0x00007fa2d400a000 DEOPT PACKING pc=0x00007fa2c525c12d sp=0x00007fa2dc913210
Event: 7.701 Thread 0x00007fa2d400a000 DEOPT UNPACKING pc=0x00007fa2c5047633 sp=0x00007fa2dc912f98 mode 0
Event: 7.702 Thread 0x00007fa2d400a000 DEOPT PACKING pc=0x00007fa2c525c12d sp=0x00007fa2dc913210
Event: 7.702 Thread 0x00007fa2d400a000 DEOPT UNPACKING pc=0x00007fa2c5047633 sp=0x00007fa2dc912f98 mode 0
Event: 7.702 Thread 0x00007fa2d400a000 DEOPT PACKING pc=0x00007fa2c525c12d sp=0x00007fa2dc913210
Event: 7.703 Thread 0x00007fa2d400a000 DEOPT UNPACKING pc=0x00007fa2c5047633 sp=0x00007fa2dc912f98 mode 0
Event: 7.703 Thread 0x00007fa2d400a000 DEOPT PACKING pc=0x00007fa2c525c12d sp=0x00007fa2dc913210
Event: 7.703 Thread 0x00007fa2d400a000 DEOPT UNPACKING pc=0x00007fa2c5047633 sp=0x00007fa2dc912f98 mode 0
Event: 7.703 Executing VM operation: ParallelGCFailedAllocation


Dynamic libraries:
00400000-00401000 r-xp 00000000 08:06 266116                             /home/mohamed/jdk1.8.0_91/bin/java
00600000-00601000 rw-p 00000000 08:06 266116                             /home/mohamed/jdk1.8.0_91/bin/java
014ee000-0150f000 rw-p 00000000 00:00 0                                  [heap]
c0000000-c4600000 rw-p 00000000 00:00 0 
c4600000-eab00000 ---p 00000000 00:00 0 
eab00000-f4a00000 rw-p 00000000 00:00 0 
fed00000-100000000 ---p 00000000 00:00 0 
100000000-1000a0000 rw-p 00000000 00:00 0 
1000a0000-140000000 ---p 00000000 00:00 0 
7fa274000000-7fa2740e3000 rw-p 00000000 00:00 0 
7fa2740e3000-7fa278000000 ---p 00000000 00:00 0 
7fa278000000-7fa27806b000 rw-p 00000000 00:00 0 
7fa27806b000-7fa27c000000 ---p 00000000 00:00 0 
7fa27c000000-7fa27c021000 rw-p 00000000 00:00 0 
7fa27c021000-7fa280000000 ---p 00000000 00:00 0 
7fa280000000-7fa28011e000 rw-p 00000000 00:00 0 
7fa28011e000-7fa284000000 ---p 00000000 00:00 0 
7fa284000000-7fa284021000 rw-p 00000000 00:00 0 
7fa284021000-7fa288000000 ---p 00000000 00:00 0 
7fa288000000-7fa288085000 rw-p 00000000 00:00 0 
7fa288085000-7fa28c000000 ---p 00000000 00:00 0 
7fa28c000000-7fa28cc77000 rw-p 00000000 00:00 0 
7fa28cc77000-7fa290000000 ---p 00000000 00:00 0 
7fa290000000-7fa290021000 rw-p 00000000 00:00 0 
7fa290021000-7fa294000000 ---p 00000000 00:00 0 
7fa294000000-7fa294dc6000 rw-p 00000000 00:00 0 
7fa294dc6000-7fa298000000 ---p 00000000 00:00 0 
7fa298000000-7fa298de6000 rw-p 00000000 00:00 0 
7fa298de6000-7fa29c000000 ---p 00000000 00:00 0 
7fa29c000000-7fa29c021000 rw-p 00000000 00:00 0 
7fa29c021000-7fa2a0000000 ---p 00000000 00:00 0 
7fa2a0000000-7fa2a0021000 rw-p 00000000 00:00 0 
7fa2a0021000-7fa2a4000000 ---p 00000000 00:00 0 
7fa2a4000000-7fa2a428d000 rw-p 00000000 00:00 0 
7fa2a428d000-7fa2a8000000 ---p 00000000 00:00 0 
7fa2a8000000-7fa2a8021000 rw-p 00000000 00:00 0 
7fa2a8021000-7fa2ac000000 ---p 00000000 00:00 0 
7fa2ac000000-7fa2ac021000 rw-p 00000000 00:00 0 
7fa2ac021000-7fa2b0000000 ---p 00000000 00:00 0 
7fa2b0000000-7fa2b0021000 rw-p 00000000 00:00 0 
7fa2b0021000-7fa2b4000000 ---p 00000000 00:00 0 
7fa2b4000000-7fa2b4021000 rw-p 00000000 00:00 0 
7fa2b4021000-7fa2b8000000 ---p 00000000 00:00 0 
7fa2bc000000-7fa2bc021000 rw-p 00000000 00:00 0 
7fa2bc021000-7fa2c0000000 ---p 00000000 00:00 0 
7fa2c1179000-7fa2c117c000 ---p 00000000 00:00 0 
7fa2c117c000-7fa2c127a000 rw-p 00000000 00:00 0 
7fa2c127a000-7fa2c127d000 ---p 00000000 00:00 0 
7fa2c127d000-7fa2c137b000 rw-p 00000000 00:00 0 
7fa2c137b000-7fa2c137e000 ---p 00000000 00:00 0 
7fa2c137e000-7fa2c147c000 rw-p 00000000 00:00 0 
7fa2c147c000-7fa2c147f000 ---p 00000000 00:00 0 
7fa2c147f000-7fa2c157d000 rw-p 00000000 00:00 0 
7fa2c157d000-7fa2c1580000 ---p 00000000 00:00 0 
7fa2c1580000-7fa2c167e000 rw-p 00000000 00:00 0 
7fa2c167e000-7fa2c168d000 r--s 000df000 08:06 6165411                    /home/mohamed/Android/Sdk/build-tools/23.0.1/lib/dx.jar
7fa2c168d000-7fa2c168e000 ---p 00000000 00:00 0 
7fa2c168e000-7fa2c178e000 rw-p 00000000 00:00 0 
7fa2c178e000-7fa2c1791000 ---p 00000000 00:00 0 
7fa2c1791000-7fa2c188f000 rw-p 00000000 00:00 0 
7fa2c188f000-7fa2c1892000 ---p 00000000 00:00 0 
7fa2c1892000-7fa2c1990000 rw-p 00000000 00:00 0 
7fa2c1990000-7fa2c1993000 ---p 00000000 00:00 0 
7fa2c1993000-7fa2c1a91000 rw-p 00000000 00:00 0 
7fa2c1a91000-7fa2c1a94000 ---p 00000000 00:00 0 
7fa2c1a94000-7fa2c1b92000 rw-p 00000000 00:00 0 
7fa2c1b92000-7fa2c1b95000 ---p 00000000 00:00 0 
7fa2c1b95000-7fa2c1c93000 rw-p 00000000 00:00 0 
7fa2c1c93000-7fa2c1f6c000 r--p 00000000 08:06 526509                     /usr/lib/locale/locale-archive
7fa2c1f6c000-7fa2c1f6f000 ---p 00000000 00:00 0 
7fa2c1f6f000-7fa2c206d000 rw-p 00000000 00:00 0 
7fa2c206d000-7fa2c2070000 ---p 00000000 00:00 0 
7fa2c2070000-7fa2c216e000 rw-p 00000000 00:00 0 
7fa2c216e000-7fa2c216f000 ---p 00000000 00:00 0 
7fa2c216f000-7fa2c5000000 rw-p 00000000 00:00 0 
7fa2c5000000-7fa2c5620000 rwxp 00000000 00:00 0 
7fa2c5620000-7fa2d4000000 ---p 00000000 00:00 0 
7fa2d4000000-7fa2d4395000 rw-p 00000000 00:00 0 
7fa2d4395000-7fa2d8000000 ---p 00000000 00:00 0 
7fa2d8001000-7fa2d8224000 rw-p 00000000 00:00 0 
7fa2d8224000-7fa2d83fd000 r--s 03d1f000 08:06 922159                     /home/mohamed/jdk1.8.0_91/jre/lib/rt.jar
7fa2d83fd000-7fa2d8af3000 rw-p 00000000 00:00 0 
7fa2d8af3000-7fa2d8c73000 ---p 00000000 00:00 0 
7fa2d8c73000-7fa2d8e73000 rw-p 00000000 00:00 0 
7fa2d8e73000-7fa2d8e74000 ---p 00000000 00:00 0 
7fa2d8e74000-7fa2d8f74000 rw-p 00000000 00:00 0 
7fa2d8f74000-7fa2d8f75000 ---p 00000000 00:00 0 
7fa2d8f75000-7fa2d9075000 rw-p 00000000 00:00 0 
7fa2d9075000-7fa2d9076000 ---p 00000000 00:00 0 
7fa2d9076000-7fa2d9176000 rw-p 00000000 00:00 0 
7fa2d9176000-7fa2d9177000 ---p 00000000 00:00 0 
7fa2d9177000-7fa2d929a000 rw-p 00000000 00:00 0 
7fa2d929a000-7fa2d93cd000 ---p 00000000 00:00 0 
7fa2d93cd000-7fa2d93f0000 rw-p 00000000 00:00 0 
7fa2d93f0000-7fa2d9522000 ---p 00000000 00:00 0 
7fa2d9522000-7fa2d9572000 rw-p 00000000 00:00 0 
7fa2d9572000-7fa2d95cd000 ---p 00000000 00:00 0 
7fa2d95cd000-7fa2d95e7000 rw-p 00000000 00:00 0 
7fa2d95e7000-7fa2d998e000 ---p 00000000 00:00 0 
7fa2d998e000-7fa2d99a8000 r-xp 00000000 08:06 922210                     /home/mohamed/jdk1.8.0_91/jre/lib/amd64/libzip.so
7fa2d99a8000-7fa2d9ba8000 ---p 0001a000 08:06 922210                     /home/mohamed/jdk1.8.0_91/jre/lib/amd64/libzip.so
7fa2d9ba8000-7fa2d9ba9000 rw-p 0001a000 08:06 922210                     /home/mohamed/jdk1.8.0_91/jre/lib/amd64/libzip.so
7fa2d9ba9000-7fa2d9bb4000 r-xp 00000000 08:06 278669                     /lib/x86_64-linux-gnu/libnss_files-2.23.so
7fa2d9bb4000-7fa2d9db3000 ---p 0000b000 08:06 278669                     /lib/x86_64-linux-gnu/libnss_files-2.23.so
7fa2d9db3000-7fa2d9db4000 r--p 0000a000 08:06 278669                     /lib/x86_64-linux-gnu/libnss_files-2.23.so
7fa2d9db4000-7fa2d9db5000 rw-p 0000b000 08:06 278669                     /lib/x86_64-linux-gnu/libnss_files-2.23.so
7fa2d9db5000-7fa2d9dbb000 rw-p 00000000 00:00 0 
7fa2d9dbb000-7fa2d9dc6000 r-xp 00000000 08:06 278666                     /lib/x86_64-linux-gnu/libnss_nis-2.23.so
7fa2d9dc6000-7fa2d9fc5000 ---p 0000b000 08:06 278666                     /lib/x86_64-linux-gnu/libnss_nis-2.23.so
7fa2d9fc5000-7fa2d9fc6000 r--p 0000a000 08:06 278666                     /lib/x86_64-linux-gnu/libnss_nis-2.23.so
7fa2d9fc6000-7fa2d9fc7000 rw-p 0000b000 08:06 278666                     /lib/x86_64-linux-gnu/libnss_nis-2.23.so
7fa2d9fc7000-7fa2d9fdd000 r-xp 00000000 08:06 278664                     /lib/x86_64-linux-gnu/libnsl-2.23.so
7fa2d9fdd000-7fa2da1dc000 ---p 00016000 08:06 278664                     /lib/x86_64-linux-gnu/libnsl-2.23.so
7fa2da1dc000-7fa2da1dd000 r--p 00015000 08:06 278664                     /lib/x86_64-linux-gnu/libnsl-2.23.so
7fa2da1dd000-7fa2da1de000 rw-p 00016000 08:06 278664                     /lib/x86_64-linux-gnu/libnsl-2.23.so
7fa2da1de000-7fa2da1e0000 rw-p 00000000 00:00 0 
7fa2da1e0000-7fa2da1e8000 r-xp 00000000 08:06 278662                     /lib/x86_64-linux-gnu/libnss_compat-2.23.so
7fa2da1e8000-7fa2da3e7000 ---p 00008000 08:06 278662                     /lib/x86_64-linux-gnu/libnss_compat-2.23.so
7fa2da3e7000-7fa2da3e8000 r--p 00007000 08:06 278662                     /lib/x86_64-linux-gnu/libnss_compat-2.23.so
7fa2da3e8000-7fa2da3e9000 rw-p 00008000 08:06 278662                     /lib/x86_64-linux-gnu/libnss_compat-2.23.so
7fa2da3e9000-7fa2da413000 r-xp 00000000 08:06 922205                     /home/mohamed/jdk1.8.0_91/jre/lib/amd64/libjava.so
7fa2da413000-7fa2da613000 ---p 0002a000 08:06 922205                     /home/mohamed/jdk1.8.0_91/jre/lib/amd64/libjava.so
7fa2da613000-7fa2da615000 rw-p 0002a000 08:06 922205                     /home/mohamed/jdk1.8.0_91/jre/lib/amd64/libjava.so
7fa2da615000-7fa2da622000 r-xp 00000000 08:06 922209                     /home/mohamed/jdk1.8.0_91/jre/lib/amd64/libverify.so
7fa2da622000-7fa2da822000 ---p 0000d000 08:06 922209                     /home/mohamed/jdk1.8.0_91/jre/lib/amd64/libverify.so
7fa2da822000-7fa2da824000 rw-p 0000d000 08:06 922209                     /home/mohamed/jdk1.8.0_91/jre/lib/amd64/libverify.so
7fa2da824000-7fa2da82b000 r-xp 00000000 08:06 278678                     /lib/x86_64-linux-gnu/librt-2.23.so
7fa2da82b000-7fa2daa2a000 ---p 00007000 08:06 278678                     /lib/x86_64-linux-gnu/librt-2.23.so
7fa2daa2a000-7fa2daa2b000 r--p 00006000 08:06 278678                     /lib/x86_64-linux-gnu/librt-2.23.so
7fa2daa2b000-7fa2daa2c000 rw-p 00007000 08:06 278678                     /lib/x86_64-linux-gnu/librt-2.23.so
7fa2daa2c000-7fa2dab34000 r-xp 00000000 08:06 278675                     /lib/x86_64-linux-gnu/libm-2.23.so
7fa2dab34000-7fa2dad33000 ---p 00108000 08:06 278675                     /lib/x86_64-linux-gnu/libm-2.23.so
7fa2dad33000-7fa2dad34000 r--p 00107000 08:06 278675                     /lib/x86_64-linux-gnu/libm-2.23.so
7fa2dad34000-7fa2dad35000 rw-p 00108000 08:06 278675                     /lib/x86_64-linux-gnu/libm-2.23.so
7fa2dad35000-7fa2db9f5000 r-xp 00000000 08:06 1184562                    /home/mohamed/jdk1.8.0_91/jre/lib/amd64/server/libjvm.so
7fa2db9f5000-7fa2dbbf5000 ---p 00cc0000 08:06 1184562                    /home/mohamed/jdk1.8.0_91/jre/lib/amd64/server/libjvm.so
7fa2dbbf5000-7fa2dbccd000 rw-p 00cc0000 08:06 1184562                    /home/mohamed/jdk1.8.0_91/jre/lib/amd64/server/libjvm.so
7fa2dbccd000-7fa2dbd18000 rw-p 00000000 00:00 0 
7fa2dbd18000-7fa2dbed8000 r-xp 00000000 08:06 278683                     /lib/x86_64-linux-gnu/libc-2.23.so
7fa2dbed8000-7fa2dc0d7000 ---p 001c0000 08:06 278683                     /lib/x86_64-linux-gnu/libc-2.23.so
7fa2dc0d7000-7fa2dc0db000 r--p 001bf000 08:06 278683                     /lib/x86_64-linux-gnu/libc-2.23.so
7fa2dc0db000-7fa2dc0dd000 rw-p 001c3000 08:06 278683                     /lib/x86_64-linux-gnu/libc-2.23.so
7fa2dc0dd000-7fa2dc0e1000 rw-p 00000000 00:00 0 
7fa2dc0e1000-7fa2dc0e4000 r-xp 00000000 08:06 278684                     /lib/x86_64-linux-gnu/libdl-2.23.so
7fa2dc0e4000-7fa2dc2e3000 ---p 00003000 08:06 278684                     /lib/x86_64-linux-gnu/libdl-2.23.so
7fa2dc2e3000-7fa2dc2e4000 r--p 00002000 08:06 278684                     /lib/x86_64-linux-gnu/libdl-2.23.so
7fa2dc2e4000-7fa2dc2e5000 rw-p 00003000 08:06 278684                     /lib/x86_64-linux-gnu/libdl-2.23.so
7fa2dc2e5000-7fa2dc2fa000 r-xp 00000000 08:06 36052                      /home/mohamed/jdk1.8.0_91/lib/amd64/jli/libjli.so
7fa2dc2fa000-7fa2dc4fa000 ---p 00015000 08:06 36052                      /home/mohamed/jdk1.8.0_91/lib/amd64/jli/libjli.so
7fa2dc4fa000-7fa2dc4fb000 rw-p 00015000 08:06 36052                      /home/mohamed/jdk1.8.0_91/lib/amd64/jli/libjli.so
7fa2dc4fb000-7fa2dc513000 r-xp 00000000 08:06 278682                     /lib/x86_64-linux-gnu/libpthread-2.23.so
7fa2dc513000-7fa2dc712000 ---p 00018000 08:06 278682                     /lib/x86_64-linux-gnu/libpthread-2.23.so
7fa2dc712000-7fa2dc713000 r--p 00017000 08:06 278682                     /lib/x86_64-linux-gnu/libpthread-2.23.so
7fa2dc713000-7fa2dc714000 rw-p 00018000 08:06 278682                     /lib/x86_64-linux-gnu/libpthread-2.23.so
7fa2dc714000-7fa2dc718000 rw-p 00000000 00:00 0 
7fa2dc718000-7fa2dc73e000 r-xp 00000000 08:06 278679                     /lib/x86_64-linux-gnu/ld-2.23.so
7fa2dc743000-7fa2dc815000 rw-p 00000000 00:00 0 
7fa2dc815000-7fa2dc818000 ---p 00000000 00:00 0 
7fa2dc818000-7fa2dc91a000 rw-p 00000000 00:00 0 
7fa2dc91d000-7fa2dc931000 rw-p 00000000 00:00 0 
7fa2dc931000-7fa2dc939000 rw-s 00000000 08:06 1185883                    /tmp/hsperfdata_mohamed/4531
7fa2dc939000-7fa2dc93a000 rw-p 00000000 00:00 0 
7fa2dc93a000-7fa2dc93b000 ---p 00000000 00:00 0 
7fa2dc93b000-7fa2dc93d000 rw-p 00000000 00:00 0 
7fa2dc93d000-7fa2dc93e000 r--p 00025000 08:06 278679                     /lib/x86_64-linux-gnu/ld-2.23.so
7fa2dc93e000-7fa2dc93f000 rw-p 00026000 08:06 278679                     /lib/x86_64-linux-gnu/ld-2.23.so
7fa2dc93f000-7fa2dc940000 rw-p 00000000 00:00 0 
7ffc87c27000-7ffc87c48000 rw-p 00000000 00:00 0                          [stack]
7ffc87c8d000-7ffc87c8f000 r--p 00000000 00:00 0                          [vvar]
7ffc87c8f000-7ffc87c91000 r-xp 00000000 00:00 0                          [vdso]
ffffffffff600000-ffffffffff601000 r-xp 00000000 00:00 0                  [vsyscall]

VM Arguments:
jvm_args: -Djava.awt.headless=true -Xmx1024M -Dfile.encoding=UTF-8 -Duser.country=US -Duser.language=en -Duser.variant 
java_command: com.android.dx.command.Main --dex --force-jumbo --num-threads=4 --output /media/mohamed/Programs/Explore/app/build/intermediates/pre-dexed/debug/main_b96a9e6e4bba87f32530723a59caa4b0f833400a.jar /media/mohamed/Programs/Explore/app/build/intermediates/transforms/instantRun/debug/folders/1/5/main
java_class_path (initial): /home/mohamed/Android/Sdk/build-tools/23.0.1/lib/dx.jar
Launcher Type: SUN_STANDARD

Environment Variables:
JAVA_HOME=/usr/lib/jvm/java-8-oracle
PATH=/usr/local/sbin:/usr/local/bin:/usr/sbin:/usr/bin:/sbin:/bin:/usr/games:/usr/local/games:/snap/bin:/usr/lib/jvm/java-8-oracle/bin:/usr/lib/jvm/java-8-oracle/db/bin:/usr/lib/jvm/java-8-oracle/jre/bin
LD_LIBRARY_PATH=/home/mohamed/tools/android/android-studio/bin:
SHELL=/bin/bash
DISPLAY=:0

Signal Handlers:
SIGSEGV: [libjvm.so+0xabca10], sa_mask[0]=11111111011111111101111111111110, sa_flags=SA_RESTART|SA_SIGINFO
SIGBUS: [libjvm.so+0xabca10], sa_mask[0]=11111111011111111101111111111110, sa_flags=SA_RESTART|SA_SIGINFO
SIGFPE: [libjvm.so+0x919a20], sa_mask[0]=11111111011111111101111111111110, sa_flags=SA_RESTART|SA_SIGINFO
SIGPIPE: [libjvm.so+0x919a20], sa_mask[0]=11111111011111111101111111111110, sa_flags=SA_RESTART|SA_SIGINFO
SIGXFSZ: [libjvm.so+0x919a20], sa_mask[0]=11111111011111111101111111111110, sa_flags=SA_RESTART|SA_SIGINFO
SIGILL: [libjvm.so+0x919a20], sa_mask[0]=11111111011111111101111111111110, sa_flags=SA_RESTART|SA_SIGINFO
SIGUSR1: SIG_DFL, sa_mask[0]=00000000000000000000000000000000, sa_flags=none
SIGUSR2: [libjvm.so+0x91b050], sa_mask[0]=00100000000000000000000000000000, sa_flags=SA_RESTART|SA_SIGINFO
SIGHUP: [libjvm.so+0x91c450], sa_mask[0]=11111111011111111101111111111110, sa_flags=SA_RESTART|SA_SIGINFO
SIGINT: [libjvm.so+0x91c450], sa_mask[0]=11111111011111111101111111111110, sa_flags=SA_RESTART|SA_SIGINFO
SIGTERM: [libjvm.so+0x91c450], sa_mask[0]=11111111011111111101111111111110, sa_flags=SA_RESTART|SA_SIGINFO
SIGQUIT: [libjvm.so+0x91c450], sa_mask[0]=11111111011111111101111111111110, sa_flags=SA_RESTART|SA_SIGINFO


---------------  S Y S T E M  ---------------

OS:DISTRIB_ID=Ubuntu
DISTRIB_RELEASE=16.04
DISTRIB_CODENAME=xenial
DISTRIB_DESCRIPTION="Ubuntu 16.04 LTS"

uname:Linux 4.4.0-22-generic #39-Ubuntu SMP Thu May 5 16:53:32 UTC 2016 x86_64
libc:glibc 2.23 NPTL 2.23 
rlimit: STACK 8192k, CORE 0k, NPROC 15304, NOFILE 65536, AS infinity
load average:6.15 3.48 3.75

/proc/meminfo:
MemTotal:        3956776 kB
MemFree:          116988 kB
MemAvailable:     207112 kB
Buffers:            2064 kB
Cached:           334960 kB
SwapCached:            0 kB
Active:          3362616 kB
Inactive:         277000 kB
Active(anon):    3321112 kB
Inactive(anon):   238748 kB
Active(file):      41504 kB
Inactive(file):    38252 kB
Unevictable:          32 kB
Mlocked:              32 kB
SwapTotal:             0 kB
SwapFree:              0 kB
Dirty:             17144 kB
Writeback:           296 kB
AnonPages:       3302996 kB
Mapped:           182532 kB
Shmem:            257000 kB
Slab:              83496 kB
SReclaimable:      39756 kB
SUnreclaim:        43740 kB
KernelStack:       12800 kB
PageTables:        52160 kB
NFS_Unstable:          0 kB
Bounce:                0 kB
WritebackTmp:          0 kB
CommitLimit:     1978388 kB
Committed_AS:    8369520 kB
VmallocTotal:   34359738367 kB
VmallocUsed:           0 kB
VmallocChunk:          0 kB
HardwareCorrupted:     0 kB
AnonHugePages:    868352 kB
CmaTotal:              0 kB
CmaFree:               0 kB
HugePages_Total:       0
HugePages_Free:        0
HugePages_Rsvd:        0
HugePages_Surp:        0
Hugepagesize:       2048 kB
DirectMap4k:      162168 kB
DirectMap2M:     3942400 kB
DirectMap1G:           0 kB


CPU:total 4 (2 cores per cpu, 2 threads per core) family 6 model 60 stepping 3, cmov, cx8, fxsr, mmx, sse, sse2, sse3, ssse3, sse4.1, sse4.2, popcnt, avx, avx2, aes, clmul, erms, lzcnt, ht, tsc, tscinvbit, bmi1, bmi2

/proc/cpuinfo:
processor	: 0
vendor_id	: GenuineIntel
cpu family	: 6
model		: 60
model name	: Intel(R) Core(TM) i5-4200M CPU @ 2.50GHz
stepping	: 3
microcode	: 0x16
cpu MHz		: 2632.324
cache size	: 3072 KB
physical id	: 0
siblings	: 4
core id		: 0
cpu cores	: 2
apicid		: 0
initial apicid	: 0
fpu		: yes
fpu_exception	: yes
cpuid level	: 13
wp		: yes
flags		: fpu vme de pse tsc msr pae mce cx8 apic sep mtrr pge mca cmov pat pse36 clflush dts acpi mmx fxsr sse sse2 ss ht tm pbe syscall nx pdpe1gb rdtscp lm constant_tsc arch_perfmon pebs bts rep_good nopl xtopology nonstop_tsc aperfmperf eagerfpu pni pclmulqdq dtes64 monitor ds_cpl vmx est tm2 ssse3 sdbg fma cx16 xtpr pdcm pcid sse4_1 sse4_2 movbe popcnt tsc_deadline_timer aes xsave avx f16c rdrand lahf_lm abm epb tpr_shadow vnmi flexpriority ept vpid fsgsbase tsc_adjust bmi1 avx2 smep bmi2 erms invpcid xsaveopt dtherm ida arat pln pts
bugs		:
bogomips	: 4988.45
clflush size	: 64
cache_alignment	: 64
address sizes	: 39 bits physical, 48 bits virtual
power management:

processor	: 1
vendor_id	: GenuineIntel
cpu family	: 6
model		: 60
model name	: Intel(R) Core(TM) i5-4200M CPU @ 2.50GHz
stepping	: 3
microcode	: 0x16
cpu MHz		: 2629.980
cache size	: 3072 KB
physical id	: 0
siblings	: 4
core id		: 1
cpu cores	: 2
apicid		: 2
initial apicid	: 2
fpu		: yes
fpu_exception	: yes
cpuid level	: 13
wp		: yes
flags		: fpu vme de pse tsc msr pae mce cx8 apic sep mtrr pge mca cmov pat pse36 clflush dts acpi mmx fxsr sse sse2 ss ht tm pbe syscall nx pdpe1gb rdtscp lm constant_tsc arch_perfmon pebs bts rep_good nopl xtopology nonstop_tsc aperfmperf eagerfpu pni pclmulqdq dtes64 monitor ds_cpl vmx est tm2 ssse3 sdbg fma cx16 xtpr pdcm pcid sse4_1 sse4_2 movbe popcnt tsc_deadline_timer aes xsave avx f16c rdrand lahf_lm abm epb tpr_shadow vnmi flexpriority ept vpid fsgsbase tsc_adjust bmi1 avx2 smep bmi2 erms invpcid xsaveopt dtherm ida arat pln pts
bugs		:
bogomips	: 4988.45
clflush size	: 64
cache_alignment	: 64
address sizes	: 39 bits physical, 48 bits virtual
power management:

processor	: 2
vendor_id	: GenuineIntel
cpu family	: 6
model		: 60
model name	: Intel(R) Core(TM) i5-4200M CPU @ 2.50GHz
stepping	: 3
microcode	: 0x16
cpu MHz		: 2682.519
cache size	: 3072 KB
physical id	: 0
siblings	: 4
core id		: 0
cpu cores	: 2
apicid		: 1
initial apicid	: 1
fpu		: yes
fpu_exception	: yes
cpuid level	: 13
wp		: yes
flags		: fpu vme de pse tsc msr pae mce cx8 apic sep mtrr pge mca cmov pat pse36 clflush dts acpi mmx fxsr sse sse2 ss ht tm pbe syscall nx pdpe1gb rdtscp lm constant_tsc arch_perfmon pebs bts rep_good nopl xtopology nonstop_tsc aperfmperf eagerfpu pni pclmulqdq dtes64 monitor ds_cpl vmx est tm2 ssse3 sdbg fma cx16 xtpr pdcm pcid sse4_1 sse4_2 movbe popcnt tsc_deadline_timer aes xsave avx f16c rdrand lahf_lm abm epb tpr_shadow vnmi flexpriority ept vpid fsgsbase tsc_adjust bmi1 avx2 smep bmi2 erms invpcid xsaveopt dtherm ida arat pln pts
bugs		:
bogomips	: 4988.45
clflush size	: 64
cache_alignment	: 64
address sizes	: 39 bits physical, 48 bits virtual
power management:

processor	: 3
vendor_id	: GenuineIntel
cpu family	: 6
model		: 60
model name	: Intel(R) Core(TM) i5-4200M CPU @ 2.50GHz
stepping	: 3
microcode	: 0x16
cpu MHz		: 2667.089
cache size	: 3072 KB
physical id	: 0
siblings	: 4
core id		: 1
cpu cores	: 2
apicid		: 3
initial apicid	: 3
fpu		: yes
fpu_exception	: yes
cpuid level	: 13
wp		: yes
flags		: fpu vme de pse tsc msr pae mce cx8 apic sep mtrr pge mca cmov pat pse36 clflush dts acpi mmx fxsr sse sse2 ss ht tm pbe syscall nx pdpe1gb rdtscp lm constant_tsc arch_perfmon pebs bts rep_good nopl xtopology nonstop_tsc aperfmperf eagerfpu pni pclmulqdq dtes64 monitor ds_cpl vmx est tm2 ssse3 sdbg fma cx16 xtpr pdcm pcid sse4_1 sse4_2 movbe popcnt tsc_deadline_timer aes xsave avx f16c rdrand lahf_lm abm epb tpr_shadow vnmi flexpriority ept vpid fsgsbase tsc_adjust bmi1 avx2 smep bmi2 erms invpcid xsaveopt dtherm ida arat pln pts
bugs		:
bogomips	: 4988.45
clflush size	: 64
cache_alignment	: 64
address sizes	: 39 bits physical, 48 bits virtual
power management:



Memory: 4k page, physical 3956776k(116988k free), swap 0k(0k free)

vm_info: Java HotSpot(TM) 64-Bit Server VM (25.91-b14) for linux-amd64 JRE (1.8.0_91-b14), built on Apr  1 2016 00:57:21 by "java_re" with gcc 4.3.0 20080428 (Red Hat 4.3.0-8)

time: Mon May  9 02:23:39 2016
elapsed time: 9 seconds (0d 0h 0m 9s)

