#
# There is insufficient memory for the Java Runtime Environment to continue.
# Native memory allocation (mmap) failed to map 84934656 bytes for committing reserved memory.
# Possible reasons:
#   The system is out of physical RAM or swap space
#   In 32 bit mode, the process size limit was hit
# Possible solutions:
#   Reduce memory load on the system
#   Increase physical memory or swap space
#   Check if swap backing store is full
#   Use 64 bit Java on a 64 bit OS
#   Decrease Java heap size (-Xmx/-Xms)
#   Decrease number of Java threads
#   Decrease Java thread stack sizes (-Xss)
#   Set larger code cache with -XX:ReservedCodeCacheSize=
# This output file may be truncated or incomplete.
#
#  Out of Memory Error (os_linux.cpp:2627), pid=12107, tid=140367748876032
#
# JRE version: Java(TM) SE Runtime Environment (8.0_91-b14) (build 1.8.0_91-b14)
# Java VM: Java HotSpot(TM) 64-Bit Server VM (25.91-b14 mixed mode linux-amd64 compressed oops)
# Failed to write core dump. Core dumps have been disabled. To enable core dumping, try "ulimit -c unlimited" before starting Java again
#

---------------  T H R E A D  ---------------

Current thread (0x00007fa9fc078000):  VMThread [stack: 0x00007fa9e9bf4000,0x00007fa9e9cf5000] [id=12120]

Stack: [0x00007fa9e9bf4000,0x00007fa9e9cf5000],  sp=0x00007fa9e9cf2fa0,  free space=1019k
Native frames: (J=compiled Java code, j=interpreted, Vv=VM code, C=native code)
V  [libjvm.so+0xabc18a]  VMError::report_and_die()+0x2ba
V  [libjvm.so+0x4fafeb]  report_vm_out_of_memory(char const*, int, unsigned long, VMErrorType, char const*)+0x8b
V  [libjvm.so+0x91cbb3]  os::Linux::commit_memory_impl(char*, unsigned long, bool)+0x103
V  [libjvm.so+0x91d109]  os::pd_commit_memory(char*, unsigned long, unsigned long, bool)+0x29
V  [libjvm.so+0x91740a]  os::commit_memory(char*, unsigned long, unsigned long, bool)+0x2a
V  [libjvm.so+0x98b033]  PSVirtualSpace::expand_by(unsigned long)+0x53
V  [libjvm.so+0x98c438]  PSYoungGen::resize_generation(unsigned long, unsigned long)+0xf8
V  [libjvm.so+0x98b592]  PSYoungGen::resize(unsigned long, unsigned long)+0x22
V  [libjvm.so+0x98886b]  PSScavenge::invoke_no_policy()+0xf3b
V  [libjvm.so+0x988ff1]  PSScavenge::invoke()+0x41
V  [libjvm.so+0x9408b0]  ParallelScavengeHeap::failed_mem_allocate(unsigned long)+0x70
V  [libjvm.so+0xabdba7]  VM_ParallelGCFailedAllocation::doit()+0x97
V  [libjvm.so+0xac55d5]  VM_Operation::evaluate()+0x55
V  [libjvm.so+0xac39aa]  VMThread::evaluate_operation(VM_Operation*)+0xba
V  [libjvm.so+0xac3d2e]  VMThread::loop()+0x1ce
V  [libjvm.so+0xac41a0]  VMThread::run()+0x70
V  [libjvm.so+0x91ef78]  java_start(Thread*)+0x108

VM_Operation (0x00007fa9e9110b30): ParallelGCFailedAllocation, mode: safepoint, requested by thread 0x00007fa9fc12f800


---------------  P R O C E S S  ---------------

Java Threads: ( => current thread )
  0x00007fa9fc13b000 JavaThread "pool-1-thread-4" [_thread_blocked, id=12152, stack(0x00007fa9e8c0e000,0x00007fa9e8d0f000)]
  0x00007fa9fc13a000 JavaThread "pool-1-thread-3" [_thread_blocked, id=12151, stack(0x00007fa9e8d0f000,0x00007fa9e8e10000)]
  0x00007fa9fc135000 JavaThread "pool-1-thread-2" [_thread_blocked, id=12150, stack(0x00007fa9e8e10000,0x00007fa9e8f11000)]
  0x00007fa9fc134000 JavaThread "pool-2-thread-1" [_thread_blocked, id=12149, stack(0x00007fa9e8f11000,0x00007fa9e9012000)]
  0x00007fa9fc12f800 JavaThread "pool-1-thread-1" [_thread_blocked, id=12148, stack(0x00007fa9e9012000,0x00007fa9e9113000)]
  0x00007fa9fc0c1000 JavaThread "Service Thread" daemon [_thread_blocked, id=12144, stack(0x00007fa9e9214000,0x00007fa9e9315000)]
  0x00007fa9fc0be000 JavaThread "C1 CompilerThread2" daemon [_thread_blocked, id=12143, stack(0x00007fa9e9315000,0x00007fa9e9416000)]
  0x00007fa9fc0bc800 JavaThread "C2 CompilerThread1" daemon [_thread_blocked, id=12142, stack(0x00007fa9e9416000,0x00007fa9e9517000)]
  0x00007fa9fc0b9800 JavaThread "C2 CompilerThread0" daemon [_thread_blocked, id=12141, stack(0x00007fa9e9517000,0x00007fa9e9618000)]
  0x00007fa9fc0b8000 JavaThread "Signal Dispatcher" daemon [_thread_blocked, id=12140, stack(0x00007fa9e9618000,0x00007fa9e9719000)]
  0x00007fa9fc084000 JavaThread "Finalizer" daemon [_thread_blocked, id=12130, stack(0x00007fa9e99f2000,0x00007fa9e9af3000)]
  0x00007fa9fc07f800 JavaThread "Reference Handler" daemon [_thread_blocked, id=12128, stack(0x00007fa9e9af3000,0x00007fa9e9bf4000)]
  0x00007fa9fc00a000 JavaThread "main" [_thread_blocked, id=12110, stack(0x00007faa042e5000,0x00007faa043e6000)]

Other Threads:
=>0x00007fa9fc078000 VMThread [stack: 0x00007fa9e9bf4000,0x00007fa9e9cf5000] [id=12120]
  0x00007fa9fc0c4000 WatcherThread [stack: 0x00007fa9e9113000,0x00007fa9e9214000] [id=12145]

VM state:at safepoint (normal execution)

VM Mutex/Monitor currently owned by a thread:  ([mutex/lock_event])
[0x00007fa9fc0064e0] Threads_lock - owner thread: 0x00007fa9fc078000
[0x00007fa9fc0069e0] Heap_lock - owner thread: 0x00007fa9fc12f800

Heap:
 PSYoungGen      total 66048K, used 2534K [0x00000000eab00000, 0x00000000eee00000, 0x0000000100000000)
  eden space 63488K, 0% used [0x00000000eab00000,0x00000000eab00000,0x00000000ee900000)
  from space 2560K, 99% used [0x00000000ee900000,0x00000000eeb79b80,0x00000000eeb80000)
  to   space 2560K, 0% used [0x00000000eeb80000,0x00000000eeb80000,0x00000000eee00000)
 ParOldGen       total 42496K, used 23117K [0x00000000c0000000, 0x00000000c2980000, 0x00000000eab00000)
  object space 42496K, 54% used [0x00000000c0000000,0x00000000c16936f0,0x00000000c2980000)
 Metaspace       used 6012K, capacity 6964K, committed 7040K, reserved 1056768K
  class space    used 606K, capacity 620K, committed 640K, reserved 1048576K

Card table byte_map: [0x00007faa00e9d000,0x00007faa0109e000] byte_map_base: 0x00007faa0089d000

Marking Bits: (ParMarkBitMap*) 0x00007faa037bbd60
 Begin Bits: [0x00007fa9eb000000, 0x00007fa9ec000000)
 End Bits:   [0x00007fa9ec000000, 0x00007fa9ed000000)

Polling page: 0x00007faa0440a000

CodeCache: size=245760Kb used=5237Kb max_used=5237Kb free=240522Kb
 bounds [0x00007fa9ed000000, 0x00007fa9ed530000, 0x00007fa9fc000000]
 total_blobs=1628 nmethods=1360 adapters=182
 compilation: enabled

Compilation events (10 events):
Event: 4.863 Thread 0x00007fa9fc0be000 nmethod 1591 0x00007fa9ed51f210 code [0x00007fa9ed51f360, 0x00007fa9ed51f470]
Event: 4.863 Thread 0x00007fa9fc0be000 1589       2       com.android.dx.rop.type.Type::internClassName (56 bytes)
Event: 4.867 Thread 0x00007fa9fc0be000 nmethod 1589 0x00007fa9ed51f4d0 code [0x00007fa9ed51f6c0, 0x00007fa9ed51fbf8]
Event: 4.867 Thread 0x00007fa9fc0be000 1444       2       com.android.dx.dex.file.IndexedItem::<init> (10 bytes)
Event: 4.868 Thread 0x00007fa9fc0be000 nmethod 1444 0x00007fa9ed520090 code [0x00007fa9ed5201e0, 0x00007fa9ed520330]
Event: 4.868 Thread 0x00007fa9fc0be000 1478       1       com.android.dx.rop.annotation.Annotation::getType (5 bytes)
Event: 4.868 Thread 0x00007fa9fc0be000 nmethod 1478 0x00007fa9ed5203d0 code [0x00007fa9ed520520, 0x00007fa9ed520630]
Event: 4.868 Thread 0x00007fa9fc0be000 1505       1       com.android.dx.dex.file.DexFile::getFieldIds (5 bytes)
Event: 4.868 Thread 0x00007fa9fc0be000 nmethod 1505 0x00007fa9ed520690 code [0x00007fa9ed5207e0, 0x00007fa9ed5208f0]
Event: 4.868 Thread 0x00007fa9fc0be000 1463       2       com.android.dx.cf.code.Frame::mergeWith (80 bytes)

GC Heap History (9 events):
Event: 1.681 GC heap before
{Heap before GC invocations=1 (full 0):
 PSYoungGen      total 18432K, used 15872K [0x00000000eab00000, 0x00000000ebf80000, 0x0000000100000000)
  eden space 15872K, 100% used [0x00000000eab00000,0x00000000eba80000,0x00000000eba80000)
  from space 2560K, 0% used [0x00000000ebd00000,0x00000000ebd00000,0x00000000ebf80000)
  to   space 2560K, 0% used [0x00000000eba80000,0x00000000eba80000,0x00000000ebd00000)
 ParOldGen       total 42496K, used 0K [0x00000000c0000000, 0x00000000c2980000, 0x00000000eab00000)
  object space 42496K, 0% used [0x00000000c0000000,0x00000000c0000000,0x00000000c2980000)
 Metaspace       used 5573K, capacity 6640K, committed 6784K, reserved 1056768K
  class space    used 583K, capacity 616K, committed 640K, reserved 1048576K
Event: 1.708 GC heap after
Heap after GC invocations=1 (full 0):
 PSYoungGen      total 18432K, used 2530K [0x00000000eab00000, 0x00000000ecf00000, 0x0000000100000000)
  eden space 15872K, 0% used [0x00000000eab00000,0x00000000eab00000,0x00000000eba80000)
  from space 2560K, 98% used [0x00000000eba80000,0x00000000ebcf8890,0x00000000ebd00000)
  to   space 2560K, 0% used [0x00000000ecc80000,0x00000000ecc80000,0x00000000ecf00000)
 ParOldGen       total 42496K, used 1994K [0x00000000c0000000, 0x00000000c2980000, 0x00000000eab00000)
  object space 42496K, 4% used [0x00000000c0000000,0x00000000c01f2b70,0x00000000c2980000)
 Metaspace       used 5573K, capacity 6640K, committed 6784K, reserved 1056768K
  class space    used 583K, capacity 616K, committed 640K, reserved 1048576K
}
Event: 2.429 GC heap before
{Heap before GC invocations=2 (full 0):
 PSYoungGen      total 18432K, used 18402K [0x00000000eab00000, 0x00000000ecf00000, 0x0000000100000000)
  eden space 15872K, 100% used [0x00000000eab00000,0x00000000eba80000,0x00000000eba80000)
  from space 2560K, 98% used [0x00000000eba80000,0x00000000ebcf8890,0x00000000ebd00000)
  to   space 2560K, 0% used [0x00000000ecc80000,0x00000000ecc80000,0x00000000ecf00000)
 ParOldGen       total 42496K, used 1994K [0x00000000c0000000, 0x00000000c2980000, 0x00000000eab00000)
  object space 42496K, 4% used [0x00000000c0000000,0x00000000c01f2b70,0x00000000c2980000)
 Metaspace       used 5683K, capacity 6768K, committed 7040K, reserved 1056768K
  class space    used 585K, capacity 616K, committed 640K, reserved 1048576K
Event: 2.501 GC heap after
Heap after GC invocations=2 (full 0):
 PSYoungGen      total 34304K, used 2547K [0x00000000eab00000, 0x00000000ecf00000, 0x0000000100000000)
  eden space 31744K, 0% used [0x00000000eab00000,0x00000000eab00000,0x00000000eca00000)
  from space 2560K, 99% used [0x00000000ecc80000,0x00000000ecefcd80,0x00000000ecf00000)
  to   space 2560K, 0% used [0x00000000eca00000,0x00000000eca00000,0x00000000ecc80000)
 ParOldGen       total 42496K, used 4764K [0x00000000c0000000, 0x00000000c2980000, 0x00000000eab00000)
  object space 42496K, 11% used [0x00000000c0000000,0x00000000c04a7248,0x00000000c2980000)
 Metaspace       used 5683K, capacity 6768K, committed 7040K, reserved 1056768K
  class space    used 585K, capacity 616K, committed 640K, reserved 1048576K
}
Event: 3.265 GC heap before
{Heap before GC invocations=3 (full 0):
 PSYoungGen      total 34304K, used 34291K [0x00000000eab00000, 0x00000000ecf00000, 0x0000000100000000)
  eden space 31744K, 100% used [0x00000000eab00000,0x00000000eca00000,0x00000000eca00000)
  from space 2560K, 99% used [0x00000000ecc80000,0x00000000ecefcd80,0x00000000ecf00000)
  to   space 2560K, 0% used [0x00000000eca00000,0x00000000eca00000,0x00000000ecc80000)
 ParOldGen       total 42496K, used 4764K [0x00000000c0000000, 0x00000000c2980000, 0x00000000eab00000)
  object space 42496K, 11% used [0x00000000c0000000,0x00000000c04a7248,0x00000000c2980000)
 Metaspace       used 5821K, capacity 6836K, committed 7040K, reserved 1056768K
  class space    used 605K, capacity 620K, committed 640K, reserved 1048576K
Event: 3.330 GC heap after
Heap after GC invocations=3 (full 0):
 PSYoungGen      total 34304K, used 2537K [0x00000000eab00000, 0x00000000eee00000, 0x0000000100000000)
  eden space 31744K, 0% used [0x00000000eab00000,0x00000000eab00000,0x00000000eca00000)
  from space 2560K, 99% used [0x00000000eca00000,0x00000000ecc7a638,0x00000000ecc80000)
  to   space 2560K, 0% used [0x00000000eeb80000,0x00000000eeb80000,0x00000000eee00000)
 ParOldGen       total 42496K, used 9126K [0x00000000c0000000, 0x00000000c2980000, 0x00000000eab00000)
  object space 42496K, 21% used [0x00000000c0000000,0x00000000c08e9978,0x00000000c2980000)
 Metaspace       used 5821K, capacity 6836K, committed 7040K, reserved 1056768K
  class space    used 605K, capacity 620K, committed 640K, reserved 1048576K
}
Event: 4.049 GC heap before
{Heap before GC invocations=4 (full 0):
 PSYoungGen      total 34304K, used 34281K [0x00000000eab00000, 0x00000000eee00000, 0x0000000100000000)
  eden space 31744K, 100% used [0x00000000eab00000,0x00000000eca00000,0x00000000eca00000)
  from space 2560K, 99% used [0x00000000eca00000,0x00000000ecc7a638,0x00000000ecc80000)
  to   space 2560K, 0% used [0x00000000eeb80000,0x00000000eeb80000,0x00000000eee00000)
 ParOldGen       total 42496K, used 9126K [0x00000000c0000000, 0x00000000c2980000, 0x00000000eab00000)
  object space 42496K, 21% used [0x00000000c0000000,0x00000000c08e9978,0x00000000c2980000)
 Metaspace       used 5972K, capacity 6964K, committed 7040K, reserved 1056768K
  class space    used 605K, capacity 620K, committed 640K, reserved 1048576K
Event: 4.082 GC heap after
Heap after GC invocations=4 (full 0):
 PSYoungGen      total 66048K, used 2533K [0x00000000eab00000, 0x00000000eee00000, 0x0000000100000000)
  eden space 63488K, 0% used [0x00000000eab00000,0x00000000eab00000,0x00000000ee900000)
  from space 2560K, 98% used [0x00000000eeb80000,0x00000000eedf9418,0x00000000eee00000)
  to   space 2560K, 0% used [0x00000000ee900000,0x00000000ee900000,0x00000000eeb80000)
 ParOldGen       total 42496K, used 12515K [0x00000000c0000000, 0x00000000c2980000, 0x00000000eab00000)
  object space 42496K, 29% used [0x00000000c0000000,0x00000000c0c38f08,0x00000000c2980000)
 Metaspace       used 5972K, capacity 6964K, committed 7040K, reserved 1056768K
  class space    used 605K, capacity 620K, committed 640K, reserved 1048576K
}
Event: 4.888 GC heap before
{Heap before GC invocations=5 (full 0):
 PSYoungGen      total 66048K, used 66021K [0x00000000eab00000, 0x00000000eee00000, 0x0000000100000000)
  eden space 63488K, 100% used [0x00000000eab00000,0x00000000ee900000,0x00000000ee900000)
  from space 2560K, 98% used [0x00000000eeb80000,0x00000000eedf9418,0x00000000eee00000)
  to   space 2560K, 0% used [0x00000000ee900000,0x00000000ee900000,0x00000000eeb80000)
 ParOldGen       total 42496K, used 12515K [0x00000000c0000000, 0x00000000c2980000, 0x00000000eab00000)
  object space 42496K, 29% used [0x00000000c0000000,0x00000000c0c38f08,0x00000000c2980000)
 Metaspace       used 6012K, capacity 6964K, committed 7040K, reserved 1056768K
  class space    used 606K, capacity 620K, committed 640K, reserved 1048576K

Deoptimization events (10 events):
Event: 2.970 Thread 0x00007fa9fc13b000 Uncommon trap: reason=bimorphic action=maybe_recompile pc=0x00007fa9ed28fb0c method=java.util.HashMap.getNode(ILjava/lang/Object;)Ljava/util/HashMap$Node; @ 126
Event: 2.970 Thread 0x00007fa9fc13b000 Uncommon trap: reason=class_check action=maybe_recompile pc=0x00007fa9ed24efc8 method=java.util.HashMap.putVal(ILjava/lang/Object;Ljava/lang/Object;ZZ)Ljava/lang/Object; @ 203
Event: 2.970 Thread 0x00007fa9fc13b000 Uncommon trap: reason=bimorphic action=maybe_recompile pc=0x00007fa9ed28fb0c method=java.util.HashMap.getNode(ILjava/lang/Object;)Ljava/util/HashMap$Node; @ 126
Event: 2.970 Thread 0x00007fa9fc13b000 Uncommon trap: reason=class_check action=maybe_recompile pc=0x00007fa9ed24efc8 method=java.util.HashMap.putVal(ILjava/lang/Object;Ljava/lang/Object;ZZ)Ljava/lang/Object; @ 203
Event: 2.971 Thread 0x00007fa9fc13b000 Uncommon trap: reason=bimorphic action=maybe_recompile pc=0x00007fa9ed28fb0c method=java.util.HashMap.getNode(ILjava/lang/Object;)Ljava/util/HashMap$Node; @ 126
Event: 3.048 Thread 0x00007fa9fc13b000 Uncommon trap: reason=unstable_if action=reinterpret pc=0x00007fa9ed24b7e0 method=java.util.HashMap.putVal(ILjava/lang/Object;Ljava/lang/Object;ZZ)Ljava/lang/Object; @ 162
Event: 3.127 Thread 0x00007fa9fc00a000 Uncommon trap: reason=unstable_if action=reinterpret pc=0x00007fa9ed29b17c method=java.util.HashMap.getNode(ILjava/lang/Object;)Ljava/util/HashMap$Node; @ 84
Event: 3.242 Thread 0x00007fa9fc12f800 Uncommon trap: reason=unstable_if action=reinterpret pc=0x00007fa9ed24ef64 method=java.util.HashMap.putVal(ILjava/lang/Object;Ljava/lang/Object;ZZ)Ljava/lang/Object; @ 109
Event: 3.341 Thread 0x00007fa9fc12f800 Uncommon trap: reason=bimorphic action=maybe_recompile pc=0x00007fa9ed28fb0c method=java.util.HashMap.getNode(ILjava/lang/Object;)Ljava/util/HashMap$Node; @ 126
Event: 3.401 Thread 0x00007fa9fc13b000 Uncommon trap: reason=unstable_if action=reinterpret pc=0x00007fa9ed38363c method=com.android.dx.ssa.SsaRenamer$BlockRenamer.addMapping(ILcom/android/dx/rop/code/RegisterSpec;)V @ 120

Internal exceptions (6 events):
Event: 0.129 Thread 0x00007fa9fc00a000 Exception <a 'java/lang/NoSuchMethodError': Method sun.misc.Unsafe.defineClass(Ljava/lang/String;[BII)Ljava/lang/Class; name or signature does not match> (0x00000000eab07cc0) thrown at [/HUDSON/workspace/8-2-build-linux-amd64/jdk8u91/6644/hotspot/src/shar
Event: 0.129 Thread 0x00007fa9fc00a000 Exception <a 'java/lang/NoSuchMethodError': Method sun.misc.Unsafe.prefetchRead(Ljava/lang/Object;J)V name or signature does not match> (0x00000000eab07fa8) thrown at [/HUDSON/workspace/8-2-build-linux-amd64/jdk8u91/6644/hotspot/src/share/vm/prims/jni.cpp
Event: 1.931 Thread 0x00007fa9fc13a000 Implicit null exception at 0x00007fa9ed24d922 to 0x00007fa9ed24da1b
Event: 3.050 Thread 0x00007fa9fc13b000 Exception <a 'java/lang/ArrayIndexOutOfBoundsException': 18> (0x00000000ebe989d0) thrown at [/HUDSON/workspace/8-2-build-linux-amd64/jdk8u91/6644/hotspot/src/share/vm/interpreter/interpreterRuntime.cpp, line 366]
Event: 3.050 Thread 0x00007fa9fc13b000 Exception <a 'java/lang/ArrayIndexOutOfBoundsException': 145> (0x00000000ebe9a550) thrown at [/HUDSON/workspace/8-2-build-linux-amd64/jdk8u91/6644/hotspot/src/share/vm/interpreter/interpreterRuntime.cpp, line 366]
Event: 3.051 Thread 0x00007fa9fc13b000 Exception <a 'java/lang/ArrayIndexOutOfBoundsException': 40> (0x00000000ebe9b838) thrown at [/HUDSON/workspace/8-2-build-linux-amd64/jdk8u91/6644/hotspot/src/share/vm/interpreter/interpreterRuntime.cpp, line 366]

Events (10 events):
Event: 4.633 Thread 0x00007fa9fc00a000 DEOPT UNPACKING pc=0x00007fa9ed047633 sp=0x00007faa043e36d0 mode 0
Event: 4.724 Thread 0x00007fa9fc13a000 DEOPT PACKING pc=0x00007fa9ed38a9ac sp=0x00007fa9e8e0dfb0
Event: 4.724 Thread 0x00007fa9fc13a000 DEOPT UNPACKING pc=0x00007fa9ed047633 sp=0x00007fa9e8e0dcb0 mode 0
Event: 4.726 Thread 0x00007fa9fc00a000 DEOPT PACKING pc=0x00007fa9ed3fa551 sp=0x00007faa043e39a0
Event: 4.726 Thread 0x00007fa9fc00a000 DEOPT UNPACKING pc=0x00007fa9ed047633 sp=0x00007faa043e37a8 mode 0
Event: 4.726 Thread 0x00007fa9fc13a000 DEOPT PACKING pc=0x00007fa9ed3dd2d7 sp=0x00007fa9e8e0dfb0
Event: 4.726 Thread 0x00007fa9fc13a000 DEOPT UNPACKING pc=0x00007fa9ed047633 sp=0x00007fa9e8e0de18 mode 0
Event: 4.779 Thread 0x00007fa9fc13b000 DEOPT PACKING pc=0x00007fa9ed3ec47d sp=0x00007fa9e8d0ce30
Event: 4.779 Thread 0x00007fa9fc13b000 DEOPT UNPACKING pc=0x00007fa9ed047633 sp=0x00007fa9e8d0cbb8 mode 0
Event: 4.873 Executing VM operation: ParallelGCFailedAllocation


Dynamic libraries:
00400000-00401000 r-xp 00000000 08:06 266116                             /home/mohamed/jdk1.8.0_91/bin/java
00600000-00601000 rw-p 00000000 08:06 266116                             /home/mohamed/jdk1.8.0_91/bin/java
013d3000-013f4000 rw-p 00000000 00:00 0                                  [heap]
c0000000-c2980000 rw-p 00000000 00:00 0 
c2980000-eab00000 ---p 00000000 00:00 0 
eab00000-eee00000 rw-p 00000000 00:00 0 
f3f00000-100000000 ---p 00000000 00:00 0 
100000000-1000a0000 rw-p 00000000 00:00 0 
1000a0000-140000000 ---p 00000000 00:00 0 
7fa99c000000-7fa99c021000 rw-p 00000000 00:00 0 
7fa99c021000-7fa9a0000000 ---p 00000000 00:00 0 
7fa9a4000000-7fa9a4021000 rw-p 00000000 00:00 0 
7fa9a4021000-7fa9a8000000 ---p 00000000 00:00 0 
7fa9a8000000-7fa9a8021000 rw-p 00000000 00:00 0 
7fa9a8021000-7fa9ac000000 ---p 00000000 00:00 0 
7fa9ac000000-7fa9ac029000 rw-p 00000000 00:00 0 
7fa9ac029000-7fa9b0000000 ---p 00000000 00:00 0 
7fa9b0000000-7fa9b0021000 rw-p 00000000 00:00 0 
7fa9b0021000-7fa9b4000000 ---p 00000000 00:00 0 
7fa9b4000000-7fa9b4021000 rw-p 00000000 00:00 0 
7fa9b4021000-7fa9b8000000 ---p 00000000 00:00 0 
7fa9b8000000-7fa9b8021000 rw-p 00000000 00:00 0 
7fa9b8021000-7fa9bc000000 ---p 00000000 00:00 0 
7fa9bc000000-7fa9bc524000 rw-p 00000000 00:00 0 
7fa9bc524000-7fa9c0000000 ---p 00000000 00:00 0 
7fa9c0000000-7fa9c0847000 rw-p 00000000 00:00 0 
7fa9c0847000-7fa9c4000000 ---p 00000000 00:00 0 
7fa9c4000000-7fa9c4021000 rw-p 00000000 00:00 0 
7fa9c4021000-7fa9c8000000 ---p 00000000 00:00 0 
7fa9c8000000-7fa9c85af000 rw-p 00000000 00:00 0 
7fa9c85af000-7fa9cc000000 ---p 00000000 00:00 0 
7fa9cc000000-7fa9cc021000 rw-p 00000000 00:00 0 
7fa9cc021000-7fa9d0000000 ---p 00000000 00:00 0 
7fa9d0000000-7fa9d0021000 rw-p 00000000 00:00 0 
7fa9d0021000-7fa9d4000000 ---p 00000000 00:00 0 
7fa9d4000000-7fa9d4021000 rw-p 00000000 00:00 0 
7fa9d4021000-7fa9d8000000 ---p 00000000 00:00 0 
7fa9d8000000-7fa9d8295000 rw-p 00000000 00:00 0 
7fa9d8295000-7fa9dc000000 ---p 00000000 00:00 0 
7fa9dc000000-7fa9dc021000 rw-p 00000000 00:00 0 
7fa9dc021000-7fa9e0000000 ---p 00000000 00:00 0 
7fa9e0000000-7fa9e0021000 rw-p 00000000 00:00 0 
7fa9e0021000-7fa9e4000000 ---p 00000000 00:00 0 
7fa9e4000000-7fa9e4021000 rw-p 00000000 00:00 0 
7fa9e4021000-7fa9e8000000 ---p 00000000 00:00 0 
7fa9e8c0e000-7fa9e8c11000 ---p 00000000 00:00 0 
7fa9e8c11000-7fa9e8d0f000 rw-p 00000000 00:00 0 
7fa9e8d0f000-7fa9e8d12000 ---p 00000000 00:00 0 
7fa9e8d12000-7fa9e8e10000 rw-p 00000000 00:00 0 
7fa9e8e10000-7fa9e8e13000 ---p 00000000 00:00 0 
7fa9e8e13000-7fa9e8f11000 rw-p 00000000 00:00 0 
7fa9e8f11000-7fa9e8f14000 ---p 00000000 00:00 0 
7fa9e8f14000-7fa9e9012000 rw-p 00000000 00:00 0 
7fa9e9012000-7fa9e9015000 ---p 00000000 00:00 0 
7fa9e9015000-7fa9e9113000 rw-p 00000000 00:00 0 
7fa9e9113000-7fa9e9114000 ---p 00000000 00:00 0 
7fa9e9114000-7fa9e9214000 rw-p 00000000 00:00 0 
7fa9e9214000-7fa9e9217000 ---p 00000000 00:00 0 
7fa9e9217000-7fa9e9315000 rw-p 00000000 00:00 0 
7fa9e9315000-7fa9e9318000 ---p 00000000 00:00 0 
7fa9e9318000-7fa9e9416000 rw-p 00000000 00:00 0 
7fa9e9416000-7fa9e9419000 ---p 00000000 00:00 0 
7fa9e9419000-7fa9e9517000 rw-p 00000000 00:00 0 
7fa9e9517000-7fa9e951a000 ---p 00000000 00:00 0 
7fa9e951a000-7fa9e9618000 rw-p 00000000 00:00 0 
7fa9e9618000-7fa9e961b000 ---p 00000000 00:00 0 
7fa9e961b000-7fa9e9719000 rw-p 00000000 00:00 0 
7fa9e9719000-7fa9e99f2000 r--p 00000000 08:06 526509                     /usr/lib/locale/locale-archive
7fa9e99f2000-7fa9e99f5000 ---p 00000000 00:00 0 
7fa9e99f5000-7fa9e9af3000 rw-p 00000000 00:00 0 
7fa9e9af3000-7fa9e9af6000 ---p 00000000 00:00 0 
7fa9e9af6000-7fa9e9bf4000 rw-p 00000000 00:00 0 
7fa9e9bf4000-7fa9e9bf5000 ---p 00000000 00:00 0 
7fa9e9bf5000-7fa9eae40000 rw-p 00000000 00:00 0 
7fa9eae40000-7fa9eb000000 ---p 00000000 00:00 0 
7fa9eb000000-7fa9ed000000 rw-p 00000000 00:00 0 
7fa9ed000000-7fa9ed530000 rwxp 00000000 00:00 0 
7fa9ed530000-7fa9fc000000 ---p 00000000 00:00 0 
7fa9fc000000-7fa9fc38d000 rw-p 00000000 00:00 0 
7fa9fc38d000-7faa00000000 ---p 00000000 00:00 0 
7faa00033000-7faa0003c000 r--s 00083000 08:02 131199                     /media/mohamed/Programs/Explore/app/build/intermediates/exploded-aar/com.android.support/appcompat-v7/23.0.1/jars/classes.jar
7faa0003c000-7faa0004b000 r--s 000df000 08:06 6165411                    /home/mohamed/Android/Sdk/build-tools/23.0.1/lib/dx.jar
7faa0004b000-7faa004f4000 rw-p 00000000 00:00 0 
7faa004f4000-7faa006cd000 r--s 03d1f000 08:06 922159                     /home/mohamed/jdk1.8.0_91/jre/lib/rt.jar
7faa006cd000-7faa00943000 rw-p 00000000 00:00 0 
7faa00943000-7faa00944000 ---p 00000000 00:00 0 
7faa00944000-7faa00a44000 rw-p 00000000 00:00 0 
7faa00a44000-7faa00a45000 ---p 00000000 00:00 0 
7faa00a45000-7faa00b45000 rw-p 00000000 00:00 0 
7faa00b45000-7faa00b46000 ---p 00000000 00:00 0 
7faa00b46000-7faa00c46000 rw-p 00000000 00:00 0 
7faa00c46000-7faa00c47000 ---p 00000000 00:00 0 
7faa00c47000-7faa00d5c000 rw-p 00000000 00:00 0 
7faa00d5c000-7faa00e9d000 ---p 00000000 00:00 0 
7faa00e9d000-7faa00eb2000 rw-p 00000000 00:00 0 
7faa00eb2000-7faa00ff2000 ---p 00000000 00:00 0 
7faa00ff2000-7faa01014000 rw-p 00000000 00:00 0 
7faa01014000-7faa0109d000 ---p 00000000 00:00 0 
7faa0109d000-7faa010b3000 rw-p 00000000 00:00 0 
7faa010b3000-7faa0145e000 ---p 00000000 00:00 0 
7faa0145e000-7faa01478000 r-xp 00000000 08:06 922210                     /home/mohamed/jdk1.8.0_91/jre/lib/amd64/libzip.so
7faa01478000-7faa01678000 ---p 0001a000 08:06 922210                     /home/mohamed/jdk1.8.0_91/jre/lib/amd64/libzip.so
7faa01678000-7faa01679000 rw-p 0001a000 08:06 922210                     /home/mohamed/jdk1.8.0_91/jre/lib/amd64/libzip.so
7faa01679000-7faa01684000 r-xp 00000000 08:06 278669                     /lib/x86_64-linux-gnu/libnss_files-2.23.so
7faa01684000-7faa01883000 ---p 0000b000 08:06 278669                     /lib/x86_64-linux-gnu/libnss_files-2.23.so
7faa01883000-7faa01884000 r--p 0000a000 08:06 278669                     /lib/x86_64-linux-gnu/libnss_files-2.23.so
7faa01884000-7faa01885000 rw-p 0000b000 08:06 278669                     /lib/x86_64-linux-gnu/libnss_files-2.23.so
7faa01885000-7faa0188b000 rw-p 00000000 00:00 0 
7faa0188b000-7faa01896000 r-xp 00000000 08:06 278666                     /lib/x86_64-linux-gnu/libnss_nis-2.23.so
7faa01896000-7faa01a95000 ---p 0000b000 08:06 278666                     /lib/x86_64-linux-gnu/libnss_nis-2.23.so
7faa01a95000-7faa01a96000 r--p 0000a000 08:06 278666                     /lib/x86_64-linux-gnu/libnss_nis-2.23.so
7faa01a96000-7faa01a97000 rw-p 0000b000 08:06 278666                     /lib/x86_64-linux-gnu/libnss_nis-2.23.so
7faa01a97000-7faa01aad000 r-xp 00000000 08:06 278664                     /lib/x86_64-linux-gnu/libnsl-2.23.so
7faa01aad000-7faa01cac000 ---p 00016000 08:06 278664                     /lib/x86_64-linux-gnu/libnsl-2.23.so
7faa01cac000-7faa01cad000 r--p 00015000 08:06 278664                     /lib/x86_64-linux-gnu/libnsl-2.23.so
7faa01cad000-7faa01cae000 rw-p 00016000 08:06 278664                     /lib/x86_64-linux-gnu/libnsl-2.23.so
7faa01cae000-7faa01cb0000 rw-p 00000000 00:00 0 
7faa01cb0000-7faa01cb8000 r-xp 00000000 08:06 278662                     /lib/x86_64-linux-gnu/libnss_compat-2.23.so
7faa01cb8000-7faa01eb7000 ---p 00008000 08:06 278662                     /lib/x86_64-linux-gnu/libnss_compat-2.23.so
7faa01eb7000-7faa01eb8000 r--p 00007000 08:06 278662                     /lib/x86_64-linux-gnu/libnss_compat-2.23.so
7faa01eb8000-7faa01eb9000 rw-p 00008000 08:06 278662                     /lib/x86_64-linux-gnu/libnss_compat-2.23.so
7faa01eb9000-7faa01ee3000 r-xp 00000000 08:06 922205                     /home/mohamed/jdk1.8.0_91/jre/lib/amd64/libjava.so
7faa01ee3000-7faa020e3000 ---p 0002a000 08:06 922205                     /home/mohamed/jdk1.8.0_91/jre/lib/amd64/libjava.so
7faa020e3000-7faa020e5000 rw-p 0002a000 08:06 922205                     /home/mohamed/jdk1.8.0_91/jre/lib/amd64/libjava.so
7faa020e5000-7faa020f2000 r-xp 00000000 08:06 922209                     /home/mohamed/jdk1.8.0_91/jre/lib/amd64/libverify.so
7faa020f2000-7faa022f2000 ---p 0000d000 08:06 922209                     /home/mohamed/jdk1.8.0_91/jre/lib/amd64/libverify.so
7faa022f2000-7faa022f4000 rw-p 0000d000 08:06 922209                     /home/mohamed/jdk1.8.0_91/jre/lib/amd64/libverify.so
7faa022f4000-7faa022fb000 r-xp 00000000 08:06 278678                     /lib/x86_64-linux-gnu/librt-2.23.so
7faa022fb000-7faa024fa000 ---p 00007000 08:06 278678                     /lib/x86_64-linux-gnu/librt-2.23.so
7faa024fa000-7faa024fb000 r--p 00006000 08:06 278678                     /lib/x86_64-linux-gnu/librt-2.23.so
7faa024fb000-7faa024fc000 rw-p 00007000 08:06 278678                     /lib/x86_64-linux-gnu/librt-2.23.so
7faa024fc000-7faa02604000 r-xp 00000000 08:06 278675                     /lib/x86_64-linux-gnu/libm-2.23.so
7faa02604000-7faa02803000 ---p 00108000 08:06 278675                     /lib/x86_64-linux-gnu/libm-2.23.so
7faa02803000-7faa02804000 r--p 00107000 08:06 278675                     /lib/x86_64-linux-gnu/libm-2.23.so
7faa02804000-7faa02805000 rw-p 00108000 08:06 278675                     /lib/x86_64-linux-gnu/libm-2.23.so
7faa02805000-7faa034c5000 r-xp 00000000 08:06 1184562                    /home/mohamed/jdk1.8.0_91/jre/lib/amd64/server/libjvm.so
7faa034c5000-7faa036c5000 ---p 00cc0000 08:06 1184562                    /home/mohamed/jdk1.8.0_91/jre/lib/amd64/server/libjvm.so
7faa036c5000-7faa0379d000 rw-p 00cc0000 08:06 1184562                    /home/mohamed/jdk1.8.0_91/jre/lib/amd64/server/libjvm.so
7faa0379d000-7faa037e8000 rw-p 00000000 00:00 0 
7faa037e8000-7faa039a8000 r-xp 00000000 08:06 278683                     /lib/x86_64-linux-gnu/libc-2.23.so
7faa039a8000-7faa03ba7000 ---p 001c0000 08:06 278683                     /lib/x86_64-linux-gnu/libc-2.23.so
7faa03ba7000-7faa03bab000 r--p 001bf000 08:06 278683                     /lib/x86_64-linux-gnu/libc-2.23.so
7faa03bab000-7faa03bad000 rw-p 001c3000 08:06 278683                     /lib/x86_64-linux-gnu/libc-2.23.so
7faa03bad000-7faa03bb1000 rw-p 00000000 00:00 0 
7faa03bb1000-7faa03bb4000 r-xp 00000000 08:06 278684                     /lib/x86_64-linux-gnu/libdl-2.23.so
7faa03bb4000-7faa03db3000 ---p 00003000 08:06 278684                     /lib/x86_64-linux-gnu/libdl-2.23.so
7faa03db3000-7faa03db4000 r--p 00002000 08:06 278684                     /lib/x86_64-linux-gnu/libdl-2.23.so
7faa03db4000-7faa03db5000 rw-p 00003000 08:06 278684                     /lib/x86_64-linux-gnu/libdl-2.23.so
7faa03db5000-7faa03dca000 r-xp 00000000 08:06 36052                      /home/mohamed/jdk1.8.0_91/lib/amd64/jli/libjli.so
7faa03dca000-7faa03fca000 ---p 00015000 08:06 36052                      /home/mohamed/jdk1.8.0_91/lib/amd64/jli/libjli.so
7faa03fca000-7faa03fcb000 rw-p 00015000 08:06 36052                      /home/mohamed/jdk1.8.0_91/lib/amd64/jli/libjli.so
7faa03fcb000-7faa03fe3000 r-xp 00000000 08:06 278682                     /lib/x86_64-linux-gnu/libpthread-2.23.so
7faa03fe3000-7faa041e2000 ---p 00018000 08:06 278682                     /lib/x86_64-linux-gnu/libpthread-2.23.so
7faa041e2000-7faa041e3000 r--p 00017000 08:06 278682                     /lib/x86_64-linux-gnu/libpthread-2.23.so
7faa041e3000-7faa041e4000 rw-p 00018000 08:06 278682                     /lib/x86_64-linux-gnu/libpthread-2.23.so
7faa041e4000-7faa041e8000 rw-p 00000000 00:00 0 
7faa041e8000-7faa0420e000 r-xp 00000000 08:06 278679                     /lib/x86_64-linux-gnu/ld-2.23.so
7faa04213000-7faa042e5000 rw-p 00000000 00:00 0 
7faa042e5000-7faa042e8000 ---p 00000000 00:00 0 
7faa042e8000-7faa043ea000 rw-p 00000000 00:00 0 
7faa043ed000-7faa04401000 rw-p 00000000 00:00 0 
7faa04401000-7faa04409000 rw-s 00000000 08:06 1063565                    /tmp/hsperfdata_mohamed/12107
7faa04409000-7faa0440a000 rw-p 00000000 00:00 0 
7faa0440a000-7faa0440b000 ---p 00000000 00:00 0 
7faa0440b000-7faa0440d000 rw-p 00000000 00:00 0 
7faa0440d000-7faa0440e000 r--p 00025000 08:06 278679                     /lib/x86_64-linux-gnu/ld-2.23.so
7faa0440e000-7faa0440f000 rw-p 00026000 08:06 278679                     /lib/x86_64-linux-gnu/ld-2.23.so
7faa0440f000-7faa04410000 rw-p 00000000 00:00 0 
7ffc45a9b000-7ffc45abc000 rw-p 00000000 00:00 0                          [stack]
7ffc45ad7000-7ffc45ad9000 r--p 00000000 00:00 0                          [vvar]
7ffc45ad9000-7ffc45adb000 r-xp 00000000 00:00 0                          [vdso]
ffffffffff600000-ffffffffff601000 r-xp 00000000 00:00 0                  [vsyscall]

VM Arguments:
jvm_args: -Djava.awt.headless=true -Xmx1024M -Dfile.encoding=UTF-8 -Duser.country=US -Duser.language=en -Duser.variant 
java_command: com.android.dx.command.Main --dex --force-jumbo --num-threads=4 --output /media/mohamed/Programs/Explore/app/build/intermediates/pre-dexed/debug/com.android.support-appcompat-v7-23.0.1_90b0c98ce9ea2dd92a757cebcc8c81af31c1fd22.jar /media/mohamed/Programs/Explore/app/build/intermediates/exploded-aar/com.android.support/appcompat-v7/23.0.1/jars/classes.jar
java_class_path (initial): /home/mohamed/Android/Sdk/build-tools/23.0.1/lib/dx.jar
Launcher Type: SUN_STANDARD

Environment Variables:
JAVA_HOME=/usr/lib/jvm/java-8-oracle
PATH=/usr/local/sbin:/usr/local/bin:/usr/sbin:/usr/bin:/sbin:/bin:/usr/games:/usr/local/games:/snap/bin:/usr/lib/jvm/java-8-oracle/bin:/usr/lib/jvm/java-8-oracle/db/bin:/usr/lib/jvm/java-8-oracle/jre/bin
LD_LIBRARY_PATH=/home/mohamed/tools/android/android-studio/bin:
SHELL=/bin/bash
DISPLAY=:0

Signal Handlers:
SIGSEGV: [libjvm.so+0xabca10], sa_mask[0]=11111111011111111101111111111110, sa_flags=SA_RESTART|SA_SIGINFO
SIGBUS: [libjvm.so+0xabca10], sa_mask[0]=11111111011111111101111111111110, sa_flags=SA_RESTART|SA_SIGINFO
SIGFPE: [libjvm.so+0x919a20], sa_mask[0]=11111111011111111101111111111110, sa_flags=SA_RESTART|SA_SIGINFO
SIGPIPE: [libjvm.so+0x919a20], sa_mask[0]=11111111011111111101111111111110, sa_flags=SA_RESTART|SA_SIGINFO
SIGXFSZ: [libjvm.so+0x919a20], sa_mask[0]=11111111011111111101111111111110, sa_flags=SA_RESTART|SA_SIGINFO
SIGILL: [libjvm.so+0x919a20], sa_mask[0]=11111111011111111101111111111110, sa_flags=SA_RESTART|SA_SIGINFO
SIGUSR1: SIG_DFL, sa_mask[0]=00000000000000000000000000000000, sa_flags=none
SIGUSR2: [libjvm.so+0x91b050], sa_mask[0]=00100000000000000000000000000000, sa_flags=SA_RESTART|SA_SIGINFO
SIGHUP: [libjvm.so+0x91c450], sa_mask[0]=11111111011111111101111111111110, sa_flags=SA_RESTART|SA_SIGINFO
SIGINT: [libjvm.so+0x91c450], sa_mask[0]=11111111011111111101111111111110, sa_flags=SA_RESTART|SA_SIGINFO
SIGTERM: [libjvm.so+0x91c450], sa_mask[0]=11111111011111111101111111111110, sa_flags=SA_RESTART|SA_SIGINFO
SIGQUIT: [libjvm.so+0x91c450], sa_mask[0]=11111111011111111101111111111110, sa_flags=SA_RESTART|SA_SIGINFO


---------------  S Y S T E M  ---------------

OS:DISTRIB_ID=Ubuntu
DISTRIB_RELEASE=16.04
DISTRIB_CODENAME=xenial
DISTRIB_DESCRIPTION="Ubuntu 16.04 LTS"

uname:Linux 4.4.0-22-generic #40-Ubuntu SMP Thu May 12 22:03:46 UTC 2016 x86_64
libc:glibc 2.23 NPTL 2.23 
rlimit: STACK 8192k, CORE 0k, NPROC 15304, NOFILE 65536, AS infinity
load average:15.87 9.87 4.40

/proc/meminfo:
MemTotal:        3956776 kB
MemFree:          296284 kB
MemAvailable:     341888 kB
Buffers:            1696 kB
Cached:           254216 kB
SwapCached:            0 kB
Active:          3251484 kB
Inactive:         235424 kB
Active(anon):    3245660 kB
Inactive(anon):   200948 kB
Active(file):       5824 kB
Inactive(file):    34476 kB
Unevictable:          32 kB
Mlocked:              32 kB
SwapTotal:             0 kB
SwapFree:              0 kB
Dirty:               136 kB
Writeback:             0 kB
AnonPages:       3231680 kB
Mapped:            88728 kB
Shmem:            214960 kB
Slab:              75192 kB
SReclaimable:      34692 kB
SUnreclaim:        40500 kB
KernelStack:       10464 kB
PageTables:        44228 kB
NFS_Unstable:          0 kB
Bounce:                0 kB
WritebackTmp:          0 kB
CommitLimit:     1978388 kB
Committed_AS:    6854772 kB
VmallocTotal:   34359738367 kB
VmallocUsed:           0 kB
VmallocChunk:          0 kB
HardwareCorrupted:     0 kB
AnonHugePages:   1714176 kB
CmaTotal:              0 kB
CmaFree:               0 kB
HugePages_Total:       0
HugePages_Free:        0
HugePages_Rsvd:        0
HugePages_Surp:        0
Hugepagesize:       2048 kB
DirectMap4k:      178552 kB
DirectMap2M:     3926016 kB
DirectMap1G:           0 kB


CPU:total 4 (2 cores per cpu, 2 threads per core) family 6 model 60 stepping 3, cmov, cx8, fxsr, mmx, sse, sse2, sse3, ssse3, sse4.1, sse4.2, popcnt, avx, avx2, aes, clmul, erms, lzcnt, ht, tsc, tscinvbit, bmi1, bmi2

/proc/cpuinfo:
processor	: 0
vendor_id	: GenuineIntel
cpu family	: 6
model		: 60
model name	: Intel(R) Core(TM) i5-4200M CPU @ 2.50GHz
stepping	: 3
microcode	: 0x16
cpu MHz		: 2999.902
cache size	: 3072 KB
physical id	: 0
siblings	: 4
core id		: 0
cpu cores	: 2
apicid		: 0
initial apicid	: 0
fpu		: yes
fpu_exception	: yes
cpuid level	: 13
wp		: yes
flags		: fpu vme de pse tsc msr pae mce cx8 apic sep mtrr pge mca cmov pat pse36 clflush dts acpi mmx fxsr sse sse2 ss ht tm pbe syscall nx pdpe1gb rdtscp lm constant_tsc arch_perfmon pebs bts rep_good nopl xtopology nonstop_tsc aperfmperf eagerfpu pni pclmulqdq dtes64 monitor ds_cpl vmx est tm2 ssse3 sdbg fma cx16 xtpr pdcm pcid sse4_1 sse4_2 movbe popcnt tsc_deadline_timer aes xsave avx f16c rdrand lahf_lm abm epb tpr_shadow vnmi flexpriority ept vpid fsgsbase tsc_adjust bmi1 avx2 smep bmi2 erms invpcid xsaveopt dtherm ida arat pln pts
bugs		:
bogomips	: 4988.46
clflush size	: 64
cache_alignment	: 64
address sizes	: 39 bits physical, 48 bits virtual
power management:

processor	: 1
vendor_id	: GenuineIntel
cpu family	: 6
model		: 60
model name	: Intel(R) Core(TM) i5-4200M CPU @ 2.50GHz
stepping	: 3
microcode	: 0x16
cpu MHz		: 2999.902
cache size	: 3072 KB
physical id	: 0
siblings	: 4
core id		: 1
cpu cores	: 2
apicid		: 2
initial apicid	: 2
fpu		: yes
fpu_exception	: yes
cpuid level	: 13
wp		: yes
flags		: fpu vme de pse tsc msr pae mce cx8 apic sep mtrr pge mca cmov pat pse36 clflush dts acpi mmx fxsr sse sse2 ss ht tm pbe syscall nx pdpe1gb rdtscp lm constant_tsc arch_perfmon pebs bts rep_good nopl xtopology nonstop_tsc aperfmperf eagerfpu pni pclmulqdq dtes64 monitor ds_cpl vmx est tm2 ssse3 sdbg fma cx16 xtpr pdcm pcid sse4_1 sse4_2 movbe popcnt tsc_deadline_timer aes xsave avx f16c rdrand lahf_lm abm epb tpr_shadow vnmi flexpriority ept vpid fsgsbase tsc_adjust bmi1 avx2 smep bmi2 erms invpcid xsaveopt dtherm ida arat pln pts
bugs		:
bogomips	: 4988.46
clflush size	: 64
cache_alignment	: 64
address sizes	: 39 bits physical, 48 bits virtual
power management:

processor	: 2
vendor_id	: GenuineIntel
cpu family	: 6
model		: 60
model name	: Intel(R) Core(TM) i5-4200M CPU @ 2.50GHz
stepping	: 3
microcode	: 0x16
cpu MHz		: 3000.000
cache size	: 3072 KB
physical id	: 0
siblings	: 4
core id		: 0
cpu cores	: 2
apicid		: 1
initial apicid	: 1
fpu		: yes
fpu_exception	: yes
cpuid level	: 13
wp		: yes
flags		: fpu vme de pse tsc msr pae mce cx8 apic sep mtrr pge mca cmov pat pse36 clflush dts acpi mmx fxsr sse sse2 ss ht tm pbe syscall nx pdpe1gb rdtscp lm constant_tsc arch_perfmon pebs bts rep_good nopl xtopology nonstop_tsc aperfmperf eagerfpu pni pclmulqdq dtes64 monitor ds_cpl vmx est tm2 ssse3 sdbg fma cx16 xtpr pdcm pcid sse4_1 sse4_2 movbe popcnt tsc_deadline_timer aes xsave avx f16c rdrand lahf_lm abm epb tpr_shadow vnmi flexpriority ept vpid fsgsbase tsc_adjust bmi1 avx2 smep bmi2 erms invpcid xsaveopt dtherm ida arat pln pts
bugs		:
bogomips	: 4988.46
clflush size	: 64
cache_alignment	: 64
address sizes	: 39 bits physical, 48 bits virtual
power management:

processor	: 3
vendor_id	: GenuineIntel
cpu family	: 6
model		: 60
model name	: Intel(R) Core(TM) i5-4200M CPU @ 2.50GHz
stepping	: 3
microcode	: 0x16
cpu MHz		: 3000.000
cache size	: 3072 KB
physical id	: 0
siblings	: 4
core id		: 1
cpu cores	: 2
apicid		: 3
initial apicid	: 3
fpu		: yes
fpu_exception	: yes
cpuid level	: 13
wp		: yes
flags		: fpu vme de pse tsc msr pae mce cx8 apic sep mtrr pge mca cmov pat pse36 clflush dts acpi mmx fxsr sse sse2 ss ht tm pbe syscall nx pdpe1gb rdtscp lm constant_tsc arch_perfmon pebs bts rep_good nopl xtopology nonstop_tsc aperfmperf eagerfpu pni pclmulqdq dtes64 monitor ds_cpl vmx est tm2 ssse3 sdbg fma cx16 xtpr pdcm pcid sse4_1 sse4_2 movbe popcnt tsc_deadline_timer aes xsave avx f16c rdrand lahf_lm abm epb tpr_shadow vnmi flexpriority ept vpid fsgsbase tsc_adjust bmi1 avx2 smep bmi2 erms invpcid xsaveopt dtherm ida arat pln pts
bugs		:
bogomips	: 4988.46
clflush size	: 64
cache_alignment	: 64
address sizes	: 39 bits physical, 48 bits virtual
power management:



Memory: 4k page, physical 3956776k(296284k free), swap 0k(0k free)

vm_info: Java HotSpot(TM) 64-Bit Server VM (25.91-b14) for linux-amd64 JRE (1.8.0_91-b14), built on Apr  1 2016 00:57:21 by "java_re" with gcc 4.3.0 20080428 (Red Hat 4.3.0-8)

time: Tue May 17 16:45:06 2016
elapsed time: 10 seconds (0d 0h 0m 10s)

