#
# There is insufficient memory for the Java Runtime Environment to continue.
# Native memory allocation (mmap) failed to map 130023424 bytes for committing reserved memory.
# Possible reasons:
#   The system is out of physical RAM or swap space
#   In 32 bit mode, the process size limit was hit
# Possible solutions:
#   Reduce memory load on the system
#   Increase physical memory or swap space
#   Check if swap backing store is full
#   Use 64 bit Java on a 64 bit OS
#   Decrease Java heap size (-Xmx/-Xms)
#   Decrease number of Java threads
#   Decrease Java thread stack sizes (-Xss)
#   Set larger code cache with -XX:ReservedCodeCacheSize=
# This output file may be truncated or incomplete.
#
#  Out of Memory Error (os_linux.cpp:2627), pid=8595, tid=140510989350656
#
# JRE version: Java(TM) SE Runtime Environment (8.0_91-b14) (build 1.8.0_91-b14)
# Java VM: Java HotSpot(TM) 64-Bit Server VM (25.91-b14 mixed mode linux-amd64 compressed oops)
# Failed to write core dump. Core dumps have been disabled. To enable core dumping, try "ulimit -c unlimited" before starting Java again
#

---------------  T H R E A D  ---------------

Current thread (0x00007fcb64078000):  VMThread [stack: 0x00007fcb438b7000,0x00007fcb439b8000] [id=8604]

Stack: [0x00007fcb438b7000,0x00007fcb439b8000],  sp=0x00007fcb439b6020,  free space=1020k
Native frames: (J=compiled Java code, j=interpreted, Vv=VM code, C=native code)
V  [libjvm.so+0xabc18a]  VMError::report_and_die()+0x2ba
V  [libjvm.so+0x4fafeb]  report_vm_out_of_memory(char const*, int, unsigned long, VMErrorType, char const*)+0x8b
V  [libjvm.so+0x91cbb3]  os::Linux::commit_memory_impl(char*, unsigned long, bool)+0x103
V  [libjvm.so+0x91d109]  os::pd_commit_memory(char*, unsigned long, unsigned long, bool)+0x29
V  [libjvm.so+0x91740a]  os::commit_memory(char*, unsigned long, unsigned long, bool)+0x2a
V  [libjvm.so+0x98b033]  PSVirtualSpace::expand_by(unsigned long)+0x53
V  [libjvm.so+0x97b920]  PSOldGen::expand(unsigned long)+0x170
V  [libjvm.so+0x97bb2b]  PSOldGen::resize(unsigned long)+0x1cb
V  [libjvm.so+0x983801]  PSParallelCompact::invoke_no_policy(bool)+0x991
V  [libjvm.so+0x98915d]  PSScavenge::invoke()+0x1ad
V  [libjvm.so+0x9408b0]  ParallelScavengeHeap::failed_mem_allocate(unsigned long)+0x70
V  [libjvm.so+0xabdba7]  VM_ParallelGCFailedAllocation::doit()+0x97
V  [libjvm.so+0xac55d5]  VM_Operation::evaluate()+0x55
V  [libjvm.so+0xac39aa]  VMThread::evaluate_operation(VM_Operation*)+0xba
V  [libjvm.so+0xac3d2e]  VMThread::loop()+0x1ce
V  [libjvm.so+0xac41a0]  VMThread::run()+0x70
V  [libjvm.so+0x91ef78]  java_start(Thread*)+0x108

VM_Operation (0x00007fcb42ad0a20): ParallelGCFailedAllocation, mode: safepoint, requested by thread 0x00007fcb6412d000


---------------  P R O C E S S  ---------------

Java Threads: ( => current thread )
  0x00007fcb64131000 JavaThread "pool-1-thread-4" [_thread_blocked, id=8617, stack(0x00007fcb428d1000,0x00007fcb429d2000)]
  0x00007fcb6412d000 JavaThread "pool-1-thread-3" [_thread_blocked, id=8616, stack(0x00007fcb429d2000,0x00007fcb42ad3000)]
  0x00007fcb6412b000 JavaThread "pool-1-thread-2" [_thread_blocked, id=8615, stack(0x00007fcb42ad3000,0x00007fcb42bd4000)]
  0x00007fcb64129000 JavaThread "pool-2-thread-1" [_thread_blocked, id=8614, stack(0x00007fcb42bd4000,0x00007fcb42cd5000)]
  0x00007fcb64127000 JavaThread "pool-1-thread-1" [_thread_blocked, id=8613, stack(0x00007fcb42cd5000,0x00007fcb42dd6000)]
  0x00007fcb640c1000 JavaThread "Service Thread" daemon [_thread_blocked, id=8611, stack(0x00007fcb42ed7000,0x00007fcb42fd8000)]
  0x00007fcb640be000 JavaThread "C1 CompilerThread2" daemon [_thread_blocked, id=8610, stack(0x00007fcb42fd8000,0x00007fcb430d9000)]
  0x00007fcb640bc800 JavaThread "C2 CompilerThread1" daemon [_thread_blocked, id=8609, stack(0x00007fcb430d9000,0x00007fcb431da000)]
  0x00007fcb640b9800 JavaThread "C2 CompilerThread0" daemon [_thread_blocked, id=8608, stack(0x00007fcb431da000,0x00007fcb432db000)]
  0x00007fcb640b8000 JavaThread "Signal Dispatcher" daemon [_thread_blocked, id=8607, stack(0x00007fcb432db000,0x00007fcb433dc000)]
  0x00007fcb64084000 JavaThread "Finalizer" daemon [_thread_blocked, id=8606, stack(0x00007fcb436b5000,0x00007fcb437b6000)]
  0x00007fcb6407f800 JavaThread "Reference Handler" daemon [_thread_blocked, id=8605, stack(0x00007fcb437b6000,0x00007fcb438b7000)]
  0x00007fcb6400a000 JavaThread "main" [_thread_blocked, id=8597, stack(0x00007fcb69f77000,0x00007fcb6a078000)]

Other Threads:
=>0x00007fcb64078000 VMThread [stack: 0x00007fcb438b7000,0x00007fcb439b8000] [id=8604]
  0x00007fcb640c4000 WatcherThread [stack: 0x00007fcb42dd6000,0x00007fcb42ed7000] [id=8612]

VM state:at safepoint (normal execution)

VM Mutex/Monitor currently owned by a thread:  ([mutex/lock_event])
[0x00007fcb64005de0] ExpandHeap_lock - owner thread: 0x00007fcb64078000
[0x00007fcb64006460] Threads_lock - owner thread: 0x00007fcb64078000
[0x00007fcb64006960] Heap_lock - owner thread: 0x00007fcb6412d000

Heap:
 PSYoungGen      total 214528K, used 20388K [0x00000000eab00000, 0x0000000100000000, 0x0000000100000000)
  eden space 154624K, 0% used [0x00000000eab00000,0x00000000eab00000,0x00000000f4200000)
  from space 59904K, 34% used [0x00000000f4200000,0x00000000f55e92a0,0x00000000f7c80000)
  to   space 99328K, 0% used [0x00000000f9f00000,0x00000000f9f00000,0x0000000100000000)
 ParOldGen       total 179712K, used 179700K [0x00000000c0000000, 0x00000000caf80000, 0x00000000eab00000)
  object space 179712K, 99% used [0x00000000c0000000,0x00000000caf7d020,0x00000000caf80000)
 Metaspace       used 6184K, capacity 7216K, committed 7296K, reserved 1056768K
  class space    used 589K, capacity 616K, committed 640K, reserved 1048576K

Card table byte_map: [0x00007fcb539a1000,0x00007fcb53ba2000] byte_map_base: 0x00007fcb533a1000

Marking Bits: (ParMarkBitMap*) 0x00007fcb6944dd60
 Begin Bits: [0x00007fcb5159d000, 0x00007fcb5259d000)
 End Bits:   [0x00007fcb5259d000, 0x00007fcb5359d000)

Polling page: 0x00007fcb6a09c000

CodeCache: size=245760Kb used=9764Kb max_used=11140Kb free=235995Kb
 bounds [0x00007fcb53f62000, 0x00007fcb54a52000, 0x00007fcb62f62000]
 total_blobs=2260 nmethods=1998 adapters=175
 compilation: enabled

Compilation events (10 events):
Event: 13.776 Thread 0x00007fcb640bc800 nmethod 2424% 0x00007fcb544fb6d0 code [0x00007fcb544fb8c0, 0x00007fcb544fc6b8]
Event: 13.776 Thread 0x00007fcb640bc800 2423 %     4       com.android.dx.ssa.SsaConverter::edgeSplitPredecessors @ 12 (44 bytes)
Event: 13.790 Thread 0x00007fcb640bc800 nmethod 2423% 0x00007fcb542b8910 code [0x00007fcb542b8b40, 0x00007fcb542b92e0]
Event: 13.790 Thread 0x00007fcb640bc800 2442       4       com.android.dx.rop.cst.CstLiteral32::equals (35 bytes)
Event: 13.791 Thread 0x00007fcb640bc800 nmethod 2442 0x00007fcb541f09d0 code [0x00007fcb541f0b20, 0x00007fcb541f0bf8]
Event: 13.791 Thread 0x00007fcb640bc800 2443 %     4       com.android.dx.ssa.back.FirstFitLocalCombiningAllocator::handleNormalUnassociated @ 60 (99 bytes)
Event: 13.836 Thread 0x00007fcb640be000 2447       2       com.android.dx.ssa.Optimizer::optimizeMinimizeRegisters (41 bytes)
Event: 13.836 Thread 0x00007fcb640be000 nmethod 2447 0x00007fcb5425ae90 code [0x00007fcb5425b060, 0x00007fcb5425b428]
Event: 13.887 Thread 0x00007fcb640be000 2449   !   2       com.android.dx.command.dexer.Main$DirectClassFileConsumer::call (344 bytes)
Event: 13.890 Thread 0x00007fcb640be000 nmethod 2449 0x00007fcb544212d0 code [0x00007fcb54421580, 0x00007fcb54422608]

GC Heap History (10 events):
Event: 6.260 GC heap after
Heap after GC invocations=14 (full 3):
 PSYoungGen      total 237056K, used 30469K [0x00000000eab00000, 0x00000000fec80000, 0x0000000100000000)
  eden space 173056K, 0% used [0x00000000eab00000,0x00000000eab00000,0x00000000f5400000)
  from space 64000K, 47% used [0x00000000f5400000,0x00000000f71c15b8,0x00000000f9280000)
  to   space 62464K, 0% used [0x00000000faf80000,0x00000000faf80000,0x00000000fec80000)
 ParOldGen       total 179712K, used 87209K [0x00000000c0000000, 0x00000000caf80000, 0x00000000eab00000)
  object space 179712K, 48% used [0x00000000c0000000,0x00000000c552a5f0,0x00000000caf80000)
 Metaspace       used 6087K, capacity 7152K, committed 7296K, reserved 1056768K
  class space    used 588K, capacity 616K, committed 640K, reserved 1048576K
}
Event: 6.863 GC heap before
{Heap before GC invocations=15 (full 3):
 PSYoungGen      total 237056K, used 203525K [0x00000000eab00000, 0x00000000fec80000, 0x0000000100000000)
  eden space 173056K, 100% used [0x00000000eab00000,0x00000000f5400000,0x00000000f5400000)
  from space 64000K, 47% used [0x00000000f5400000,0x00000000f71c15b8,0x00000000f9280000)
  to   space 62464K, 0% used [0x00000000faf80000,0x00000000faf80000,0x00000000fec80000)
 ParOldGen       total 179712K, used 87209K [0x00000000c0000000, 0x00000000caf80000, 0x00000000eab00000)
  object space 179712K, 48% used [0x00000000c0000000,0x00000000c552a5f0,0x00000000caf80000)
 Metaspace       used 6132K, capacity 7216K, committed 7296K, reserved 1056768K
  class space    used 588K, capacity 616K, committed 640K, reserved 1048576K
Event: 6.953 GC heap after
Heap after GC invocations=15 (full 3):
 PSYoungGen      total 263680K, used 44233K [0x00000000eab00000, 0x00000000ff500000, 0x0000000100000000)
  eden space 201216K, 0% used [0x00000000eab00000,0x00000000eab00000,0x00000000f6f80000)
  from space 62464K, 70% used [0x00000000faf80000,0x00000000fdab2698,0x00000000fec80000)
  to   space 65536K, 0% used [0x00000000f6f80000,0x00000000f6f80000,0x00000000faf80000)
 ParOldGen       total 179712K, used 87217K [0x00000000c0000000, 0x00000000caf80000, 0x00000000eab00000)
  object space 179712K, 48% used [0x00000000c0000000,0x00000000c552c5f0,0x00000000caf80000)
 Metaspace       used 6132K, capacity 7216K, committed 7296K, reserved 1056768K
  class space    used 588K, capacity 616K, committed 640K, reserved 1048576K
}
Event: 7.754 GC heap before
{Heap before GC invocations=16 (full 3):
 PSYoungGen      total 263680K, used 245449K [0x00000000eab00000, 0x00000000ff500000, 0x0000000100000000)
  eden space 201216K, 100% used [0x00000000eab00000,0x00000000f6f80000,0x00000000f6f80000)
  from space 62464K, 70% used [0x00000000faf80000,0x00000000fdab2698,0x00000000fec80000)
  to   space 65536K, 0% used [0x00000000f6f80000,0x00000000f6f80000,0x00000000faf80000)
 ParOldGen       total 179712K, used 87217K [0x00000000c0000000, 0x00000000caf80000, 0x00000000eab00000)
  object space 179712K, 48% used [0x00000000c0000000,0x00000000c552c5f0,0x00000000caf80000)
 Metaspace       used 6156K, capacity 7216K, committed 7296K, reserved 1056768K
  class space    used 588K, capacity 616K, committed 640K, reserved 1048576K
Event: 7.822 GC heap after
Heap after GC invocations=16 (full 3):
 PSYoungGen      total 266752K, used 65506K [0x00000000eab00000, 0x0000000100000000, 0x0000000100000000)
  eden space 201216K, 0% used [0x00000000eab00000,0x00000000eab00000,0x00000000f6f80000)
  from space 65536K, 99% used [0x00000000f6f80000,0x00000000faf78b98,0x00000000faf80000)
  to   space 78336K, 0% used [0x00000000fb380000,0x00000000fb380000,0x0000000100000000)
 ParOldGen       total 179712K, used 92593K [0x00000000c0000000, 0x00000000caf80000, 0x00000000eab00000)
  object space 179712K, 51% used [0x00000000c0000000,0x00000000c5a6c600,0x00000000caf80000)
 Metaspace       used 6156K, capacity 7216K, committed 7296K, reserved 1056768K
  class space    used 588K, capacity 616K, committed 640K, reserved 1048576K
}
Event: 8.846 GC heap before
{Heap before GC invocations=17 (full 3):
 PSYoungGen      total 266752K, used 266722K [0x00000000eab00000, 0x0000000100000000, 0x0000000100000000)
  eden space 201216K, 100% used [0x00000000eab00000,0x00000000f6f80000,0x00000000f6f80000)
  from space 65536K, 99% used [0x00000000f6f80000,0x00000000faf78b98,0x00000000faf80000)
  to   space 78336K, 0% used [0x00000000fb380000,0x00000000fb380000,0x0000000100000000)
 ParOldGen       total 179712K, used 92593K [0x00000000c0000000, 0x00000000caf80000, 0x00000000eab00000)
  object space 179712K, 51% used [0x00000000c0000000,0x00000000c5a6c600,0x00000000caf80000)
 Metaspace       used 6173K, capacity 7216K, committed 7296K, reserved 1056768K
  class space    used 588K, capacity 616K, committed 640K, reserved 1048576K
Event: 8.972 GC heap after
Heap after GC invocations=17 (full 3):
 PSYoungGen      total 232960K, used 78326K [0x00000000eab00000, 0x0000000100000000, 0x0000000100000000)
  eden space 154624K, 0% used [0x00000000eab00000,0x00000000eab00000,0x00000000f4200000)
  from space 78336K, 99% used [0x00000000fb380000,0x00000000ffffda88,0x0000000100000000)
  to   space 97280K, 0% used [0x00000000f4200000,0x00000000f4200000,0x00000000fa100000)
 ParOldGen       total 179712K, used 109544K [0x00000000c0000000, 0x00000000caf80000, 0x00000000eab00000)
  object space 179712K, 60% used [0x00000000c0000000,0x00000000c6afa110,0x00000000caf80000)
 Metaspace       used 6173K, capacity 7216K, committed 7296K, reserved 1056768K
  class space    used 588K, capacity 616K, committed 640K, reserved 1048576K
}
Event: 13.894 GC heap before
{Heap before GC invocations=18 (full 3):
 PSYoungGen      total 232960K, used 232950K [0x00000000eab00000, 0x0000000100000000, 0x0000000100000000)
  eden space 154624K, 100% used [0x00000000eab00000,0x00000000f4200000,0x00000000f4200000)
  from space 78336K, 99% used [0x00000000fb380000,0x00000000ffffda88,0x0000000100000000)
  to   space 97280K, 0% used [0x00000000f4200000,0x00000000f4200000,0x00000000fa100000)
 ParOldGen       total 179712K, used 109544K [0x00000000c0000000, 0x00000000caf80000, 0x00000000eab00000)
  object space 179712K, 60% used [0x00000000c0000000,0x00000000c6afa110,0x00000000caf80000)
 Metaspace       used 6184K, capacity 7216K, committed 7296K, reserved 1056768K
  class space    used 589K, capacity 616K, committed 640K, reserved 1048576K
Event: 14.002 GC heap after
Heap after GC invocations=18 (full 3):
 PSYoungGen      total 214528K, used 59445K [0x00000000eab00000, 0x0000000100000000, 0x0000000100000000)
  eden space 154624K, 0% used [0x00000000eab00000,0x00000000eab00000,0x00000000f4200000)
  from space 59904K, 99% used [0x00000000f4200000,0x00000000f7c0d6b8,0x00000000f7c80000)
  to   space 99328K, 0% used [0x00000000f9f00000,0x00000000f9f00000,0x0000000100000000)
 ParOldGen       total 179712K, used 145369K [0x00000000c0000000, 0x00000000caf80000, 0x00000000eab00000)
  object space 179712K, 80% used [0x00000000c0000000,0x00000000c8df64d0,0x00000000caf80000)
 Metaspace       used 6184K, capacity 7216K, committed 7296K, reserved 1056768K
  class space    used 589K, capacity 616K, committed 640K, reserved 1048576K
}
Event: 14.002 GC heap before
{Heap before GC invocations=19 (full 4):
 PSYoungGen      total 214528K, used 59445K [0x00000000eab00000, 0x0000000100000000, 0x0000000100000000)
  eden space 154624K, 0% used [0x00000000eab00000,0x00000000eab00000,0x00000000f4200000)
  from space 59904K, 99% used [0x00000000f4200000,0x00000000f7c0d6b8,0x00000000f7c80000)
  to   space 99328K, 0% used [0x00000000f9f00000,0x00000000f9f00000,0x0000000100000000)
 ParOldGen       total 179712K, used 145369K [0x00000000c0000000, 0x00000000caf80000, 0x00000000eab00000)
  object space 179712K, 80% used [0x00000000c0000000,0x00000000c8df64d0,0x00000000caf80000)
 Metaspace       used 6184K, capacity 7216K, committed 7296K, reserved 1056768K
  class space    used 589K, capacity 616K, committed 640K, reserved 1048576K

Deoptimization events (10 events):
Event: 6.548 Thread 0x00007fcb6412b000 Uncommon trap: reason=unstable_if action=reinterpret pc=0x00007fcb54230b10 method=java.util.HashMap.putVal(ILjava/lang/Object;Ljava/lang/Object;ZZ)Ljava/lang/Object; @ 109
Event: 7.637 Thread 0x00007fcb64131000 Uncommon trap: reason=unstable_if action=reinterpret pc=0x00007fcb5480cb68 method=com.android.dx.ssa.LocalVariableExtractor.processBlock(I)V @ 251
Event: 8.126 Thread 0x00007fcb6412d000 Uncommon trap: reason=bimorphic action=maybe_recompile pc=0x00007fcb54886d84 method=com.android.dx.cf.code.BytecodeArray.parseInstruction(ILcom/android/dx/cf/code/BytecodeArray$Visitor;)I @ 1051
Event: 8.126 Thread 0x00007fcb6412d000 Uncommon trap: reason=bimorphic action=maybe_recompile pc=0x00007fcb54886d84 method=com.android.dx.cf.code.BytecodeArray.parseInstruction(ILcom/android/dx/cf/code/BytecodeArray$Visitor;)I @ 1051
Event: 8.481 Thread 0x00007fcb64127000 Uncommon trap: reason=unstable_if action=reinterpret pc=0x00007fcb54829e78 method=com.android.dx.cf.code.Ropper.processBlock(Lcom/android/dx/cf/code/ByteBlock;Lcom/android/dx/cf/code/Frame;[I)V @ 651
Event: 13.657 Thread 0x00007fcb64131000 Uncommon trap: reason=bimorphic action=maybe_recompile pc=0x00007fcb5491645c method=com.android.dx.cf.code.BytecodeArray.parseInstruction(ILcom/android/dx/cf/code/BytecodeArray$Visitor;)I @ 1477
Event: 13.757 Thread 0x00007fcb64131000 Uncommon trap: reason=class_check action=maybe_recompile pc=0x00007fcb5498a854 method=com.android.dx.rop.cst.CstLiteral32.equals(Ljava/lang/Object;)Z @ 20
Event: 13.758 Thread 0x00007fcb64131000 Uncommon trap: reason=class_check action=maybe_recompile pc=0x00007fcb5498a854 method=com.android.dx.rop.cst.CstLiteral32.equals(Ljava/lang/Object;)Z @ 20
Event: 13.759 Thread 0x00007fcb64131000 Uncommon trap: reason=class_check action=maybe_recompile pc=0x00007fcb5498a854 method=com.android.dx.rop.cst.CstLiteral32.equals(Ljava/lang/Object;)Z @ 20
Event: 13.759 Thread 0x00007fcb64131000 Uncommon trap: reason=class_check action=maybe_recompile pc=0x00007fcb5498a854 method=com.android.dx.rop.cst.CstLiteral32.equals(Ljava/lang/Object;)Z @ 20

Internal exceptions (6 events):
Event: 0.035 Thread 0x00007fcb6400a000 Exception <a 'java/lang/NoSuchMethodError': Method sun.misc.Unsafe.defineClass(Ljava/lang/String;[BII)Ljava/lang/Class; name or signature does not match> (0x00000000eab07cc0) thrown at [/HUDSON/workspace/8-2-build-linux-amd64/jdk8u91/6644/hotspot/src/shar
Event: 0.035 Thread 0x00007fcb6400a000 Exception <a 'java/lang/NoSuchMethodError': Method sun.misc.Unsafe.prefetchRead(Ljava/lang/Object;J)V name or signature does not match> (0x00000000eab07fa8) thrown at [/HUDSON/workspace/8-2-build-linux-amd64/jdk8u91/6644/hotspot/src/share/vm/prims/jni.cpp
Event: 0.574 Thread 0x00007fcb6412d000 Implicit null exception at 0x00007fcb541987bb to 0x00007fcb5419aad5
Event: 4.636 Thread 0x00007fcb64127000 Exception <a 'java/lang/ArrayIndexOutOfBoundsException': 18> (0x00000000eeaa9ef0) thrown at [/HUDSON/workspace/8-2-build-linux-amd64/jdk8u91/6644/hotspot/src/share/vm/interpreter/interpreterRuntime.cpp, line 366]
Event: 4.637 Thread 0x00007fcb64127000 Exception <a 'java/lang/ArrayIndexOutOfBoundsException'> (0x00000000eeaaba70) thrown at [/HUDSON/workspace/8-2-build-linux-amd64/jdk8u91/6644/hotspot/src/share/vm/runtime/sharedRuntime.cpp, line 605]
Event: 4.638 Thread 0x00007fcb64127000 Exception <a 'java/lang/ArrayIndexOutOfBoundsException'> (0x00000000eeaacd58) thrown at [/HUDSON/workspace/8-2-build-linux-amd64/jdk8u91/6644/hotspot/src/share/vm/runtime/sharedRuntime.cpp, line 605]

Events (10 events):
Event: 13.882 Thread 0x00007fcb6400a000 DEOPT UNPACKING pc=0x00007fcb53fa9633 sp=0x00007fcb6a074ee8 mode 0
Event: 13.884 Thread 0x00007fcb6412b000 DEOPT PACKING pc=0x00007fcb54139187 sp=0x00007fcb42bd1ca0
Event: 13.884 Thread 0x00007fcb6412b000 DEOPT UNPACKING pc=0x00007fcb53fa9633 sp=0x00007fcb42bd1a08 mode 0
Event: 13.885 Thread 0x00007fcb6412d000 DEOPT PACKING pc=0x00007fcb54244308 sp=0x00007fcb42ad0d20
Event: 13.885 Thread 0x00007fcb6412d000 DEOPT UNPACKING pc=0x00007fcb53fa9633 sp=0x00007fcb42ad0aa8 mode 0
Event: 13.886 Thread 0x00007fcb6412d000 DEOPT PACKING pc=0x00007fcb545f6377 sp=0x00007fcb42ad0fd0
Event: 13.886 Thread 0x00007fcb6412d000 DEOPT UNPACKING pc=0x00007fcb53fa9633 sp=0x00007fcb42ad0d18 mode 0
Event: 13.888 Thread 0x00007fcb6412b000 DEOPT PACKING pc=0x00007fcb541dc92d sp=0x00007fcb42bd1bc0
Event: 13.888 Thread 0x00007fcb6412b000 DEOPT UNPACKING pc=0x00007fcb53fa9633 sp=0x00007fcb42bd1948 mode 0
Event: 13.892 Executing VM operation: ParallelGCFailedAllocation


Dynamic libraries:
00400000-00401000 r-xp 00000000 08:06 266116                             /home/mohamed/jdk1.8.0_91/bin/java
00600000-00601000 rw-p 00000000 08:06 266116                             /home/mohamed/jdk1.8.0_91/bin/java
00804000-00825000 rw-p 00000000 00:00 0                                  [heap]
c0000000-caf80000 rw-p 00000000 00:00 0 
d2b80000-eab00000 ---p 00000000 00:00 0 
eab00000-100000000 rw-p 00000000 00:00 0 
100000000-1000a0000 rw-p 00000000 00:00 0 
1000a0000-140000000 ---p 00000000 00:00 0 
7fcb00000000-7fcb00024000 rw-p 00000000 00:00 0 
7fcb00024000-7fcb04000000 ---p 00000000 00:00 0 
7fcb08000000-7fcb08034000 rw-p 00000000 00:00 0 
7fcb08034000-7fcb0c000000 ---p 00000000 00:00 0 
7fcb0c000000-7fcb0c069000 rw-p 00000000 00:00 0 
7fcb0c069000-7fcb10000000 ---p 00000000 00:00 0 
7fcb10000000-7fcb1003f000 rw-p 00000000 00:00 0 
7fcb1003f000-7fcb14000000 ---p 00000000 00:00 0 
7fcb14000000-7fcb14021000 rw-p 00000000 00:00 0 
7fcb14021000-7fcb18000000 ---p 00000000 00:00 0 
7fcb18000000-7fcb18021000 rw-p 00000000 00:00 0 
7fcb18021000-7fcb1c000000 ---p 00000000 00:00 0 
7fcb1c000000-7fcb1c021000 rw-p 00000000 00:00 0 
7fcb1c021000-7fcb20000000 ---p 00000000 00:00 0 
7fcb20000000-7fcb21080000 rw-p 00000000 00:00 0 
7fcb21080000-7fcb24000000 ---p 00000000 00:00 0 
7fcb24000000-7fcb24c35000 rw-p 00000000 00:00 0 
7fcb24c35000-7fcb28000000 ---p 00000000 00:00 0 
7fcb28000000-7fcb28021000 rw-p 00000000 00:00 0 
7fcb28021000-7fcb2c000000 ---p 00000000 00:00 0 
7fcb2c000000-7fcb2d2c7000 rw-p 00000000 00:00 0 
7fcb2d2c7000-7fcb30000000 ---p 00000000 00:00 0 
7fcb30000000-7fcb30021000 rw-p 00000000 00:00 0 
7fcb30021000-7fcb34000000 ---p 00000000 00:00 0 
7fcb34000000-7fcb34021000 rw-p 00000000 00:00 0 
7fcb34021000-7fcb38000000 ---p 00000000 00:00 0 
7fcb38000000-7fcb3828f000 rw-p 00000000 00:00 0 
7fcb3828f000-7fcb3c000000 ---p 00000000 00:00 0 
7fcb3c000000-7fcb3c021000 rw-p 00000000 00:00 0 
7fcb3c021000-7fcb40000000 ---p 00000000 00:00 0 
7fcb428d1000-7fcb428d4000 ---p 00000000 00:00 0 
7fcb428d4000-7fcb429d2000 rw-p 00000000 00:00 0 
7fcb429d2000-7fcb429d5000 ---p 00000000 00:00 0 
7fcb429d5000-7fcb42ad3000 rw-p 00000000 00:00 0 
7fcb42ad3000-7fcb42ad6000 ---p 00000000 00:00 0 
7fcb42ad6000-7fcb42bd4000 rw-p 00000000 00:00 0 
7fcb42bd4000-7fcb42bd7000 ---p 00000000 00:00 0 
7fcb42bd7000-7fcb42cd5000 rw-p 00000000 00:00 0 
7fcb42cd5000-7fcb42cd8000 ---p 00000000 00:00 0 
7fcb42cd8000-7fcb42dd6000 rw-p 00000000 00:00 0 
7fcb42dd6000-7fcb42dd7000 ---p 00000000 00:00 0 
7fcb42dd7000-7fcb42ed7000 rw-p 00000000 00:00 0 
7fcb42ed7000-7fcb42eda000 ---p 00000000 00:00 0 
7fcb42eda000-7fcb42fd8000 rw-p 00000000 00:00 0 
7fcb42fd8000-7fcb42fdb000 ---p 00000000 00:00 0 
7fcb42fdb000-7fcb430d9000 rw-p 00000000 00:00 0 
7fcb430d9000-7fcb430dc000 ---p 00000000 00:00 0 
7fcb430dc000-7fcb431da000 rw-p 00000000 00:00 0 
7fcb431da000-7fcb431dd000 ---p 00000000 00:00 0 
7fcb431dd000-7fcb432db000 rw-p 00000000 00:00 0 
7fcb432db000-7fcb432de000 ---p 00000000 00:00 0 
7fcb432de000-7fcb433dc000 rw-p 00000000 00:00 0 
7fcb433dc000-7fcb436b5000 r--p 00000000 08:06 526509                     /usr/lib/locale/locale-archive
7fcb436b5000-7fcb436b8000 ---p 00000000 00:00 0 
7fcb436b8000-7fcb437b6000 rw-p 00000000 00:00 0 
7fcb437b6000-7fcb437b9000 ---p 00000000 00:00 0 
7fcb437b9000-7fcb438b7000 rw-p 00000000 00:00 0 
7fcb438b7000-7fcb438b8000 ---p 00000000 00:00 0 
7fcb438b8000-7fcb44000000 rw-p 00000000 00:00 0 
7fcb44000000-7fcb44021000 rw-p 00000000 00:00 0 
7fcb44021000-7fcb48000000 ---p 00000000 00:00 0 
7fcb48000000-7fcb48021000 rw-p 00000000 00:00 0 
7fcb48021000-7fcb4c000000 ---p 00000000 00:00 0 
7fcb4c000000-7fcb4c021000 rw-p 00000000 00:00 0 
7fcb4c021000-7fcb50000000 ---p 00000000 00:00 0 
7fcb50003000-7fcb5094e000 rw-p 00000000 00:00 0 
7fcb5094e000-7fcb50b27000 r--s 03d1f000 08:06 922159                     /home/mohamed/jdk1.8.0_91/jre/lib/rt.jar
7fcb50b27000-7fcb5121d000 rw-p 00000000 00:00 0 
7fcb5121d000-7fcb5139d000 ---p 00000000 00:00 0 
7fcb5139d000-7fcb5359d000 rw-p 00000000 00:00 0 
7fcb5359d000-7fcb5359e000 ---p 00000000 00:00 0 
7fcb5359e000-7fcb5369e000 rw-p 00000000 00:00 0 
7fcb5369e000-7fcb5369f000 ---p 00000000 00:00 0 
7fcb5369f000-7fcb5379f000 rw-p 00000000 00:00 0 
7fcb5379f000-7fcb537a0000 ---p 00000000 00:00 0 
7fcb537a0000-7fcb538a0000 rw-p 00000000 00:00 0 
7fcb538a0000-7fcb538a1000 ---p 00000000 00:00 0 
7fcb538a1000-7fcb539f9000 rw-p 00000000 00:00 0 
7fcb539f9000-7fcb53af6000 ---p 00000000 00:00 0 
7fcb53af6000-7fcb53ba1000 rw-p 00000000 00:00 0 
7fcb53ba1000-7fcb53bce000 rw-p 00000000 00:00 0 
7fcb53bce000-7fcb53f62000 ---p 00000000 00:00 0 
7fcb53f62000-7fcb54a52000 rwxp 00000000 00:00 0 
7fcb54a52000-7fcb62f62000 ---p 00000000 00:00 0 
7fcb62f62000-7fcb62f7c000 r-xp 00000000 08:06 922210                     /home/mohamed/jdk1.8.0_91/jre/lib/amd64/libzip.so
7fcb62f7c000-7fcb6317c000 ---p 0001a000 08:06 922210                     /home/mohamed/jdk1.8.0_91/jre/lib/amd64/libzip.so
7fcb6317c000-7fcb6317d000 rw-p 0001a000 08:06 922210                     /home/mohamed/jdk1.8.0_91/jre/lib/amd64/libzip.so
7fcb6317d000-7fcb63188000 r-xp 00000000 08:06 278669                     /lib/x86_64-linux-gnu/libnss_files-2.23.so
7fcb63188000-7fcb63387000 ---p 0000b000 08:06 278669                     /lib/x86_64-linux-gnu/libnss_files-2.23.so
7fcb63387000-7fcb63388000 r--p 0000a000 08:06 278669                     /lib/x86_64-linux-gnu/libnss_files-2.23.so
7fcb63388000-7fcb63389000 rw-p 0000b000 08:06 278669                     /lib/x86_64-linux-gnu/libnss_files-2.23.so
7fcb63389000-7fcb6338f000 rw-p 00000000 00:00 0 
7fcb6338f000-7fcb6339a000 r-xp 00000000 08:06 278666                     /lib/x86_64-linux-gnu/libnss_nis-2.23.so
7fcb6339a000-7fcb63599000 ---p 0000b000 08:06 278666                     /lib/x86_64-linux-gnu/libnss_nis-2.23.so
7fcb63599000-7fcb6359a000 r--p 0000a000 08:06 278666                     /lib/x86_64-linux-gnu/libnss_nis-2.23.so
7fcb6359a000-7fcb6359b000 rw-p 0000b000 08:06 278666                     /lib/x86_64-linux-gnu/libnss_nis-2.23.so
7fcb6359b000-7fcb635b1000 r-xp 00000000 08:06 278664                     /lib/x86_64-linux-gnu/libnsl-2.23.so
7fcb635b1000-7fcb637b0000 ---p 00016000 08:06 278664                     /lib/x86_64-linux-gnu/libnsl-2.23.so
7fcb637b0000-7fcb637b1000 r--p 00015000 08:06 278664                     /lib/x86_64-linux-gnu/libnsl-2.23.so
7fcb637b1000-7fcb637b2000 rw-p 00016000 08:06 278664                     /lib/x86_64-linux-gnu/libnsl-2.23.so
7fcb637b2000-7fcb637b4000 rw-p 00000000 00:00 0 
7fcb637b4000-7fcb637bc000 r-xp 00000000 08:06 278662                     /lib/x86_64-linux-gnu/libnss_compat-2.23.so
7fcb637bc000-7fcb639bb000 ---p 00008000 08:06 278662                     /lib/x86_64-linux-gnu/libnss_compat-2.23.so
7fcb639bb000-7fcb639bc000 r--p 00007000 08:06 278662                     /lib/x86_64-linux-gnu/libnss_compat-2.23.so
7fcb639bc000-7fcb639bd000 rw-p 00008000 08:06 278662                     /lib/x86_64-linux-gnu/libnss_compat-2.23.so
7fcb639bd000-7fcb639e7000 r-xp 00000000 08:06 922205                     /home/mohamed/jdk1.8.0_91/jre/lib/amd64/libjava.so
7fcb639e7000-7fcb63be7000 ---p 0002a000 08:06 922205                     /home/mohamed/jdk1.8.0_91/jre/lib/amd64/libjava.so
7fcb63be7000-7fcb63be9000 rw-p 0002a000 08:06 922205                     /home/mohamed/jdk1.8.0_91/jre/lib/amd64/libjava.so
7fcb63be9000-7fcb63bf6000 r-xp 00000000 08:06 922209                     /home/mohamed/jdk1.8.0_91/jre/lib/amd64/libverify.so
7fcb63bf6000-7fcb63df6000 ---p 0000d000 08:06 922209                     /home/mohamed/jdk1.8.0_91/jre/lib/amd64/libverify.so
7fcb63df6000-7fcb63df8000 rw-p 0000d000 08:06 922209                     /home/mohamed/jdk1.8.0_91/jre/lib/amd64/libverify.so
7fcb63df8000-7fcb63dff000 r-xp 00000000 08:06 278678                     /lib/x86_64-linux-gnu/librt-2.23.so
7fcb63dff000-7fcb63ffe000 ---p 00007000 08:06 278678                     /lib/x86_64-linux-gnu/librt-2.23.so
7fcb63ffe000-7fcb63fff000 r--p 00006000 08:06 278678                     /lib/x86_64-linux-gnu/librt-2.23.so
7fcb63fff000-7fcb64000000 rw-p 00007000 08:06 278678                     /lib/x86_64-linux-gnu/librt-2.23.so
7fcb64000000-7fcb64395000 rw-p 00000000 00:00 0 
7fcb64395000-7fcb68000000 ---p 00000000 00:00 0 
7fcb68008000-7fcb68017000 r--s 000df000 08:06 6165411                    /home/mohamed/Android/Sdk/build-tools/23.0.1/lib/dx.jar
7fcb68017000-7fcb68090000 rw-p 00000000 00:00 0 
7fcb68090000-7fcb6818e000 ---p 00000000 00:00 0 
7fcb6818e000-7fcb68296000 r-xp 00000000 08:06 278675                     /lib/x86_64-linux-gnu/libm-2.23.so
7fcb68296000-7fcb68495000 ---p 00108000 08:06 278675                     /lib/x86_64-linux-gnu/libm-2.23.so
7fcb68495000-7fcb68496000 r--p 00107000 08:06 278675                     /lib/x86_64-linux-gnu/libm-2.23.so
7fcb68496000-7fcb68497000 rw-p 00108000 08:06 278675                     /lib/x86_64-linux-gnu/libm-2.23.so
7fcb68497000-7fcb69157000 r-xp 00000000 08:06 1184562                    /home/mohamed/jdk1.8.0_91/jre/lib/amd64/server/libjvm.so
7fcb69157000-7fcb69357000 ---p 00cc0000 08:06 1184562                    /home/mohamed/jdk1.8.0_91/jre/lib/amd64/server/libjvm.so
7fcb69357000-7fcb6942f000 rw-p 00cc0000 08:06 1184562                    /home/mohamed/jdk1.8.0_91/jre/lib/amd64/server/libjvm.so
7fcb6942f000-7fcb6947a000 rw-p 00000000 00:00 0 
7fcb6947a000-7fcb6963a000 r-xp 00000000 08:06 278683                     /lib/x86_64-linux-gnu/libc-2.23.so
7fcb6963a000-7fcb69839000 ---p 001c0000 08:06 278683                     /lib/x86_64-linux-gnu/libc-2.23.so
7fcb69839000-7fcb6983d000 r--p 001bf000 08:06 278683                     /lib/x86_64-linux-gnu/libc-2.23.so
7fcb6983d000-7fcb6983f000 rw-p 001c3000 08:06 278683                     /lib/x86_64-linux-gnu/libc-2.23.so
7fcb6983f000-7fcb69843000 rw-p 00000000 00:00 0 
7fcb69843000-7fcb69846000 r-xp 00000000 08:06 278684                     /lib/x86_64-linux-gnu/libdl-2.23.so
7fcb69846000-7fcb69a45000 ---p 00003000 08:06 278684                     /lib/x86_64-linux-gnu/libdl-2.23.so
7fcb69a45000-7fcb69a46000 r--p 00002000 08:06 278684                     /lib/x86_64-linux-gnu/libdl-2.23.so
7fcb69a46000-7fcb69a47000 rw-p 00003000 08:06 278684                     /lib/x86_64-linux-gnu/libdl-2.23.so
7fcb69a47000-7fcb69a5c000 r-xp 00000000 08:06 36052                      /home/mohamed/jdk1.8.0_91/lib/amd64/jli/libjli.so
7fcb69a5c000-7fcb69c5c000 ---p 00015000 08:06 36052                      /home/mohamed/jdk1.8.0_91/lib/amd64/jli/libjli.so
7fcb69c5c000-7fcb69c5d000 rw-p 00015000 08:06 36052                      /home/mohamed/jdk1.8.0_91/lib/amd64/jli/libjli.so
7fcb69c5d000-7fcb69c75000 r-xp 00000000 08:06 278682                     /lib/x86_64-linux-gnu/libpthread-2.23.so
7fcb69c75000-7fcb69e74000 ---p 00018000 08:06 278682                     /lib/x86_64-linux-gnu/libpthread-2.23.so
7fcb69e74000-7fcb69e75000 r--p 00017000 08:06 278682                     /lib/x86_64-linux-gnu/libpthread-2.23.so
7fcb69e75000-7fcb69e76000 rw-p 00018000 08:06 278682                     /lib/x86_64-linux-gnu/libpthread-2.23.so
7fcb69e76000-7fcb69e7a000 rw-p 00000000 00:00 0 
7fcb69e7a000-7fcb69ea0000 r-xp 00000000 08:06 278679                     /lib/x86_64-linux-gnu/ld-2.23.so
7fcb69ea5000-7fcb69f77000 rw-p 00000000 00:00 0 
7fcb69f77000-7fcb69f7a000 ---p 00000000 00:00 0 
7fcb69f7a000-7fcb6a07c000 rw-p 00000000 00:00 0 
7fcb6a07f000-7fcb6a093000 rw-p 00000000 00:00 0 
7fcb6a093000-7fcb6a09b000 rw-s 00000000 08:06 1069211                    /tmp/hsperfdata_mohamed/8595
7fcb6a09b000-7fcb6a09c000 rw-p 00000000 00:00 0 
7fcb6a09c000-7fcb6a09d000 ---p 00000000 00:00 0 
7fcb6a09d000-7fcb6a09f000 rw-p 00000000 00:00 0 
7fcb6a09f000-7fcb6a0a0000 r--p 00025000 08:06 278679                     /lib/x86_64-linux-gnu/ld-2.23.so
7fcb6a0a0000-7fcb6a0a1000 rw-p 00026000 08:06 278679                     /lib/x86_64-linux-gnu/ld-2.23.so
7fcb6a0a1000-7fcb6a0a2000 rw-p 00000000 00:00 0 
7ffdcf2d5000-7ffdcf2f6000 rw-p 00000000 00:00 0                          [stack]
7ffdcf3f5000-7ffdcf3f7000 r--p 00000000 00:00 0                          [vvar]
7ffdcf3f7000-7ffdcf3f9000 r-xp 00000000 00:00 0                          [vdso]
ffffffffff600000-ffffffffff601000 r-xp 00000000 00:00 0                  [vsyscall]

VM Arguments:
jvm_args: -Djava.awt.headless=true -Xmx1024M -Dfile.encoding=UTF-8 -Duser.country=US -Duser.language=en -Duser.variant 
java_command: com.android.dx.command.Main --dex --force-jumbo --num-threads=4 --output /media/mohamed/Programs/Explore/app/build/intermediates/pre-dexed/debug/main_b96a9e6e4bba87f32530723a59caa4b0f833400a.jar /media/mohamed/Programs/Explore/app/build/intermediates/transforms/instantRun/debug/folders/1/5/main
java_class_path (initial): /home/mohamed/Android/Sdk/build-tools/23.0.1/lib/dx.jar
Launcher Type: SUN_STANDARD

Environment Variables:
JAVA_HOME=/usr/lib/jvm/java-8-oracle
PATH=/usr/local/sbin:/usr/local/bin:/usr/sbin:/usr/bin:/sbin:/bin:/usr/games:/usr/local/games:/snap/bin:/usr/lib/jvm/java-8-oracle/bin:/usr/lib/jvm/java-8-oracle/db/bin:/usr/lib/jvm/java-8-oracle/jre/bin
LD_LIBRARY_PATH=/home/mohamed/tools/android/android-studio/bin:
SHELL=/bin/bash
DISPLAY=:0

Signal Handlers:
SIGSEGV: [libjvm.so+0xabca10], sa_mask[0]=11111111011111111101111111111110, sa_flags=SA_RESTART|SA_SIGINFO
SIGBUS: [libjvm.so+0xabca10], sa_mask[0]=11111111011111111101111111111110, sa_flags=SA_RESTART|SA_SIGINFO
SIGFPE: [libjvm.so+0x919a20], sa_mask[0]=11111111011111111101111111111110, sa_flags=SA_RESTART|SA_SIGINFO
SIGPIPE: [libjvm.so+0x919a20], sa_mask[0]=11111111011111111101111111111110, sa_flags=SA_RESTART|SA_SIGINFO
SIGXFSZ: [libjvm.so+0x919a20], sa_mask[0]=11111111011111111101111111111110, sa_flags=SA_RESTART|SA_SIGINFO
SIGILL: [libjvm.so+0x919a20], sa_mask[0]=11111111011111111101111111111110, sa_flags=SA_RESTART|SA_SIGINFO
SIGUSR1: SIG_DFL, sa_mask[0]=00000000000000000000000000000000, sa_flags=none
SIGUSR2: [libjvm.so+0x91b050], sa_mask[0]=00100000000000000000000000000000, sa_flags=SA_RESTART|SA_SIGINFO
SIGHUP: [libjvm.so+0x91c450], sa_mask[0]=11111111011111111101111111111110, sa_flags=SA_RESTART|SA_SIGINFO
SIGINT: [libjvm.so+0x91c450], sa_mask[0]=11111111011111111101111111111110, sa_flags=SA_RESTART|SA_SIGINFO
SIGTERM: [libjvm.so+0x91c450], sa_mask[0]=11111111011111111101111111111110, sa_flags=SA_RESTART|SA_SIGINFO
SIGQUIT: [libjvm.so+0x91c450], sa_mask[0]=11111111011111111101111111111110, sa_flags=SA_RESTART|SA_SIGINFO


---------------  S Y S T E M  ---------------

OS:DISTRIB_ID=Ubuntu
DISTRIB_RELEASE=16.04
DISTRIB_CODENAME=xenial
DISTRIB_DESCRIPTION="Ubuntu 16.04 LTS"

uname:Linux 4.4.0-22-generic #39-Ubuntu SMP Thu May 5 16:53:32 UTC 2016 x86_64
libc:glibc 2.23 NPTL 2.23 
rlimit: STACK 8192k, CORE 0k, NPROC 15304, NOFILE 65536, AS infinity
load average:3.99 1.61 0.96

/proc/meminfo:
MemTotal:        3956776 kB
MemFree:           29932 kB
MemAvailable:      62088 kB
Buffers:             600 kB
Cached:           256436 kB
SwapCached:            0 kB
Active:          3547116 kB
Inactive:         211832 kB
Active(anon):    3534312 kB
Inactive(anon):   201412 kB
Active(file):      12804 kB
Inactive(file):    10420 kB
Unevictable:          32 kB
Mlocked:              32 kB
SwapTotal:             0 kB
SwapFree:              0 kB
Dirty:               176 kB
Writeback:             0 kB
AnonPages:       3502740 kB
Mapped:            77496 kB
Shmem:            233016 kB
Slab:              75684 kB
SReclaimable:      38320 kB
SUnreclaim:        37364 kB
KernelStack:        9952 kB
PageTables:        39580 kB
NFS_Unstable:          0 kB
Bounce:                0 kB
WritebackTmp:          0 kB
CommitLimit:     1978388 kB
Committed_AS:    7183980 kB
VmallocTotal:   34359738367 kB
VmallocUsed:           0 kB
VmallocChunk:          0 kB
HardwareCorrupted:     0 kB
AnonHugePages:    989184 kB
CmaTotal:              0 kB
CmaFree:               0 kB
HugePages_Total:       0
HugePages_Free:        0
HugePages_Rsvd:        0
HugePages_Surp:        0
Hugepagesize:       2048 kB
DirectMap4k:      164216 kB
DirectMap2M:     3940352 kB
DirectMap1G:           0 kB


CPU:total 4 (2 cores per cpu, 2 threads per core) family 6 model 60 stepping 3, cmov, cx8, fxsr, mmx, sse, sse2, sse3, ssse3, sse4.1, sse4.2, popcnt, avx, avx2, aes, clmul, erms, lzcnt, ht, tsc, tscinvbit, bmi1, bmi2

/proc/cpuinfo:
processor	: 0
vendor_id	: GenuineIntel
cpu family	: 6
model		: 60
model name	: Intel(R) Core(TM) i5-4200M CPU @ 2.50GHz
stepping	: 3
microcode	: 0x16
cpu MHz		: 1893.066
cache size	: 3072 KB
physical id	: 0
siblings	: 4
core id		: 0
cpu cores	: 2
apicid		: 0
initial apicid	: 0
fpu		: yes
fpu_exception	: yes
cpuid level	: 13
wp		: yes
flags		: fpu vme de pse tsc msr pae mce cx8 apic sep mtrr pge mca cmov pat pse36 clflush dts acpi mmx fxsr sse sse2 ss ht tm pbe syscall nx pdpe1gb rdtscp lm constant_tsc arch_perfmon pebs bts rep_good nopl xtopology nonstop_tsc aperfmperf eagerfpu pni pclmulqdq dtes64 monitor ds_cpl vmx est tm2 ssse3 sdbg fma cx16 xtpr pdcm pcid sse4_1 sse4_2 movbe popcnt tsc_deadline_timer aes xsave avx f16c rdrand lahf_lm abm epb tpr_shadow vnmi flexpriority ept vpid fsgsbase tsc_adjust bmi1 avx2 smep bmi2 erms invpcid xsaveopt dtherm ida arat pln pts
bugs		:
bogomips	: 4988.53
clflush size	: 64
cache_alignment	: 64
address sizes	: 39 bits physical, 48 bits virtual
power management:

processor	: 1
vendor_id	: GenuineIntel
cpu family	: 6
model		: 60
model name	: Intel(R) Core(TM) i5-4200M CPU @ 2.50GHz
stepping	: 3
microcode	: 0x16
cpu MHz		: 1895.898
cache size	: 3072 KB
physical id	: 0
siblings	: 4
core id		: 1
cpu cores	: 2
apicid		: 2
initial apicid	: 2
fpu		: yes
fpu_exception	: yes
cpuid level	: 13
wp		: yes
flags		: fpu vme de pse tsc msr pae mce cx8 apic sep mtrr pge mca cmov pat pse36 clflush dts acpi mmx fxsr sse sse2 ss ht tm pbe syscall nx pdpe1gb rdtscp lm constant_tsc arch_perfmon pebs bts rep_good nopl xtopology nonstop_tsc aperfmperf eagerfpu pni pclmulqdq dtes64 monitor ds_cpl vmx est tm2 ssse3 sdbg fma cx16 xtpr pdcm pcid sse4_1 sse4_2 movbe popcnt tsc_deadline_timer aes xsave avx f16c rdrand lahf_lm abm epb tpr_shadow vnmi flexpriority ept vpid fsgsbase tsc_adjust bmi1 avx2 smep bmi2 erms invpcid xsaveopt dtherm ida arat pln pts
bugs		:
bogomips	: 4988.53
clflush size	: 64
cache_alignment	: 64
address sizes	: 39 bits physical, 48 bits virtual
power management:

processor	: 2
vendor_id	: GenuineIntel
cpu family	: 6
model		: 60
model name	: Intel(R) Core(TM) i5-4200M CPU @ 2.50GHz
stepping	: 3
microcode	: 0x16
cpu MHz		: 1316.503
cache size	: 3072 KB
physical id	: 0
siblings	: 4
core id		: 0
cpu cores	: 2
apicid		: 1
initial apicid	: 1
fpu		: yes
fpu_exception	: yes
cpuid level	: 13
wp		: yes
flags		: fpu vme de pse tsc msr pae mce cx8 apic sep mtrr pge mca cmov pat pse36 clflush dts acpi mmx fxsr sse sse2 ss ht tm pbe syscall nx pdpe1gb rdtscp lm constant_tsc arch_perfmon pebs bts rep_good nopl xtopology nonstop_tsc aperfmperf eagerfpu pni pclmulqdq dtes64 monitor ds_cpl vmx est tm2 ssse3 sdbg fma cx16 xtpr pdcm pcid sse4_1 sse4_2 movbe popcnt tsc_deadline_timer aes xsave avx f16c rdrand lahf_lm abm epb tpr_shadow vnmi flexpriority ept vpid fsgsbase tsc_adjust bmi1 avx2 smep bmi2 erms invpcid xsaveopt dtherm ida arat pln pts
bugs		:
bogomips	: 4988.53
clflush size	: 64
cache_alignment	: 64
address sizes	: 39 bits physical, 48 bits virtual
power management:

processor	: 3
vendor_id	: GenuineIntel
cpu family	: 6
model		: 60
model name	: Intel(R) Core(TM) i5-4200M CPU @ 2.50GHz
stepping	: 3
microcode	: 0x16
cpu MHz		: 1597.070
cache size	: 3072 KB
physical id	: 0
siblings	: 4
core id		: 1
cpu cores	: 2
apicid		: 3
initial apicid	: 3
fpu		: yes
fpu_exception	: yes
cpuid level	: 13
wp		: yes
flags		: fpu vme de pse tsc msr pae mce cx8 apic sep mtrr pge mca cmov pat pse36 clflush dts acpi mmx fxsr sse sse2 ss ht tm pbe syscall nx pdpe1gb rdtscp lm constant_tsc arch_perfmon pebs bts rep_good nopl xtopology nonstop_tsc aperfmperf eagerfpu pni pclmulqdq dtes64 monitor ds_cpl vmx est tm2 ssse3 sdbg fma cx16 xtpr pdcm pcid sse4_1 sse4_2 movbe popcnt tsc_deadline_timer aes xsave avx f16c rdrand lahf_lm abm epb tpr_shadow vnmi flexpriority ept vpid fsgsbase tsc_adjust bmi1 avx2 smep bmi2 erms invpcid xsaveopt dtherm ida arat pln pts
bugs		:
bogomips	: 4988.53
clflush size	: 64
cache_alignment	: 64
address sizes	: 39 bits physical, 48 bits virtual
power management:



Memory: 4k page, physical 3956776k(29932k free), swap 0k(0k free)

vm_info: Java HotSpot(TM) 64-Bit Server VM (25.91-b14) for linux-amd64 JRE (1.8.0_91-b14), built on Apr  1 2016 00:57:21 by "java_re" with gcc 4.3.0 20080428 (Red Hat 4.3.0-8)

time: Mon May  9 00:57:10 2016
elapsed time: 28 seconds (0d 0h 0m 28s)

