#
# There is insufficient memory for the Java Runtime Environment to continue.
# Native memory allocation (mmap) failed to map 84410368 bytes for committing reserved memory.
# Possible reasons:
#   The system is out of physical RAM or swap space
#   In 32 bit mode, the process size limit was hit
# Possible solutions:
#   Reduce memory load on the system
#   Increase physical memory or swap space
#   Check if swap backing store is full
#   Use 64 bit Java on a 64 bit OS
#   Decrease Java heap size (-Xmx/-Xms)
#   Decrease number of Java threads
#   Decrease Java thread stack sizes (-Xss)
#   Set larger code cache with -XX:ReservedCodeCacheSize=
# This output file may be truncated or incomplete.
#
#  Out of Memory Error (os_linux.cpp:2627), pid=17324, tid=140686235117312
#
# JRE version: Java(TM) SE Runtime Environment (8.0_91-b14) (build 1.8.0_91-b14)
# Java VM: Java HotSpot(TM) 64-Bit Server VM (25.91-b14 mixed mode linux-amd64 compressed oops)
# Failed to write core dump. Core dumps have been disabled. To enable core dumping, try "ulimit -c unlimited" before starting Java again
#

---------------  T H R E A D  ---------------

Current thread (0x00007ff424078000):  VMThread [stack: 0x00007ff41101a000,0x00007ff41111b000] [id=17333]

Stack: [0x00007ff41101a000,0x00007ff41111b000],  sp=0x00007ff4111193a0,  free space=1020k
Native frames: (J=compiled Java code, j=interpreted, Vv=VM code, C=native code)
V  [libjvm.so+0xabc18a]  VMError::report_and_die()+0x2ba
V  [libjvm.so+0x4fafeb]  report_vm_out_of_memory(char const*, int, unsigned long, VMErrorType, char const*)+0x8b
V  [libjvm.so+0x91cbb3]  os::Linux::commit_memory_impl(char*, unsigned long, bool)+0x103
V  [libjvm.so+0x91d109]  os::pd_commit_memory(char*, unsigned long, unsigned long, bool)+0x29
V  [libjvm.so+0x91740a]  os::commit_memory(char*, unsigned long, unsigned long, bool)+0x2a
V  [libjvm.so+0x98b033]  PSVirtualSpace::expand_by(unsigned long)+0x53
V  [libjvm.so+0x97b920]  PSOldGen::expand(unsigned long)+0x170
V  [libjvm.so+0x97bb2b]  PSOldGen::resize(unsigned long)+0x1cb
V  [libjvm.so+0x983801]  PSParallelCompact::invoke_no_policy(bool)+0x991
V  [libjvm.so+0x98915d]  PSScavenge::invoke()+0x1ad
V  [libjvm.so+0x9408b0]  ParallelScavengeHeap::failed_mem_allocate(unsigned long)+0x70
V  [libjvm.so+0xabdba7]  VM_ParallelGCFailedAllocation::doit()+0x97
V  [libjvm.so+0xac55d5]  VM_Operation::evaluate()+0x55
V  [libjvm.so+0xac39aa]  VMThread::evaluate_operation(VM_Operation*)+0xba
V  [libjvm.so+0xac3d2e]  VMThread::loop()+0x1ce
V  [libjvm.so+0xac41a0]  VMThread::run()+0x70
V  [libjvm.so+0x91ef78]  java_start(Thread*)+0x108

VM_Operation (0x00007ff410325360): ParallelGCFailedAllocation, mode: safepoint, requested by thread 0x00007ff424125000


---------------  P R O C E S S  ---------------

Java Threads: ( => current thread )
  0x00007ff42412e000 JavaThread "pool-1-thread-4" [_thread_blocked, id=17349, stack(0x00007ff410025000,0x00007ff410126000)]
  0x00007ff424128000 JavaThread "pool-1-thread-3" [_thread_blocked, id=17348, stack(0x00007ff410126000,0x00007ff410227000)]
  0x00007ff424125000 JavaThread "pool-1-thread-2" [_thread_blocked, id=17345, stack(0x00007ff410227000,0x00007ff410328000)]
  0x00007ff424121000 JavaThread "pool-2-thread-1" [_thread_blocked, id=17344, stack(0x00007ff410328000,0x00007ff410429000)]
  0x00007ff42411f000 JavaThread "pool-1-thread-1" [_thread_blocked, id=17343, stack(0x00007ff410429000,0x00007ff41052a000)]
  0x00007ff4240c1000 JavaThread "Service Thread" daemon [_thread_blocked, id=17340, stack(0x00007ff41063a000,0x00007ff41073b000)]
  0x00007ff4240be000 JavaThread "C1 CompilerThread2" daemon [_thread_blocked, id=17339, stack(0x00007ff41073b000,0x00007ff41083c000)]
  0x00007ff4240bc800 JavaThread "C2 CompilerThread1" daemon [_thread_blocked, id=17338, stack(0x00007ff41083c000,0x00007ff41093d000)]
  0x00007ff4240b9800 JavaThread "C2 CompilerThread0" daemon [_thread_blocked, id=17337, stack(0x00007ff41093d000,0x00007ff410a3e000)]
  0x00007ff4240b8000 JavaThread "Signal Dispatcher" daemon [_thread_blocked, id=17336, stack(0x00007ff410a3e000,0x00007ff410b3f000)]
  0x00007ff424084000 JavaThread "Finalizer" daemon [_thread_blocked, id=17335, stack(0x00007ff410e18000,0x00007ff410f19000)]
  0x00007ff42407f800 JavaThread "Reference Handler" daemon [_thread_blocked, id=17334, stack(0x00007ff410f19000,0x00007ff41101a000)]
  0x00007ff42400a000 JavaThread "main" [_thread_blocked, id=17326, stack(0x00007ff42b6ce000,0x00007ff42b7cf000)]

Other Threads:
=>0x00007ff424078000 VMThread [stack: 0x00007ff41101a000,0x00007ff41111b000] [id=17333]
  0x00007ff4240c4000 WatcherThread [stack: 0x00007ff410539000,0x00007ff41063a000] [id=17341]

VM state:at safepoint (normal execution)

VM Mutex/Monitor currently owned by a thread:  ([mutex/lock_event])
[0x00007ff424005de0] ExpandHeap_lock - owner thread: 0x00007ff424078000
[0x00007ff424006460] Threads_lock - owner thread: 0x00007ff424078000
[0x00007ff424006960] Heap_lock - owner thread: 0x00007ff424125000

Heap:
 PSYoungGen      total 215040K, used 0K [0x00000000eab00000, 0x0000000100000000, 0x0000000100000000)
  eden space 160768K, 0% used [0x00000000eab00000,0x00000000eab00000,0x00000000f4800000)
  from space 54272K, 0% used [0x00000000f4800000,0x00000000f4800000,0x00000000f7d00000)
  to   space 95232K, 0% used [0x00000000fa300000,0x00000000fa300000,0x0000000100000000)
 ParOldGen       total 146944K, used 142377K [0x00000000c0000000, 0x00000000c8f80000, 0x00000000eab00000)
  object space 146944K, 96% used [0x00000000c0000000,0x00000000c8b0a708,0x00000000c8f80000)
 Metaspace       used 6163K, capacity 7216K, committed 7296K, reserved 1056768K
  class space    used 588K, capacity 616K, committed 640K, reserved 1048576K

Card table byte_map: [0x00007ff428286000,0x00007ff428487000] byte_map_base: 0x00007ff427c86000

Marking Bits: (ParMarkBitMap*) 0x00007ff42aba4d60
 Begin Bits: [0x00007ff412cfd000, 0x00007ff413cfd000)
 End Bits:   [0x00007ff413cfd000, 0x00007ff414cfd000)

Polling page: 0x00007ff42b7f3000

CodeCache: size=245760Kb used=9207Kb max_used=9207Kb free=236552Kb
 bounds [0x00007ff415000000, 0x00007ff415910000, 0x00007ff424000000]
 total_blobs=2347 nmethods=2085 adapters=175
 compilation: enabled

Compilation events (10 events):
Event: 18.881 Thread 0x00007ff4240be000 2271       2       java.util.concurrent.FutureTask::report (37 bytes)
Event: 18.881 Thread 0x00007ff4240be000 nmethod 2271 0x00007ff4158f4890 code [0x00007ff4158f4a20, 0x00007ff4158f4cd8]
Event: 18.881 Thread 0x00007ff4240be000 2272   !   2       com.android.dx.dex.file.ClassDefsSection::add (75 bytes)
Event: 18.882 Thread 0x00007ff4240be000 nmethod 2272 0x00007ff4158f4e50 code [0x00007ff4158f5040, 0x00007ff4158f5678]
Event: 18.897 Thread 0x00007ff4240be000 2273       2       com.android.dx.cf.attrib.AttExceptions::byteLength (15 bytes)
Event: 18.897 Thread 0x00007ff4240be000 nmethod 2273 0x00007ff4158f5bd0 code [0x00007ff4158f5d40, 0x00007ff4158f5ec8]
Event: 19.022 Thread 0x00007ff4240be000 2274 %     3       com.android.dx.ssa.back.RegisterAllocator::insertMoveBefore @ 198 (240 bytes)
Event: 19.025 Thread 0x00007ff4240be000 nmethod 2274% 0x00007ff4158f5f50 code [0x00007ff4158f63e0, 0x00007ff4158f9308]
Event: 19.025 Thread 0x00007ff4240be000 2275       3       com.android.dx.ssa.back.RegisterAllocator::insertMoveBefore (240 bytes)
Event: 19.028 Thread 0x00007ff4240be000 nmethod 2275 0x00007ff4158fb650 code [0x00007ff4158fbae0, 0x00007ff4158fe908]

GC Heap History (10 events):
Event: 11.804 GC heap after
Heap after GC invocations=11 (full 2):
 PSYoungGen      total 195584K, used 42182K [0x00000000eab00000, 0x00000000fc800000, 0x0000000100000000)
  eden space 141824K, 0% used [0x00000000eab00000,0x00000000eab00000,0x00000000f3580000)
  from space 53760K, 78% used [0x00000000f3580000,0x00000000f5eb1998,0x00000000f6a00000)
  to   space 58880K, 0% used [0x00000000f8e80000,0x00000000f8e80000,0x00000000fc800000)
 ParOldGen       total 146944K, used 81132K [0x00000000c0000000, 0x00000000c8f80000, 0x00000000eab00000)
  object space 146944K, 55% used [0x00000000c0000000,0x00000000c4f3b130,0x00000000c8f80000)
 Metaspace       used 5922K, capacity 7152K, committed 7296K, reserved 1056768K
  class space    used 569K, capacity 616K, committed 640K, reserved 1048576K
}
Event: 12.804 GC heap before
{Heap before GC invocations=12 (full 2):
 PSYoungGen      total 195584K, used 184006K [0x00000000eab00000, 0x00000000fc800000, 0x0000000100000000)
  eden space 141824K, 100% used [0x00000000eab00000,0x00000000f3580000,0x00000000f3580000)
  from space 53760K, 78% used [0x00000000f3580000,0x00000000f5eb1998,0x00000000f6a00000)
  to   space 58880K, 0% used [0x00000000f8e80000,0x00000000f8e80000,0x00000000fc800000)
 ParOldGen       total 146944K, used 81132K [0x00000000c0000000, 0x00000000c8f80000, 0x00000000eab00000)
  object space 146944K, 55% used [0x00000000c0000000,0x00000000c4f3b130,0x00000000c8f80000)
 Metaspace       used 6050K, capacity 7152K, committed 7296K, reserved 1056768K
  class space    used 588K, capacity 616K, committed 640K, reserved 1048576K
Event: 13.107 GC heap after
Heap after GC invocations=12 (full 2):
 PSYoungGen      total 225792K, used 50573K [0x00000000eab00000, 0x00000000fdc80000, 0x0000000100000000)
  eden space 166912K, 0% used [0x00000000eab00000,0x00000000eab00000,0x00000000f4e00000)
  from space 58880K, 85% used [0x00000000f8e80000,0x00000000fbfe34f0,0x00000000fc800000)
  to   space 66048K, 0% used [0x00000000f4e00000,0x00000000f4e00000,0x00000000f8e80000)
 ParOldGen       total 146944K, used 81140K [0x00000000c0000000, 0x00000000c8f80000, 0x00000000eab00000)
  object space 146944K, 55% used [0x00000000c0000000,0x00000000c4f3d130,0x00000000c8f80000)
 Metaspace       used 6050K, capacity 7152K, committed 7296K, reserved 1056768K
  class space    used 588K, capacity 616K, committed 640K, reserved 1048576K
}
Event: 15.547 GC heap before
{Heap before GC invocations=13 (full 2):
 PSYoungGen      total 225792K, used 217485K [0x00000000eab00000, 0x00000000fdc80000, 0x0000000100000000)
  eden space 166912K, 100% used [0x00000000eab00000,0x00000000f4e00000,0x00000000f4e00000)
  from space 58880K, 85% used [0x00000000f8e80000,0x00000000fbfe34f0,0x00000000fc800000)
  to   space 66048K, 0% used [0x00000000f4e00000,0x00000000f4e00000,0x00000000f8e80000)
 ParOldGen       total 146944K, used 81140K [0x00000000c0000000, 0x00000000c8f80000, 0x00000000eab00000)
  object space 146944K, 55% used [0x00000000c0000000,0x00000000c4f3d130,0x00000000c8f80000)
 Metaspace       used 6123K, capacity 7216K, committed 7296K, reserved 1056768K
  class space    used 588K, capacity 616K, committed 640K, reserved 1048576K
Event: 15.849 GC heap after
Heap after GC invocations=13 (full 2):
 PSYoungGen      total 232960K, used 66036K [0x00000000eab00000, 0x0000000100000000, 0x0000000100000000)
  eden space 166912K, 0% used [0x00000000eab00000,0x00000000eab00000,0x00000000f4e00000)
  from space 66048K, 99% used [0x00000000f4e00000,0x00000000f8e7d3b8,0x00000000f8e80000)
  to   space 77824K, 0% used [0x00000000fb400000,0x00000000fb400000,0x0000000100000000)
 ParOldGen       total 146944K, used 83104K [0x00000000c0000000, 0x00000000c8f80000, 0x00000000eab00000)
  object space 146944K, 56% used [0x00000000c0000000,0x00000000c5128000,0x00000000c8f80000)
 Metaspace       used 6123K, capacity 7216K, committed 7296K, reserved 1056768K
  class space    used 588K, capacity 616K, committed 640K, reserved 1048576K
}
Event: 17.396 GC heap before
{Heap before GC invocations=14 (full 2):
 PSYoungGen      total 232960K, used 232948K [0x00000000eab00000, 0x0000000100000000, 0x0000000100000000)
  eden space 166912K, 100% used [0x00000000eab00000,0x00000000f4e00000,0x00000000f4e00000)
  from space 66048K, 99% used [0x00000000f4e00000,0x00000000f8e7d3b8,0x00000000f8e80000)
  to   space 77824K, 0% used [0x00000000fb400000,0x00000000fb400000,0x0000000100000000)
 ParOldGen       total 146944K, used 83104K [0x00000000c0000000, 0x00000000c8f80000, 0x00000000eab00000)
  object space 146944K, 56% used [0x00000000c0000000,0x00000000c5128000,0x00000000c8f80000)
 Metaspace       used 6134K, capacity 7216K, committed 7296K, reserved 1056768K
  class space    used 588K, capacity 616K, committed 640K, reserved 1048576K
Event: 17.998 GC heap after
Heap after GC invocations=14 (full 2):
 PSYoungGen      total 238592K, used 77815K [0x00000000eab00000, 0x0000000100000000, 0x0000000100000000)
  eden space 160768K, 0% used [0x00000000eab00000,0x00000000eab00000,0x00000000f4800000)
  from space 77824K, 99% used [0x00000000fb400000,0x00000000ffffdd48,0x0000000100000000)
  to   space 94208K, 0% used [0x00000000f4800000,0x00000000f4800000,0x00000000fa400000)
 ParOldGen       total 146944K, used 92475K [0x00000000c0000000, 0x00000000c8f80000, 0x00000000eab00000)
  object space 146944K, 62% used [0x00000000c0000000,0x00000000c5a4eef8,0x00000000c8f80000)
 Metaspace       used 6134K, capacity 7216K, committed 7296K, reserved 1056768K
  class space    used 588K, capacity 616K, committed 640K, reserved 1048576K
}
Event: 19.065 GC heap before
{Heap before GC invocations=15 (full 2):
 PSYoungGen      total 238592K, used 238583K [0x00000000eab00000, 0x0000000100000000, 0x0000000100000000)
  eden space 160768K, 100% used [0x00000000eab00000,0x00000000f4800000,0x00000000f4800000)
  from space 77824K, 99% used [0x00000000fb400000,0x00000000ffffdd48,0x0000000100000000)
  to   space 94208K, 0% used [0x00000000f4800000,0x00000000f4800000,0x00000000fa400000)
 ParOldGen       total 146944K, used 92475K [0x00000000c0000000, 0x00000000c8f80000, 0x00000000eab00000)
  object space 146944K, 62% used [0x00000000c0000000,0x00000000c5a4eef8,0x00000000c8f80000)
 Metaspace       used 6163K, capacity 7216K, committed 7296K, reserved 1056768K
  class space    used 588K, capacity 616K, committed 640K, reserved 1048576K
Event: 19.798 GC heap after
Heap after GC invocations=15 (full 2):
 PSYoungGen      total 215040K, used 53769K [0x00000000eab00000, 0x0000000100000000, 0x0000000100000000)
  eden space 160768K, 0% used [0x00000000eab00000,0x00000000eab00000,0x00000000f4800000)
  from space 54272K, 99% used [0x00000000f4800000,0x00000000f7c82490,0x00000000f7d00000)
  to   space 95232K, 0% used [0x00000000fa300000,0x00000000fa300000,0x0000000100000000)
 ParOldGen       total 146944K, used 137855K [0x00000000c0000000, 0x00000000c8f80000, 0x00000000eab00000)
  object space 146944K, 93% used [0x00000000c0000000,0x00000000c869fde8,0x00000000c8f80000)
 Metaspace       used 6163K, capacity 7216K, committed 7296K, reserved 1056768K
  class space    used 588K, capacity 616K, committed 640K, reserved 1048576K
}
Event: 19.798 GC heap before
{Heap before GC invocations=16 (full 3):
 PSYoungGen      total 215040K, used 53769K [0x00000000eab00000, 0x0000000100000000, 0x0000000100000000)
  eden space 160768K, 0% used [0x00000000eab00000,0x00000000eab00000,0x00000000f4800000)
  from space 54272K, 99% used [0x00000000f4800000,0x00000000f7c82490,0x00000000f7d00000)
  to   space 95232K, 0% used [0x00000000fa300000,0x00000000fa300000,0x0000000100000000)
 ParOldGen       total 146944K, used 137855K [0x00000000c0000000, 0x00000000c8f80000, 0x00000000eab00000)
  object space 146944K, 93% used [0x00000000c0000000,0x00000000c869fde8,0x00000000c8f80000)
 Metaspace       used 6163K, capacity 7216K, committed 7296K, reserved 1056768K
  class space    used 588K, capacity 616K, committed 640K, reserved 1048576K

Deoptimization events (10 events):
Event: 15.335 Thread 0x00007ff42411f000 Uncommon trap: reason=bimorphic action=maybe_recompile pc=0x00007ff415874b4c method=com.android.dx.ssa.SCCP.setLatticeValueTo(IILcom/android/dx/rop/cst/Constant;)Z @ 43
Event: 15.384 Thread 0x00007ff42412e000 Uncommon trap: reason=unstable_if action=reinterpret pc=0x00007ff4158203ec method=java.util.HashMap.putVal(ILjava/lang/Object;Ljava/lang/Object;ZZ)Ljava/lang/Object; @ 109
Event: 15.385 Thread 0x00007ff42411f000 Uncommon trap: reason=bimorphic action=maybe_recompile pc=0x00007ff415874b4c method=com.android.dx.ssa.SCCP.setLatticeValueTo(IILcom/android/dx/rop/cst/Constant;)Z @ 43
Event: 15.385 Thread 0x00007ff42411f000 Uncommon trap: reason=bimorphic action=maybe_recompile pc=0x00007ff415874b4c method=com.android.dx.ssa.SCCP.setLatticeValueTo(IILcom/android/dx/rop/cst/Constant;)Z @ 43
Event: 16.110 Thread 0x00007ff42400a000 Uncommon trap: reason=class_check action=maybe_recompile pc=0x00007ff415756320 method=com.android.dx.cf.code.Ropper.processBlock(Lcom/android/dx/cf/code/ByteBlock;Lcom/android/dx/cf/code/Frame;[I)V @ 777
Event: 16.388 Thread 0x00007ff424125000 Uncommon trap: reason=bimorphic action=maybe_recompile pc=0x00007ff4158283a8 method=com.android.dx.cf.code.BytecodeArray.parseInstruction(ILcom/android/dx/cf/code/BytecodeArray$Visitor;)I @ 1327
Event: 16.388 Thread 0x00007ff424125000 Uncommon trap: reason=bimorphic action=maybe_recompile pc=0x00007ff4158283a8 method=com.android.dx.cf.code.BytecodeArray.parseInstruction(ILcom/android/dx/cf/code/BytecodeArray$Visitor;)I @ 1327
Event: 16.392 Thread 0x00007ff424125000 Uncommon trap: reason=class_check action=maybe_recompile pc=0x00007ff415756320 method=com.android.dx.cf.code.Ropper.processBlock(Lcom/android/dx/cf/code/ByteBlock;Lcom/android/dx/cf/code/Frame;[I)V @ 777
Event: 17.358 Thread 0x00007ff42412e000 Uncommon trap: reason=class_check action=maybe_recompile pc=0x00007ff415756320 method=com.android.dx.cf.code.Ropper.processBlock(Lcom/android/dx/cf/code/ByteBlock;Lcom/android/dx/cf/code/Frame;[I)V @ 777
Event: 18.455 Thread 0x00007ff424125000 Uncommon trap: reason=class_check action=maybe_recompile pc=0x00007ff415756320 method=com.android.dx.cf.code.Ropper.processBlock(Lcom/android/dx/cf/code/ByteBlock;Lcom/android/dx/cf/code/Frame;[I)V @ 777

Internal exceptions (9 events):
Event: 0.200 Thread 0x00007ff42400a000 Exception <a 'java/lang/NoSuchMethodError': Method sun.misc.Unsafe.defineClass(Ljava/lang/String;[BII)Ljava/lang/Class; name or signature does not match> (0x00000000eab07cc0) thrown at [/HUDSON/workspace/8-2-build-linux-amd64/jdk8u91/6644/hotspot/src/shar
Event: 0.201 Thread 0x00007ff42400a000 Exception <a 'java/lang/NoSuchMethodError': Method sun.misc.Unsafe.prefetchRead(Ljava/lang/Object;J)V name or signature does not match> (0x00000000eab07fa8) thrown at [/HUDSON/workspace/8-2-build-linux-amd64/jdk8u91/6644/hotspot/src/share/vm/prims/jni.cpp
Event: 2.096 Thread 0x00007ff42411f000 Implicit null exception at 0x00007ff4152912de to 0x00007ff4152936bd
Event: 2.234 Thread 0x00007ff424128000 Implicit null exception at 0x00007ff4152da573 to 0x00007ff4152dcff5
Event: 12.145 Thread 0x00007ff42400a000 Exception <a 'java/lang/ArrayIndexOutOfBoundsException': 18> (0x00000000ed924cb8) thrown at [/HUDSON/workspace/8-2-build-linux-amd64/jdk8u91/6644/hotspot/src/share/vm/interpreter/interpreterRuntime.cpp, line 366]
Event: 12.145 Thread 0x00007ff42400a000 Exception <a 'java/lang/ArrayIndexOutOfBoundsException': 145> (0x00000000ed926a20) thrown at [/HUDSON/workspace/8-2-build-linux-amd64/jdk8u91/6644/hotspot/src/share/vm/interpreter/interpreterRuntime.cpp, line 366]
Event: 12.146 Thread 0x00007ff42400a000 Exception <a 'java/lang/ArrayIndexOutOfBoundsException'> (0x00000000ed927d08) thrown at [/HUDSON/workspace/8-2-build-linux-amd64/jdk8u91/6644/hotspot/src/share/vm/runtime/sharedRuntime.cpp, line 605]
Event: 12.295 Thread 0x00007ff42400a000 Implicit null exception at 0x00007ff41551dbdf to 0x00007ff415522a4d
Event: 12.323 Thread 0x00007ff42400a000 Implicit null exception at 0x00007ff415486523 to 0x00007ff41548ba79

Events (10 events):
Event: 18.926 Thread 0x00007ff424128000 DEOPT UNPACKING pc=0x00007ff415047633 sp=0x00007ff410224c20 mode 0
Event: 18.973 Thread 0x00007ff42400a000 DEOPT PACKING pc=0x00007ff41523b0f9 sp=0x00007ff42b7cc110
Event: 18.973 Thread 0x00007ff42400a000 DEOPT UNPACKING pc=0x00007ff415047633 sp=0x00007ff42b7cbe60 mode 0
Event: 18.984 Thread 0x00007ff42400a000 DEOPT PACKING pc=0x00007ff4158db752 sp=0x00007ff42b7cbf60
Event: 18.984 Thread 0x00007ff42400a000 DEOPT UNPACKING pc=0x00007ff415047633 sp=0x00007ff42b7cbeb0 mode 0
Event: 19.009 Thread 0x00007ff42411f000 DEOPT PACKING pc=0x00007ff41523b0f9 sp=0x00007ff410528070
Event: 19.009 Thread 0x00007ff42411f000 DEOPT UNPACKING pc=0x00007ff415047633 sp=0x00007ff410527dc0 mode 0
Event: 19.028 Thread 0x00007ff42411f000 DEOPT PACKING pc=0x00007ff4157a383b sp=0x00007ff410527ba0
Event: 19.028 Thread 0x00007ff42411f000 DEOPT UNPACKING pc=0x00007ff415047633 sp=0x00007ff4105279e0 mode 0
Event: 19.029 Executing VM operation: ParallelGCFailedAllocation


Dynamic libraries:
00400000-00401000 r-xp 00000000 08:06 266116                             /home/mohamed/jdk1.8.0_91/bin/java
00600000-00601000 rw-p 00000000 08:06 266116                             /home/mohamed/jdk1.8.0_91/bin/java
01e4e000-01e6f000 rw-p 00000000 00:00 0                                  [heap]
c0000000-c8f80000 rw-p 00000000 00:00 0 
ce000000-eab00000 ---p 00000000 00:00 0 
eab00000-100000000 rw-p 00000000 00:00 0 
100000000-1000a0000 rw-p 00000000 00:00 0 
1000a0000-140000000 ---p 00000000 00:00 0 
7ff3c4000000-7ff3c403d000 rw-p 00000000 00:00 0 
7ff3c403d000-7ff3c8000000 ---p 00000000 00:00 0 
7ff3cc000000-7ff3cc044000 rw-p 00000000 00:00 0 
7ff3cc044000-7ff3d0000000 ---p 00000000 00:00 0 
7ff3d0000000-7ff3d002c000 rw-p 00000000 00:00 0 
7ff3d002c000-7ff3d4000000 ---p 00000000 00:00 0 
7ff3d4000000-7ff3d4040000 rw-p 00000000 00:00 0 
7ff3d4040000-7ff3d8000000 ---p 00000000 00:00 0 
7ff3d8000000-7ff3d8021000 rw-p 00000000 00:00 0 
7ff3d8021000-7ff3dc000000 ---p 00000000 00:00 0 
7ff3dc000000-7ff3dc021000 rw-p 00000000 00:00 0 
7ff3dc021000-7ff3e0000000 ---p 00000000 00:00 0 
7ff3e0000000-7ff3e0021000 rw-p 00000000 00:00 0 
7ff3e0021000-7ff3e4000000 ---p 00000000 00:00 0 
7ff3e4000000-7ff3e4c58000 rw-p 00000000 00:00 0 
7ff3e4c58000-7ff3e8000000 ---p 00000000 00:00 0 
7ff3e8000000-7ff3e8d80000 rw-p 00000000 00:00 0 
7ff3e8d80000-7ff3ec000000 ---p 00000000 00:00 0 
7ff3ec000000-7ff3ec021000 rw-p 00000000 00:00 0 
7ff3ec021000-7ff3f0000000 ---p 00000000 00:00 0 
7ff3f0000000-7ff3f1344000 rw-p 00000000 00:00 0 
7ff3f1344000-7ff3f4000000 ---p 00000000 00:00 0 
7ff3f4000000-7ff3f4021000 rw-p 00000000 00:00 0 
7ff3f4021000-7ff3f8000000 ---p 00000000 00:00 0 
7ff3f8000000-7ff3f8021000 rw-p 00000000 00:00 0 
7ff3f8021000-7ff3fc000000 ---p 00000000 00:00 0 
7ff3fc000000-7ff3fc021000 rw-p 00000000 00:00 0 
7ff3fc021000-7ff400000000 ---p 00000000 00:00 0 
7ff400000000-7ff40029f000 rw-p 00000000 00:00 0 
7ff40029f000-7ff404000000 ---p 00000000 00:00 0 
7ff404000000-7ff404021000 rw-p 00000000 00:00 0 
7ff404021000-7ff408000000 ---p 00000000 00:00 0 
7ff408000000-7ff408021000 rw-p 00000000 00:00 0 
7ff408021000-7ff40c000000 ---p 00000000 00:00 0 
7ff40c000000-7ff40c021000 rw-p 00000000 00:00 0 
7ff40c021000-7ff410000000 ---p 00000000 00:00 0 
7ff410025000-7ff410028000 ---p 00000000 00:00 0 
7ff410028000-7ff410126000 rw-p 00000000 00:00 0 
7ff410126000-7ff410129000 ---p 00000000 00:00 0 
7ff410129000-7ff410227000 rw-p 00000000 00:00 0 
7ff410227000-7ff41022a000 ---p 00000000 00:00 0 
7ff41022a000-7ff410328000 rw-p 00000000 00:00 0 
7ff410328000-7ff41032b000 ---p 00000000 00:00 0 
7ff41032b000-7ff410429000 rw-p 00000000 00:00 0 
7ff410429000-7ff41042c000 ---p 00000000 00:00 0 
7ff41042c000-7ff41052a000 rw-p 00000000 00:00 0 
7ff41052a000-7ff410539000 r--s 000df000 08:06 6165411                    /home/mohamed/Android/Sdk/build-tools/23.0.1/lib/dx.jar
7ff410539000-7ff41053a000 ---p 00000000 00:00 0 
7ff41053a000-7ff41063a000 rw-p 00000000 00:00 0 
7ff41063a000-7ff41063d000 ---p 00000000 00:00 0 
7ff41063d000-7ff41073b000 rw-p 00000000 00:00 0 
7ff41073b000-7ff41073e000 ---p 00000000 00:00 0 
7ff41073e000-7ff41083c000 rw-p 00000000 00:00 0 
7ff41083c000-7ff41083f000 ---p 00000000 00:00 0 
7ff41083f000-7ff41093d000 rw-p 00000000 00:00 0 
7ff41093d000-7ff410940000 ---p 00000000 00:00 0 
7ff410940000-7ff410a3e000 rw-p 00000000 00:00 0 
7ff410a3e000-7ff410a41000 ---p 00000000 00:00 0 
7ff410a41000-7ff410b3f000 rw-p 00000000 00:00 0 
7ff410b3f000-7ff410e18000 r--p 00000000 08:06 526509                     /usr/lib/locale/locale-archive
7ff410e18000-7ff410e1b000 ---p 00000000 00:00 0 
7ff410e1b000-7ff410f19000 rw-p 00000000 00:00 0 
7ff410f19000-7ff410f1c000 ---p 00000000 00:00 0 
7ff410f1c000-7ff41101a000 rw-p 00000000 00:00 0 
7ff41101a000-7ff41101b000 ---p 00000000 00:00 0 
7ff41101b000-7ff4120ae000 rw-p 00000000 00:00 0 
7ff4120ae000-7ff412287000 r--s 03d1f000 08:06 922159                     /home/mohamed/jdk1.8.0_91/jre/lib/rt.jar
7ff412287000-7ff41297d000 rw-p 00000000 00:00 0 
7ff41297d000-7ff412afd000 ---p 00000000 00:00 0 
7ff412afd000-7ff414cfd000 rw-p 00000000 00:00 0 
7ff414cfd000-7ff414cfe000 ---p 00000000 00:00 0 
7ff414cfe000-7ff414dfe000 rw-p 00000000 00:00 0 
7ff414dfe000-7ff414dff000 ---p 00000000 00:00 0 
7ff414dff000-7ff414eff000 rw-p 00000000 00:00 0 
7ff414eff000-7ff414f00000 ---p 00000000 00:00 0 
7ff414f00000-7ff415000000 rw-p 00000000 00:00 0 
7ff415000000-7ff415910000 rwxp 00000000 00:00 0 
7ff415910000-7ff424000000 ---p 00000000 00:00 0 
7ff424000000-7ff42438d000 rw-p 00000000 00:00 0 
7ff42438d000-7ff428000000 ---p 00000000 00:00 0 
7ff42800e000-7ff42802f000 rw-p 00000000 00:00 0 
7ff42802f000-7ff428030000 ---p 00000000 00:00 0 
7ff428030000-7ff428178000 rw-p 00000000 00:00 0 
7ff428178000-7ff428286000 ---p 00000000 00:00 0 
7ff428286000-7ff4282ce000 rw-p 00000000 00:00 0 
7ff4282ce000-7ff4283db000 ---p 00000000 00:00 0 
7ff4283db000-7ff428486000 rw-p 00000000 00:00 0 
7ff428486000-7ff4284ac000 rw-p 00000000 00:00 0 
7ff4284ac000-7ff428847000 ---p 00000000 00:00 0 
7ff428847000-7ff428861000 r-xp 00000000 08:06 922210                     /home/mohamed/jdk1.8.0_91/jre/lib/amd64/libzip.so
7ff428861000-7ff428a61000 ---p 0001a000 08:06 922210                     /home/mohamed/jdk1.8.0_91/jre/lib/amd64/libzip.so
7ff428a61000-7ff428a62000 rw-p 0001a000 08:06 922210                     /home/mohamed/jdk1.8.0_91/jre/lib/amd64/libzip.so
7ff428a62000-7ff428a6d000 r-xp 00000000 08:06 278669                     /lib/x86_64-linux-gnu/libnss_files-2.23.so
7ff428a6d000-7ff428c6c000 ---p 0000b000 08:06 278669                     /lib/x86_64-linux-gnu/libnss_files-2.23.so
7ff428c6c000-7ff428c6d000 r--p 0000a000 08:06 278669                     /lib/x86_64-linux-gnu/libnss_files-2.23.so
7ff428c6d000-7ff428c6e000 rw-p 0000b000 08:06 278669                     /lib/x86_64-linux-gnu/libnss_files-2.23.so
7ff428c6e000-7ff428c74000 rw-p 00000000 00:00 0 
7ff428c74000-7ff428c7f000 r-xp 00000000 08:06 278666                     /lib/x86_64-linux-gnu/libnss_nis-2.23.so
7ff428c7f000-7ff428e7e000 ---p 0000b000 08:06 278666                     /lib/x86_64-linux-gnu/libnss_nis-2.23.so
7ff428e7e000-7ff428e7f000 r--p 0000a000 08:06 278666                     /lib/x86_64-linux-gnu/libnss_nis-2.23.so
7ff428e7f000-7ff428e80000 rw-p 0000b000 08:06 278666                     /lib/x86_64-linux-gnu/libnss_nis-2.23.so
7ff428e80000-7ff428e96000 r-xp 00000000 08:06 278664                     /lib/x86_64-linux-gnu/libnsl-2.23.so
7ff428e96000-7ff429095000 ---p 00016000 08:06 278664                     /lib/x86_64-linux-gnu/libnsl-2.23.so
7ff429095000-7ff429096000 r--p 00015000 08:06 278664                     /lib/x86_64-linux-gnu/libnsl-2.23.so
7ff429096000-7ff429097000 rw-p 00016000 08:06 278664                     /lib/x86_64-linux-gnu/libnsl-2.23.so
7ff429097000-7ff429099000 rw-p 00000000 00:00 0 
7ff429099000-7ff4290a1000 r-xp 00000000 08:06 278662                     /lib/x86_64-linux-gnu/libnss_compat-2.23.so
7ff4290a1000-7ff4292a0000 ---p 00008000 08:06 278662                     /lib/x86_64-linux-gnu/libnss_compat-2.23.so
7ff4292a0000-7ff4292a1000 r--p 00007000 08:06 278662                     /lib/x86_64-linux-gnu/libnss_compat-2.23.so
7ff4292a1000-7ff4292a2000 rw-p 00008000 08:06 278662                     /lib/x86_64-linux-gnu/libnss_compat-2.23.so
7ff4292a2000-7ff4292cc000 r-xp 00000000 08:06 922205                     /home/mohamed/jdk1.8.0_91/jre/lib/amd64/libjava.so
7ff4292cc000-7ff4294cc000 ---p 0002a000 08:06 922205                     /home/mohamed/jdk1.8.0_91/jre/lib/amd64/libjava.so
7ff4294cc000-7ff4294ce000 rw-p 0002a000 08:06 922205                     /home/mohamed/jdk1.8.0_91/jre/lib/amd64/libjava.so
7ff4294ce000-7ff4294db000 r-xp 00000000 08:06 922209                     /home/mohamed/jdk1.8.0_91/jre/lib/amd64/libverify.so
7ff4294db000-7ff4296db000 ---p 0000d000 08:06 922209                     /home/mohamed/jdk1.8.0_91/jre/lib/amd64/libverify.so
7ff4296db000-7ff4296dd000 rw-p 0000d000 08:06 922209                     /home/mohamed/jdk1.8.0_91/jre/lib/amd64/libverify.so
7ff4296dd000-7ff4296e4000 r-xp 00000000 08:06 278678                     /lib/x86_64-linux-gnu/librt-2.23.so
7ff4296e4000-7ff4298e3000 ---p 00007000 08:06 278678                     /lib/x86_64-linux-gnu/librt-2.23.so
7ff4298e3000-7ff4298e4000 r--p 00006000 08:06 278678                     /lib/x86_64-linux-gnu/librt-2.23.so
7ff4298e4000-7ff4298e5000 rw-p 00007000 08:06 278678                     /lib/x86_64-linux-gnu/librt-2.23.so
7ff4298e5000-7ff4299ed000 r-xp 00000000 08:06 278675                     /lib/x86_64-linux-gnu/libm-2.23.so
7ff4299ed000-7ff429bec000 ---p 00108000 08:06 278675                     /lib/x86_64-linux-gnu/libm-2.23.so
7ff429bec000-7ff429bed000 r--p 00107000 08:06 278675                     /lib/x86_64-linux-gnu/libm-2.23.so
7ff429bed000-7ff429bee000 rw-p 00108000 08:06 278675                     /lib/x86_64-linux-gnu/libm-2.23.so
7ff429bee000-7ff42a8ae000 r-xp 00000000 08:06 1184562                    /home/mohamed/jdk1.8.0_91/jre/lib/amd64/server/libjvm.so
7ff42a8ae000-7ff42aaae000 ---p 00cc0000 08:06 1184562                    /home/mohamed/jdk1.8.0_91/jre/lib/amd64/server/libjvm.so
7ff42aaae000-7ff42ab86000 rw-p 00cc0000 08:06 1184562                    /home/mohamed/jdk1.8.0_91/jre/lib/amd64/server/libjvm.so
7ff42ab86000-7ff42abd1000 rw-p 00000000 00:00 0 
7ff42abd1000-7ff42ad91000 r-xp 00000000 08:06 278683                     /lib/x86_64-linux-gnu/libc-2.23.so
7ff42ad91000-7ff42af90000 ---p 001c0000 08:06 278683                     /lib/x86_64-linux-gnu/libc-2.23.so
7ff42af90000-7ff42af94000 r--p 001bf000 08:06 278683                     /lib/x86_64-linux-gnu/libc-2.23.so
7ff42af94000-7ff42af96000 rw-p 001c3000 08:06 278683                     /lib/x86_64-linux-gnu/libc-2.23.so
7ff42af96000-7ff42af9a000 rw-p 00000000 00:00 0 
7ff42af9a000-7ff42af9d000 r-xp 00000000 08:06 278684                     /lib/x86_64-linux-gnu/libdl-2.23.so
7ff42af9d000-7ff42b19c000 ---p 00003000 08:06 278684                     /lib/x86_64-linux-gnu/libdl-2.23.so
7ff42b19c000-7ff42b19d000 r--p 00002000 08:06 278684                     /lib/x86_64-linux-gnu/libdl-2.23.so
7ff42b19d000-7ff42b19e000 rw-p 00003000 08:06 278684                     /lib/x86_64-linux-gnu/libdl-2.23.so
7ff42b19e000-7ff42b1b3000 r-xp 00000000 08:06 36052                      /home/mohamed/jdk1.8.0_91/lib/amd64/jli/libjli.so
7ff42b1b3000-7ff42b3b3000 ---p 00015000 08:06 36052                      /home/mohamed/jdk1.8.0_91/lib/amd64/jli/libjli.so
7ff42b3b3000-7ff42b3b4000 rw-p 00015000 08:06 36052                      /home/mohamed/jdk1.8.0_91/lib/amd64/jli/libjli.so
7ff42b3b4000-7ff42b3cc000 r-xp 00000000 08:06 278682                     /lib/x86_64-linux-gnu/libpthread-2.23.so
7ff42b3cc000-7ff42b5cb000 ---p 00018000 08:06 278682                     /lib/x86_64-linux-gnu/libpthread-2.23.so
7ff42b5cb000-7ff42b5cc000 r--p 00017000 08:06 278682                     /lib/x86_64-linux-gnu/libpthread-2.23.so
7ff42b5cc000-7ff42b5cd000 rw-p 00018000 08:06 278682                     /lib/x86_64-linux-gnu/libpthread-2.23.so
7ff42b5cd000-7ff42b5d1000 rw-p 00000000 00:00 0 
7ff42b5d1000-7ff42b5f7000 r-xp 00000000 08:06 278679                     /lib/x86_64-linux-gnu/ld-2.23.so
7ff42b5fc000-7ff42b6ce000 rw-p 00000000 00:00 0 
7ff42b6ce000-7ff42b6d1000 ---p 00000000 00:00 0 
7ff42b6d1000-7ff42b7d3000 rw-p 00000000 00:00 0 
7ff42b7d6000-7ff42b7ea000 rw-p 00000000 00:00 0 
7ff42b7ea000-7ff42b7f2000 rw-s 00000000 08:06 1063533                    /tmp/hsperfdata_mohamed/17324
7ff42b7f2000-7ff42b7f3000 rw-p 00000000 00:00 0 
7ff42b7f3000-7ff42b7f4000 ---p 00000000 00:00 0 
7ff42b7f4000-7ff42b7f6000 rw-p 00000000 00:00 0 
7ff42b7f6000-7ff42b7f7000 r--p 00025000 08:06 278679                     /lib/x86_64-linux-gnu/ld-2.23.so
7ff42b7f7000-7ff42b7f8000 rw-p 00026000 08:06 278679                     /lib/x86_64-linux-gnu/ld-2.23.so
7ff42b7f8000-7ff42b7f9000 rw-p 00000000 00:00 0 
7fff162b9000-7fff162da000 rw-p 00000000 00:00 0                          [stack]
7fff163cf000-7fff163d1000 r--p 00000000 00:00 0                          [vvar]
7fff163d1000-7fff163d3000 r-xp 00000000 00:00 0                          [vdso]
ffffffffff600000-ffffffffff601000 r-xp 00000000 00:00 0                  [vsyscall]

VM Arguments:
jvm_args: -Djava.awt.headless=true -Xmx1024M -Dfile.encoding=UTF-8 -Duser.country=US -Duser.language=en -Duser.variant 
java_command: com.android.dx.command.Main --dex --force-jumbo --num-threads=4 --output /media/mohamed/Programs/Explore/app/build/intermediates/pre-dexed/debug/main_b96a9e6e4bba87f32530723a59caa4b0f833400a.jar /media/mohamed/Programs/Explore/app/build/intermediates/transforms/instantRun/debug/folders/1/5/main
java_class_path (initial): /home/mohamed/Android/Sdk/build-tools/23.0.1/lib/dx.jar
Launcher Type: SUN_STANDARD

Environment Variables:
JAVA_HOME=/usr/lib/jvm/java-8-oracle
PATH=/usr/local/sbin:/usr/local/bin:/usr/sbin:/usr/bin:/sbin:/bin:/usr/games:/usr/local/games:/snap/bin:/usr/lib/jvm/java-8-oracle/bin:/usr/lib/jvm/java-8-oracle/db/bin:/usr/lib/jvm/java-8-oracle/jre/bin
LD_LIBRARY_PATH=/home/mohamed/tools/android/android-studio/bin:
SHELL=/bin/bash
DISPLAY=:0

Signal Handlers:
SIGSEGV: [libjvm.so+0xabca10], sa_mask[0]=11111111011111111101111111111110, sa_flags=SA_RESTART|SA_SIGINFO
SIGBUS: [libjvm.so+0xabca10], sa_mask[0]=11111111011111111101111111111110, sa_flags=SA_RESTART|SA_SIGINFO
SIGFPE: [libjvm.so+0x919a20], sa_mask[0]=11111111011111111101111111111110, sa_flags=SA_RESTART|SA_SIGINFO
SIGPIPE: [libjvm.so+0x919a20], sa_mask[0]=11111111011111111101111111111110, sa_flags=SA_RESTART|SA_SIGINFO
SIGXFSZ: [libjvm.so+0x919a20], sa_mask[0]=11111111011111111101111111111110, sa_flags=SA_RESTART|SA_SIGINFO
SIGILL: [libjvm.so+0x919a20], sa_mask[0]=11111111011111111101111111111110, sa_flags=SA_RESTART|SA_SIGINFO
SIGUSR1: SIG_DFL, sa_mask[0]=00000000000000000000000000000000, sa_flags=none
SIGUSR2: [libjvm.so+0x91b050], sa_mask[0]=00100000000000000000000000000000, sa_flags=SA_RESTART|SA_SIGINFO
SIGHUP: [libjvm.so+0x91c450], sa_mask[0]=11111111011111111101111111111110, sa_flags=SA_RESTART|SA_SIGINFO
SIGINT: [libjvm.so+0x91c450], sa_mask[0]=11111111011111111101111111111110, sa_flags=SA_RESTART|SA_SIGINFO
SIGTERM: [libjvm.so+0x91c450], sa_mask[0]=11111111011111111101111111111110, sa_flags=SA_RESTART|SA_SIGINFO
SIGQUIT: [libjvm.so+0x91c450], sa_mask[0]=11111111011111111101111111111110, sa_flags=SA_RESTART|SA_SIGINFO


---------------  S Y S T E M  ---------------

OS:DISTRIB_ID=Ubuntu
DISTRIB_RELEASE=16.04
DISTRIB_CODENAME=xenial
DISTRIB_DESCRIPTION="Ubuntu 16.04 LTS"

uname:Linux 4.4.0-22-generic #40-Ubuntu SMP Thu May 12 22:03:46 UTC 2016 x86_64
libc:glibc 2.23 NPTL 2.23 
rlimit: STACK 8192k, CORE 0k, NPROC 15304, NOFILE 65536, AS infinity
load average:10.34 4.00 2.04

/proc/meminfo:
MemTotal:        3956776 kB
MemFree:          148424 kB
MemAvailable:     214416 kB
Buffers:            3004 kB
Cached:           309368 kB
SwapCached:            0 kB
Active:          3349028 kB
Inactive:         290240 kB
Active(anon):    3341208 kB
Inactive(anon):   240084 kB
Active(file):       7820 kB
Inactive(file):    50156 kB
Unevictable:          32 kB
Mlocked:              32 kB
SwapTotal:             0 kB
SwapFree:              0 kB
Dirty:               608 kB
Writeback:             0 kB
AnonPages:       3327144 kB
Mapped:            76728 kB
Shmem:            254212 kB
Slab:              77428 kB
SReclaimable:      37404 kB
SUnreclaim:        40024 kB
KernelStack:        9568 kB
PageTables:        39928 kB
NFS_Unstable:          0 kB
Bounce:                0 kB
WritebackTmp:          0 kB
CommitLimit:     1978388 kB
Committed_AS:    6731552 kB
VmallocTotal:   34359738367 kB
VmallocUsed:           0 kB
VmallocChunk:          0 kB
HardwareCorrupted:     0 kB
AnonHugePages:   1572864 kB
CmaTotal:              0 kB
CmaFree:               0 kB
HugePages_Total:       0
HugePages_Free:        0
HugePages_Rsvd:        0
HugePages_Surp:        0
Hugepagesize:       2048 kB
DirectMap4k:      209272 kB
DirectMap2M:     3895296 kB
DirectMap1G:           0 kB


CPU:total 4 (2 cores per cpu, 2 threads per core) family 6 model 60 stepping 3, cmov, cx8, fxsr, mmx, sse, sse2, sse3, ssse3, sse4.1, sse4.2, popcnt, avx, avx2, aes, clmul, erms, lzcnt, ht, tsc, tscinvbit, bmi1, bmi2

/proc/cpuinfo:
processor	: 0
vendor_id	: GenuineIntel
cpu family	: 6
model		: 60
model name	: Intel(R) Core(TM) i5-4200M CPU @ 2.50GHz
stepping	: 3
microcode	: 0x16
cpu MHz		: 2999.902
cache size	: 3072 KB
physical id	: 0
siblings	: 4
core id		: 0
cpu cores	: 2
apicid		: 0
initial apicid	: 0
fpu		: yes
fpu_exception	: yes
cpuid level	: 13
wp		: yes
flags		: fpu vme de pse tsc msr pae mce cx8 apic sep mtrr pge mca cmov pat pse36 clflush dts acpi mmx fxsr sse sse2 ss ht tm pbe syscall nx pdpe1gb rdtscp lm constant_tsc arch_perfmon pebs bts rep_good nopl xtopology nonstop_tsc aperfmperf eagerfpu pni pclmulqdq dtes64 monitor ds_cpl vmx est tm2 ssse3 sdbg fma cx16 xtpr pdcm pcid sse4_1 sse4_2 movbe popcnt tsc_deadline_timer aes xsave avx f16c rdrand lahf_lm abm epb tpr_shadow vnmi flexpriority ept vpid fsgsbase tsc_adjust bmi1 avx2 smep bmi2 erms invpcid xsaveopt dtherm ida arat pln pts
bugs		:
bogomips	: 4988.34
clflush size	: 64
cache_alignment	: 64
address sizes	: 39 bits physical, 48 bits virtual
power management:

processor	: 1
vendor_id	: GenuineIntel
cpu family	: 6
model		: 60
model name	: Intel(R) Core(TM) i5-4200M CPU @ 2.50GHz
stepping	: 3
microcode	: 0x16
cpu MHz		: 3000.000
cache size	: 3072 KB
physical id	: 0
siblings	: 4
core id		: 1
cpu cores	: 2
apicid		: 2
initial apicid	: 2
fpu		: yes
fpu_exception	: yes
cpuid level	: 13
wp		: yes
flags		: fpu vme de pse tsc msr pae mce cx8 apic sep mtrr pge mca cmov pat pse36 clflush dts acpi mmx fxsr sse sse2 ss ht tm pbe syscall nx pdpe1gb rdtscp lm constant_tsc arch_perfmon pebs bts rep_good nopl xtopology nonstop_tsc aperfmperf eagerfpu pni pclmulqdq dtes64 monitor ds_cpl vmx est tm2 ssse3 sdbg fma cx16 xtpr pdcm pcid sse4_1 sse4_2 movbe popcnt tsc_deadline_timer aes xsave avx f16c rdrand lahf_lm abm epb tpr_shadow vnmi flexpriority ept vpid fsgsbase tsc_adjust bmi1 avx2 smep bmi2 erms invpcid xsaveopt dtherm ida arat pln pts
bugs		:
bogomips	: 4988.34
clflush size	: 64
cache_alignment	: 64
address sizes	: 39 bits physical, 48 bits virtual
power management:

processor	: 2
vendor_id	: GenuineIntel
cpu family	: 6
model		: 60
model name	: Intel(R) Core(TM) i5-4200M CPU @ 2.50GHz
stepping	: 3
microcode	: 0x16
cpu MHz		: 3000.000
cache size	: 3072 KB
physical id	: 0
siblings	: 4
core id		: 0
cpu cores	: 2
apicid		: 1
initial apicid	: 1
fpu		: yes
fpu_exception	: yes
cpuid level	: 13
wp		: yes
flags		: fpu vme de pse tsc msr pae mce cx8 apic sep mtrr pge mca cmov pat pse36 clflush dts acpi mmx fxsr sse sse2 ss ht tm pbe syscall nx pdpe1gb rdtscp lm constant_tsc arch_perfmon pebs bts rep_good nopl xtopology nonstop_tsc aperfmperf eagerfpu pni pclmulqdq dtes64 monitor ds_cpl vmx est tm2 ssse3 sdbg fma cx16 xtpr pdcm pcid sse4_1 sse4_2 movbe popcnt tsc_deadline_timer aes xsave avx f16c rdrand lahf_lm abm epb tpr_shadow vnmi flexpriority ept vpid fsgsbase tsc_adjust bmi1 avx2 smep bmi2 erms invpcid xsaveopt dtherm ida arat pln pts
bugs		:
bogomips	: 4988.34
clflush size	: 64
cache_alignment	: 64
address sizes	: 39 bits physical, 48 bits virtual
power management:

processor	: 3
vendor_id	: GenuineIntel
cpu family	: 6
model		: 60
model name	: Intel(R) Core(TM) i5-4200M CPU @ 2.50GHz
stepping	: 3
microcode	: 0x16
cpu MHz		: 2999.902
cache size	: 3072 KB
physical id	: 0
siblings	: 4
core id		: 1
cpu cores	: 2
apicid		: 3
initial apicid	: 3
fpu		: yes
fpu_exception	: yes
cpuid level	: 13
wp		: yes
flags		: fpu vme de pse tsc msr pae mce cx8 apic sep mtrr pge mca cmov pat pse36 clflush dts acpi mmx fxsr sse sse2 ss ht tm pbe syscall nx pdpe1gb rdtscp lm constant_tsc arch_perfmon pebs bts rep_good nopl xtopology nonstop_tsc aperfmperf eagerfpu pni pclmulqdq dtes64 monitor ds_cpl vmx est tm2 ssse3 sdbg fma cx16 xtpr pdcm pcid sse4_1 sse4_2 movbe popcnt tsc_deadline_timer aes xsave avx f16c rdrand lahf_lm abm epb tpr_shadow vnmi flexpriority ept vpid fsgsbase tsc_adjust bmi1 avx2 smep bmi2 erms invpcid xsaveopt dtherm ida arat pln pts
bugs		:
bogomips	: 4988.34
clflush size	: 64
cache_alignment	: 64
address sizes	: 39 bits physical, 48 bits virtual
power management:



Memory: 4k page, physical 3956776k(148424k free), swap 0k(0k free)

vm_info: Java HotSpot(TM) 64-Bit Server VM (25.91-b14) for linux-amd64 JRE (1.8.0_91-b14), built on Apr  1 2016 00:57:21 by "java_re" with gcc 4.3.0 20080428 (Red Hat 4.3.0-8)

time: Thu May 19 01:15:30 2016
elapsed time: 28 seconds (0d 0h 0m 28s)

