#
# There is insufficient memory for the Java Runtime Environment to continue.
# Native memory allocation (mmap) failed to map 142606336 bytes for committing reserved memory.
# Possible reasons:
#   The system is out of physical RAM or swap space
#   In 32 bit mode, the process size limit was hit
# Possible solutions:
#   Reduce memory load on the system
#   Increase physical memory or swap space
#   Check if swap backing store is full
#   Use 64 bit Java on a 64 bit OS
#   Decrease Java heap size (-Xmx/-Xms)
#   Decrease number of Java threads
#   Decrease Java thread stack sizes (-Xss)
#   Set larger code cache with -XX:ReservedCodeCacheSize=
# This output file may be truncated or incomplete.
#
#  Out of Memory Error (os_linux.cpp:2627), pid=8047, tid=140360268375808
#
# JRE version: Java(TM) SE Runtime Environment (8.0_91-b14) (build 1.8.0_91-b14)
# Java VM: Java HotSpot(TM) 64-Bit Server VM (25.91-b14 mixed mode linux-amd64 compressed oops)
# Failed to write core dump. Core dumps have been disabled. To enable core dumping, try "ulimit -c unlimited" before starting Java again
#

---------------  T H R E A D  ---------------

Current thread (0x00007fa84c078000):  VMThread [stack: 0x00007fa82bdfe000,0x00007fa82beff000] [id=8056]

Stack: [0x00007fa82bdfe000,0x00007fa82beff000],  sp=0x00007fa82befd1a0,  free space=1020k
Native frames: (J=compiled Java code, j=interpreted, Vv=VM code, C=native code)
V  [libjvm.so+0xabc18a]  VMError::report_and_die()+0x2ba
V  [libjvm.so+0x4fafeb]  report_vm_out_of_memory(char const*, int, unsigned long, VMErrorType, char const*)+0x8b
V  [libjvm.so+0x91cbb3]  os::Linux::commit_memory_impl(char*, unsigned long, bool)+0x103
V  [libjvm.so+0x91d109]  os::pd_commit_memory(char*, unsigned long, unsigned long, bool)+0x29
V  [libjvm.so+0x91740a]  os::commit_memory(char*, unsigned long, unsigned long, bool)+0x2a
V  [libjvm.so+0x98b033]  PSVirtualSpace::expand_by(unsigned long)+0x53
V  [libjvm.so+0x98c438]  PSYoungGen::resize_generation(unsigned long, unsigned long)+0xf8
V  [libjvm.so+0x98b592]  PSYoungGen::resize(unsigned long, unsigned long)+0x22
V  [libjvm.so+0x98886b]  PSScavenge::invoke_no_policy()+0xf3b
V  [libjvm.so+0x988ff1]  PSScavenge::invoke()+0x41
V  [libjvm.so+0x9408b0]  ParallelScavengeHeap::failed_mem_allocate(unsigned long)+0x70
V  [libjvm.so+0xabdba7]  VM_ParallelGCFailedAllocation::doit()+0x97
V  [libjvm.so+0xac55d5]  VM_Operation::evaluate()+0x55
V  [libjvm.so+0xac39aa]  VMThread::evaluate_operation(VM_Operation*)+0xba
V  [libjvm.so+0xac3d2e]  VMThread::loop()+0x1ce
V  [libjvm.so+0xac41a0]  VMThread::run()+0x70
V  [libjvm.so+0x91ef78]  java_start(Thread*)+0x108

VM_Operation (0x00007fa82b118d50): ParallelGCFailedAllocation, mode: safepoint, requested by thread 0x00007fa84c144800


---------------  P R O C E S S  ---------------

Java Threads: ( => current thread )
  0x00007fa84c149000 JavaThread "pool-1-thread-4" [_thread_blocked, id=8083, stack(0x00007fa82ae18000,0x00007fa82af19000)]
  0x00007fa84c147800 JavaThread "pool-1-thread-3" [_thread_blocked, id=8082, stack(0x00007fa82af19000,0x00007fa82b01a000)]
  0x00007fa84c144800 JavaThread "pool-1-thread-2" [_thread_blocked, id=8081, stack(0x00007fa82b01a000,0x00007fa82b11b000)]
  0x00007fa84c138800 JavaThread "pool-2-thread-1" [_thread_blocked, id=8080, stack(0x00007fa82b11b000,0x00007fa82b21c000)]
  0x00007fa84c134000 JavaThread "pool-1-thread-1" [_thread_blocked, id=8079, stack(0x00007fa82b21c000,0x00007fa82b31d000)]
  0x00007fa84c0c1000 JavaThread "Service Thread" daemon [_thread_blocked, id=8063, stack(0x00007fa82b41e000,0x00007fa82b51f000)]
  0x00007fa84c0be000 JavaThread "C1 CompilerThread2" daemon [_thread_blocked, id=8062, stack(0x00007fa82b51f000,0x00007fa82b620000)]
  0x00007fa84c0bc800 JavaThread "C2 CompilerThread1" daemon [_thread_blocked, id=8061, stack(0x00007fa82b620000,0x00007fa82b721000)]
  0x00007fa84c0b9800 JavaThread "C2 CompilerThread0" daemon [_thread_blocked, id=8060, stack(0x00007fa82b721000,0x00007fa82b822000)]
  0x00007fa84c0b8000 JavaThread "Signal Dispatcher" daemon [_thread_blocked, id=8059, stack(0x00007fa82b822000,0x00007fa82b923000)]
  0x00007fa84c084000 JavaThread "Finalizer" daemon [_thread_blocked, id=8058, stack(0x00007fa82bbfc000,0x00007fa82bcfd000)]
  0x00007fa84c07f800 JavaThread "Reference Handler" daemon [_thread_blocked, id=8057, stack(0x00007fa82bcfd000,0x00007fa82bdfe000)]
  0x00007fa84c00a000 JavaThread "main" [_thread_blocked, id=8049, stack(0x00007fa85258d000,0x00007fa85268e000)]

Other Threads:
=>0x00007fa84c078000 VMThread [stack: 0x00007fa82bdfe000,0x00007fa82beff000] [id=8056]
  0x00007fa84c0c4000 WatcherThread [stack: 0x00007fa82b31d000,0x00007fa82b41e000] [id=8064]

VM state:at safepoint (normal execution)

VM Mutex/Monitor currently owned by a thread:  ([mutex/lock_event])
[0x00007fa84c0064e0] Threads_lock - owner thread: 0x00007fa84c078000
[0x00007fa84c0069e0] Heap_lock - owner thread: 0x00007fa84c144800

Heap:
 PSYoungGen      total 138752K, used 16382K [0x00000000eab00000, 0x00000000f4700000, 0x0000000100000000)
  eden space 122368K, 0% used [0x00000000eab00000,0x00000000eab00000,0x00000000f2280000)
  from space 16384K, 99% used [0x00000000f2280000,0x00000000f327f988,0x00000000f3280000)
  to   space 11776K, 0% used [0x00000000f3280000,0x00000000f3280000,0x00000000f3e00000)
 ParOldGen       total 43520K, used 43200K [0x00000000c0000000, 0x00000000c2a80000, 0x00000000eab00000)
  object space 43520K, 99% used [0x00000000c0000000,0x00000000c2a301b8,0x00000000c2a80000)
 Metaspace       used 6238K, capacity 7156K, committed 7296K, reserved 1056768K
  class space    used 606K, capacity 620K, committed 640K, reserved 1048576K

Card table byte_map: [0x00007fa83bfe4000,0x00007fa83c1e5000] byte_map_base: 0x00007fa83b9e4000

Marking Bits: (ParMarkBitMap*) 0x00007fa851a63d60
 Begin Bits: [0x00007fa839be0000, 0x00007fa83abe0000)
 End Bits:   [0x00007fa83abe0000, 0x00007fa83bbe0000)

Polling page: 0x00007fa8526b2000

CodeCache: size=245760Kb used=7162Kb max_used=7162Kb free=238597Kb
 bounds [0x00007fa83c5a5000, 0x00007fa83ccb5000, 0x00007fa84b5a5000]
 total_blobs=2114 nmethods=1843 adapters=182
 compilation: enabled

Compilation events (10 events):
Event: 8.261 Thread 0x00007fa84c0be000 2135       2       com.android.dx.cf.direct.StdAttributeFactory::localVariableTypeTable (98 bytes)
Event: 8.263 Thread 0x00007fa84c0be000 nmethod 2135 0x00007fa83cc9d350 code [0x00007fa83cc9d580, 0x00007fa83cc9dd18]
Event: 8.279 Thread 0x00007fa84c0be000 2136       2       java.util.concurrent.locks.AbstractQueuedSynchronizer::compareAndSetTail (13 bytes)
Event: 8.279 Thread 0x00007fa84c0be000 nmethod 2136 0x00007fa83cc9e4d0 code [0x00007fa83cc9e620, 0x00007fa83cc9e7b0]
Event: 8.283 Thread 0x00007fa84c0be000 2137       2       java.util.concurrent.locks.AbstractQueuedSynchronizer::setHead (16 bytes)
Event: 8.283 Thread 0x00007fa84c0be000 nmethod 2137 0x00007fa83cc9e810 code [0x00007fa83cc9e980, 0x00007fa83cc9eb30]
Event: 8.309 Thread 0x00007fa84c0be000 2138 %     3       com.android.dx.ssa.back.SsaToRop::moveParametersToHighRegisters @ 34 (88 bytes)
Event: 8.310 Thread 0x00007fa84c0be000 nmethod 2138% 0x00007fa83cc9ebd0 code [0x00007fa83cc9edc0, 0x00007fa83cc9f778]
Event: 8.414 Thread 0x00007fa84c0be000 2139       2       com.android.dx.cf.direct.StdAttributeFactory::sourceFile (94 bytes)
Event: 8.416 Thread 0x00007fa84c0be000 nmethod 2139 0x00007fa83cca58d0 code [0x00007fa83cca5be0, 0x00007fa83cca6b48]

GC Heap History (10 events):
Event: 2.558 GC heap after
Heap after GC invocations=2 (full 0):
 PSYoungGen      total 34304K, used 2528K [0x00000000eab00000, 0x00000000ecf00000, 0x0000000100000000)
  eden space 31744K, 0% used [0x00000000eab00000,0x00000000eab00000,0x00000000eca00000)
  from space 2560K, 98% used [0x00000000ecc80000,0x00000000ecef8028,0x00000000ecf00000)
  to   space 2560K, 0% used [0x00000000eca00000,0x00000000eca00000,0x00000000ecc80000)
 ParOldGen       total 42496K, used 4465K [0x00000000c0000000, 0x00000000c2980000, 0x00000000eab00000)
  object space 42496K, 10% used [0x00000000c0000000,0x00000000c045c4d8,0x00000000c2980000)
 Metaspace       used 5648K, capacity 6768K, committed 7040K, reserved 1056768K
  class space    used 582K, capacity 616K, committed 640K, reserved 1048576K
}
Event: 3.342 GC heap before
{Heap before GC invocations=3 (full 0):
 PSYoungGen      total 34304K, used 34272K [0x00000000eab00000, 0x00000000ecf00000, 0x0000000100000000)
  eden space 31744K, 100% used [0x00000000eab00000,0x00000000eca00000,0x00000000eca00000)
  from space 2560K, 98% used [0x00000000ecc80000,0x00000000ecef8028,0x00000000ecf00000)
  to   space 2560K, 0% used [0x00000000eca00000,0x00000000eca00000,0x00000000ecc80000)
 ParOldGen       total 42496K, used 4465K [0x00000000c0000000, 0x00000000c2980000, 0x00000000eab00000)
  object space 42496K, 10% used [0x00000000c0000000,0x00000000c045c4d8,0x00000000c2980000)
 Metaspace       used 5818K, capacity 6834K, committed 7040K, reserved 1056768K
  class space    used 603K, capacity 618K, committed 640K, reserved 1048576K
Event: 3.416 GC heap after
Heap after GC invocations=3 (full 0):
 PSYoungGen      total 34304K, used 2528K [0x00000000eab00000, 0x00000000eee00000, 0x0000000100000000)
  eden space 31744K, 0% used [0x00000000eab00000,0x00000000eab00000,0x00000000eca00000)
  from space 2560K, 98% used [0x00000000eca00000,0x00000000ecc78028,0x00000000ecc80000)
  to   space 2560K, 0% used [0x00000000eeb80000,0x00000000eeb80000,0x00000000eee00000)
 ParOldGen       total 42496K, used 9129K [0x00000000c0000000, 0x00000000c2980000, 0x00000000eab00000)
  object space 42496K, 21% used [0x00000000c0000000,0x00000000c08ea5c0,0x00000000c2980000)
 Metaspace       used 5818K, capacity 6834K, committed 7040K, reserved 1056768K
  class space    used 603K, capacity 618K, committed 640K, reserved 1048576K
}
Event: 3.977 GC heap before
{Heap before GC invocations=4 (full 0):
 PSYoungGen      total 34304K, used 34272K [0x00000000eab00000, 0x00000000eee00000, 0x0000000100000000)
  eden space 31744K, 100% used [0x00000000eab00000,0x00000000eca00000,0x00000000eca00000)
  from space 2560K, 98% used [0x00000000eca00000,0x00000000ecc78028,0x00000000ecc80000)
  to   space 2560K, 0% used [0x00000000eeb80000,0x00000000eeb80000,0x00000000eee00000)
 ParOldGen       total 42496K, used 9129K [0x00000000c0000000, 0x00000000c2980000, 0x00000000eab00000)
  object space 42496K, 21% used [0x00000000c0000000,0x00000000c08ea5c0,0x00000000c2980000)
 Metaspace       used 5909K, capacity 6900K, committed 7040K, reserved 1056768K
  class space    used 606K, capacity 620K, committed 640K, reserved 1048576K
Event: 4.040 GC heap after
Heap after GC invocations=4 (full 0):
 PSYoungGen      total 66048K, used 2547K [0x00000000eab00000, 0x00000000eee00000, 0x0000000100000000)
  eden space 63488K, 0% used [0x00000000eab00000,0x00000000eab00000,0x00000000ee900000)
  from space 2560K, 99% used [0x00000000eeb80000,0x00000000eedfcf28,0x00000000eee00000)
  to   space 2560K, 0% used [0x00000000ee900000,0x00000000ee900000,0x00000000eeb80000)
 ParOldGen       total 42496K, used 13673K [0x00000000c0000000, 0x00000000c2980000, 0x00000000eab00000)
  object space 42496K, 32% used [0x00000000c0000000,0x00000000c0d5a6c8,0x00000000c2980000)
 Metaspace       used 5909K, capacity 6900K, committed 7040K, reserved 1056768K
  class space    used 606K, capacity 620K, committed 640K, reserved 1048576K
}
Event: 5.038 GC heap before
{Heap before GC invocations=5 (full 0):
 PSYoungGen      total 66048K, used 66035K [0x00000000eab00000, 0x00000000eee00000, 0x0000000100000000)
  eden space 63488K, 100% used [0x00000000eab00000,0x00000000ee900000,0x00000000ee900000)
  from space 2560K, 99% used [0x00000000eeb80000,0x00000000eedfcf28,0x00000000eee00000)
  to   space 2560K, 0% used [0x00000000ee900000,0x00000000ee900000,0x00000000eeb80000)
 ParOldGen       total 42496K, used 13673K [0x00000000c0000000, 0x00000000c2980000, 0x00000000eab00000)
  object space 42496K, 32% used [0x00000000c0000000,0x00000000c0d5a6c8,0x00000000c2980000)
 Metaspace       used 5975K, capacity 6964K, committed 7040K, reserved 1056768K
  class space    used 606K, capacity 620K, committed 640K, reserved 1048576K
Event: 5.134 GC heap after
Heap after GC invocations=5 (full 0):
 PSYoungGen      total 66048K, used 2531K [0x00000000eab00000, 0x00000000f3e00000, 0x0000000100000000)
  eden space 63488K, 0% used [0x00000000eab00000,0x00000000eab00000,0x00000000ee900000)
  from space 2560K, 98% used [0x00000000ee900000,0x00000000eeb78c90,0x00000000eeb80000)
  to   space 11776K, 0% used [0x00000000f3280000,0x00000000f3280000,0x00000000f3e00000)
 ParOldGen       total 42496K, used 22920K [0x00000000c0000000, 0x00000000c2980000, 0x00000000eab00000)
  object space 42496K, 53% used [0x00000000c0000000,0x00000000c1662230,0x00000000c2980000)
 Metaspace       used 5975K, capacity 6964K, committed 7040K, reserved 1056768K
  class space    used 606K, capacity 620K, committed 640K, reserved 1048576K
}
Event: 6.145 GC heap before
{Heap before GC invocations=6 (full 0):
 PSYoungGen      total 66048K, used 66019K [0x00000000eab00000, 0x00000000f3e00000, 0x0000000100000000)
  eden space 63488K, 100% used [0x00000000eab00000,0x00000000ee900000,0x00000000ee900000)
  from space 2560K, 98% used [0x00000000ee900000,0x00000000eeb78c90,0x00000000eeb80000)
  to   space 11776K, 0% used [0x00000000f3280000,0x00000000f3280000,0x00000000f3e00000)
 ParOldGen       total 42496K, used 22920K [0x00000000c0000000, 0x00000000c2980000, 0x00000000eab00000)
  object space 42496K, 53% used [0x00000000c0000000,0x00000000c1662230,0x00000000c2980000)
 Metaspace       used 5997K, capacity 6964K, committed 7040K, reserved 1056768K
  class space    used 606K, capacity 620K, committed 640K, reserved 1048576K
Event: 6.320 GC heap after
Heap after GC invocations=6 (full 0):
 PSYoungGen      total 134144K, used 11759K [0x00000000eab00000, 0x00000000f4700000, 0x0000000100000000)
  eden space 122368K, 0% used [0x00000000eab00000,0x00000000eab00000,0x00000000f2280000)
  from space 11776K, 99% used [0x00000000f3280000,0x00000000f3dfbdd8,0x00000000f3e00000)
  to   space 16384K, 0% used [0x00000000f2280000,0x00000000f2280000,0x00000000f3280000)
 ParOldGen       total 42496K, used 27060K [0x00000000c0000000, 0x00000000c2980000, 0x00000000eab00000)
  object space 42496K, 63% used [0x00000000c0000000,0x00000000c1a6d380,0x00000000c2980000)
 Metaspace       used 5997K, capacity 6964K, committed 7040K, reserved 1056768K
  class space    used 606K, capacity 620K, committed 640K, reserved 1048576K
}
Event: 8.458 GC heap before
{Heap before GC invocations=7 (full 0):
 PSYoungGen      total 134144K, used 134127K [0x00000000eab00000, 0x00000000f4700000, 0x0000000100000000)
  eden space 122368K, 100% used [0x00000000eab00000,0x00000000f2280000,0x00000000f2280000)
  from space 11776K, 99% used [0x00000000f3280000,0x00000000f3dfbdd8,0x00000000f3e00000)
  to   space 16384K, 0% used [0x00000000f2280000,0x00000000f2280000,0x00000000f3280000)
 ParOldGen       total 42496K, used 27060K [0x00000000c0000000, 0x00000000c2980000, 0x00000000eab00000)
  object space 42496K, 63% used [0x00000000c0000000,0x00000000c1a6d380,0x00000000c2980000)
 Metaspace       used 6238K, capacity 7156K, committed 7296K, reserved 1056768K
  class space    used 606K, capacity 620K, committed 640K, reserved 1048576K

Deoptimization events (10 events):
Event: 3.084 Thread 0x00007fa84c149000 Uncommon trap: reason=bimorphic action=maybe_recompile pc=0x00007fa83c7d7594 method=java.util.HashMap.getNode(ILjava/lang/Object;)Ljava/util/HashMap$Node; @ 126
Event: 3.084 Thread 0x00007fa84c149000 Uncommon trap: reason=bimorphic action=maybe_recompile pc=0x00007fa83c7d7594 method=java.util.HashMap.getNode(ILjava/lang/Object;)Ljava/util/HashMap$Node; @ 126
Event: 3.131 Thread 0x00007fa84c149000 Uncommon trap: reason=unstable_if action=reinterpret pc=0x00007fa83c8540ac method=java.util.HashMap.putVal(ILjava/lang/Object;Ljava/lang/Object;ZZ)Ljava/lang/Object; @ 162
Event: 4.152 Thread 0x00007fa84c144800 Uncommon trap: reason=null_check action=make_not_entrant pc=0x00007fa83c882910 method=com.android.dx.ssa.SsaRenamer.getLocalForNewReg(I)Lcom/android/dx/rop/code/LocalItem; @ 19
Event: 4.863 Thread 0x00007fa84c149000 Uncommon trap: reason=unstable_if action=reinterpret pc=0x00007fa83c938554 method=com.android.dx.dex.code.OutputFinisher.hasLocalInfo(Lcom/android/dx/dex/code/DalvInsn;)Z @ 24
Event: 7.027 Thread 0x00007fa84c149000 Uncommon trap: reason=unstable_if action=reinterpret pc=0x00007fa83cb664c8 method=java.util.HashMap.getNode(ILjava/lang/Object;)Ljava/util/HashMap$Node; @ 84
Event: 7.442 Thread 0x00007fa84c134000 Uncommon trap: reason=unstable_if action=reinterpret pc=0x00007fa83c8eb93c method=com.android.dx.ssa.SsaMethod.updateOneDefinition(Lcom/android/dx/ssa/SsaInsn;Lcom/android/dx/rop/code/RegisterSpec;)V @ 4
Event: 7.466 Thread 0x00007fa84c144800 Uncommon trap: reason=unstable_if action=reinterpret pc=0x00007fa83cc24368 method=com.android.dx.cf.code.ByteCatchList.listFor(I)Lcom/android/dx/cf/code/ByteCatchList; @ 47
Event: 7.988 Thread 0x00007fa84c149000 Uncommon trap: reason=unstable_if action=reinterpret pc=0x00007fa83cc3a7fc method=java.util.HashMap.putVal(ILjava/lang/Object;Ljava/lang/Object;ZZ)Ljava/lang/Object; @ 206
Event: 8.185 Thread 0x00007fa84c00a000 Uncommon trap: reason=unstable_if action=reinterpret pc=0x00007fa83c8ac3f4 method=com.android.dx.rop.code.RegisterSpec.equals(ILcom/android/dx/rop/type/TypeBearer;Lcom/android/dx/rop/code/LocalItem;)Z @ 42

Internal exceptions (6 events):
Event: 0.200 Thread 0x00007fa84c00a000 Exception <a 'java/lang/NoSuchMethodError': Method sun.misc.Unsafe.defineClass(Ljava/lang/String;[BII)Ljava/lang/Class; name or signature does not match> (0x00000000eab07cc0) thrown at [/HUDSON/workspace/8-2-build-linux-amd64/jdk8u91/6644/hotspot/src/shar
Event: 0.200 Thread 0x00007fa84c00a000 Exception <a 'java/lang/NoSuchMethodError': Method sun.misc.Unsafe.prefetchRead(Ljava/lang/Object;J)V name or signature does not match> (0x00000000eab07fa8) thrown at [/HUDSON/workspace/8-2-build-linux-amd64/jdk8u91/6644/hotspot/src/share/vm/prims/jni.cpp
Event: 3.139 Thread 0x00007fa84c149000 Exception <a 'java/lang/ArrayIndexOutOfBoundsException': 18> (0x00000000ec2d4bc8) thrown at [/HUDSON/workspace/8-2-build-linux-amd64/jdk8u91/6644/hotspot/src/share/vm/interpreter/interpreterRuntime.cpp, line 366]
Event: 3.139 Thread 0x00007fa84c149000 Exception <a 'java/lang/ArrayIndexOutOfBoundsException': 145> (0x00000000ec2d6748) thrown at [/HUDSON/workspace/8-2-build-linux-amd64/jdk8u91/6644/hotspot/src/share/vm/interpreter/interpreterRuntime.cpp, line 366]
Event: 3.142 Thread 0x00007fa84c149000 Exception <a 'java/lang/ArrayIndexOutOfBoundsException': 40> (0x00000000ec2d7a30) thrown at [/HUDSON/workspace/8-2-build-linux-amd64/jdk8u91/6644/hotspot/src/share/vm/interpreter/interpreterRuntime.cpp, line 366]
Event: 4.152 Thread 0x00007fa84c144800 Implicit null exception at 0x00007fa83c88020c to 0x00007fa83c8828c9

Events (10 events):
Event: 8.185 Thread 0x00007fa84c00a000 Uncommon trap: trap_request=0xffffff65 fr.pc=0x00007fa83c8ac3f4
Event: 8.185 Thread 0x00007fa84c00a000 DEOPT PACKING pc=0x00007fa83c8ac3f4 sp=0x00007fa85268b360
Event: 8.185 Thread 0x00007fa84c00a000 DEOPT UNPACKING pc=0x00007fa83c5aa229 sp=0x00007fa85268b230 mode 2
Event: 8.219 Thread 0x00007fa84c134000 DEOPT PACKING pc=0x00007fa83ca61283 sp=0x00007fa82b31b200
Event: 8.219 Thread 0x00007fa84c134000 DEOPT UNPACKING pc=0x00007fa83c5ec633 sp=0x00007fa82b31af70 mode 0
Event: 8.237 Thread 0x00007fa84c144800 DEOPT PACKING pc=0x00007fa83ca9416d sp=0x00007fa82b119210
Event: 8.237 Thread 0x00007fa84c144800 DEOPT UNPACKING pc=0x00007fa83c5ec633 sp=0x00007fa82b118f68 mode 0
Event: 8.239 Thread 0x00007fa84c149000 DEOPT PACKING pc=0x00007fa83ca61d6c sp=0x00007fa82af16da0
Event: 8.239 Thread 0x00007fa84c149000 DEOPT UNPACKING pc=0x00007fa83c5ec633 sp=0x00007fa82af16b88 mode 0
Event: 8.434 Executing VM operation: ParallelGCFailedAllocation


Dynamic libraries:
00400000-00401000 r-xp 00000000 08:06 266116                             /home/mohamed/jdk1.8.0_91/bin/java
00600000-00601000 rw-p 00000000 08:06 266116                             /home/mohamed/jdk1.8.0_91/bin/java
009c3000-009e4000 rw-p 00000000 00:00 0                                  [heap]
c0000000-c2a80000 rw-p 00000000 00:00 0 
c2a80000-eab00000 ---p 00000000 00:00 0 
eab00000-f4700000 rw-p 00000000 00:00 0 
fcf00000-100000000 ---p 00000000 00:00 0 
100000000-1000a0000 rw-p 00000000 00:00 0 
1000a0000-140000000 ---p 00000000 00:00 0 
7fa7e8000000-7fa7e8021000 rw-p 00000000 00:00 0 
7fa7e8021000-7fa7ec000000 ---p 00000000 00:00 0 
7fa7f0000000-7fa7f0032000 rw-p 00000000 00:00 0 
7fa7f0032000-7fa7f4000000 ---p 00000000 00:00 0 
7fa7f4000000-7fa7f4021000 rw-p 00000000 00:00 0 
7fa7f4021000-7fa7f8000000 ---p 00000000 00:00 0 
7fa7f8000000-7fa7f802c000 rw-p 00000000 00:00 0 
7fa7f802c000-7fa7fc000000 ---p 00000000 00:00 0 
7fa7fc000000-7fa7fc021000 rw-p 00000000 00:00 0 
7fa7fc021000-7fa800000000 ---p 00000000 00:00 0 
7fa800000000-7fa800021000 rw-p 00000000 00:00 0 
7fa800021000-7fa804000000 ---p 00000000 00:00 0 
7fa804000000-7fa804021000 rw-p 00000000 00:00 0 
7fa804021000-7fa808000000 ---p 00000000 00:00 0 
7fa808000000-7fa808efd000 rw-p 00000000 00:00 0 
7fa808efd000-7fa80c000000 ---p 00000000 00:00 0 
7fa80c000000-7fa80c9e3000 rw-p 00000000 00:00 0 
7fa80c9e3000-7fa810000000 ---p 00000000 00:00 0 
7fa810000000-7fa810021000 rw-p 00000000 00:00 0 
7fa810021000-7fa814000000 ---p 00000000 00:00 0 
7fa814000000-7fa8148d1000 rw-p 00000000 00:00 0 
7fa8148d1000-7fa818000000 ---p 00000000 00:00 0 
7fa818000000-7fa818021000 rw-p 00000000 00:00 0 
7fa818021000-7fa81c000000 ---p 00000000 00:00 0 
7fa81c000000-7fa81c021000 rw-p 00000000 00:00 0 
7fa81c021000-7fa820000000 ---p 00000000 00:00 0 
7fa820000000-7fa820295000 rw-p 00000000 00:00 0 
7fa820295000-7fa824000000 ---p 00000000 00:00 0 
7fa824000000-7fa824021000 rw-p 00000000 00:00 0 
7fa824021000-7fa828000000 ---p 00000000 00:00 0 
7fa82ae18000-7fa82ae1b000 ---p 00000000 00:00 0 
7fa82ae1b000-7fa82af19000 rw-p 00000000 00:00 0 
7fa82af19000-7fa82af1c000 ---p 00000000 00:00 0 
7fa82af1c000-7fa82b01a000 rw-p 00000000 00:00 0 
7fa82b01a000-7fa82b01d000 ---p 00000000 00:00 0 
7fa82b01d000-7fa82b11b000 rw-p 00000000 00:00 0 
7fa82b11b000-7fa82b11e000 ---p 00000000 00:00 0 
7fa82b11e000-7fa82b21c000 rw-p 00000000 00:00 0 
7fa82b21c000-7fa82b21f000 ---p 00000000 00:00 0 
7fa82b21f000-7fa82b31d000 rw-p 00000000 00:00 0 
7fa82b31d000-7fa82b31e000 ---p 00000000 00:00 0 
7fa82b31e000-7fa82b41e000 rw-p 00000000 00:00 0 
7fa82b41e000-7fa82b421000 ---p 00000000 00:00 0 
7fa82b421000-7fa82b51f000 rw-p 00000000 00:00 0 
7fa82b51f000-7fa82b522000 ---p 00000000 00:00 0 
7fa82b522000-7fa82b620000 rw-p 00000000 00:00 0 
7fa82b620000-7fa82b623000 ---p 00000000 00:00 0 
7fa82b623000-7fa82b721000 rw-p 00000000 00:00 0 
7fa82b721000-7fa82b724000 ---p 00000000 00:00 0 
7fa82b724000-7fa82b822000 rw-p 00000000 00:00 0 
7fa82b822000-7fa82b825000 ---p 00000000 00:00 0 
7fa82b825000-7fa82b923000 rw-p 00000000 00:00 0 
7fa82b923000-7fa82bbfc000 r--p 00000000 08:06 526509                     /usr/lib/locale/locale-archive
7fa82bbfc000-7fa82bbff000 ---p 00000000 00:00 0 
7fa82bbff000-7fa82bcfd000 rw-p 00000000 00:00 0 
7fa82bcfd000-7fa82bd00000 ---p 00000000 00:00 0 
7fa82bd00000-7fa82bdfe000 rw-p 00000000 00:00 0 
7fa82bdfe000-7fa82bdff000 ---p 00000000 00:00 0 
7fa82bdff000-7fa82c000000 rw-p 00000000 00:00 0 
7fa82c000000-7fa82c021000 rw-p 00000000 00:00 0 
7fa82c021000-7fa830000000 ---p 00000000 00:00 0 
7fa830000000-7fa830021000 rw-p 00000000 00:00 0 
7fa830021000-7fa834000000 ---p 00000000 00:00 0 
7fa834000000-7fa834021000 rw-p 00000000 00:00 0 
7fa834021000-7fa838000000 ---p 00000000 00:00 0 
7fa8380ac000-7fa8380cf000 r--s 00193000 08:06 1069273                    /home/mohamed/.gradle/caches/modules-2/files-2.1/com.google.guava/guava-jdk5/13.0/381ae6c8add7c98e9bcddb1e0b898400cd6fc3f7/guava-jdk5-13.0.jar
7fa8380cf000-7fa8380de000 r--s 000df000 08:06 6165411                    /home/mohamed/Android/Sdk/build-tools/23.0.1/lib/dx.jar
7fa8380de000-7fa838f91000 rw-p 00000000 00:00 0 
7fa838f91000-7fa83916a000 r--s 03d1f000 08:06 922159                     /home/mohamed/jdk1.8.0_91/jre/lib/rt.jar
7fa83916a000-7fa839860000 rw-p 00000000 00:00 0 
7fa839860000-7fa8399e0000 ---p 00000000 00:00 0 
7fa8399e0000-7fa83bbe0000 rw-p 00000000 00:00 0 
7fa83bbe0000-7fa83bbe1000 ---p 00000000 00:00 0 
7fa83bbe1000-7fa83bce1000 rw-p 00000000 00:00 0 
7fa83bce1000-7fa83bce2000 ---p 00000000 00:00 0 
7fa83bce2000-7fa83bde2000 rw-p 00000000 00:00 0 
7fa83bde2000-7fa83bde3000 ---p 00000000 00:00 0 
7fa83bde3000-7fa83bee3000 rw-p 00000000 00:00 0 
7fa83bee3000-7fa83bee4000 ---p 00000000 00:00 0 
7fa83bee4000-7fa83bffa000 rw-p 00000000 00:00 0 
7fa83bffa000-7fa83c139000 ---p 00000000 00:00 0 
7fa83c139000-7fa83c188000 rw-p 00000000 00:00 0 
7fa83c188000-7fa83c1e4000 ---p 00000000 00:00 0 
7fa83c1e4000-7fa83c202000 rw-p 00000000 00:00 0 
7fa83c202000-7fa83c5a5000 ---p 00000000 00:00 0 
7fa83c5a5000-7fa83ccb5000 rwxp 00000000 00:00 0 
7fa83ccb5000-7fa84b5a5000 ---p 00000000 00:00 0 
7fa84b5a5000-7fa84b5bf000 r-xp 00000000 08:06 922210                     /home/mohamed/jdk1.8.0_91/jre/lib/amd64/libzip.so
7fa84b5bf000-7fa84b7bf000 ---p 0001a000 08:06 922210                     /home/mohamed/jdk1.8.0_91/jre/lib/amd64/libzip.so
7fa84b7bf000-7fa84b7c0000 rw-p 0001a000 08:06 922210                     /home/mohamed/jdk1.8.0_91/jre/lib/amd64/libzip.so
7fa84b7c0000-7fa84b7cb000 r-xp 00000000 08:06 278669                     /lib/x86_64-linux-gnu/libnss_files-2.23.so
7fa84b7cb000-7fa84b9ca000 ---p 0000b000 08:06 278669                     /lib/x86_64-linux-gnu/libnss_files-2.23.so
7fa84b9ca000-7fa84b9cb000 r--p 0000a000 08:06 278669                     /lib/x86_64-linux-gnu/libnss_files-2.23.so
7fa84b9cb000-7fa84b9cc000 rw-p 0000b000 08:06 278669                     /lib/x86_64-linux-gnu/libnss_files-2.23.so
7fa84b9cc000-7fa84b9d2000 rw-p 00000000 00:00 0 
7fa84b9d2000-7fa84b9dd000 r-xp 00000000 08:06 278666                     /lib/x86_64-linux-gnu/libnss_nis-2.23.so
7fa84b9dd000-7fa84bbdc000 ---p 0000b000 08:06 278666                     /lib/x86_64-linux-gnu/libnss_nis-2.23.so
7fa84bbdc000-7fa84bbdd000 r--p 0000a000 08:06 278666                     /lib/x86_64-linux-gnu/libnss_nis-2.23.so
7fa84bbdd000-7fa84bbde000 rw-p 0000b000 08:06 278666                     /lib/x86_64-linux-gnu/libnss_nis-2.23.so
7fa84bbde000-7fa84bbf4000 r-xp 00000000 08:06 278664                     /lib/x86_64-linux-gnu/libnsl-2.23.so
7fa84bbf4000-7fa84bdf3000 ---p 00016000 08:06 278664                     /lib/x86_64-linux-gnu/libnsl-2.23.so
7fa84bdf3000-7fa84bdf4000 r--p 00015000 08:06 278664                     /lib/x86_64-linux-gnu/libnsl-2.23.so
7fa84bdf4000-7fa84bdf5000 rw-p 00016000 08:06 278664                     /lib/x86_64-linux-gnu/libnsl-2.23.so
7fa84bdf5000-7fa84bdf7000 rw-p 00000000 00:00 0 
7fa84bdf7000-7fa84bdff000 r-xp 00000000 08:06 278662                     /lib/x86_64-linux-gnu/libnss_compat-2.23.so
7fa84bdff000-7fa84bffe000 ---p 00008000 08:06 278662                     /lib/x86_64-linux-gnu/libnss_compat-2.23.so
7fa84bffe000-7fa84bfff000 r--p 00007000 08:06 278662                     /lib/x86_64-linux-gnu/libnss_compat-2.23.so
7fa84bfff000-7fa84c000000 rw-p 00008000 08:06 278662                     /lib/x86_64-linux-gnu/libnss_compat-2.23.so
7fa84c000000-7fa84c38e000 rw-p 00000000 00:00 0 
7fa84c38e000-7fa850000000 ---p 00000000 00:00 0 
7fa85000b000-7fa850021000 rw-p 00000000 00:00 0 
7fa850021000-7fa850161000 ---p 00000000 00:00 0 
7fa850161000-7fa85018b000 r-xp 00000000 08:06 922205                     /home/mohamed/jdk1.8.0_91/jre/lib/amd64/libjava.so
7fa85018b000-7fa85038b000 ---p 0002a000 08:06 922205                     /home/mohamed/jdk1.8.0_91/jre/lib/amd64/libjava.so
7fa85038b000-7fa85038d000 rw-p 0002a000 08:06 922205                     /home/mohamed/jdk1.8.0_91/jre/lib/amd64/libjava.so
7fa85038d000-7fa85039a000 r-xp 00000000 08:06 922209                     /home/mohamed/jdk1.8.0_91/jre/lib/amd64/libverify.so
7fa85039a000-7fa85059a000 ---p 0000d000 08:06 922209                     /home/mohamed/jdk1.8.0_91/jre/lib/amd64/libverify.so
7fa85059a000-7fa85059c000 rw-p 0000d000 08:06 922209                     /home/mohamed/jdk1.8.0_91/jre/lib/amd64/libverify.so
7fa85059c000-7fa8505a3000 r-xp 00000000 08:06 278678                     /lib/x86_64-linux-gnu/librt-2.23.so
7fa8505a3000-7fa8507a2000 ---p 00007000 08:06 278678                     /lib/x86_64-linux-gnu/librt-2.23.so
7fa8507a2000-7fa8507a3000 r--p 00006000 08:06 278678                     /lib/x86_64-linux-gnu/librt-2.23.so
7fa8507a3000-7fa8507a4000 rw-p 00007000 08:06 278678                     /lib/x86_64-linux-gnu/librt-2.23.so
7fa8507a4000-7fa8508ac000 r-xp 00000000 08:06 278675                     /lib/x86_64-linux-gnu/libm-2.23.so
7fa8508ac000-7fa850aab000 ---p 00108000 08:06 278675                     /lib/x86_64-linux-gnu/libm-2.23.so
7fa850aab000-7fa850aac000 r--p 00107000 08:06 278675                     /lib/x86_64-linux-gnu/libm-2.23.so
7fa850aac000-7fa850aad000 rw-p 00108000 08:06 278675                     /lib/x86_64-linux-gnu/libm-2.23.so
7fa850aad000-7fa85176d000 r-xp 00000000 08:06 1184562                    /home/mohamed/jdk1.8.0_91/jre/lib/amd64/server/libjvm.so
7fa85176d000-7fa85196d000 ---p 00cc0000 08:06 1184562                    /home/mohamed/jdk1.8.0_91/jre/lib/amd64/server/libjvm.so
7fa85196d000-7fa851a45000 rw-p 00cc0000 08:06 1184562                    /home/mohamed/jdk1.8.0_91/jre/lib/amd64/server/libjvm.so
7fa851a45000-7fa851a90000 rw-p 00000000 00:00 0 
7fa851a90000-7fa851c50000 r-xp 00000000 08:06 278683                     /lib/x86_64-linux-gnu/libc-2.23.so
7fa851c50000-7fa851e4f000 ---p 001c0000 08:06 278683                     /lib/x86_64-linux-gnu/libc-2.23.so
7fa851e4f000-7fa851e53000 r--p 001bf000 08:06 278683                     /lib/x86_64-linux-gnu/libc-2.23.so
7fa851e53000-7fa851e55000 rw-p 001c3000 08:06 278683                     /lib/x86_64-linux-gnu/libc-2.23.so
7fa851e55000-7fa851e59000 rw-p 00000000 00:00 0 
7fa851e59000-7fa851e5c000 r-xp 00000000 08:06 278684                     /lib/x86_64-linux-gnu/libdl-2.23.so
7fa851e5c000-7fa85205b000 ---p 00003000 08:06 278684                     /lib/x86_64-linux-gnu/libdl-2.23.so
7fa85205b000-7fa85205c000 r--p 00002000 08:06 278684                     /lib/x86_64-linux-gnu/libdl-2.23.so
7fa85205c000-7fa85205d000 rw-p 00003000 08:06 278684                     /lib/x86_64-linux-gnu/libdl-2.23.so
7fa85205d000-7fa852072000 r-xp 00000000 08:06 36052                      /home/mohamed/jdk1.8.0_91/lib/amd64/jli/libjli.so
7fa852072000-7fa852272000 ---p 00015000 08:06 36052                      /home/mohamed/jdk1.8.0_91/lib/amd64/jli/libjli.so
7fa852272000-7fa852273000 rw-p 00015000 08:06 36052                      /home/mohamed/jdk1.8.0_91/lib/amd64/jli/libjli.so
7fa852273000-7fa85228b000 r-xp 00000000 08:06 278682                     /lib/x86_64-linux-gnu/libpthread-2.23.so
7fa85228b000-7fa85248a000 ---p 00018000 08:06 278682                     /lib/x86_64-linux-gnu/libpthread-2.23.so
7fa85248a000-7fa85248b000 r--p 00017000 08:06 278682                     /lib/x86_64-linux-gnu/libpthread-2.23.so
7fa85248b000-7fa85248c000 rw-p 00018000 08:06 278682                     /lib/x86_64-linux-gnu/libpthread-2.23.so
7fa85248c000-7fa852490000 rw-p 00000000 00:00 0 
7fa852490000-7fa8524b6000 r-xp 00000000 08:06 278679                     /lib/x86_64-linux-gnu/ld-2.23.so
7fa8524bb000-7fa85258d000 rw-p 00000000 00:00 0 
7fa85258d000-7fa852590000 ---p 00000000 00:00 0 
7fa852590000-7fa852692000 rw-p 00000000 00:00 0 
7fa852695000-7fa8526a9000 rw-p 00000000 00:00 0 
7fa8526a9000-7fa8526b1000 rw-s 00000000 08:06 1069632                    /tmp/hsperfdata_mohamed/8047
7fa8526b1000-7fa8526b2000 rw-p 00000000 00:00 0 
7fa8526b2000-7fa8526b3000 ---p 00000000 00:00 0 
7fa8526b3000-7fa8526b5000 rw-p 00000000 00:00 0 
7fa8526b5000-7fa8526b6000 r--p 00025000 08:06 278679                     /lib/x86_64-linux-gnu/ld-2.23.so
7fa8526b6000-7fa8526b7000 rw-p 00026000 08:06 278679                     /lib/x86_64-linux-gnu/ld-2.23.so
7fa8526b7000-7fa8526b8000 rw-p 00000000 00:00 0 
7ffcff75f000-7ffcff780000 rw-p 00000000 00:00 0                          [stack]
7ffcff7d3000-7ffcff7d5000 r--p 00000000 00:00 0                          [vvar]
7ffcff7d5000-7ffcff7d7000 r-xp 00000000 00:00 0                          [vdso]
ffffffffff600000-ffffffffff601000 r-xp 00000000 00:00 0                  [vsyscall]

VM Arguments:
jvm_args: -Djava.awt.headless=true -Xmx1024M -Dfile.encoding=UTF-8 -Duser.country=US -Duser.language=en -Duser.variant 
java_command: com.android.dx.command.Main --dex --force-jumbo --num-threads=4 --output /media/mohamed/Programs/Explore/app/build/intermediates/pre-dexed/debug/guava-jdk5-13.0_8c3a5ca224a02fb0d36671a9b3b7c568e325d058.jar /home/mohamed/.gradle/caches/modules-2/files-2.1/com.google.guava/guava-jdk5/13.0/381ae6c8add7c98e9bcddb1e0b898400cd6fc3f7/guava-jdk5-13.0.jar
java_class_path (initial): /home/mohamed/Android/Sdk/build-tools/23.0.1/lib/dx.jar
Launcher Type: SUN_STANDARD

Environment Variables:
JAVA_HOME=/usr/lib/jvm/java-8-oracle
PATH=/usr/local/sbin:/usr/local/bin:/usr/sbin:/usr/bin:/sbin:/bin:/usr/games:/usr/local/games:/snap/bin:/usr/lib/jvm/java-8-oracle/bin:/usr/lib/jvm/java-8-oracle/db/bin:/usr/lib/jvm/java-8-oracle/jre/bin
LD_LIBRARY_PATH=/home/mohamed/tools/android/android-studio/bin:
SHELL=/bin/bash
DISPLAY=:0

Signal Handlers:
SIGSEGV: [libjvm.so+0xabca10], sa_mask[0]=11111111011111111101111111111110, sa_flags=SA_RESTART|SA_SIGINFO
SIGBUS: [libjvm.so+0xabca10], sa_mask[0]=11111111011111111101111111111110, sa_flags=SA_RESTART|SA_SIGINFO
SIGFPE: [libjvm.so+0x919a20], sa_mask[0]=11111111011111111101111111111110, sa_flags=SA_RESTART|SA_SIGINFO
SIGPIPE: [libjvm.so+0x919a20], sa_mask[0]=11111111011111111101111111111110, sa_flags=SA_RESTART|SA_SIGINFO
SIGXFSZ: [libjvm.so+0x919a20], sa_mask[0]=11111111011111111101111111111110, sa_flags=SA_RESTART|SA_SIGINFO
SIGILL: [libjvm.so+0x919a20], sa_mask[0]=11111111011111111101111111111110, sa_flags=SA_RESTART|SA_SIGINFO
SIGUSR1: SIG_DFL, sa_mask[0]=00000000000000000000000000000000, sa_flags=none
SIGUSR2: [libjvm.so+0x91b050], sa_mask[0]=00100000000000000000000000000000, sa_flags=SA_RESTART|SA_SIGINFO
SIGHUP: [libjvm.so+0x91c450], sa_mask[0]=11111111011111111101111111111110, sa_flags=SA_RESTART|SA_SIGINFO
SIGINT: [libjvm.so+0x91c450], sa_mask[0]=11111111011111111101111111111110, sa_flags=SA_RESTART|SA_SIGINFO
SIGTERM: [libjvm.so+0x91c450], sa_mask[0]=11111111011111111101111111111110, sa_flags=SA_RESTART|SA_SIGINFO
SIGQUIT: [libjvm.so+0x91c450], sa_mask[0]=11111111011111111101111111111110, sa_flags=SA_RESTART|SA_SIGINFO


---------------  S Y S T E M  ---------------

OS:DISTRIB_ID=Ubuntu
DISTRIB_RELEASE=16.04
DISTRIB_CODENAME=xenial
DISTRIB_DESCRIPTION="Ubuntu 16.04 LTS"

uname:Linux 4.4.0-22-generic #39-Ubuntu SMP Thu May 5 16:53:32 UTC 2016 x86_64
libc:glibc 2.23 NPTL 2.23 
rlimit: STACK 8192k, CORE 0k, NPROC 15304, NOFILE 65536, AS infinity
load average:34.76 12.19 5.00

/proc/meminfo:
MemTotal:        3956776 kB
MemFree:          453328 kB
MemAvailable:     523992 kB
Buffers:            3492 kB
Cached:           318368 kB
SwapCached:            0 kB
Active:          3036032 kB
Inactive:         302060 kB
Active(anon):    3025308 kB
Inactive(anon):   246824 kB
Active(file):      10724 kB
Inactive(file):    55236 kB
Unevictable:          32 kB
Mlocked:              32 kB
SwapTotal:             0 kB
SwapFree:              0 kB
Dirty:               180 kB
Writeback:             0 kB
AnonPages:       3016352 kB
Mapped:            90352 kB
Shmem:            255904 kB
Slab:              72924 kB
SReclaimable:      34092 kB
SUnreclaim:        38832 kB
KernelStack:        9888 kB
PageTables:        41384 kB
NFS_Unstable:          0 kB
Bounce:                0 kB
WritebackTmp:          0 kB
CommitLimit:     1978388 kB
Committed_AS:    6386220 kB
VmallocTotal:   34359738367 kB
VmallocUsed:           0 kB
VmallocChunk:          0 kB
HardwareCorrupted:     0 kB
AnonHugePages:   1755136 kB
CmaTotal:              0 kB
CmaFree:               0 kB
HugePages_Total:       0
HugePages_Free:        0
HugePages_Rsvd:        0
HugePages_Surp:        0
Hugepagesize:       2048 kB
DirectMap4k:      170360 kB
DirectMap2M:     3934208 kB
DirectMap1G:           0 kB


CPU:total 4 (2 cores per cpu, 2 threads per core) family 6 model 60 stepping 3, cmov, cx8, fxsr, mmx, sse, sse2, sse3, ssse3, sse4.1, sse4.2, popcnt, avx, avx2, aes, clmul, erms, lzcnt, ht, tsc, tscinvbit, bmi1, bmi2

/proc/cpuinfo:
processor	: 0
vendor_id	: GenuineIntel
cpu family	: 6
model		: 60
model name	: Intel(R) Core(TM) i5-4200M CPU @ 2.50GHz
stepping	: 3
microcode	: 0x16
cpu MHz		: 2500.000
cache size	: 3072 KB
physical id	: 0
siblings	: 4
core id		: 0
cpu cores	: 2
apicid		: 0
initial apicid	: 0
fpu		: yes
fpu_exception	: yes
cpuid level	: 13
wp		: yes
flags		: fpu vme de pse tsc msr pae mce cx8 apic sep mtrr pge mca cmov pat pse36 clflush dts acpi mmx fxsr sse sse2 ss ht tm pbe syscall nx pdpe1gb rdtscp lm constant_tsc arch_perfmon pebs bts rep_good nopl xtopology nonstop_tsc aperfmperf eagerfpu pni pclmulqdq dtes64 monitor ds_cpl vmx est tm2 ssse3 sdbg fma cx16 xtpr pdcm pcid sse4_1 sse4_2 movbe popcnt tsc_deadline_timer aes xsave avx f16c rdrand lahf_lm abm epb tpr_shadow vnmi flexpriority ept vpid fsgsbase tsc_adjust bmi1 avx2 smep bmi2 erms invpcid xsaveopt dtherm ida arat pln pts
bugs		:
bogomips	: 4988.63
clflush size	: 64
cache_alignment	: 64
address sizes	: 39 bits physical, 48 bits virtual
power management:

processor	: 1
vendor_id	: GenuineIntel
cpu family	: 6
model		: 60
model name	: Intel(R) Core(TM) i5-4200M CPU @ 2.50GHz
stepping	: 3
microcode	: 0x16
cpu MHz		: 2911.132
cache size	: 3072 KB
physical id	: 0
siblings	: 4
core id		: 1
cpu cores	: 2
apicid		: 2
initial apicid	: 2
fpu		: yes
fpu_exception	: yes
cpuid level	: 13
wp		: yes
flags		: fpu vme de pse tsc msr pae mce cx8 apic sep mtrr pge mca cmov pat pse36 clflush dts acpi mmx fxsr sse sse2 ss ht tm pbe syscall nx pdpe1gb rdtscp lm constant_tsc arch_perfmon pebs bts rep_good nopl xtopology nonstop_tsc aperfmperf eagerfpu pni pclmulqdq dtes64 monitor ds_cpl vmx est tm2 ssse3 sdbg fma cx16 xtpr pdcm pcid sse4_1 sse4_2 movbe popcnt tsc_deadline_timer aes xsave avx f16c rdrand lahf_lm abm epb tpr_shadow vnmi flexpriority ept vpid fsgsbase tsc_adjust bmi1 avx2 smep bmi2 erms invpcid xsaveopt dtherm ida arat pln pts
bugs		:
bogomips	: 4988.63
clflush size	: 64
cache_alignment	: 64
address sizes	: 39 bits physical, 48 bits virtual
power management:

processor	: 2
vendor_id	: GenuineIntel
cpu family	: 6
model		: 60
model name	: Intel(R) Core(TM) i5-4200M CPU @ 2.50GHz
stepping	: 3
microcode	: 0x16
cpu MHz		: 2511.816
cache size	: 3072 KB
physical id	: 0
siblings	: 4
core id		: 0
cpu cores	: 2
apicid		: 1
initial apicid	: 1
fpu		: yes
fpu_exception	: yes
cpuid level	: 13
wp		: yes
flags		: fpu vme de pse tsc msr pae mce cx8 apic sep mtrr pge mca cmov pat pse36 clflush dts acpi mmx fxsr sse sse2 ss ht tm pbe syscall nx pdpe1gb rdtscp lm constant_tsc arch_perfmon pebs bts rep_good nopl xtopology nonstop_tsc aperfmperf eagerfpu pni pclmulqdq dtes64 monitor ds_cpl vmx est tm2 ssse3 sdbg fma cx16 xtpr pdcm pcid sse4_1 sse4_2 movbe popcnt tsc_deadline_timer aes xsave avx f16c rdrand lahf_lm abm epb tpr_shadow vnmi flexpriority ept vpid fsgsbase tsc_adjust bmi1 avx2 smep bmi2 erms invpcid xsaveopt dtherm ida arat pln pts
bugs		:
bogomips	: 4988.63
clflush size	: 64
cache_alignment	: 64
address sizes	: 39 bits physical, 48 bits virtual
power management:

processor	: 3
vendor_id	: GenuineIntel
cpu family	: 6
model		: 60
model name	: Intel(R) Core(TM) i5-4200M CPU @ 2.50GHz
stepping	: 3
microcode	: 0x16
cpu MHz		: 2499.902
cache size	: 3072 KB
physical id	: 0
siblings	: 4
core id		: 1
cpu cores	: 2
apicid		: 3
initial apicid	: 3
fpu		: yes
fpu_exception	: yes
cpuid level	: 13
wp		: yes
flags		: fpu vme de pse tsc msr pae mce cx8 apic sep mtrr pge mca cmov pat pse36 clflush dts acpi mmx fxsr sse sse2 ss ht tm pbe syscall nx pdpe1gb rdtscp lm constant_tsc arch_perfmon pebs bts rep_good nopl xtopology nonstop_tsc aperfmperf eagerfpu pni pclmulqdq dtes64 monitor ds_cpl vmx est tm2 ssse3 sdbg fma cx16 xtpr pdcm pcid sse4_1 sse4_2 movbe popcnt tsc_deadline_timer aes xsave avx f16c rdrand lahf_lm abm epb tpr_shadow vnmi flexpriority ept vpid fsgsbase tsc_adjust bmi1 avx2 smep bmi2 erms invpcid xsaveopt dtherm ida arat pln pts
bugs		:
bogomips	: 4988.63
clflush size	: 64
cache_alignment	: 64
address sizes	: 39 bits physical, 48 bits virtual
power management:



Memory: 4k page, physical 3956776k(453328k free), swap 0k(0k free)

vm_info: Java HotSpot(TM) 64-Bit Server VM (25.91-b14) for linux-amd64 JRE (1.8.0_91-b14), built on Apr  1 2016 00:57:21 by "java_re" with gcc 4.3.0 20080428 (Red Hat 4.3.0-8)

time: Fri May 13 19:38:04 2016
elapsed time: 66 seconds (0d 0h 1m 6s)

