#
# There is insufficient memory for the Java Runtime Environment to continue.
# Native memory allocation (mmap) failed to map 62914560 bytes for committing reserved memory.
# Possible reasons:
#   The system is out of physical RAM or swap space
#   In 32 bit mode, the process size limit was hit
# Possible solutions:
#   Reduce memory load on the system
#   Increase physical memory or swap space
#   Check if swap backing store is full
#   Use 64 bit Java on a 64 bit OS
#   Decrease Java heap size (-Xmx/-Xms)
#   Decrease number of Java threads
#   Decrease Java thread stack sizes (-Xss)
#   Set larger code cache with -XX:ReservedCodeCacheSize=
# This output file may be truncated or incomplete.
#
#  Out of Memory Error (os_linux.cpp:2627), pid=7039, tid=140265930090240
#
# JRE version: Java(TM) SE Runtime Environment (8.0_91-b14) (build 1.8.0_91-b14)
# Java VM: Java HotSpot(TM) 64-Bit Server VM (25.91-b14 mixed mode linux-amd64 compressed oops)
# Failed to write core dump. Core dumps have been disabled. To enable core dumping, try "ulimit -c unlimited" before starting Java again
#

---------------  T H R E A D  ---------------

Current thread (0x00007f9244078000):  VMThread [stack: 0x00007f9234dfe000,0x00007f9234eff000] [id=7050]

Stack: [0x00007f9234dfe000,0x00007f9234eff000],  sp=0x00007f9234efd220,  free space=1020k
Native frames: (J=compiled Java code, j=interpreted, Vv=VM code, C=native code)
V  [libjvm.so+0xabc18a]  VMError::report_and_die()+0x2ba
V  [libjvm.so+0x4fafeb]  report_vm_out_of_memory(char const*, int, unsigned long, VMErrorType, char const*)+0x8b
V  [libjvm.so+0x91cbb3]  os::Linux::commit_memory_impl(char*, unsigned long, bool)+0x103
V  [libjvm.so+0x91d109]  os::pd_commit_memory(char*, unsigned long, unsigned long, bool)+0x29
V  [libjvm.so+0x91740a]  os::commit_memory(char*, unsigned long, unsigned long, bool)+0x2a
V  [libjvm.so+0x98b033]  PSVirtualSpace::expand_by(unsigned long)+0x53
V  [libjvm.so+0x97b920]  PSOldGen::expand(unsigned long)+0x170
V  [libjvm.so+0x97bb2b]  PSOldGen::resize(unsigned long)+0x1cb
V  [libjvm.so+0x983801]  PSParallelCompact::invoke_no_policy(bool)+0x991
V  [libjvm.so+0x98915d]  PSScavenge::invoke()+0x1ad
V  [libjvm.so+0x9408b0]  ParallelScavengeHeap::failed_mem_allocate(unsigned long)+0x70
V  [libjvm.so+0xabdba7]  VM_ParallelGCFailedAllocation::doit()+0x97
V  [libjvm.so+0xac55d5]  VM_Operation::evaluate()+0x55
V  [libjvm.so+0xac39aa]  VMThread::evaluate_operation(VM_Operation*)+0xba
V  [libjvm.so+0xac3d2e]  VMThread::loop()+0x1ce
V  [libjvm.so+0xac41a0]  VMThread::run()+0x70
V  [libjvm.so+0x91ef78]  java_start(Thread*)+0x108

VM_Operation (0x00007f922dffdbe0): ParallelGCFailedAllocation, mode: safepoint, requested by thread 0x00007f9244147800


---------------  P R O C E S S  ---------------

Java Threads: ( => current thread )
  0x00007f924414b800 JavaThread "pool-1-thread-4" [_thread_blocked, id=7063, stack(0x00007f922ddfe000,0x00007f922deff000)]
  0x00007f9244147800 JavaThread "pool-1-thread-3" [_thread_blocked, id=7062, stack(0x00007f922deff000,0x00007f922e000000)]
  0x00007f9244145000 JavaThread "pool-1-thread-2" [_thread_blocked, id=7061, stack(0x00007f923401a000,0x00007f923411b000)]
  0x00007f9244139800 JavaThread "pool-2-thread-1" [_thread_blocked, id=7060, stack(0x00007f923411b000,0x00007f923421c000)]
  0x00007f9244137000 JavaThread "pool-1-thread-1" [_thread_blocked, id=7059, stack(0x00007f923421c000,0x00007f923431d000)]
  0x00007f92440c9800 JavaThread "Service Thread" daemon [_thread_blocked, id=7057, stack(0x00007f923441e000,0x00007f923451f000)]
  0x00007f92440be000 JavaThread "C1 CompilerThread2" daemon [_thread_blocked, id=7056, stack(0x00007f923451f000,0x00007f9234620000)]
  0x00007f92440bc800 JavaThread "C2 CompilerThread1" daemon [_thread_blocked, id=7055, stack(0x00007f9234620000,0x00007f9234721000)]
  0x00007f92440b9800 JavaThread "C2 CompilerThread0" daemon [_thread_blocked, id=7054, stack(0x00007f9234721000,0x00007f9234822000)]
  0x00007f92440b8000 JavaThread "Signal Dispatcher" daemon [_thread_blocked, id=7053, stack(0x00007f9234822000,0x00007f9234923000)]
  0x00007f9244084000 JavaThread "Finalizer" daemon [_thread_blocked, id=7052, stack(0x00007f9234bfc000,0x00007f9234cfd000)]
  0x00007f924407f800 JavaThread "Reference Handler" daemon [_thread_blocked, id=7051, stack(0x00007f9234cfd000,0x00007f9234dfe000)]
  0x00007f924400a000 JavaThread "main" [_thread_blocked, id=7045, stack(0x00007f924d4e9000,0x00007f924d5ea000)]

Other Threads:
=>0x00007f9244078000 VMThread [stack: 0x00007f9234dfe000,0x00007f9234eff000] [id=7050]
  0x00007f92440cc000 WatcherThread [stack: 0x00007f923431d000,0x00007f923441e000] [id=7058]

VM state:at safepoint (normal execution)

VM Mutex/Monitor currently owned by a thread:  ([mutex/lock_event])
[0x00007f9244005de0] ExpandHeap_lock - owner thread: 0x00007f9244078000
[0x00007f9244006460] Threads_lock - owner thread: 0x00007f9244078000
[0x00007f9244006960] Heap_lock - owner thread: 0x00007f9244147800

Heap:
 PSYoungGen      total 223744K, used 0K [0x00000000eab00000, 0x00000000ffe80000, 0x0000000100000000)
  eden space 173568K, 0% used [0x00000000eab00000,0x00000000eab00000,0x00000000f5480000)
  from space 50176K, 0% used [0x00000000f5480000,0x00000000f5480000,0x00000000f8580000)
  to   space 61440K, 27% used [0x00000000fc280000,0x00000000fd2d6df0,0x00000000ffe80000)
 ParOldGen       total 115712K, used 115708K [0x00000000c0000000, 0x00000000c7100000, 0x00000000eab00000)
  object space 115712K, 99% used [0x00000000c0000000,0x00000000c70ff108,0x00000000c7100000)
 Metaspace       used 6164K, capacity 7216K, committed 7296K, reserved 1056768K
  class space    used 588K, capacity 616K, committed 640K, reserved 1048576K

Card table byte_map: [0x00007f924a0a1000,0x00007f924a2a2000] byte_map_base: 0x00007f9249aa1000

Marking Bits: (ParMarkBitMap*) 0x00007f924c9bfd60
 Begin Bits: [0x00007f922e000000, 0x00007f922f000000)
 End Bits:   [0x00007f922f000000, 0x00007f9230000000)

Polling page: 0x00007f924d60e000

CodeCache: size=245760Kb used=8936Kb max_used=10804Kb free=236823Kb
 bounds [0x00007f9235000000, 0x00007f9235aa0000, 0x00007f9244000000]
 total_blobs=2155 nmethods=1893 adapters=175
 compilation: enabled

Compilation events (10 events):
Event: 11.697 Thread 0x00007f92440be000 2519       2       sun.reflect.generics.reflectiveObjects.ParameterizedTypeImpl::getRawType (5 bytes)
Event: 11.697 Thread 0x00007f92440be000 nmethod 2519 0x00007f92353412d0 code [0x00007f9235341420, 0x00007f9235341570]
Event: 11.697 Thread 0x00007f92440be000 2520       2       sun.reflect.generics.reflectiveObjects.ParameterizedTypeImpl::getActualTypeArguments (11 bytes)
Event: 11.698 Thread 0x00007f92440be000 nmethod 2520 0x00007f9235340ed0 code [0x00007f9235341040, 0x00007f9235341208]
Event: 11.705 Thread 0x00007f92440bc800 nmethod 2414 0x00007f92354dab90 code [0x00007f92354dad80, 0x00007f92354dbb18]
Event: 11.705 Thread 0x00007f92440bc800 2394       4       java.util.BitSet::nextClearBit (116 bytes)
Event: 11.706 Thread 0x00007f92440be000 2521       2       com.android.dx.rop.code.Rops::opCmpl (53 bytes)
Event: 11.706 Thread 0x00007f92440be000 nmethod 2521 0x00007f923548c4d0 code [0x00007f923548c6a0, 0x00007f923548cb38]
Event: 11.708 Thread 0x00007f92440bc800 nmethod 2394 0x00007f9235340b10 code [0x00007f9235340c60, 0x00007f9235340db8]
Event: 11.708 Thread 0x00007f92440bc800 2475       4       com.android.dx.rop.code.RegisterSpec::hashCode (16 bytes)

GC Heap History (10 events):
Event: 6.192 GC heap after
Heap after GC invocations=12 (full 2):
 PSYoungGen      total 180736K, used 23436K [0x00000000eab00000, 0x00000000f8700000, 0x0000000100000000)
  eden space 144384K, 0% used [0x00000000eab00000,0x00000000eab00000,0x00000000f3800000)
  from space 36352K, 64% used [0x00000000f5d00000,0x00000000f73e3230,0x00000000f8080000)
  to   space 37888K, 0% used [0x00000000f3800000,0x00000000f3800000,0x00000000f5d00000)
 ParOldGen       total 110592K, used 57087K [0x00000000c0000000, 0x00000000c6c00000, 0x00000000eab00000)
  object space 110592K, 51% used [0x00000000c0000000,0x00000000c37bfff0,0x00000000c6c00000)
 Metaspace       used 5918K, capacity 7152K, committed 7296K, reserved 1056768K
  class space    used 569K, capacity 616K, committed 640K, reserved 1048576K
}
Event: 9.618 GC heap before
{Heap before GC invocations=13 (full 2):
 PSYoungGen      total 180736K, used 167820K [0x00000000eab00000, 0x00000000f8700000, 0x0000000100000000)
  eden space 144384K, 100% used [0x00000000eab00000,0x00000000f3800000,0x00000000f3800000)
  from space 36352K, 64% used [0x00000000f5d00000,0x00000000f73e3230,0x00000000f8080000)
  to   space 37888K, 0% used [0x00000000f3800000,0x00000000f3800000,0x00000000f5d00000)
 ParOldGen       total 110592K, used 57087K [0x00000000c0000000, 0x00000000c6c00000, 0x00000000eab00000)
  object space 110592K, 51% used [0x00000000c0000000,0x00000000c37bfff0,0x00000000c6c00000)
 Metaspace       used 5964K, capacity 7152K, committed 7296K, reserved 1056768K
  class space    used 569K, capacity 616K, committed 640K, reserved 1048576K
Event: 9.662 GC heap after
Heap after GC invocations=13 (full 2):
 PSYoungGen      total 182272K, used 37865K [0x00000000eab00000, 0x00000000fb200000, 0x0000000100000000)
  eden space 144384K, 0% used [0x00000000eab00000,0x00000000eab00000,0x00000000f3800000)
  from space 37888K, 99% used [0x00000000f3800000,0x00000000f5cfa750,0x00000000f5d00000)
  to   space 45568K, 0% used [0x00000000f8580000,0x00000000f8580000,0x00000000fb200000)
 ParOldGen       total 110592K, used 61267K [0x00000000c0000000, 0x00000000c6c00000, 0x00000000eab00000)
  object space 110592K, 55% used [0x00000000c0000000,0x00000000c3bd4cb8,0x00000000c6c00000)
 Metaspace       used 5964K, capacity 7152K, committed 7296K, reserved 1056768K
  class space    used 569K, capacity 616K, committed 640K, reserved 1048576K
}
Event: 10.826 GC heap before
{Heap before GC invocations=14 (full 2):
 PSYoungGen      total 182272K, used 182249K [0x00000000eab00000, 0x00000000fb200000, 0x0000000100000000)
  eden space 144384K, 100% used [0x00000000eab00000,0x00000000f3800000,0x00000000f3800000)
  from space 37888K, 99% used [0x00000000f3800000,0x00000000f5cfa750,0x00000000f5d00000)
  to   space 45568K, 0% used [0x00000000f8580000,0x00000000f8580000,0x00000000fb200000)
 ParOldGen       total 110592K, used 61267K [0x00000000c0000000, 0x00000000c6c00000, 0x00000000eab00000)
  object space 110592K, 55% used [0x00000000c0000000,0x00000000c3bd4cb8,0x00000000c6c00000)
 Metaspace       used 6085K, capacity 7152K, committed 7296K, reserved 1056768K
  class space    used 588K, capacity 616K, committed 640K, reserved 1048576K
Event: 10.907 GC heap after
Heap after GC invocations=14 (full 2):
 PSYoungGen      total 219136K, used 37696K [0x00000000eab00000, 0x00000000fbb00000, 0x0000000100000000)
  eden space 173568K, 0% used [0x00000000eab00000,0x00000000eab00000,0x00000000f5480000)
  from space 45568K, 82% used [0x00000000f8580000,0x00000000faa50228,0x00000000fb200000)
  to   space 50176K, 0% used [0x00000000f5480000,0x00000000f5480000,0x00000000f8580000)
 ParOldGen       total 110592K, used 77978K [0x00000000c0000000, 0x00000000c6c00000, 0x00000000eab00000)
  object space 110592K, 70% used [0x00000000c0000000,0x00000000c4c26ac0,0x00000000c6c00000)
 Metaspace       used 6085K, capacity 7152K, committed 7296K, reserved 1056768K
  class space    used 588K, capacity 616K, committed 640K, reserved 1048576K
}
Event: 11.256 GC heap before
{Heap before GC invocations=15 (full 2):
 PSYoungGen      total 219136K, used 211264K [0x00000000eab00000, 0x00000000fbb00000, 0x0000000100000000)
  eden space 173568K, 100% used [0x00000000eab00000,0x00000000f5480000,0x00000000f5480000)
  from space 45568K, 82% used [0x00000000f8580000,0x00000000faa50228,0x00000000fb200000)
  to   space 50176K, 0% used [0x00000000f5480000,0x00000000f5480000,0x00000000f8580000)
 ParOldGen       total 110592K, used 77978K [0x00000000c0000000, 0x00000000c6c00000, 0x00000000eab00000)
  object space 110592K, 70% used [0x00000000c0000000,0x00000000c4c26ac0,0x00000000c6c00000)
 Metaspace       used 6116K, capacity 7216K, committed 7296K, reserved 1056768K
  class space    used 588K, capacity 616K, committed 640K, reserved 1048576K
Event: 11.346 GC heap after
Heap after GC invocations=15 (full 2):
 PSYoungGen      total 223744K, used 50148K [0x00000000eab00000, 0x00000000ffe80000, 0x0000000100000000)
  eden space 173568K, 0% used [0x00000000eab00000,0x00000000eab00000,0x00000000f5480000)
  from space 50176K, 99% used [0x00000000f5480000,0x00000000f8579328,0x00000000f8580000)
  to   space 61440K, 0% used [0x00000000fc280000,0x00000000fc280000,0x00000000ffe80000)
 ParOldGen       total 110592K, used 87096K [0x00000000c0000000, 0x00000000c6c00000, 0x00000000eab00000)
  object space 110592K, 78% used [0x00000000c0000000,0x00000000c550e218,0x00000000c6c00000)
 Metaspace       used 6116K, capacity 7216K, committed 7296K, reserved 1056768K
  class space    used 588K, capacity 616K, committed 640K, reserved 1048576K
}
Event: 11.711 GC heap before
{Heap before GC invocations=16 (full 2):
 PSYoungGen      total 223744K, used 223716K [0x00000000eab00000, 0x00000000ffe80000, 0x0000000100000000)
  eden space 173568K, 100% used [0x00000000eab00000,0x00000000f5480000,0x00000000f5480000)
  from space 50176K, 99% used [0x00000000f5480000,0x00000000f8579328,0x00000000f8580000)
  to   space 61440K, 0% used [0x00000000fc280000,0x00000000fc280000,0x00000000ffe80000)
 ParOldGen       total 110592K, used 87096K [0x00000000c0000000, 0x00000000c6c00000, 0x00000000eab00000)
  object space 110592K, 78% used [0x00000000c0000000,0x00000000c550e218,0x00000000c6c00000)
 Metaspace       used 6164K, capacity 7216K, committed 7296K, reserved 1056768K
  class space    used 588K, capacity 616K, committed 640K, reserved 1048576K
Event: 12.219 GC heap after
Heap after GC invocations=16 (full 2):
 PSYoungGen      total 223744K, used 223716K [0x00000000eab00000, 0x00000000ffe80000, 0x0000000100000000)
  eden space 173568K, 100% used [0x00000000eab00000,0x00000000f5480000,0x00000000f5480000)
  from space 50176K, 99% used [0x00000000f5480000,0x00000000f8579328,0x00000000f8580000)
  to   space 61440K, 69% used [0x00000000fc280000,0x00000000febf6748,0x00000000ffe80000)
 ParOldGen       total 115712K, used 115568K [0x00000000c0000000, 0x00000000c7100000, 0x00000000eab00000)
  object space 115712K, 99% used [0x00000000c0000000,0x00000000c70dc3f0,0x00000000c7100000)
 Metaspace       used 6164K, capacity 7216K, committed 7296K, reserved 1056768K
  class space    used 588K, capacity 616K, committed 640K, reserved 1048576K
}
Event: 12.220 GC heap before
{Heap before GC invocations=17 (full 3):
 PSYoungGen      total 223744K, used 223716K [0x00000000eab00000, 0x00000000ffe80000, 0x0000000100000000)
  eden space 173568K, 100% used [0x00000000eab00000,0x00000000f5480000,0x00000000f5480000)
  from space 50176K, 99% used [0x00000000f5480000,0x00000000f8579328,0x00000000f8580000)
  to   space 61440K, 69% used [0x00000000fc280000,0x00000000febf6748,0x00000000ffe80000)
 ParOldGen       total 115712K, used 115568K [0x00000000c0000000, 0x00000000c7100000, 0x00000000eab00000)
  object space 115712K, 99% used [0x00000000c0000000,0x00000000c70dc3f0,0x00000000c7100000)
 Metaspace       used 6164K, capacity 7216K, committed 7296K, reserved 1056768K
  class space    used 588K, capacity 616K, committed 640K, reserved 1048576K

Deoptimization events (10 events):
Event: 11.396 Thread 0x00007f924414b800 Uncommon trap: reason=bimorphic action=maybe_recompile pc=0x00007f923532862c method=com.android.dx.ssa.back.FirstFitLocalCombiningAllocator.findNextUnreservedRopReg(IILcom/android/dx/ssa/back/FirstFitLocalCombiningAllocator$Alignment;)I @ 60
Event: 11.396 Thread 0x00007f924414b800 Uncommon trap: reason=unstable_if action=reinterpret pc=0x00007f923532857c method=java.util.BitSet.nextClearBit(I)I @ 70
Event: 11.438 Thread 0x00007f9244145000 Uncommon trap: reason=unstable_if action=reinterpret pc=0x00007f923588f59c method=com.android.dx.cf.code.Merger.mergeType(Lcom/android/dx/rop/type/TypeBearer;Lcom/android/dx/rop/type/TypeBearer;)Lcom/android/dx/rop/type/TypeBearer; @ 52
Event: 11.503 Thread 0x00007f924400a000 Uncommon trap: reason=bimorphic action=maybe_recompile pc=0x00007f92355738f8 method=com.android.dx.cf.code.BytecodeArray.parseInstruction(ILcom/android/dx/cf/code/BytecodeArray$Visitor;)I @ 1224
Event: 11.504 Thread 0x00007f924400a000 Uncommon trap: reason=bimorphic action=maybe_recompile pc=0x00007f92355738f8 method=com.android.dx.cf.code.BytecodeArray.parseInstruction(ILcom/android/dx/cf/code/BytecodeArray$Visitor;)I @ 1224
Event: 11.533 Thread 0x00007f9244147800 Uncommon trap: reason=unstable_if action=reinterpret pc=0x00007f92358e8ea0 method=com.android.dx.ssa.Dominators.run()V @ 346
Event: 11.565 Thread 0x00007f9244145000 Uncommon trap: reason=bimorphic action=maybe_recompile pc=0x00007f9235316854 method=com.android.dx.rop.code.RegisterSpec.withSimpleType()Lcom/android/dx/rop/code/RegisterSpec; @ 21
Event: 11.565 Thread 0x00007f9244145000 Uncommon trap: reason=bimorphic action=maybe_recompile pc=0x00007f9235316854 method=com.android.dx.rop.code.RegisterSpec.withSimpleType()Lcom/android/dx/rop/code/RegisterSpec; @ 21
Event: 11.565 Thread 0x00007f9244145000 Uncommon trap: reason=bimorphic action=maybe_recompile pc=0x00007f9235316854 method=com.android.dx.rop.code.RegisterSpec.withSimpleType()Lcom/android/dx/rop/code/RegisterSpec; @ 21
Event: 11.565 Thread 0x00007f9244145000 Uncommon trap: reason=bimorphic action=maybe_recompile pc=0x00007f9235316854 method=com.android.dx.rop.code.RegisterSpec.withSimpleType()Lcom/android/dx/rop/code/RegisterSpec; @ 21

Internal exceptions (7 events):
Event: 0.218 Thread 0x00007f924400a000 Exception <a 'java/lang/NoSuchMethodError': Method sun.misc.Unsafe.defineClass(Ljava/lang/String;[BII)Ljava/lang/Class; name or signature does not match> (0x00000000eab07cc0) thrown at [/HUDSON/workspace/8-2-build-linux-amd64/jdk8u91/6644/hotspot/src/shar
Event: 0.218 Thread 0x00007f924400a000 Exception <a 'java/lang/NoSuchMethodError': Method sun.misc.Unsafe.prefetchRead(Ljava/lang/Object;J)V name or signature does not match> (0x00000000eab07fa8) thrown at [/HUDSON/workspace/8-2-build-linux-amd64/jdk8u91/6644/hotspot/src/share/vm/prims/jni.cpp
Event: 1.347 Thread 0x00007f9244147800 Implicit null exception at 0x00007f923528ba3b to 0x00007f923528dd65
Event: 9.520 Thread 0x00007f924414b800 Implicit null exception at 0x00007f9235905a35 to 0x00007f9235905a4c
Event: 10.557 Thread 0x00007f9244137000 Exception <a 'java/lang/ArrayIndexOutOfBoundsException': 18> (0x00000000ed639b28) thrown at [/HUDSON/workspace/8-2-build-linux-amd64/jdk8u91/6644/hotspot/src/share/vm/interpreter/interpreterRuntime.cpp, line 366]
Event: 10.558 Thread 0x00007f9244137000 Exception <a 'java/lang/ArrayIndexOutOfBoundsException'> (0x00000000ed63b6a8) thrown at [/HUDSON/workspace/8-2-build-linux-amd64/jdk8u91/6644/hotspot/src/share/vm/runtime/sharedRuntime.cpp, line 605]
Event: 10.586 Thread 0x00007f9244137000 Exception <a 'java/lang/ArrayIndexOutOfBoundsException'> (0x00000000ed63c990) thrown at [/HUDSON/workspace/8-2-build-linux-amd64/jdk8u91/6644/hotspot/src/share/vm/runtime/sharedRuntime.cpp, line 605]

Events (10 events):
Event: 11.668 Thread 0x00007f9244145000 DEOPT UNPACKING pc=0x00007f9235047633 sp=0x00007f9234118ec0 mode 0
Event: 11.674 Thread 0x00007f924400a000 DEOPT PACKING pc=0x00007f923556c535 sp=0x00007f924d5e71e0
Event: 11.674 Thread 0x00007f924400a000 DEOPT UNPACKING pc=0x00007f9235047633 sp=0x00007f924d5e6f40 mode 0
Event: 11.684 Thread 0x00007f9244137000 DEOPT PACKING pc=0x00007f92355fde8e sp=0x00007f923431af60
Event: 11.684 Thread 0x00007f9244137000 DEOPT UNPACKING pc=0x00007f9235047633 sp=0x00007f923431ace0 mode 0
Event: 11.692 Thread 0x00007f9244137000 DEOPT PACKING pc=0x00007f9235647e01 sp=0x00007f923431aff0
Event: 11.692 Thread 0x00007f9244137000 DEOPT UNPACKING pc=0x00007f9235047633 sp=0x00007f923431ad18 mode 0
Event: 11.707 Thread 0x00007f9244147800 DEOPT PACKING pc=0x00007f9235559cf0 sp=0x00007f922dffde20
Event: 11.707 Thread 0x00007f9244147800 DEOPT UNPACKING pc=0x00007f9235047633 sp=0x00007f922dffdba0 mode 0
Event: 11.710 Executing VM operation: ParallelGCFailedAllocation


Dynamic libraries:
00400000-00401000 r-xp 00000000 08:06 266116                             /home/mohamed/jdk1.8.0_91/bin/java
00600000-00601000 rw-p 00000000 08:06 266116                             /home/mohamed/jdk1.8.0_91/bin/java
021ef000-02210000 rw-p 00000000 00:00 0                                  [heap]
c0000000-c7100000 rw-p 00000000 00:00 0 
cad00000-eab00000 ---p 00000000 00:00 0 
eab00000-ffe80000 rw-p 00000000 00:00 0 
ffe80000-100000000 ---p 00000000 00:00 0 
100000000-1000a0000 rw-p 00000000 00:00 0 
1000a0000-140000000 ---p 00000000 00:00 0 
7f91e0000000-7f91e0021000 rw-p 00000000 00:00 0 
7f91e0021000-7f91e4000000 ---p 00000000 00:00 0 
7f91e8000000-7f91e8042000 rw-p 00000000 00:00 0 
7f91e8042000-7f91ec000000 ---p 00000000 00:00 0 
7f91ec000000-7f91ec048000 rw-p 00000000 00:00 0 
7f91ec048000-7f91f0000000 ---p 00000000 00:00 0 
7f91f0000000-7f91f0035000 rw-p 00000000 00:00 0 
7f91f0035000-7f91f4000000 ---p 00000000 00:00 0 
7f91f4000000-7f91f4021000 rw-p 00000000 00:00 0 
7f91f4021000-7f91f8000000 ---p 00000000 00:00 0 
7f91f8000000-7f91f8021000 rw-p 00000000 00:00 0 
7f91f8021000-7f91fc000000 ---p 00000000 00:00 0 
7f91fc000000-7f91fc021000 rw-p 00000000 00:00 0 
7f91fc021000-7f9200000000 ---p 00000000 00:00 0 
7f9200000000-7f9201371000 rw-p 00000000 00:00 0 
7f9201371000-7f9204000000 ---p 00000000 00:00 0 
7f9204000000-7f9204b03000 rw-p 00000000 00:00 0 
7f9204b03000-7f9208000000 ---p 00000000 00:00 0 
7f9208000000-7f9208021000 rw-p 00000000 00:00 0 
7f9208021000-7f920c000000 ---p 00000000 00:00 0 
7f920c000000-7f920d423000 rw-p 00000000 00:00 0 
7f920d423000-7f9210000000 ---p 00000000 00:00 0 
7f9210000000-7f9210021000 rw-p 00000000 00:00 0 
7f9210021000-7f9214000000 ---p 00000000 00:00 0 
7f9214000000-7f9214021000 rw-p 00000000 00:00 0 
7f9214021000-7f9218000000 ---p 00000000 00:00 0 
7f9218000000-7f9218021000 rw-p 00000000 00:00 0 
7f9218021000-7f921c000000 ---p 00000000 00:00 0 
7f921c000000-7f921c28f000 rw-p 00000000 00:00 0 
7f921c28f000-7f9220000000 ---p 00000000 00:00 0 
7f9220000000-7f9220039000 rw-p 00000000 00:00 0 
7f9220039000-7f9224000000 ---p 00000000 00:00 0 
7f9228000000-7f9228021000 rw-p 00000000 00:00 0 
7f9228021000-7f922c000000 ---p 00000000 00:00 0 
7f922ddfe000-7f922de01000 ---p 00000000 00:00 0 
7f922de01000-7f922deff000 rw-p 00000000 00:00 0 
7f922deff000-7f922df02000 ---p 00000000 00:00 0 
7f922df02000-7f9230000000 rw-p 00000000 00:00 0 
7f9230000000-7f9230021000 rw-p 00000000 00:00 0 
7f9230021000-7f9234000000 ---p 00000000 00:00 0 
7f923401a000-7f923401d000 ---p 00000000 00:00 0 
7f923401d000-7f923411b000 rw-p 00000000 00:00 0 
7f923411b000-7f923411e000 ---p 00000000 00:00 0 
7f923411e000-7f923421c000 rw-p 00000000 00:00 0 
7f923421c000-7f923421f000 ---p 00000000 00:00 0 
7f923421f000-7f923431d000 rw-p 00000000 00:00 0 
7f923431d000-7f923431e000 ---p 00000000 00:00 0 
7f923431e000-7f923441e000 rw-p 00000000 00:00 0 
7f923441e000-7f9234421000 ---p 00000000 00:00 0 
7f9234421000-7f923451f000 rw-p 00000000 00:00 0 
7f923451f000-7f9234522000 ---p 00000000 00:00 0 
7f9234522000-7f9234620000 rw-p 00000000 00:00 0 
7f9234620000-7f9234623000 ---p 00000000 00:00 0 
7f9234623000-7f9234721000 rw-p 00000000 00:00 0 
7f9234721000-7f9234724000 ---p 00000000 00:00 0 
7f9234724000-7f9234822000 rw-p 00000000 00:00 0 
7f9234822000-7f9234825000 ---p 00000000 00:00 0 
7f9234825000-7f9234923000 rw-p 00000000 00:00 0 
7f9234923000-7f9234bfc000 r--p 00000000 08:06 526509                     /usr/lib/locale/locale-archive
7f9234bfc000-7f9234bff000 ---p 00000000 00:00 0 
7f9234bff000-7f9234cfd000 rw-p 00000000 00:00 0 
7f9234cfd000-7f9234d00000 ---p 00000000 00:00 0 
7f9234d00000-7f9234dfe000 rw-p 00000000 00:00 0 
7f9234dfe000-7f9234dff000 ---p 00000000 00:00 0 
7f9234dff000-7f9235000000 rw-p 00000000 00:00 0 
7f9235000000-7f9235aa0000 rwxp 00000000 00:00 0 
7f9235aa0000-7f9244000000 ---p 00000000 00:00 0 
7f9244000000-7f92443a6000 rw-p 00000000 00:00 0 
7f92443a6000-7f9248000000 ---p 00000000 00:00 0 
7f9248036000-7f9248045000 r--s 000df000 08:06 6165411                    /home/mohamed/Android/Sdk/build-tools/23.0.1/lib/dx.jar
7f9248045000-7f9248ef8000 rw-p 00000000 00:00 0 
7f9248ef8000-7f92490d1000 r--s 03d1f000 08:06 922159                     /home/mohamed/jdk1.8.0_91/jre/lib/rt.jar
7f92490d1000-7f92497c7000 rw-p 00000000 00:00 0 
7f92497c7000-7f9249947000 ---p 00000000 00:00 0 
7f9249947000-7f9249b47000 rw-p 00000000 00:00 0 
7f9249b47000-7f9249b48000 ---p 00000000 00:00 0 
7f9249b48000-7f9249c48000 rw-p 00000000 00:00 0 
7f9249c48000-7f9249c49000 ---p 00000000 00:00 0 
7f9249c49000-7f9249d49000 rw-p 00000000 00:00 0 
7f9249d49000-7f9249d4a000 ---p 00000000 00:00 0 
7f9249d4a000-7f9249e4a000 rw-p 00000000 00:00 0 
7f9249e4a000-7f9249e4b000 ---p 00000000 00:00 0 
7f9249e4b000-7f9249f84000 rw-p 00000000 00:00 0 
7f9249f84000-7f924a0a1000 ---p 00000000 00:00 0 
7f924a0a1000-7f924a0da000 rw-p 00000000 00:00 0 
7f924a0da000-7f924a1f6000 ---p 00000000 00:00 0 
7f924a1f6000-7f924a2a1000 rw-p 00000000 00:00 0 
7f924a2a1000-7f924a2cd000 rw-p 00000000 00:00 0 
7f924a2cd000-7f924a662000 ---p 00000000 00:00 0 
7f924a662000-7f924a67c000 r-xp 00000000 08:06 922210                     /home/mohamed/jdk1.8.0_91/jre/lib/amd64/libzip.so
7f924a67c000-7f924a87c000 ---p 0001a000 08:06 922210                     /home/mohamed/jdk1.8.0_91/jre/lib/amd64/libzip.so
7f924a87c000-7f924a87d000 rw-p 0001a000 08:06 922210                     /home/mohamed/jdk1.8.0_91/jre/lib/amd64/libzip.so
7f924a87d000-7f924a888000 r-xp 00000000 08:06 278669                     /lib/x86_64-linux-gnu/libnss_files-2.23.so
7f924a888000-7f924aa87000 ---p 0000b000 08:06 278669                     /lib/x86_64-linux-gnu/libnss_files-2.23.so
7f924aa87000-7f924aa88000 r--p 0000a000 08:06 278669                     /lib/x86_64-linux-gnu/libnss_files-2.23.so
7f924aa88000-7f924aa89000 rw-p 0000b000 08:06 278669                     /lib/x86_64-linux-gnu/libnss_files-2.23.so
7f924aa89000-7f924aa8f000 rw-p 00000000 00:00 0 
7f924aa8f000-7f924aa9a000 r-xp 00000000 08:06 278666                     /lib/x86_64-linux-gnu/libnss_nis-2.23.so
7f924aa9a000-7f924ac99000 ---p 0000b000 08:06 278666                     /lib/x86_64-linux-gnu/libnss_nis-2.23.so
7f924ac99000-7f924ac9a000 r--p 0000a000 08:06 278666                     /lib/x86_64-linux-gnu/libnss_nis-2.23.so
7f924ac9a000-7f924ac9b000 rw-p 0000b000 08:06 278666                     /lib/x86_64-linux-gnu/libnss_nis-2.23.so
7f924ac9b000-7f924acb1000 r-xp 00000000 08:06 278664                     /lib/x86_64-linux-gnu/libnsl-2.23.so
7f924acb1000-7f924aeb0000 ---p 00016000 08:06 278664                     /lib/x86_64-linux-gnu/libnsl-2.23.so
7f924aeb0000-7f924aeb1000 r--p 00015000 08:06 278664                     /lib/x86_64-linux-gnu/libnsl-2.23.so
7f924aeb1000-7f924aeb2000 rw-p 00016000 08:06 278664                     /lib/x86_64-linux-gnu/libnsl-2.23.so
7f924aeb2000-7f924aeb4000 rw-p 00000000 00:00 0 
7f924aeb4000-7f924aebc000 r-xp 00000000 08:06 278662                     /lib/x86_64-linux-gnu/libnss_compat-2.23.so
7f924aebc000-7f924b0bb000 ---p 00008000 08:06 278662                     /lib/x86_64-linux-gnu/libnss_compat-2.23.so
7f924b0bb000-7f924b0bc000 r--p 00007000 08:06 278662                     /lib/x86_64-linux-gnu/libnss_compat-2.23.so
7f924b0bc000-7f924b0bd000 rw-p 00008000 08:06 278662                     /lib/x86_64-linux-gnu/libnss_compat-2.23.so
7f924b0bd000-7f924b0e7000 r-xp 00000000 08:06 922205                     /home/mohamed/jdk1.8.0_91/jre/lib/amd64/libjava.so
7f924b0e7000-7f924b2e7000 ---p 0002a000 08:06 922205                     /home/mohamed/jdk1.8.0_91/jre/lib/amd64/libjava.so
7f924b2e7000-7f924b2e9000 rw-p 0002a000 08:06 922205                     /home/mohamed/jdk1.8.0_91/jre/lib/amd64/libjava.so
7f924b2e9000-7f924b2f6000 r-xp 00000000 08:06 922209                     /home/mohamed/jdk1.8.0_91/jre/lib/amd64/libverify.so
7f924b2f6000-7f924b4f6000 ---p 0000d000 08:06 922209                     /home/mohamed/jdk1.8.0_91/jre/lib/amd64/libverify.so
7f924b4f6000-7f924b4f8000 rw-p 0000d000 08:06 922209                     /home/mohamed/jdk1.8.0_91/jre/lib/amd64/libverify.so
7f924b4f8000-7f924b4ff000 r-xp 00000000 08:06 278678                     /lib/x86_64-linux-gnu/librt-2.23.so
7f924b4ff000-7f924b6fe000 ---p 00007000 08:06 278678                     /lib/x86_64-linux-gnu/librt-2.23.so
7f924b6fe000-7f924b6ff000 r--p 00006000 08:06 278678                     /lib/x86_64-linux-gnu/librt-2.23.so
7f924b6ff000-7f924b700000 rw-p 00007000 08:06 278678                     /lib/x86_64-linux-gnu/librt-2.23.so
7f924b700000-7f924b808000 r-xp 00000000 08:06 278675                     /lib/x86_64-linux-gnu/libm-2.23.so
7f924b808000-7f924ba07000 ---p 00108000 08:06 278675                     /lib/x86_64-linux-gnu/libm-2.23.so
7f924ba07000-7f924ba08000 r--p 00107000 08:06 278675                     /lib/x86_64-linux-gnu/libm-2.23.so
7f924ba08000-7f924ba09000 rw-p 00108000 08:06 278675                     /lib/x86_64-linux-gnu/libm-2.23.so
7f924ba09000-7f924c6c9000 r-xp 00000000 08:06 1184562                    /home/mohamed/jdk1.8.0_91/jre/lib/amd64/server/libjvm.so
7f924c6c9000-7f924c8c9000 ---p 00cc0000 08:06 1184562                    /home/mohamed/jdk1.8.0_91/jre/lib/amd64/server/libjvm.so
7f924c8c9000-7f924c9a1000 rw-p 00cc0000 08:06 1184562                    /home/mohamed/jdk1.8.0_91/jre/lib/amd64/server/libjvm.so
7f924c9a1000-7f924c9ec000 rw-p 00000000 00:00 0 
7f924c9ec000-7f924cbac000 r-xp 00000000 08:06 278683                     /lib/x86_64-linux-gnu/libc-2.23.so
7f924cbac000-7f924cdab000 ---p 001c0000 08:06 278683                     /lib/x86_64-linux-gnu/libc-2.23.so
7f924cdab000-7f924cdaf000 r--p 001bf000 08:06 278683                     /lib/x86_64-linux-gnu/libc-2.23.so
7f924cdaf000-7f924cdb1000 rw-p 001c3000 08:06 278683                     /lib/x86_64-linux-gnu/libc-2.23.so
7f924cdb1000-7f924cdb5000 rw-p 00000000 00:00 0 
7f924cdb5000-7f924cdb8000 r-xp 00000000 08:06 278684                     /lib/x86_64-linux-gnu/libdl-2.23.so
7f924cdb8000-7f924cfb7000 ---p 00003000 08:06 278684                     /lib/x86_64-linux-gnu/libdl-2.23.so
7f924cfb7000-7f924cfb8000 r--p 00002000 08:06 278684                     /lib/x86_64-linux-gnu/libdl-2.23.so
7f924cfb8000-7f924cfb9000 rw-p 00003000 08:06 278684                     /lib/x86_64-linux-gnu/libdl-2.23.so
7f924cfb9000-7f924cfce000 r-xp 00000000 08:06 36052                      /home/mohamed/jdk1.8.0_91/lib/amd64/jli/libjli.so
7f924cfce000-7f924d1ce000 ---p 00015000 08:06 36052                      /home/mohamed/jdk1.8.0_91/lib/amd64/jli/libjli.so
7f924d1ce000-7f924d1cf000 rw-p 00015000 08:06 36052                      /home/mohamed/jdk1.8.0_91/lib/amd64/jli/libjli.so
7f924d1cf000-7f924d1e7000 r-xp 00000000 08:06 278682                     /lib/x86_64-linux-gnu/libpthread-2.23.so
7f924d1e7000-7f924d3e6000 ---p 00018000 08:06 278682                     /lib/x86_64-linux-gnu/libpthread-2.23.so
7f924d3e6000-7f924d3e7000 r--p 00017000 08:06 278682                     /lib/x86_64-linux-gnu/libpthread-2.23.so
7f924d3e7000-7f924d3e8000 rw-p 00018000 08:06 278682                     /lib/x86_64-linux-gnu/libpthread-2.23.so
7f924d3e8000-7f924d3ec000 rw-p 00000000 00:00 0 
7f924d3ec000-7f924d412000 r-xp 00000000 08:06 278679                     /lib/x86_64-linux-gnu/ld-2.23.so
7f924d417000-7f924d4e9000 rw-p 00000000 00:00 0 
7f924d4e9000-7f924d4ec000 ---p 00000000 00:00 0 
7f924d4ec000-7f924d5ee000 rw-p 00000000 00:00 0 
7f924d5f1000-7f924d605000 rw-p 00000000 00:00 0 
7f924d605000-7f924d60d000 rw-s 00000000 08:06 1063512                    /tmp/hsperfdata_mohamed/7039
7f924d60d000-7f924d60e000 rw-p 00000000 00:00 0 
7f924d60e000-7f924d60f000 ---p 00000000 00:00 0 
7f924d60f000-7f924d611000 rw-p 00000000 00:00 0 
7f924d611000-7f924d612000 r--p 00025000 08:06 278679                     /lib/x86_64-linux-gnu/ld-2.23.so
7f924d612000-7f924d613000 rw-p 00026000 08:06 278679                     /lib/x86_64-linux-gnu/ld-2.23.so
7f924d613000-7f924d614000 rw-p 00000000 00:00 0 
7ffd41d99000-7ffd41dba000 rw-p 00000000 00:00 0                          [stack]
7ffd41dd9000-7ffd41ddb000 r--p 00000000 00:00 0                          [vvar]
7ffd41ddb000-7ffd41ddd000 r-xp 00000000 00:00 0                          [vdso]
ffffffffff600000-ffffffffff601000 r-xp 00000000 00:00 0                  [vsyscall]

VM Arguments:
jvm_args: -Djava.awt.headless=true -Xmx1024M -Dfile.encoding=UTF-8 -Duser.country=US -Duser.language=en -Duser.variant 
java_command: com.android.dx.command.Main --dex --force-jumbo --num-threads=4 --output /media/mohamed/Programs/Explore/app/build/intermediates/pre-dexed/debug/main_b96a9e6e4bba87f32530723a59caa4b0f833400a.jar /media/mohamed/Programs/Explore/app/build/intermediates/transforms/instantRun/debug/folders/1/5/main
java_class_path (initial): /home/mohamed/Android/Sdk/build-tools/23.0.1/lib/dx.jar
Launcher Type: SUN_STANDARD

Environment Variables:
JAVA_HOME=/usr/lib/jvm/java-8-oracle
PATH=/usr/local/sbin:/usr/local/bin:/usr/sbin:/usr/bin:/sbin:/bin:/usr/games:/usr/local/games:/snap/bin:/usr/lib/jvm/java-8-oracle/bin:/usr/lib/jvm/java-8-oracle/db/bin:/usr/lib/jvm/java-8-oracle/jre/bin
LD_LIBRARY_PATH=/home/mohamed/tools/android/android-studio/bin:
SHELL=/bin/bash
DISPLAY=:0

Signal Handlers:
SIGSEGV: [libjvm.so+0xabca10], sa_mask[0]=11111111011111111101111111111110, sa_flags=SA_RESTART|SA_SIGINFO
SIGBUS: [libjvm.so+0xabca10], sa_mask[0]=11111111011111111101111111111110, sa_flags=SA_RESTART|SA_SIGINFO
SIGFPE: [libjvm.so+0x919a20], sa_mask[0]=11111111011111111101111111111110, sa_flags=SA_RESTART|SA_SIGINFO
SIGPIPE: [libjvm.so+0x919a20], sa_mask[0]=11111111011111111101111111111110, sa_flags=SA_RESTART|SA_SIGINFO
SIGXFSZ: [libjvm.so+0x919a20], sa_mask[0]=11111111011111111101111111111110, sa_flags=SA_RESTART|SA_SIGINFO
SIGILL: [libjvm.so+0x919a20], sa_mask[0]=11111111011111111101111111111110, sa_flags=SA_RESTART|SA_SIGINFO
SIGUSR1: SIG_DFL, sa_mask[0]=00000000000000000000000000000000, sa_flags=none
SIGUSR2: [libjvm.so+0x91b050], sa_mask[0]=00100000000000000000000000000000, sa_flags=SA_RESTART|SA_SIGINFO
SIGHUP: [libjvm.so+0x91c450], sa_mask[0]=11111111011111111101111111111110, sa_flags=SA_RESTART|SA_SIGINFO
SIGINT: [libjvm.so+0x91c450], sa_mask[0]=11111111011111111101111111111110, sa_flags=SA_RESTART|SA_SIGINFO
SIGTERM: [libjvm.so+0x91c450], sa_mask[0]=11111111011111111101111111111110, sa_flags=SA_RESTART|SA_SIGINFO
SIGQUIT: [libjvm.so+0x91c450], sa_mask[0]=11111111011111111101111111111110, sa_flags=SA_RESTART|SA_SIGINFO


---------------  S Y S T E M  ---------------

OS:DISTRIB_ID=Ubuntu
DISTRIB_RELEASE=16.04
DISTRIB_CODENAME=xenial
DISTRIB_DESCRIPTION="Ubuntu 16.04 LTS"

uname:Linux 4.4.0-22-generic #40-Ubuntu SMP Thu May 12 22:03:46 UTC 2016 x86_64
libc:glibc 2.23 NPTL 2.23 
rlimit: STACK 8192k, CORE 0k, NPROC 15304, NOFILE 65536, AS infinity
load average:6.42 4.76 3.59

/proc/meminfo:
MemTotal:        3956776 kB
MemFree:           28680 kB
MemAvailable:      60844 kB
Buffers:             336 kB
Cached:           314868 kB
SwapCached:            0 kB
Active:          3455916 kB
Inactive:         284044 kB
Active(anon):    3444332 kB
Inactive(anon):   272424 kB
Active(file):      11584 kB
Inactive(file):    11620 kB
Unevictable:          48 kB
Mlocked:              48 kB
SwapTotal:             0 kB
SwapFree:              0 kB
Dirty:               176 kB
Writeback:             0 kB
AnonPages:       3425212 kB
Mapped:           147920 kB
Shmem:            291592 kB
Slab:              81452 kB
SReclaimable:      38348 kB
SUnreclaim:        43104 kB
KernelStack:       11456 kB
PageTables:        50428 kB
NFS_Unstable:          0 kB
Bounce:                0 kB
WritebackTmp:          0 kB
CommitLimit:     1978388 kB
Committed_AS:    8194860 kB
VmallocTotal:   34359738367 kB
VmallocUsed:           0 kB
VmallocChunk:          0 kB
HardwareCorrupted:     0 kB
AnonHugePages:   1308672 kB
CmaTotal:              0 kB
CmaFree:               0 kB
HugePages_Total:       0
HugePages_Free:        0
HugePages_Rsvd:        0
HugePages_Surp:        0
Hugepagesize:       2048 kB
DirectMap4k:      203128 kB
DirectMap2M:     3901440 kB
DirectMap1G:           0 kB


CPU:total 4 (2 cores per cpu, 2 threads per core) family 6 model 60 stepping 3, cmov, cx8, fxsr, mmx, sse, sse2, sse3, ssse3, sse4.1, sse4.2, popcnt, avx, avx2, aes, clmul, erms, lzcnt, ht, tsc, tscinvbit, bmi1, bmi2

/proc/cpuinfo:
processor	: 0
vendor_id	: GenuineIntel
cpu family	: 6
model		: 60
model name	: Intel(R) Core(TM) i5-4200M CPU @ 2.50GHz
stepping	: 3
microcode	: 0x16
cpu MHz		: 799.902
cache size	: 3072 KB
physical id	: 0
siblings	: 4
core id		: 0
cpu cores	: 2
apicid		: 0
initial apicid	: 0
fpu		: yes
fpu_exception	: yes
cpuid level	: 13
wp		: yes
flags		: fpu vme de pse tsc msr pae mce cx8 apic sep mtrr pge mca cmov pat pse36 clflush dts acpi mmx fxsr sse sse2 ss ht tm pbe syscall nx pdpe1gb rdtscp lm constant_tsc arch_perfmon pebs bts rep_good nopl xtopology nonstop_tsc aperfmperf eagerfpu pni pclmulqdq dtes64 monitor ds_cpl vmx est tm2 ssse3 sdbg fma cx16 xtpr pdcm pcid sse4_1 sse4_2 movbe popcnt tsc_deadline_timer aes xsave avx f16c rdrand lahf_lm abm epb tpr_shadow vnmi flexpriority ept vpid fsgsbase tsc_adjust bmi1 avx2 smep bmi2 erms invpcid xsaveopt dtherm ida arat pln pts
bugs		:
bogomips	: 4988.47
clflush size	: 64
cache_alignment	: 64
address sizes	: 39 bits physical, 48 bits virtual
power management:

processor	: 1
vendor_id	: GenuineIntel
cpu family	: 6
model		: 60
model name	: Intel(R) Core(TM) i5-4200M CPU @ 2.50GHz
stepping	: 3
microcode	: 0x16
cpu MHz		: 804.003
cache size	: 3072 KB
physical id	: 0
siblings	: 4
core id		: 1
cpu cores	: 2
apicid		: 2
initial apicid	: 2
fpu		: yes
fpu_exception	: yes
cpuid level	: 13
wp		: yes
flags		: fpu vme de pse tsc msr pae mce cx8 apic sep mtrr pge mca cmov pat pse36 clflush dts acpi mmx fxsr sse sse2 ss ht tm pbe syscall nx pdpe1gb rdtscp lm constant_tsc arch_perfmon pebs bts rep_good nopl xtopology nonstop_tsc aperfmperf eagerfpu pni pclmulqdq dtes64 monitor ds_cpl vmx est tm2 ssse3 sdbg fma cx16 xtpr pdcm pcid sse4_1 sse4_2 movbe popcnt tsc_deadline_timer aes xsave avx f16c rdrand lahf_lm abm epb tpr_shadow vnmi flexpriority ept vpid fsgsbase tsc_adjust bmi1 avx2 smep bmi2 erms invpcid xsaveopt dtherm ida arat pln pts
bugs		:
bogomips	: 4988.47
clflush size	: 64
cache_alignment	: 64
address sizes	: 39 bits physical, 48 bits virtual
power management:

processor	: 2
vendor_id	: GenuineIntel
cpu family	: 6
model		: 60
model name	: Intel(R) Core(TM) i5-4200M CPU @ 2.50GHz
stepping	: 3
microcode	: 0x16
cpu MHz		: 800.000
cache size	: 3072 KB
physical id	: 0
siblings	: 4
core id		: 0
cpu cores	: 2
apicid		: 1
initial apicid	: 1
fpu		: yes
fpu_exception	: yes
cpuid level	: 13
wp		: yes
flags		: fpu vme de pse tsc msr pae mce cx8 apic sep mtrr pge mca cmov pat pse36 clflush dts acpi mmx fxsr sse sse2 ss ht tm pbe syscall nx pdpe1gb rdtscp lm constant_tsc arch_perfmon pebs bts rep_good nopl xtopology nonstop_tsc aperfmperf eagerfpu pni pclmulqdq dtes64 monitor ds_cpl vmx est tm2 ssse3 sdbg fma cx16 xtpr pdcm pcid sse4_1 sse4_2 movbe popcnt tsc_deadline_timer aes xsave avx f16c rdrand lahf_lm abm epb tpr_shadow vnmi flexpriority ept vpid fsgsbase tsc_adjust bmi1 avx2 smep bmi2 erms invpcid xsaveopt dtherm ida arat pln pts
bugs		:
bogomips	: 4988.47
clflush size	: 64
cache_alignment	: 64
address sizes	: 39 bits physical, 48 bits virtual
power management:

processor	: 3
vendor_id	: GenuineIntel
cpu family	: 6
model		: 60
model name	: Intel(R) Core(TM) i5-4200M CPU @ 2.50GHz
stepping	: 3
microcode	: 0x16
cpu MHz		: 1914.843
cache size	: 3072 KB
physical id	: 0
siblings	: 4
core id		: 1
cpu cores	: 2
apicid		: 3
initial apicid	: 3
fpu		: yes
fpu_exception	: yes
cpuid level	: 13
wp		: yes
flags		: fpu vme de pse tsc msr pae mce cx8 apic sep mtrr pge mca cmov pat pse36 clflush dts acpi mmx fxsr sse sse2 ss ht tm pbe syscall nx pdpe1gb rdtscp lm constant_tsc arch_perfmon pebs bts rep_good nopl xtopology nonstop_tsc aperfmperf eagerfpu pni pclmulqdq dtes64 monitor ds_cpl vmx est tm2 ssse3 sdbg fma cx16 xtpr pdcm pcid sse4_1 sse4_2 movbe popcnt tsc_deadline_timer aes xsave avx f16c rdrand lahf_lm abm epb tpr_shadow vnmi flexpriority ept vpid fsgsbase tsc_adjust bmi1 avx2 smep bmi2 erms invpcid xsaveopt dtherm ida arat pln pts
bugs		:
bogomips	: 4988.47
clflush size	: 64
cache_alignment	: 64
address sizes	: 39 bits physical, 48 bits virtual
power management:



Memory: 4k page, physical 3956776k(28560k free), swap 0k(0k free)

vm_info: Java HotSpot(TM) 64-Bit Server VM (25.91-b14) for linux-amd64 JRE (1.8.0_91-b14), built on Apr  1 2016 00:57:21 by "java_re" with gcc 4.3.0 20080428 (Red Hat 4.3.0-8)

time: Mon May 16 23:01:48 2016
elapsed time: 41 seconds (0d 0h 0m 41s)

