#
# There is insufficient memory for the Java Runtime Environment to continue.
# Native memory allocation (mmap) failed to map 144703488 bytes for committing reserved memory.
# Possible reasons:
#   The system is out of physical RAM or swap space
#   In 32 bit mode, the process size limit was hit
# Possible solutions:
#   Reduce memory load on the system
#   Increase physical memory or swap space
#   Check if swap backing store is full
#   Use 64 bit Java on a 64 bit OS
#   Decrease Java heap size (-Xmx/-Xms)
#   Decrease number of Java threads
#   Decrease Java thread stack sizes (-Xss)
#   Set larger code cache with -XX:ReservedCodeCacheSize=
# This output file may be truncated or incomplete.
#
#  Out of Memory Error (os_linux.cpp:2627), pid=4326, tid=140550270179072
#
# JRE version: Java(TM) SE Runtime Environment (8.0_91-b14) (build 1.8.0_91-b14)
# Java VM: Java HotSpot(TM) 64-Bit Server VM (25.91-b14 mixed mode linux-amd64 compressed oops)
# Failed to write core dump. Core dumps have been disabled. To enable core dumping, try "ulimit -c unlimited" before starting Java again
#

---------------  T H R E A D  ---------------

Current thread (0x00007fd480078000):  VMThread [stack: 0x00007fd468dd5000,0x00007fd468ed6000] [id=4351]

Stack: [0x00007fd468dd5000,0x00007fd468ed6000],  sp=0x00007fd468ed4220,  free space=1020k
Native frames: (J=compiled Java code, j=interpreted, Vv=VM code, C=native code)
V  [libjvm.so+0xabc18a]  VMError::report_and_die()+0x2ba
V  [libjvm.so+0x4fafeb]  report_vm_out_of_memory(char const*, int, unsigned long, VMErrorType, char const*)+0x8b
V  [libjvm.so+0x91cbb3]  os::Linux::commit_memory_impl(char*, unsigned long, bool)+0x103
V  [libjvm.so+0x91d109]  os::pd_commit_memory(char*, unsigned long, unsigned long, bool)+0x29
V  [libjvm.so+0x91740a]  os::commit_memory(char*, unsigned long, unsigned long, bool)+0x2a
V  [libjvm.so+0x98b033]  PSVirtualSpace::expand_by(unsigned long)+0x53
V  [libjvm.so+0x98c438]  PSYoungGen::resize_generation(unsigned long, unsigned long)+0xf8
V  [libjvm.so+0x98b592]  PSYoungGen::resize(unsigned long, unsigned long)+0x22
V  [libjvm.so+0x98886b]  PSScavenge::invoke_no_policy()+0xf3b
V  [libjvm.so+0x988ff1]  PSScavenge::invoke()+0x41
V  [libjvm.so+0x9408b0]  ParallelScavengeHeap::failed_mem_allocate(unsigned long)+0x70
V  [libjvm.so+0xabdba7]  VM_ParallelGCFailedAllocation::doit()+0x97
V  [libjvm.so+0xac55d5]  VM_Operation::evaluate()+0x55
V  [libjvm.so+0xac39aa]  VMThread::evaluate_operation(VM_Operation*)+0xba
V  [libjvm.so+0xac3d2e]  VMThread::loop()+0x1ce
V  [libjvm.so+0xac41a0]  VMThread::run()+0x70
V  [libjvm.so+0x91ef78]  java_start(Thread*)+0x108

VM_Operation (0x00007fd433ffdd00): ParallelGCFailedAllocation, mode: safepoint, requested by thread 0x00007fd480149000


---------------  P R O C E S S  ---------------

Java Threads: ( => current thread )
  0x00007fd48014c000 JavaThread "pool-1-thread-4" [_thread_blocked, id=4403, stack(0x00007fd433cfd000,0x00007fd433dfe000)]
  0x00007fd48014a800 JavaThread "pool-1-thread-3" [_thread_blocked, id=4402, stack(0x00007fd433dfe000,0x00007fd433eff000)]
  0x00007fd480149000 JavaThread "pool-1-thread-2" [_thread_blocked, id=4401, stack(0x00007fd433eff000,0x00007fd434000000)]
  0x00007fd48013a800 JavaThread "pool-2-thread-1" [_thread_blocked, id=4398, stack(0x00007fd4680dd000,0x00007fd4681de000)]
  0x00007fd480139000 JavaThread "pool-1-thread-1" [_thread_blocked, id=4392, stack(0x00007fd4681de000,0x00007fd4682df000)]
  0x00007fd4800c1800 JavaThread "Service Thread" daemon [_thread_blocked, id=4380, stack(0x00007fd4683f5000,0x00007fd4684f6000)]
  0x00007fd4800be000 JavaThread "C1 CompilerThread2" daemon [_thread_blocked, id=4378, stack(0x00007fd4684f6000,0x00007fd4685f7000)]
  0x00007fd4800bc800 JavaThread "C2 CompilerThread1" daemon [_thread_blocked, id=4376, stack(0x00007fd4685f7000,0x00007fd4686f8000)]
  0x00007fd4800b9800 JavaThread "C2 CompilerThread0" daemon [_thread_blocked, id=4375, stack(0x00007fd4686f8000,0x00007fd4687f9000)]
  0x00007fd4800b8000 JavaThread "Signal Dispatcher" daemon [_thread_blocked, id=4369, stack(0x00007fd4687f9000,0x00007fd4688fa000)]
  0x00007fd480084000 JavaThread "Finalizer" daemon [_thread_blocked, id=4359, stack(0x00007fd468bd3000,0x00007fd468cd4000)]
  0x00007fd48007f800 JavaThread "Reference Handler" daemon [_thread_blocked, id=4358, stack(0x00007fd468cd4000,0x00007fd468dd5000)]
  0x00007fd48000a000 JavaThread "main" [_thread_blocked, id=4333, stack(0x00007fd487495000,0x00007fd487596000)]

Other Threads:
=>0x00007fd480078000 VMThread [stack: 0x00007fd468dd5000,0x00007fd468ed6000] [id=4351]
  0x00007fd4800c4000 WatcherThread [stack: 0x00007fd4682f4000,0x00007fd4683f5000] [id=4383]

VM state:at safepoint (normal execution)

VM Mutex/Monitor currently owned by a thread:  ([mutex/lock_event])
[0x00007fd4800064e0] Threads_lock - owner thread: 0x00007fd480078000
[0x00007fd4800069e0] Heap_lock - owner thread: 0x00007fd480149000

Heap:
 PSYoungGen      total 138752K, used 14324K [0x00000000eab00000, 0x00000000f4300000, 0x0000000100000000)
  eden space 124416K, 0% used [0x00000000eab00000,0x00000000eab00000,0x00000000f2480000)
  from space 14336K, 99% used [0x00000000f2480000,0x00000000f327d1e8,0x00000000f3280000)
  to   space 11776K, 0% used [0x00000000f3280000,0x00000000f3280000,0x00000000f3e00000)
 ParOldGen       total 42496K, used 38963K [0x00000000c0000000, 0x00000000c2980000, 0x00000000eab00000)
  object space 42496K, 91% used [0x00000000c0000000,0x00000000c260ccc8,0x00000000c2980000)
 Metaspace       used 6239K, capacity 7156K, committed 7296K, reserved 1056768K
  class space    used 605K, capacity 620K, committed 640K, reserved 1048576K

Card table byte_map: [0x00007fd48404d000,0x00007fd48424e000] byte_map_base: 0x00007fd483a4d000

Marking Bits: (ParMarkBitMap*) 0x00007fd48696bd60
 Begin Bits: [0x00007fd46a000000, 0x00007fd46b000000)
 End Bits:   [0x00007fd46b000000, 0x00007fd46c000000)

Polling page: 0x00007fd4875ba000

CodeCache: size=245760Kb used=6719Kb max_used=6719Kb free=239040Kb
 bounds [0x00007fd471000000, 0x00007fd4716a0000, 0x00007fd480000000]
 total_blobs=2038 nmethods=1769 adapters=182
 compilation: enabled

Compilation events (10 events):
Event: 8.278 Thread 0x00007fd4800be000 2080       2       java.util.concurrent.locks.AbstractQueuedSynchronizer::compareAndSetTail (13 bytes)
Event: 8.279 Thread 0x00007fd4800be000 nmethod 2080 0x00007fd47168e2d0 code [0x00007fd47168e420, 0x00007fd47168e5b0]
Event: 8.281 Thread 0x00007fd4800be000 2081       2       java.util.concurrent.locks.AbstractQueuedSynchronizer::setHead (16 bytes)
Event: 8.281 Thread 0x00007fd4800be000 nmethod 2081 0x00007fd47168e610 code [0x00007fd47168e780, 0x00007fd47168e930]
Event: 8.294 Thread 0x00007fd4800be000 2082       3       com.android.dx.rop.type.Prototype::makeParameterArray (131 bytes)
Event: 8.295 Thread 0x00007fd4800be000 nmethod 2082 0x00007fd47168e9d0 code [0x00007fd47168ec00, 0x00007fd47168f7b8]
Event: 8.296 Thread 0x00007fd4800be000 2083 %     3       com.android.dx.rop.type.StdTypeList::withFirst @ 25 (53 bytes)
Event: 8.297 Thread 0x00007fd4800be000 nmethod 2083% 0x00007fd47168fd10 code [0x00007fd47168ffa0, 0x00007fd471691158]
Event: 8.297 Thread 0x00007fd4800be000 2084       3       com.android.dx.rop.type.StdTypeList::withFirst (53 bytes)
Event: 8.303 Thread 0x00007fd4800be000 nmethod 2084 0x00007fd471691e10 code [0x00007fd471692080, 0x00007fd471693178]

GC Heap History (10 events):
Event: 3.206 GC heap after
Heap after GC invocations=2 (full 0):
 PSYoungGen      total 34304K, used 2542K [0x00000000eab00000, 0x00000000ecf00000, 0x0000000100000000)
  eden space 31744K, 0% used [0x00000000eab00000,0x00000000eab00000,0x00000000eca00000)
  from space 2560K, 99% used [0x00000000ecc80000,0x00000000ecefb888,0x00000000ecf00000)
  to   space 2560K, 0% used [0x00000000eca00000,0x00000000eca00000,0x00000000ecc80000)
 ParOldGen       total 42496K, used 4694K [0x00000000c0000000, 0x00000000c2980000, 0x00000000eab00000)
  object space 42496K, 11% used [0x00000000c0000000,0x00000000c04959c8,0x00000000c2980000)
 Metaspace       used 5703K, capacity 6768K, committed 7040K, reserved 1056768K
  class space    used 585K, capacity 616K, committed 640K, reserved 1048576K
}
Event: 4.018 GC heap before
{Heap before GC invocations=3 (full 0):
 PSYoungGen      total 34304K, used 34286K [0x00000000eab00000, 0x00000000ecf00000, 0x0000000100000000)
  eden space 31744K, 100% used [0x00000000eab00000,0x00000000eca00000,0x00000000eca00000)
  from space 2560K, 99% used [0x00000000ecc80000,0x00000000ecefb888,0x00000000ecf00000)
  to   space 2560K, 0% used [0x00000000eca00000,0x00000000eca00000,0x00000000ecc80000)
 ParOldGen       total 42496K, used 4694K [0x00000000c0000000, 0x00000000c2980000, 0x00000000eab00000)
  object space 42496K, 11% used [0x00000000c0000000,0x00000000c04959c8,0x00000000c2980000)
 Metaspace       used 5758K, capacity 6832K, committed 7040K, reserved 1056768K
  class space    used 585K, capacity 616K, committed 640K, reserved 1048576K
Event: 4.069 GC heap after
Heap after GC invocations=3 (full 0):
 PSYoungGen      total 34304K, used 2549K [0x00000000eab00000, 0x00000000eee00000, 0x0000000100000000)
  eden space 31744K, 0% used [0x00000000eab00000,0x00000000eab00000,0x00000000eca00000)
  from space 2560K, 99% used [0x00000000eca00000,0x00000000ecc7d7f8,0x00000000ecc80000)
  to   space 2560K, 0% used [0x00000000eeb80000,0x00000000eeb80000,0x00000000eee00000)
 ParOldGen       total 42496K, used 9160K [0x00000000c0000000, 0x00000000c2980000, 0x00000000eab00000)
  object space 42496K, 21% used [0x00000000c0000000,0x00000000c08f2158,0x00000000c2980000)
 Metaspace       used 5758K, capacity 6832K, committed 7040K, reserved 1056768K
  class space    used 585K, capacity 616K, committed 640K, reserved 1048576K
}
Event: 4.614 GC heap before
{Heap before GC invocations=4 (full 0):
 PSYoungGen      total 34304K, used 34293K [0x00000000eab00000, 0x00000000eee00000, 0x0000000100000000)
  eden space 31744K, 100% used [0x00000000eab00000,0x00000000eca00000,0x00000000eca00000)
  from space 2560K, 99% used [0x00000000eca00000,0x00000000ecc7d7f8,0x00000000ecc80000)
  to   space 2560K, 0% used [0x00000000eeb80000,0x00000000eeb80000,0x00000000eee00000)
 ParOldGen       total 42496K, used 9160K [0x00000000c0000000, 0x00000000c2980000, 0x00000000eab00000)
  object space 42496K, 21% used [0x00000000c0000000,0x00000000c08f2158,0x00000000c2980000)
 Metaspace       used 5889K, capacity 6900K, committed 7040K, reserved 1056768K
  class space    used 605K, capacity 620K, committed 640K, reserved 1048576K
Event: 4.729 GC heap after
Heap after GC invocations=4 (full 0):
 PSYoungGen      total 66048K, used 2550K [0x00000000eab00000, 0x00000000eee00000, 0x0000000100000000)
  eden space 63488K, 0% used [0x00000000eab00000,0x00000000eab00000,0x00000000ee900000)
  from space 2560K, 99% used [0x00000000eeb80000,0x00000000eedfd9c0,0x00000000eee00000)
  to   space 2560K, 0% used [0x00000000ee900000,0x00000000ee900000,0x00000000eeb80000)
 ParOldGen       total 42496K, used 13840K [0x00000000c0000000, 0x00000000c2980000, 0x00000000eab00000)
  object space 42496K, 32% used [0x00000000c0000000,0x00000000c0d84338,0x00000000c2980000)
 Metaspace       used 5889K, capacity 6900K, committed 7040K, reserved 1056768K
  class space    used 605K, capacity 620K, committed 640K, reserved 1048576K
}
Event: 5.712 GC heap before
{Heap before GC invocations=5 (full 0):
 PSYoungGen      total 66048K, used 66038K [0x00000000eab00000, 0x00000000eee00000, 0x0000000100000000)
  eden space 63488K, 100% used [0x00000000eab00000,0x00000000ee900000,0x00000000ee900000)
  from space 2560K, 99% used [0x00000000eeb80000,0x00000000eedfd9c0,0x00000000eee00000)
  to   space 2560K, 0% used [0x00000000ee900000,0x00000000ee900000,0x00000000eeb80000)
 ParOldGen       total 42496K, used 13840K [0x00000000c0000000, 0x00000000c2980000, 0x00000000eab00000)
  object space 42496K, 32% used [0x00000000c0000000,0x00000000c0d84338,0x00000000c2980000)
 Metaspace       used 5986K, capacity 6964K, committed 7040K, reserved 1056768K
  class space    used 605K, capacity 620K, committed 640K, reserved 1048576K
Event: 5.808 GC heap after
Heap after GC invocations=5 (full 0):
 PSYoungGen      total 66048K, used 2557K [0x00000000eab00000, 0x00000000f3e00000, 0x0000000100000000)
  eden space 63488K, 0% used [0x00000000eab00000,0x00000000eab00000,0x00000000ee900000)
  from space 2560K, 99% used [0x00000000ee900000,0x00000000eeb7f598,0x00000000eeb80000)
  to   space 11776K, 0% used [0x00000000f3280000,0x00000000f3280000,0x00000000f3e00000)
 ParOldGen       total 42496K, used 22845K [0x00000000c0000000, 0x00000000c2980000, 0x00000000eab00000)
  object space 42496K, 53% used [0x00000000c0000000,0x00000000c164f710,0x00000000c2980000)
 Metaspace       used 5986K, capacity 6964K, committed 7040K, reserved 1056768K
  class space    used 605K, capacity 620K, committed 640K, reserved 1048576K
}
Event: 6.618 GC heap before
{Heap before GC invocations=6 (full 0):
 PSYoungGen      total 66048K, used 66045K [0x00000000eab00000, 0x00000000f3e00000, 0x0000000100000000)
  eden space 63488K, 100% used [0x00000000eab00000,0x00000000ee900000,0x00000000ee900000)
  from space 2560K, 99% used [0x00000000ee900000,0x00000000eeb7f598,0x00000000eeb80000)
  to   space 11776K, 0% used [0x00000000f3280000,0x00000000f3280000,0x00000000f3e00000)
 ParOldGen       total 42496K, used 22845K [0x00000000c0000000, 0x00000000c2980000, 0x00000000eab00000)
  object space 42496K, 53% used [0x00000000c0000000,0x00000000c164f710,0x00000000c2980000)
 Metaspace       used 6043K, capacity 7028K, committed 7296K, reserved 1056768K
  class space    used 605K, capacity 620K, committed 640K, reserved 1048576K
Event: 6.741 GC heap after
Heap after GC invocations=6 (full 0):
 PSYoungGen      total 136192K, used 11772K [0x00000000eab00000, 0x00000000f4300000, 0x0000000100000000)
  eden space 124416K, 0% used [0x00000000eab00000,0x00000000eab00000,0x00000000f2480000)
  from space 11776K, 99% used [0x00000000f3280000,0x00000000f3dff380,0x00000000f3e00000)
  to   space 14336K, 0% used [0x00000000f2480000,0x00000000f2480000,0x00000000f3280000)
 ParOldGen       total 42496K, used 23749K [0x00000000c0000000, 0x00000000c2980000, 0x00000000eab00000)
  object space 42496K, 55% used [0x00000000c0000000,0x00000000c1731670,0x00000000c2980000)
 Metaspace       used 6043K, capacity 7028K, committed 7296K, reserved 1056768K
  class space    used 605K, capacity 620K, committed 640K, reserved 1048576K
}
Event: 8.328 GC heap before
{Heap before GC invocations=7 (full 0):
 PSYoungGen      total 136192K, used 136188K [0x00000000eab00000, 0x00000000f4300000, 0x0000000100000000)
  eden space 124416K, 100% used [0x00000000eab00000,0x00000000f2480000,0x00000000f2480000)
  from space 11776K, 99% used [0x00000000f3280000,0x00000000f3dff380,0x00000000f3e00000)
  to   space 14336K, 0% used [0x00000000f2480000,0x00000000f2480000,0x00000000f3280000)
 ParOldGen       total 42496K, used 23749K [0x00000000c0000000, 0x00000000c2980000, 0x00000000eab00000)
  object space 42496K, 55% used [0x00000000c0000000,0x00000000c1731670,0x00000000c2980000)
 Metaspace       used 6239K, capacity 7156K, committed 7296K, reserved 1056768K
  class space    used 605K, capacity 620K, committed 640K, reserved 1048576K

Deoptimization events (10 events):
Event: 3.068 Thread 0x00007fd480139000 Uncommon trap: reason=bimorphic action=maybe_recompile pc=0x00007fd4712a6e14 method=java.util.HashMap.getNode(ILjava/lang/Object;)Ljava/util/HashMap$Node; @ 126
Event: 3.508 Thread 0x00007fd48014c000 Uncommon trap: reason=unstable_if action=reinterpret pc=0x00007fd4712cb31c method=com.android.dx.rop.code.LocalItem.hashCode()I @ 25
Event: 3.725 Thread 0x00007fd48000a000 Uncommon trap: reason=null_check action=make_not_entrant pc=0x00007fd4712982f8 method=com.android.dx.ssa.SsaRenamer.getLocalForNewReg(I)Lcom/android/dx/rop/code/LocalItem; @ 19
Event: 4.267 Thread 0x00007fd48014c000 Uncommon trap: reason=unstable_if action=reinterpret pc=0x00007fd4712e3460 method=java.util.HashMap.getNode(ILjava/lang/Object;)Ljava/util/HashMap$Node; @ 84
Event: 4.267 Thread 0x00007fd48014c000 Uncommon trap: reason=unstable_if action=reinterpret pc=0x00007fd4712d3804 method=java.util.HashMap.getNode(ILjava/lang/Object;)Ljava/util/HashMap$Node; @ 84
Event: 4.281 Thread 0x00007fd48014a800 Uncommon trap: reason=unstable_if action=reinterpret pc=0x00007fd47136223c method=com.android.dx.ssa.SsaMethod.updateOneDefinition(Lcom/android/dx/ssa/SsaInsn;Lcom/android/dx/rop/code/RegisterSpec;)V @ 4
Event: 4.288 Thread 0x00007fd48000a000 Uncommon trap: reason=unstable_if action=reinterpret pc=0x00007fd47138ff18 method=java.util.HashMap.putVal(ILjava/lang/Object;Ljava/lang/Object;ZZ)Ljava/lang/Object; @ 162
Event: 5.244 Thread 0x00007fd48014c000 Uncommon trap: reason=unstable_if action=reinterpret pc=0x00007fd471429430 method=java.util.HashMap.putVal(ILjava/lang/Object;Ljava/lang/Object;ZZ)Ljava/lang/Object; @ 109
Event: 5.261 Thread 0x00007fd480149000 Uncommon trap: reason=unstable_if action=reinterpret pc=0x00007fd471393f44 method=com.android.dx.util.IntList.binarysearch(I)I @ 105
Event: 6.264 Thread 0x00007fd48014c000 Uncommon trap: reason=unstable_if action=reinterpret pc=0x00007fd471520a04 method=com.android.dx.ssa.SsaRenamer$BlockRenamer.addMapping(ILcom/android/dx/rop/code/RegisterSpec;)V @ 120

Internal exceptions (6 events):
Event: 0.219 Thread 0x00007fd48000a000 Exception <a 'java/lang/NoSuchMethodError': Method sun.misc.Unsafe.defineClass(Ljava/lang/String;[BII)Ljava/lang/Class; name or signature does not match> (0x00000000eab07cc0) thrown at [/HUDSON/workspace/8-2-build-linux-amd64/jdk8u91/6644/hotspot/src/shar
Event: 0.219 Thread 0x00007fd48000a000 Exception <a 'java/lang/NoSuchMethodError': Method sun.misc.Unsafe.prefetchRead(Ljava/lang/Object;J)V name or signature does not match> (0x00000000eab07fa8) thrown at [/HUDSON/workspace/8-2-build-linux-amd64/jdk8u91/6644/hotspot/src/share/vm/prims/jni.cpp
Event: 3.725 Thread 0x00007fd48000a000 Implicit null exception at 0x00007fd471296071 to 0x00007fd4712982d9
Event: 4.267 Thread 0x00007fd48014c000 Exception <a 'java/lang/ArrayIndexOutOfBoundsException': 18> (0x00000000eb6e8670) thrown at [/HUDSON/workspace/8-2-build-linux-amd64/jdk8u91/6644/hotspot/src/share/vm/interpreter/interpreterRuntime.cpp, line 366]
Event: 4.293 Thread 0x00007fd48000a000 Exception <a 'java/lang/ArrayIndexOutOfBoundsException': 145> (0x00000000eb83e238) thrown at [/HUDSON/workspace/8-2-build-linux-amd64/jdk8u91/6644/hotspot/src/share/vm/interpreter/interpreterRuntime.cpp, line 366]
Event: 4.294 Thread 0x00007fd48000a000 Exception <a 'java/lang/ArrayIndexOutOfBoundsException': 40> (0x00000000eb83f520) thrown at [/HUDSON/workspace/8-2-build-linux-amd64/jdk8u91/6644/hotspot/src/share/vm/interpreter/interpreterRuntime.cpp, line 366]

Events (10 events):
Event: 7.942 Thread 0x00007fd480149000 DEOPT UNPACKING pc=0x00007fd471047633 sp=0x00007fd433ffdda0 mode 0
Event: 8.010 Thread 0x00007fd48014c000 DEOPT PACKING pc=0x00007fd47137336c sp=0x00007fd433dfbe30
Event: 8.010 Thread 0x00007fd48014c000 DEOPT UNPACKING pc=0x00007fd471047633 sp=0x00007fd433dfbb30 mode 0
Event: 8.030 Thread 0x00007fd48014c000 DEOPT PACKING pc=0x00007fd4711f9b79 sp=0x00007fd433dfbd00
Event: 8.030 Thread 0x00007fd48014c000 DEOPT UNPACKING pc=0x00007fd471047633 sp=0x00007fd433dfba50 mode 0
Event: 8.295 Thread 0x00007fd48000a000 DEOPT PACKING pc=0x00007fd47151ca3f sp=0x00007fd487593a70
Event: 8.295 Thread 0x00007fd48000a000 DEOPT UNPACKING pc=0x00007fd471047633 sp=0x00007fd4875937f0 mode 0
Event: 8.303 Thread 0x00007fd48000a000 DEOPT PACKING pc=0x00007fd47135f55b sp=0x00007fd487593a00
Event: 8.303 Thread 0x00007fd48000a000 DEOPT UNPACKING pc=0x00007fd471047633 sp=0x00007fd4875937c8 mode 0
Event: 8.324 Executing VM operation: ParallelGCFailedAllocation


Dynamic libraries:
00400000-00401000 r-xp 00000000 08:06 266116                             /home/mohamed/jdk1.8.0_91/bin/java
00600000-00601000 rw-p 00000000 08:06 266116                             /home/mohamed/jdk1.8.0_91/bin/java
0061b000-0063c000 rw-p 00000000 00:00 0                                  [heap]
c0000000-c2980000 rw-p 00000000 00:00 0 
c2980000-eab00000 ---p 00000000 00:00 0 
eab00000-f4300000 rw-p 00000000 00:00 0 
fcd00000-100000000 ---p 00000000 00:00 0 
100000000-1000a0000 rw-p 00000000 00:00 0 
1000a0000-140000000 ---p 00000000 00:00 0 
7fd420000000-7fd420021000 rw-p 00000000 00:00 0 
7fd420021000-7fd424000000 ---p 00000000 00:00 0 
7fd424000000-7fd42402d000 rw-p 00000000 00:00 0 
7fd42402d000-7fd428000000 ---p 00000000 00:00 0 
7fd428000000-7fd428021000 rw-p 00000000 00:00 0 
7fd428021000-7fd42c000000 ---p 00000000 00:00 0 
7fd42c000000-7fd42c021000 rw-p 00000000 00:00 0 
7fd42c021000-7fd430000000 ---p 00000000 00:00 0 
7fd433cfd000-7fd433d00000 ---p 00000000 00:00 0 
7fd433d00000-7fd433dfe000 rw-p 00000000 00:00 0 
7fd433dfe000-7fd433e01000 ---p 00000000 00:00 0 
7fd433e01000-7fd433eff000 rw-p 00000000 00:00 0 
7fd433eff000-7fd433f02000 ---p 00000000 00:00 0 
7fd433f02000-7fd434000000 rw-p 00000000 00:00 0 
7fd434000000-7fd434021000 rw-p 00000000 00:00 0 
7fd434021000-7fd438000000 ---p 00000000 00:00 0 
7fd438000000-7fd438036000 rw-p 00000000 00:00 0 
7fd438036000-7fd43c000000 ---p 00000000 00:00 0 
7fd43c000000-7fd43c71f000 rw-p 00000000 00:00 0 
7fd43c71f000-7fd440000000 ---p 00000000 00:00 0 
7fd440000000-7fd440021000 rw-p 00000000 00:00 0 
7fd440021000-7fd444000000 ---p 00000000 00:00 0 
7fd444000000-7fd444c6d000 rw-p 00000000 00:00 0 
7fd444c6d000-7fd448000000 ---p 00000000 00:00 0 
7fd448000000-7fd448d53000 rw-p 00000000 00:00 0 
7fd448d53000-7fd44c000000 ---p 00000000 00:00 0 
7fd44c000000-7fd44c021000 rw-p 00000000 00:00 0 
7fd44c021000-7fd450000000 ---p 00000000 00:00 0 
7fd450000000-7fd450021000 rw-p 00000000 00:00 0 
7fd450021000-7fd454000000 ---p 00000000 00:00 0 
7fd454000000-7fd45428d000 rw-p 00000000 00:00 0 
7fd45428d000-7fd458000000 ---p 00000000 00:00 0 
7fd458000000-7fd458021000 rw-p 00000000 00:00 0 
7fd458021000-7fd45c000000 ---p 00000000 00:00 0 
7fd45c000000-7fd45c021000 rw-p 00000000 00:00 0 
7fd45c021000-7fd460000000 ---p 00000000 00:00 0 
7fd460000000-7fd460021000 rw-p 00000000 00:00 0 
7fd460021000-7fd464000000 ---p 00000000 00:00 0 
7fd464000000-7fd464021000 rw-p 00000000 00:00 0 
7fd464021000-7fd468000000 ---p 00000000 00:00 0 
7fd4680dd000-7fd4680e0000 ---p 00000000 00:00 0 
7fd4680e0000-7fd4681de000 rw-p 00000000 00:00 0 
7fd4681de000-7fd4681e1000 ---p 00000000 00:00 0 
7fd4681e1000-7fd4682df000 rw-p 00000000 00:00 0 
7fd4682df000-7fd4682f4000 r--s 000d6000 08:02 131800                     /media/mohamed/Programs/Explore/app/build/intermediates/exploded-aar/com.android.support/support-v4/23.0.1/jars/classes.jar
7fd4682f4000-7fd4682f5000 ---p 00000000 00:00 0 
7fd4682f5000-7fd4683f5000 rw-p 00000000 00:00 0 
7fd4683f5000-7fd4683f8000 ---p 00000000 00:00 0 
7fd4683f8000-7fd4684f6000 rw-p 00000000 00:00 0 
7fd4684f6000-7fd4684f9000 ---p 00000000 00:00 0 
7fd4684f9000-7fd4685f7000 rw-p 00000000 00:00 0 
7fd4685f7000-7fd4685fa000 ---p 00000000 00:00 0 
7fd4685fa000-7fd4686f8000 rw-p 00000000 00:00 0 
7fd4686f8000-7fd4686fb000 ---p 00000000 00:00 0 
7fd4686fb000-7fd4687f9000 rw-p 00000000 00:00 0 
7fd4687f9000-7fd4687fc000 ---p 00000000 00:00 0 
7fd4687fc000-7fd4688fa000 rw-p 00000000 00:00 0 
7fd4688fa000-7fd468bd3000 r--p 00000000 08:06 526509                     /usr/lib/locale/locale-archive
7fd468bd3000-7fd468bd6000 ---p 00000000 00:00 0 
7fd468bd6000-7fd468cd4000 rw-p 00000000 00:00 0 
7fd468cd4000-7fd468cd7000 ---p 00000000 00:00 0 
7fd468cd7000-7fd468dd5000 rw-p 00000000 00:00 0 
7fd468dd5000-7fd468dd6000 ---p 00000000 00:00 0 
7fd468dd6000-7fd469e27000 rw-p 00000000 00:00 0 
7fd469e27000-7fd46a000000 r--s 03d1f000 08:06 922159                     /home/mohamed/jdk1.8.0_91/jre/lib/rt.jar
7fd46a000000-7fd46c000000 rw-p 00000000 00:00 0 
7fd46c000000-7fd46c021000 rw-p 00000000 00:00 0 
7fd46c021000-7fd470000000 ---p 00000000 00:00 0 
7fd470000000-7fd47000f000 r--s 000df000 08:06 6165411                    /home/mohamed/Android/Sdk/build-tools/23.0.1/lib/dx.jar
7fd47000f000-7fd470726000 rw-p 00000000 00:00 0 
7fd470726000-7fd4708a6000 ---p 00000000 00:00 0 
7fd4708a6000-7fd470aa6000 rw-p 00000000 00:00 0 
7fd470aa6000-7fd470aa7000 ---p 00000000 00:00 0 
7fd470aa7000-7fd470ba7000 rw-p 00000000 00:00 0 
7fd470ba7000-7fd470ba8000 ---p 00000000 00:00 0 
7fd470ba8000-7fd470ca8000 rw-p 00000000 00:00 0 
7fd470ca8000-7fd470ca9000 ---p 00000000 00:00 0 
7fd470ca9000-7fd470da9000 rw-p 00000000 00:00 0 
7fd470da9000-7fd470daa000 ---p 00000000 00:00 0 
7fd470daa000-7fd470ebf000 rw-p 00000000 00:00 0 
7fd470ebf000-7fd471000000 ---p 00000000 00:00 0 
7fd471000000-7fd4716a0000 rwxp 00000000 00:00 0 
7fd4716a0000-7fd480000000 ---p 00000000 00:00 0 
7fd480000000-7fd48038e000 rw-p 00000000 00:00 0 
7fd48038e000-7fd484000000 ---p 00000000 00:00 0 
7fd48400b000-7fd484062000 rw-p 00000000 00:00 0 
7fd484062000-7fd4841a2000 ---p 00000000 00:00 0 
7fd4841a2000-7fd4841ef000 rw-p 00000000 00:00 0 
7fd4841ef000-7fd48424d000 ---p 00000000 00:00 0 
7fd48424d000-7fd484269000 rw-p 00000000 00:00 0 
7fd484269000-7fd48460e000 ---p 00000000 00:00 0 
7fd48460e000-7fd484628000 r-xp 00000000 08:06 922210                     /home/mohamed/jdk1.8.0_91/jre/lib/amd64/libzip.so
7fd484628000-7fd484828000 ---p 0001a000 08:06 922210                     /home/mohamed/jdk1.8.0_91/jre/lib/amd64/libzip.so
7fd484828000-7fd484829000 rw-p 0001a000 08:06 922210                     /home/mohamed/jdk1.8.0_91/jre/lib/amd64/libzip.so
7fd484829000-7fd484834000 r-xp 00000000 08:06 278669                     /lib/x86_64-linux-gnu/libnss_files-2.23.so
7fd484834000-7fd484a33000 ---p 0000b000 08:06 278669                     /lib/x86_64-linux-gnu/libnss_files-2.23.so
7fd484a33000-7fd484a34000 r--p 0000a000 08:06 278669                     /lib/x86_64-linux-gnu/libnss_files-2.23.so
7fd484a34000-7fd484a35000 rw-p 0000b000 08:06 278669                     /lib/x86_64-linux-gnu/libnss_files-2.23.so
7fd484a35000-7fd484a3b000 rw-p 00000000 00:00 0 
7fd484a3b000-7fd484a46000 r-xp 00000000 08:06 278666                     /lib/x86_64-linux-gnu/libnss_nis-2.23.so
7fd484a46000-7fd484c45000 ---p 0000b000 08:06 278666                     /lib/x86_64-linux-gnu/libnss_nis-2.23.so
7fd484c45000-7fd484c46000 r--p 0000a000 08:06 278666                     /lib/x86_64-linux-gnu/libnss_nis-2.23.so
7fd484c46000-7fd484c47000 rw-p 0000b000 08:06 278666                     /lib/x86_64-linux-gnu/libnss_nis-2.23.so
7fd484c47000-7fd484c5d000 r-xp 00000000 08:06 278664                     /lib/x86_64-linux-gnu/libnsl-2.23.so
7fd484c5d000-7fd484e5c000 ---p 00016000 08:06 278664                     /lib/x86_64-linux-gnu/libnsl-2.23.so
7fd484e5c000-7fd484e5d000 r--p 00015000 08:06 278664                     /lib/x86_64-linux-gnu/libnsl-2.23.so
7fd484e5d000-7fd484e5e000 rw-p 00016000 08:06 278664                     /lib/x86_64-linux-gnu/libnsl-2.23.so
7fd484e5e000-7fd484e60000 rw-p 00000000 00:00 0 
7fd484e60000-7fd484e68000 r-xp 00000000 08:06 278662                     /lib/x86_64-linux-gnu/libnss_compat-2.23.so
7fd484e68000-7fd485067000 ---p 00008000 08:06 278662                     /lib/x86_64-linux-gnu/libnss_compat-2.23.so
7fd485067000-7fd485068000 r--p 00007000 08:06 278662                     /lib/x86_64-linux-gnu/libnss_compat-2.23.so
7fd485068000-7fd485069000 rw-p 00008000 08:06 278662                     /lib/x86_64-linux-gnu/libnss_compat-2.23.so
7fd485069000-7fd485093000 r-xp 00000000 08:06 922205                     /home/mohamed/jdk1.8.0_91/jre/lib/amd64/libjava.so
7fd485093000-7fd485293000 ---p 0002a000 08:06 922205                     /home/mohamed/jdk1.8.0_91/jre/lib/amd64/libjava.so
7fd485293000-7fd485295000 rw-p 0002a000 08:06 922205                     /home/mohamed/jdk1.8.0_91/jre/lib/amd64/libjava.so
7fd485295000-7fd4852a2000 r-xp 00000000 08:06 922209                     /home/mohamed/jdk1.8.0_91/jre/lib/amd64/libverify.so
7fd4852a2000-7fd4854a2000 ---p 0000d000 08:06 922209                     /home/mohamed/jdk1.8.0_91/jre/lib/amd64/libverify.so
7fd4854a2000-7fd4854a4000 rw-p 0000d000 08:06 922209                     /home/mohamed/jdk1.8.0_91/jre/lib/amd64/libverify.so
7fd4854a4000-7fd4854ab000 r-xp 00000000 08:06 278678                     /lib/x86_64-linux-gnu/librt-2.23.so
7fd4854ab000-7fd4856aa000 ---p 00007000 08:06 278678                     /lib/x86_64-linux-gnu/librt-2.23.so
7fd4856aa000-7fd4856ab000 r--p 00006000 08:06 278678                     /lib/x86_64-linux-gnu/librt-2.23.so
7fd4856ab000-7fd4856ac000 rw-p 00007000 08:06 278678                     /lib/x86_64-linux-gnu/librt-2.23.so
7fd4856ac000-7fd4857b4000 r-xp 00000000 08:06 278675                     /lib/x86_64-linux-gnu/libm-2.23.so
7fd4857b4000-7fd4859b3000 ---p 00108000 08:06 278675                     /lib/x86_64-linux-gnu/libm-2.23.so
7fd4859b3000-7fd4859b4000 r--p 00107000 08:06 278675                     /lib/x86_64-linux-gnu/libm-2.23.so
7fd4859b4000-7fd4859b5000 rw-p 00108000 08:06 278675                     /lib/x86_64-linux-gnu/libm-2.23.so
7fd4859b5000-7fd486675000 r-xp 00000000 08:06 1184562                    /home/mohamed/jdk1.8.0_91/jre/lib/amd64/server/libjvm.so
7fd486675000-7fd486875000 ---p 00cc0000 08:06 1184562                    /home/mohamed/jdk1.8.0_91/jre/lib/amd64/server/libjvm.so
7fd486875000-7fd48694d000 rw-p 00cc0000 08:06 1184562                    /home/mohamed/jdk1.8.0_91/jre/lib/amd64/server/libjvm.so
7fd48694d000-7fd486998000 rw-p 00000000 00:00 0 
7fd486998000-7fd486b58000 r-xp 00000000 08:06 278683                     /lib/x86_64-linux-gnu/libc-2.23.so
7fd486b58000-7fd486d57000 ---p 001c0000 08:06 278683                     /lib/x86_64-linux-gnu/libc-2.23.so
7fd486d57000-7fd486d5b000 r--p 001bf000 08:06 278683                     /lib/x86_64-linux-gnu/libc-2.23.so
7fd486d5b000-7fd486d5d000 rw-p 001c3000 08:06 278683                     /lib/x86_64-linux-gnu/libc-2.23.so
7fd486d5d000-7fd486d61000 rw-p 00000000 00:00 0 
7fd486d61000-7fd486d64000 r-xp 00000000 08:06 278684                     /lib/x86_64-linux-gnu/libdl-2.23.so
7fd486d64000-7fd486f63000 ---p 00003000 08:06 278684                     /lib/x86_64-linux-gnu/libdl-2.23.so
7fd486f63000-7fd486f64000 r--p 00002000 08:06 278684                     /lib/x86_64-linux-gnu/libdl-2.23.so
7fd486f64000-7fd486f65000 rw-p 00003000 08:06 278684                     /lib/x86_64-linux-gnu/libdl-2.23.so
7fd486f65000-7fd486f7a000 r-xp 00000000 08:06 36052                      /home/mohamed/jdk1.8.0_91/lib/amd64/jli/libjli.so
7fd486f7a000-7fd48717a000 ---p 00015000 08:06 36052                      /home/mohamed/jdk1.8.0_91/lib/amd64/jli/libjli.so
7fd48717a000-7fd48717b000 rw-p 00015000 08:06 36052                      /home/mohamed/jdk1.8.0_91/lib/amd64/jli/libjli.so
7fd48717b000-7fd487193000 r-xp 00000000 08:06 278682                     /lib/x86_64-linux-gnu/libpthread-2.23.so
7fd487193000-7fd487392000 ---p 00018000 08:06 278682                     /lib/x86_64-linux-gnu/libpthread-2.23.so
7fd487392000-7fd487393000 r--p 00017000 08:06 278682                     /lib/x86_64-linux-gnu/libpthread-2.23.so
7fd487393000-7fd487394000 rw-p 00018000 08:06 278682                     /lib/x86_64-linux-gnu/libpthread-2.23.so
7fd487394000-7fd487398000 rw-p 00000000 00:00 0 
7fd487398000-7fd4873be000 r-xp 00000000 08:06 278679                     /lib/x86_64-linux-gnu/ld-2.23.so
7fd4873c3000-7fd487495000 rw-p 00000000 00:00 0 
7fd487495000-7fd487498000 ---p 00000000 00:00 0 
7fd487498000-7fd48759a000 rw-p 00000000 00:00 0 
7fd48759d000-7fd4875b1000 rw-p 00000000 00:00 0 
7fd4875b1000-7fd4875b9000 rw-s 00000000 08:06 1069273                    /tmp/hsperfdata_mohamed/4326
7fd4875b9000-7fd4875ba000 rw-p 00000000 00:00 0 
7fd4875ba000-7fd4875bb000 ---p 00000000 00:00 0 
7fd4875bb000-7fd4875bd000 rw-p 00000000 00:00 0 
7fd4875bd000-7fd4875be000 r--p 00025000 08:06 278679                     /lib/x86_64-linux-gnu/ld-2.23.so
7fd4875be000-7fd4875bf000 rw-p 00026000 08:06 278679                     /lib/x86_64-linux-gnu/ld-2.23.so
7fd4875bf000-7fd4875c0000 rw-p 00000000 00:00 0 
7ffd17eae000-7ffd17ecf000 rw-p 00000000 00:00 0                          [stack]
7ffd17fa4000-7ffd17fa6000 r--p 00000000 00:00 0                          [vvar]
7ffd17fa6000-7ffd17fa8000 r-xp 00000000 00:00 0                          [vdso]
ffffffffff600000-ffffffffff601000 r-xp 00000000 00:00 0                  [vsyscall]

VM Arguments:
jvm_args: -Djava.awt.headless=true -Xmx1024M -Dfile.encoding=UTF-8 -Duser.country=US -Duser.language=en -Duser.variant 
java_command: com.android.dx.command.Main --dex --force-jumbo --num-threads=4 --output /media/mohamed/Programs/Explore/app/build/intermediates/pre-dexed/debug/com.android.support-support-v4-23.0.1_5b362f6f460684ac40e8a3c61b96dfe7f0bde568.jar /media/mohamed/Programs/Explore/app/build/intermediates/exploded-aar/com.android.support/support-v4/23.0.1/jars/classes.jar
java_class_path (initial): /home/mohamed/Android/Sdk/build-tools/23.0.1/lib/dx.jar
Launcher Type: SUN_STANDARD

Environment Variables:
JAVA_HOME=/usr/lib/jvm/java-8-oracle
PATH=/usr/local/sbin:/usr/local/bin:/usr/sbin:/usr/bin:/sbin:/bin:/usr/games:/usr/local/games:/snap/bin:/usr/lib/jvm/java-8-oracle/bin:/usr/lib/jvm/java-8-oracle/db/bin:/usr/lib/jvm/java-8-oracle/jre/bin
LD_LIBRARY_PATH=/home/mohamed/tools/android/android-studio/bin:
SHELL=/bin/bash
DISPLAY=:0

Signal Handlers:
SIGSEGV: [libjvm.so+0xabca10], sa_mask[0]=11111111011111111101111111111110, sa_flags=SA_RESTART|SA_SIGINFO
SIGBUS: [libjvm.so+0xabca10], sa_mask[0]=11111111011111111101111111111110, sa_flags=SA_RESTART|SA_SIGINFO
SIGFPE: [libjvm.so+0x919a20], sa_mask[0]=11111111011111111101111111111110, sa_flags=SA_RESTART|SA_SIGINFO
SIGPIPE: [libjvm.so+0x919a20], sa_mask[0]=11111111011111111101111111111110, sa_flags=SA_RESTART|SA_SIGINFO
SIGXFSZ: [libjvm.so+0x919a20], sa_mask[0]=11111111011111111101111111111110, sa_flags=SA_RESTART|SA_SIGINFO
SIGILL: [libjvm.so+0x919a20], sa_mask[0]=11111111011111111101111111111110, sa_flags=SA_RESTART|SA_SIGINFO
SIGUSR1: SIG_DFL, sa_mask[0]=00000000000000000000000000000000, sa_flags=none
SIGUSR2: [libjvm.so+0x91b050], sa_mask[0]=00100000000000000000000000000000, sa_flags=SA_RESTART|SA_SIGINFO
SIGHUP: [libjvm.so+0x91c450], sa_mask[0]=11111111011111111101111111111110, sa_flags=SA_RESTART|SA_SIGINFO
SIGINT: [libjvm.so+0x91c450], sa_mask[0]=11111111011111111101111111111110, sa_flags=SA_RESTART|SA_SIGINFO
SIGTERM: [libjvm.so+0x91c450], sa_mask[0]=11111111011111111101111111111110, sa_flags=SA_RESTART|SA_SIGINFO
SIGQUIT: [libjvm.so+0x91c450], sa_mask[0]=11111111011111111101111111111110, sa_flags=SA_RESTART|SA_SIGINFO


---------------  S Y S T E M  ---------------

OS:DISTRIB_ID=Ubuntu
DISTRIB_RELEASE=16.04
DISTRIB_CODENAME=xenial
DISTRIB_DESCRIPTION="Ubuntu 16.04 LTS"

uname:Linux 4.4.0-22-generic #39-Ubuntu SMP Thu May 5 16:53:32 UTC 2016 x86_64
libc:glibc 2.23 NPTL 2.23 
rlimit: STACK 8192k, CORE 0k, NPROC 15304, NOFILE 65536, AS infinity
load average:5.86 2.53 1.78

/proc/meminfo:
MemTotal:        3956776 kB
MemFree:           30472 kB
MemAvailable:      70116 kB
Buffers:             696 kB
Cached:           220176 kB
SwapCached:            0 kB
Active:          3558320 kB
Inactive:         191208 kB
Active(anon):    3547704 kB
Inactive(anon):   176452 kB
Active(file):      10616 kB
Inactive(file):    14756 kB
Unevictable:          32 kB
Mlocked:              32 kB
SwapTotal:             0 kB
SwapFree:              0 kB
Dirty:               124 kB
Writeback:             0 kB
AnonPages:       3528864 kB
Mapped:            66532 kB
Shmem:            195352 kB
Slab:              82364 kB
SReclaimable:      43660 kB
SUnreclaim:        38704 kB
KernelStack:       11424 kB
PageTables:        41048 kB
NFS_Unstable:          0 kB
Bounce:                0 kB
WritebackTmp:          0 kB
CommitLimit:     1978388 kB
Committed_AS:    7224456 kB
VmallocTotal:   34359738367 kB
VmallocUsed:           0 kB
VmallocChunk:          0 kB
HardwareCorrupted:     0 kB
AnonHugePages:    759808 kB
CmaTotal:              0 kB
CmaFree:               0 kB
HugePages_Total:       0
HugePages_Free:        0
HugePages_Rsvd:        0
HugePages_Surp:        0
Hugepagesize:       2048 kB
DirectMap4k:      164216 kB
DirectMap2M:     3940352 kB
DirectMap1G:           0 kB


CPU:total 4 (2 cores per cpu, 2 threads per core) family 6 model 60 stepping 3, cmov, cx8, fxsr, mmx, sse, sse2, sse3, ssse3, sse4.1, sse4.2, popcnt, avx, avx2, aes, clmul, erms, lzcnt, ht, tsc, tscinvbit, bmi1, bmi2

/proc/cpuinfo:
processor	: 0
vendor_id	: GenuineIntel
cpu family	: 6
model		: 60
model name	: Intel(R) Core(TM) i5-4200M CPU @ 2.50GHz
stepping	: 3
microcode	: 0x16
cpu MHz		: 2999.804
cache size	: 3072 KB
physical id	: 0
siblings	: 4
core id		: 0
cpu cores	: 2
apicid		: 0
initial apicid	: 0
fpu		: yes
fpu_exception	: yes
cpuid level	: 13
wp		: yes
flags		: fpu vme de pse tsc msr pae mce cx8 apic sep mtrr pge mca cmov pat pse36 clflush dts acpi mmx fxsr sse sse2 ss ht tm pbe syscall nx pdpe1gb rdtscp lm constant_tsc arch_perfmon pebs bts rep_good nopl xtopology nonstop_tsc aperfmperf eagerfpu pni pclmulqdq dtes64 monitor ds_cpl vmx est tm2 ssse3 sdbg fma cx16 xtpr pdcm pcid sse4_1 sse4_2 movbe popcnt tsc_deadline_timer aes xsave avx f16c rdrand lahf_lm abm epb tpr_shadow vnmi flexpriority ept vpid fsgsbase tsc_adjust bmi1 avx2 smep bmi2 erms invpcid xsaveopt dtherm ida arat pln pts
bugs		:
bogomips	: 4988.41
clflush size	: 64
cache_alignment	: 64
address sizes	: 39 bits physical, 48 bits virtual
power management:

processor	: 1
vendor_id	: GenuineIntel
cpu family	: 6
model		: 60
model name	: Intel(R) Core(TM) i5-4200M CPU @ 2.50GHz
stepping	: 3
microcode	: 0x16
cpu MHz		: 2993.457
cache size	: 3072 KB
physical id	: 0
siblings	: 4
core id		: 1
cpu cores	: 2
apicid		: 2
initial apicid	: 2
fpu		: yes
fpu_exception	: yes
cpuid level	: 13
wp		: yes
flags		: fpu vme de pse tsc msr pae mce cx8 apic sep mtrr pge mca cmov pat pse36 clflush dts acpi mmx fxsr sse sse2 ss ht tm pbe syscall nx pdpe1gb rdtscp lm constant_tsc arch_perfmon pebs bts rep_good nopl xtopology nonstop_tsc aperfmperf eagerfpu pni pclmulqdq dtes64 monitor ds_cpl vmx est tm2 ssse3 sdbg fma cx16 xtpr pdcm pcid sse4_1 sse4_2 movbe popcnt tsc_deadline_timer aes xsave avx f16c rdrand lahf_lm abm epb tpr_shadow vnmi flexpriority ept vpid fsgsbase tsc_adjust bmi1 avx2 smep bmi2 erms invpcid xsaveopt dtherm ida arat pln pts
bugs		:
bogomips	: 4988.41
clflush size	: 64
cache_alignment	: 64
address sizes	: 39 bits physical, 48 bits virtual
power management:

processor	: 2
vendor_id	: GenuineIntel
cpu family	: 6
model		: 60
model name	: Intel(R) Core(TM) i5-4200M CPU @ 2.50GHz
stepping	: 3
microcode	: 0x16
cpu MHz		: 2698.144
cache size	: 3072 KB
physical id	: 0
siblings	: 4
core id		: 0
cpu cores	: 2
apicid		: 1
initial apicid	: 1
fpu		: yes
fpu_exception	: yes
cpuid level	: 13
wp		: yes
flags		: fpu vme de pse tsc msr pae mce cx8 apic sep mtrr pge mca cmov pat pse36 clflush dts acpi mmx fxsr sse sse2 ss ht tm pbe syscall nx pdpe1gb rdtscp lm constant_tsc arch_perfmon pebs bts rep_good nopl xtopology nonstop_tsc aperfmperf eagerfpu pni pclmulqdq dtes64 monitor ds_cpl vmx est tm2 ssse3 sdbg fma cx16 xtpr pdcm pcid sse4_1 sse4_2 movbe popcnt tsc_deadline_timer aes xsave avx f16c rdrand lahf_lm abm epb tpr_shadow vnmi flexpriority ept vpid fsgsbase tsc_adjust bmi1 avx2 smep bmi2 erms invpcid xsaveopt dtherm ida arat pln pts
bugs		:
bogomips	: 4988.41
clflush size	: 64
cache_alignment	: 64
address sizes	: 39 bits physical, 48 bits virtual
power management:

processor	: 3
vendor_id	: GenuineIntel
cpu family	: 6
model		: 60
model name	: Intel(R) Core(TM) i5-4200M CPU @ 2.50GHz
stepping	: 3
microcode	: 0x16
cpu MHz		: 2466.894
cache size	: 3072 KB
physical id	: 0
siblings	: 4
core id		: 1
cpu cores	: 2
apicid		: 3
initial apicid	: 3
fpu		: yes
fpu_exception	: yes
cpuid level	: 13
wp		: yes
flags		: fpu vme de pse tsc msr pae mce cx8 apic sep mtrr pge mca cmov pat pse36 clflush dts acpi mmx fxsr sse sse2 ss ht tm pbe syscall nx pdpe1gb rdtscp lm constant_tsc arch_perfmon pebs bts rep_good nopl xtopology nonstop_tsc aperfmperf eagerfpu pni pclmulqdq dtes64 monitor ds_cpl vmx est tm2 ssse3 sdbg fma cx16 xtpr pdcm pcid sse4_1 sse4_2 movbe popcnt tsc_deadline_timer aes xsave avx f16c rdrand lahf_lm abm epb tpr_shadow vnmi flexpriority ept vpid fsgsbase tsc_adjust bmi1 avx2 smep bmi2 erms invpcid xsaveopt dtherm ida arat pln pts
bugs		:
bogomips	: 4988.41
clflush size	: 64
cache_alignment	: 64
address sizes	: 39 bits physical, 48 bits virtual
power management:



Memory: 4k page, physical 3956776k(30224k free), swap 0k(0k free)

vm_info: Java HotSpot(TM) 64-Bit Server VM (25.91-b14) for linux-amd64 JRE (1.8.0_91-b14), built on Apr  1 2016 00:57:21 by "java_re" with gcc 4.3.0 20080428 (Red Hat 4.3.0-8)

time: Wed May 11 12:59:31 2016
elapsed time: 21 seconds (0d 0h 0m 21s)

