#
# There is insufficient memory for the Java Runtime Environment to continue.
# Native memory allocation (mmap) failed to map 145752064 bytes for committing reserved memory.
# Possible reasons:
#   The system is out of physical RAM or swap space
#   In 32 bit mode, the process size limit was hit
# Possible solutions:
#   Reduce memory load on the system
#   Increase physical memory or swap space
#   Check if swap backing store is full
#   Use 64 bit Java on a 64 bit OS
#   Decrease Java heap size (-Xmx/-Xms)
#   Decrease number of Java threads
#   Decrease Java thread stack sizes (-Xss)
#   Set larger code cache with -XX:ReservedCodeCacheSize=
# This output file may be truncated or incomplete.
#
#  Out of Memory Error (os_linux.cpp:2627), pid=12093, tid=139879797815040
#
# JRE version: Java(TM) SE Runtime Environment (8.0_91-b14) (build 1.8.0_91-b14)
# Java VM: Java HotSpot(TM) 64-Bit Server VM (25.91-b14 mixed mode linux-amd64 compressed oops)
# Failed to write core dump. Core dumps have been disabled. To enable core dumping, try "ulimit -c unlimited" before starting Java again
#

---------------  T H R E A D  ---------------

Current thread (0x00007f3860078000):  VMThread [stack: 0x00007f384d98f000,0x00007f384da90000] [id=12102]

Stack: [0x00007f384d98f000,0x00007f384da90000],  sp=0x00007f384da8e2a0,  free space=1020k
Native frames: (J=compiled Java code, j=interpreted, Vv=VM code, C=native code)
V  [libjvm.so+0xabc18a]  VMError::report_and_die()+0x2ba
V  [libjvm.so+0x4fafeb]  report_vm_out_of_memory(char const*, int, unsigned long, VMErrorType, char const*)+0x8b
V  [libjvm.so+0x91cbb3]  os::Linux::commit_memory_impl(char*, unsigned long, bool)+0x103
V  [libjvm.so+0x91d109]  os::pd_commit_memory(char*, unsigned long, unsigned long, bool)+0x29
V  [libjvm.so+0x91740a]  os::commit_memory(char*, unsigned long, unsigned long, bool)+0x2a
V  [libjvm.so+0x98b033]  PSVirtualSpace::expand_by(unsigned long)+0x53
V  [libjvm.so+0x98c438]  PSYoungGen::resize_generation(unsigned long, unsigned long)+0xf8
V  [libjvm.so+0x98b592]  PSYoungGen::resize(unsigned long, unsigned long)+0x22
V  [libjvm.so+0x98886b]  PSScavenge::invoke_no_policy()+0xf3b
V  [libjvm.so+0x988ff1]  PSScavenge::invoke()+0x41
V  [libjvm.so+0x9408b0]  ParallelScavengeHeap::failed_mem_allocate(unsigned long)+0x70
V  [libjvm.so+0xabdba7]  VM_ParallelGCFailedAllocation::doit()+0x97
V  [libjvm.so+0xac55d5]  VM_Operation::evaluate()+0x55
V  [libjvm.so+0xac39aa]  VMThread::evaluate_operation(VM_Operation*)+0xba
V  [libjvm.so+0xac3d2e]  VMThread::loop()+0x1ce
V  [libjvm.so+0xac41a0]  VMThread::run()+0x70
V  [libjvm.so+0x91ef78]  java_start(Thread*)+0x108

VM_Operation (0x00007f384ca75c40): ParallelGCFailedAllocation, mode: safepoint, requested by thread 0x00007f386013f000


---------------  P R O C E S S  ---------------

Java Threads: ( => current thread )
  0x00007f386013f000 JavaThread "pool-1-thread-4" [_thread_blocked, id=12115, stack(0x00007f384c977000,0x00007f384ca78000)]
  0x00007f386013d800 JavaThread "pool-1-thread-3" [_thread_blocked, id=12114, stack(0x00007f384ca78000,0x00007f384cb79000)]
  0x00007f386013a800 JavaThread "pool-1-thread-2" [_thread_blocked, id=12113, stack(0x00007f384cb79000,0x00007f384cc7a000)]
  0x00007f3860138800 JavaThread "pool-2-thread-1" [_thread_blocked, id=12112, stack(0x00007f384cc7a000,0x00007f384cd7b000)]
  0x00007f3860134000 JavaThread "pool-1-thread-1" [_thread_blocked, id=12111, stack(0x00007f384cd7b000,0x00007f384ce7c000)]
  0x00007f38600c1000 JavaThread "Service Thread" daemon [_thread_blocked, id=12109, stack(0x00007f384cfaf000,0x00007f384d0b0000)]
  0x00007f38600be000 JavaThread "C1 CompilerThread2" daemon [_thread_blocked, id=12108, stack(0x00007f384d0b0000,0x00007f384d1b1000)]
  0x00007f38600bc800 JavaThread "C2 CompilerThread1" daemon [_thread_blocked, id=12107, stack(0x00007f384d1b1000,0x00007f384d2b2000)]
  0x00007f38600b9800 JavaThread "C2 CompilerThread0" daemon [_thread_blocked, id=12106, stack(0x00007f384d2b2000,0x00007f384d3b3000)]
  0x00007f38600b8000 JavaThread "Signal Dispatcher" daemon [_thread_blocked, id=12105, stack(0x00007f384d3b3000,0x00007f384d4b4000)]
  0x00007f3860084000 JavaThread "Finalizer" daemon [_thread_blocked, id=12104, stack(0x00007f384d78d000,0x00007f384d88e000)]
  0x00007f386007f800 JavaThread "Reference Handler" daemon [_thread_blocked, id=12103, stack(0x00007f384d88e000,0x00007f384d98f000)]
  0x00007f386000a000 JavaThread "main" [_thread_blocked, id=12097, stack(0x00007f3868037000,0x00007f3868138000)]

Other Threads:
=>0x00007f3860078000 VMThread [stack: 0x00007f384d98f000,0x00007f384da90000] [id=12102]
  0x00007f38600c4000 WatcherThread [stack: 0x00007f384ceae000,0x00007f384cfaf000] [id=12110]

VM state:at safepoint (normal execution)

VM Mutex/Monitor currently owned by a thread:  ([mutex/lock_event])
[0x00007f38600064e0] Threads_lock - owner thread: 0x00007f3860078000
[0x00007f38600069e0] Heap_lock - owner thread: 0x00007f386013f000

Heap:
 PSYoungGen      total 139776K, used 16372K [0x00000000eab00000, 0x00000000f4700000, 0x0000000100000000)
  eden space 123392K, 0% used [0x00000000eab00000,0x00000000eab00000,0x00000000f2380000)
  from space 16384K, 99% used [0x00000000f2380000,0x00000000f337d178,0x00000000f3380000)
  to   space 12800K, 0% used [0x00000000f3380000,0x00000000f3380000,0x00000000f4000000)
 ParOldGen       total 44544K, used 44093K [0x00000000c0000000, 0x00000000c2b80000, 0x00000000eab00000)
  object space 44544K, 98% used [0x00000000c0000000,0x00000000c2b0f448,0x00000000c2b80000)
 Metaspace       used 6251K, capacity 7156K, committed 7296K, reserved 1056768K
  class space    used 605K, capacity 620K, committed 640K, reserved 1048576K

Card table byte_map: [0x00007f3864bef000,0x00007f3864df0000] byte_map_base: 0x00007f38645ef000

Marking Bits: (ParMarkBitMap*) 0x00007f386750dd60
 Begin Bits: [0x00007f384f000000, 0x00007f3850000000)
 End Bits:   [0x00007f3850000000, 0x00007f3851000000)

Polling page: 0x00007f386815c000

CodeCache: size=245760Kb used=7135Kb max_used=7135Kb free=238624Kb
 bounds [0x00007f3851000000, 0x00007f3851700000, 0x00007f3860000000]
 total_blobs=2116 nmethods=1847 adapters=182
 compilation: enabled

Compilation events (10 events):
Event: 8.422 Thread 0x00007f38600be000 2167       3       com.android.dx.ssa.back.SsaToRop::moveParametersToHighRegisters (88 bytes)
Event: 8.423 Thread 0x00007f38600be000 nmethod 2167 0x00007f38516f4c50 code [0x00007f38516f4e20, 0x00007f38516f56f8]
Event: 8.454 Thread 0x00007f38600be000 2169       2       com.android.dx.rop.cst.CstNat::equals (48 bytes)
Event: 8.454 Thread 0x00007f38600be000 nmethod 2169 0x00007f38516f5a50 code [0x00007f38516f5be0, 0x00007f38516f5f18]
Event: 8.474 Thread 0x00007f38600be000 2170 % !   3       com.android.dx.cf.code.Ropper::doit @ 21 (126 bytes)
Event: 8.476 Thread 0x00007f38600be000 nmethod 2170% 0x00007f38516f6150 code [0x00007f38516f6460, 0x00007f38516f7978]
Event: 8.476 Thread 0x00007f38600be000 2171       2       java.util.zip.ZipEntry::isDirectory (10 bytes)
Event: 8.477 Thread 0x00007f38600be000 nmethod 2171 0x00007f38516f8710 code [0x00007f38516f8880, 0x00007f38516f8a28]
Event: 8.477 Thread 0x00007f38600be000 2172   !   3       com.android.dx.cf.code.Ropper::doit (126 bytes)
Event: 8.479 Thread 0x00007f38600be000 nmethod 2172 0x00007f38516f8b90 code [0x00007f38516f8e80, 0x00007f38516fa2b8]

GC Heap History (10 events):
Event: 2.729 GC heap after
Heap after GC invocations=2 (full 0):
 PSYoungGen      total 34304K, used 2554K [0x00000000eab00000, 0x00000000ecf00000, 0x0000000100000000)
  eden space 31744K, 0% used [0x00000000eab00000,0x00000000eab00000,0x00000000eca00000)
  from space 2560K, 99% used [0x00000000ecc80000,0x00000000ecefeac8,0x00000000ecf00000)
  to   space 2560K, 0% used [0x00000000eca00000,0x00000000eca00000,0x00000000ecc80000)
 ParOldGen       total 42496K, used 4575K [0x00000000c0000000, 0x00000000c2980000, 0x00000000eab00000)
  object space 42496K, 10% used [0x00000000c0000000,0x00000000c0477ef8,0x00000000c2980000)
 Metaspace       used 5630K, capacity 6704K, committed 6784K, reserved 1056768K
  class space    used 582K, capacity 616K, committed 640K, reserved 1048576K
}
Event: 3.676 GC heap before
{Heap before GC invocations=3 (full 0):
 PSYoungGen      total 34304K, used 34298K [0x00000000eab00000, 0x00000000ecf00000, 0x0000000100000000)
  eden space 31744K, 100% used [0x00000000eab00000,0x00000000eca00000,0x00000000eca00000)
  from space 2560K, 99% used [0x00000000ecc80000,0x00000000ecefeac8,0x00000000ecf00000)
  to   space 2560K, 0% used [0x00000000eca00000,0x00000000eca00000,0x00000000ecc80000)
 ParOldGen       total 42496K, used 4575K [0x00000000c0000000, 0x00000000c2980000, 0x00000000eab00000)
  object space 42496K, 10% used [0x00000000c0000000,0x00000000c0477ef8,0x00000000c2980000)
 Metaspace       used 5815K, capacity 6834K, committed 7040K, reserved 1056768K
  class space    used 602K, capacity 618K, committed 640K, reserved 1048576K
Event: 3.717 GC heap after
Heap after GC invocations=3 (full 0):
 PSYoungGen      total 34304K, used 2528K [0x00000000eab00000, 0x00000000eee00000, 0x0000000100000000)
  eden space 31744K, 0% used [0x00000000eab00000,0x00000000eab00000,0x00000000eca00000)
  from space 2560K, 98% used [0x00000000eca00000,0x00000000ecc78028,0x00000000ecc80000)
  to   space 2560K, 0% used [0x00000000eeb80000,0x00000000eeb80000,0x00000000eee00000)
 ParOldGen       total 42496K, used 9140K [0x00000000c0000000, 0x00000000c2980000, 0x00000000eab00000)
  object space 42496K, 21% used [0x00000000c0000000,0x00000000c08ed150,0x00000000c2980000)
 Metaspace       used 5815K, capacity 6834K, committed 7040K, reserved 1056768K
  class space    used 602K, capacity 618K, committed 640K, reserved 1048576K
}
Event: 4.220 GC heap before
{Heap before GC invocations=4 (full 0):
 PSYoungGen      total 34304K, used 34272K [0x00000000eab00000, 0x00000000eee00000, 0x0000000100000000)
  eden space 31744K, 100% used [0x00000000eab00000,0x00000000eca00000,0x00000000eca00000)
  from space 2560K, 98% used [0x00000000eca00000,0x00000000ecc78028,0x00000000ecc80000)
  to   space 2560K, 0% used [0x00000000eeb80000,0x00000000eeb80000,0x00000000eee00000)
 ParOldGen       total 42496K, used 9140K [0x00000000c0000000, 0x00000000c2980000, 0x00000000eab00000)
  object space 42496K, 21% used [0x00000000c0000000,0x00000000c08ed150,0x00000000c2980000)
 Metaspace       used 5895K, capacity 6900K, committed 7040K, reserved 1056768K
  class space    used 605K, capacity 620K, committed 640K, reserved 1048576K
Event: 4.310 GC heap after
Heap after GC invocations=4 (full 0):
 PSYoungGen      total 66048K, used 2528K [0x00000000eab00000, 0x00000000eee00000, 0x0000000100000000)
  eden space 63488K, 0% used [0x00000000eab00000,0x00000000eab00000,0x00000000ee900000)
  from space 2560K, 98% used [0x00000000eeb80000,0x00000000eedf8028,0x00000000eee00000)
  to   space 2560K, 0% used [0x00000000ee900000,0x00000000ee900000,0x00000000eeb80000)
 ParOldGen       total 42496K, used 13969K [0x00000000c0000000, 0x00000000c2980000, 0x00000000eab00000)
  object space 42496K, 32% used [0x00000000c0000000,0x00000000c0da47d0,0x00000000c2980000)
 Metaspace       used 5895K, capacity 6900K, committed 7040K, reserved 1056768K
  class space    used 605K, capacity 620K, committed 640K, reserved 1048576K
}
Event: 5.244 GC heap before
{Heap before GC invocations=5 (full 0):
 PSYoungGen      total 66048K, used 66016K [0x00000000eab00000, 0x00000000eee00000, 0x0000000100000000)
  eden space 63488K, 100% used [0x00000000eab00000,0x00000000ee900000,0x00000000ee900000)
  from space 2560K, 98% used [0x00000000eeb80000,0x00000000eedf8028,0x00000000eee00000)
  to   space 2560K, 0% used [0x00000000ee900000,0x00000000ee900000,0x00000000eeb80000)
 ParOldGen       total 42496K, used 13969K [0x00000000c0000000, 0x00000000c2980000, 0x00000000eab00000)
  object space 42496K, 32% used [0x00000000c0000000,0x00000000c0da47d0,0x00000000c2980000)
 Metaspace       used 5960K, capacity 6964K, committed 7040K, reserved 1056768K
  class space    used 605K, capacity 620K, committed 640K, reserved 1048576K
Event: 5.370 GC heap after
Heap after GC invocations=5 (full 0):
 PSYoungGen      total 66048K, used 2547K [0x00000000eab00000, 0x00000000f4000000, 0x0000000100000000)
  eden space 63488K, 0% used [0x00000000eab00000,0x00000000eab00000,0x00000000ee900000)
  from space 2560K, 99% used [0x00000000ee900000,0x00000000eeb7cd00,0x00000000eeb80000)
  to   space 12800K, 0% used [0x00000000f3380000,0x00000000f3380000,0x00000000f4000000)
 ParOldGen       total 42496K, used 24278K [0x00000000c0000000, 0x00000000c2980000, 0x00000000eab00000)
  object space 42496K, 57% used [0x00000000c0000000,0x00000000c17b5ae0,0x00000000c2980000)
 Metaspace       used 5960K, capacity 6964K, committed 7040K, reserved 1056768K
  class space    used 605K, capacity 620K, committed 640K, reserved 1048576K
}
Event: 6.161 GC heap before
{Heap before GC invocations=6 (full 0):
 PSYoungGen      total 66048K, used 66035K [0x00000000eab00000, 0x00000000f4000000, 0x0000000100000000)
  eden space 63488K, 100% used [0x00000000eab00000,0x00000000ee900000,0x00000000ee900000)
  from space 2560K, 99% used [0x00000000ee900000,0x00000000eeb7cd00,0x00000000eeb80000)
  to   space 12800K, 0% used [0x00000000f3380000,0x00000000f3380000,0x00000000f4000000)
 ParOldGen       total 42496K, used 24278K [0x00000000c0000000, 0x00000000c2980000, 0x00000000eab00000)
  object space 42496K, 57% used [0x00000000c0000000,0x00000000c17b5ae0,0x00000000c2980000)
 Metaspace       used 5998K, capacity 6964K, committed 7040K, reserved 1056768K
  class space    used 605K, capacity 620K, committed 640K, reserved 1048576K
Event: 6.261 GC heap after
Heap after GC invocations=6 (full 0):
 PSYoungGen      total 136192K, used 12798K [0x00000000eab00000, 0x00000000f4700000, 0x0000000100000000)
  eden space 123392K, 0% used [0x00000000eab00000,0x00000000eab00000,0x00000000f2380000)
  from space 12800K, 99% used [0x00000000f3380000,0x00000000f3fffad8,0x00000000f4000000)
  to   space 16384K, 0% used [0x00000000f2380000,0x00000000f2380000,0x00000000f3380000)
 ParOldGen       total 42496K, used 26632K [0x00000000c0000000, 0x00000000c2980000, 0x00000000eab00000)
  object space 42496K, 62% used [0x00000000c0000000,0x00000000c1a02058,0x00000000c2980000)
 Metaspace       used 5998K, capacity 6964K, committed 7040K, reserved 1056768K
  class space    used 605K, capacity 620K, committed 640K, reserved 1048576K
}
Event: 8.510 GC heap before
{Heap before GC invocations=7 (full 0):
 PSYoungGen      total 136192K, used 136190K [0x00000000eab00000, 0x00000000f4700000, 0x0000000100000000)
  eden space 123392K, 100% used [0x00000000eab00000,0x00000000f2380000,0x00000000f2380000)
  from space 12800K, 99% used [0x00000000f3380000,0x00000000f3fffad8,0x00000000f4000000)
  to   space 16384K, 0% used [0x00000000f2380000,0x00000000f2380000,0x00000000f3380000)
 ParOldGen       total 42496K, used 26632K [0x00000000c0000000, 0x00000000c2980000, 0x00000000eab00000)
  object space 42496K, 62% used [0x00000000c0000000,0x00000000c1a02058,0x00000000c2980000)
 Metaspace       used 6251K, capacity 7156K, committed 7296K, reserved 1056768K
  class space    used 605K, capacity 620K, committed 640K, reserved 1048576K

Deoptimization events (10 events):
Event: 3.245 Thread 0x00007f386013d800 Uncommon trap: reason=bimorphic action=maybe_recompile pc=0x00007f38511e2660 method=java.util.HashMap.getNode(ILjava/lang/Object;)Ljava/util/HashMap$Node; @ 126
Event: 3.423 Thread 0x00007f386013f000 Uncommon trap: reason=unstable_if action=reinterpret pc=0x00007f38512ad81c method=com.android.dx.rop.code.RegisterSpec.equals(ILcom/android/dx/rop/type/TypeBearer;Lcom/android/dx/rop/code/LocalItem;)Z @ 42
Event: 3.432 Thread 0x00007f386013a800 Uncommon trap: reason=bimorphic action=maybe_recompile pc=0x00007f38511e2660 method=java.util.HashMap.getNode(ILjava/lang/Object;)Ljava/util/HashMap$Node; @ 126
Event: 3.432 Thread 0x00007f386013a800 Uncommon trap: reason=bimorphic action=maybe_recompile pc=0x00007f38511e2660 method=java.util.HashMap.getNode(ILjava/lang/Object;)Ljava/util/HashMap$Node; @ 126
Event: 3.432 Thread 0x00007f386013a800 Uncommon trap: reason=bimorphic action=maybe_recompile pc=0x00007f38512ab04c method=java.util.HashMap.getNode(ILjava/lang/Object;)Ljava/util/HashMap$Node; @ 126
Event: 3.491 Thread 0x00007f386013a800 Uncommon trap: reason=unstable_if action=reinterpret pc=0x00007f3851343708 method=java.util.HashMap.putVal(ILjava/lang/Object;Ljava/lang/Object;ZZ)Ljava/lang/Object; @ 162
Event: 5.385 Thread 0x00007f386013d800 Uncommon trap: reason=unstable_if action=reinterpret pc=0x00007f38514d4684 method=java.util.HashMap.getNode(ILjava/lang/Object;)Ljava/util/HashMap$Node; @ 84
Event: 6.312 Thread 0x00007f386013f000 Uncommon trap: reason=unstable_if action=reinterpret pc=0x00007f38515c10d0 method=java.util.HashMap.getNode(ILjava/lang/Object;)Ljava/util/HashMap$Node; @ 84
Event: 7.250 Thread 0x00007f386013d800 Uncommon trap: reason=unstable_if action=reinterpret pc=0x00007f385153257c method=com.android.dx.ssa.SsaMethod.updateOneDefinition(Lcom/android/dx/ssa/SsaInsn;Lcom/android/dx/rop/code/RegisterSpec;)V @ 4
Event: 8.230 Thread 0x00007f386013f000 Uncommon trap: reason=unstable_if action=reinterpret pc=0x00007f38515e883c method=java.util.HashMap.putVal(ILjava/lang/Object;Ljava/lang/Object;ZZ)Ljava/lang/Object; @ 206

Internal exceptions (5 events):
Event: 0.144 Thread 0x00007f386000a000 Exception <a 'java/lang/NoSuchMethodError': Method sun.misc.Unsafe.defineClass(Ljava/lang/String;[BII)Ljava/lang/Class; name or signature does not match> (0x00000000eab07cc0) thrown at [/HUDSON/workspace/8-2-build-linux-amd64/jdk8u91/6644/hotspot/src/shar
Event: 0.144 Thread 0x00007f386000a000 Exception <a 'java/lang/NoSuchMethodError': Method sun.misc.Unsafe.prefetchRead(Ljava/lang/Object;J)V name or signature does not match> (0x00000000eab07fa8) thrown at [/HUDSON/workspace/8-2-build-linux-amd64/jdk8u91/6644/hotspot/src/share/vm/prims/jni.cpp
Event: 3.493 Thread 0x00007f386013a800 Exception <a 'java/lang/ArrayIndexOutOfBoundsException': 18> (0x00000000ec2eea78) thrown at [/HUDSON/workspace/8-2-build-linux-amd64/jdk8u91/6644/hotspot/src/share/vm/interpreter/interpreterRuntime.cpp, line 366]
Event: 3.494 Thread 0x00007f386013a800 Exception <a 'java/lang/ArrayIndexOutOfBoundsException': 145> (0x00000000ec2f05f8) thrown at [/HUDSON/workspace/8-2-build-linux-amd64/jdk8u91/6644/hotspot/src/share/vm/interpreter/interpreterRuntime.cpp, line 366]
Event: 3.495 Thread 0x00007f386013a800 Exception <a 'java/lang/ArrayIndexOutOfBoundsException': 40> (0x00000000ec2f18e0) thrown at [/HUDSON/workspace/8-2-build-linux-amd64/jdk8u91/6644/hotspot/src/share/vm/interpreter/interpreterRuntime.cpp, line 366]

Events (10 events):
Event: 8.379 Thread 0x00007f386013a800 DEOPT UNPACKING pc=0x00007f3851047633 sp=0x00007f384cc77ee8 mode 0
Event: 8.406 Thread 0x00007f386013d800 DEOPT PACKING pc=0x00007f3851365fac sp=0x00007f384cb76fd0
Event: 8.406 Thread 0x00007f386013d800 DEOPT UNPACKING pc=0x00007f3851047633 sp=0x00007f384cb76cd0 mode 0
Event: 8.420 Thread 0x00007f386013a800 DEOPT PACKING pc=0x00007f38514eeb6c sp=0x00007f384cc78020
Event: 8.420 Thread 0x00007f386013a800 DEOPT UNPACKING pc=0x00007f3851047633 sp=0x00007f384cc77e08 mode 0
Event: 8.423 Thread 0x00007f386013a800 DEOPT PACKING pc=0x00007f385160ccc8 sp=0x00007f384cc78030
Event: 8.423 Thread 0x00007f386013a800 DEOPT UNPACKING pc=0x00007f3851047633 sp=0x00007f384cc77dc8 mode 0
Event: 8.479 Thread 0x00007f386013d800 DEOPT PACKING pc=0x00007f38515a2e59 sp=0x00007f384cb76fc0
Event: 8.479 Thread 0x00007f386013d800 DEOPT UNPACKING pc=0x00007f3851047633 sp=0x00007f384cb76d60 mode 0
Event: 8.496 Executing VM operation: ParallelGCFailedAllocation


Dynamic libraries:
00400000-00401000 r-xp 00000000 08:06 266116                             /home/mohamed/jdk1.8.0_91/bin/java
00600000-00601000 rw-p 00000000 08:06 266116                             /home/mohamed/jdk1.8.0_91/bin/java
0227d000-0229e000 rw-p 00000000 00:00 0                                  [heap]
c0000000-c2b80000 rw-p 00000000 00:00 0 
c2b80000-eab00000 ---p 00000000 00:00 0 
eab00000-f4700000 rw-p 00000000 00:00 0 
fd200000-100000000 ---p 00000000 00:00 0 
100000000-1000a0000 rw-p 00000000 00:00 0 
1000a0000-140000000 ---p 00000000 00:00 0 
7f3800000000-7f380002c000 rw-p 00000000 00:00 0 
7f380002c000-7f3804000000 ---p 00000000 00:00 0 
7f3808000000-7f3808029000 rw-p 00000000 00:00 0 
7f3808029000-7f380c000000 ---p 00000000 00:00 0 
7f380c000000-7f380c034000 rw-p 00000000 00:00 0 
7f380c034000-7f3810000000 ---p 00000000 00:00 0 
7f3810000000-7f3810021000 rw-p 00000000 00:00 0 
7f3810021000-7f3814000000 ---p 00000000 00:00 0 
7f3814000000-7f3814021000 rw-p 00000000 00:00 0 
7f3814021000-7f3818000000 ---p 00000000 00:00 0 
7f3818000000-7f3818021000 rw-p 00000000 00:00 0 
7f3818021000-7f381c000000 ---p 00000000 00:00 0 
7f381c000000-7f381c021000 rw-p 00000000 00:00 0 
7f381c021000-7f3820000000 ---p 00000000 00:00 0 
7f3820000000-7f38209ef000 rw-p 00000000 00:00 0 
7f38209ef000-7f3824000000 ---p 00000000 00:00 0 
7f3824000000-7f38249af000 rw-p 00000000 00:00 0 
7f38249af000-7f3828000000 ---p 00000000 00:00 0 
7f3828000000-7f3828021000 rw-p 00000000 00:00 0 
7f3828021000-7f382c000000 ---p 00000000 00:00 0 
7f382c000000-7f382c664000 rw-p 00000000 00:00 0 
7f382c664000-7f3830000000 ---p 00000000 00:00 0 
7f3830000000-7f3830021000 rw-p 00000000 00:00 0 
7f3830021000-7f3834000000 ---p 00000000 00:00 0 
7f3834000000-7f3834021000 rw-p 00000000 00:00 0 
7f3834021000-7f3838000000 ---p 00000000 00:00 0 
7f3838000000-7f3838021000 rw-p 00000000 00:00 0 
7f3838021000-7f383c000000 ---p 00000000 00:00 0 
7f383c000000-7f383c28d000 rw-p 00000000 00:00 0 
7f383c28d000-7f3840000000 ---p 00000000 00:00 0 
7f3840000000-7f3840021000 rw-p 00000000 00:00 0 
7f3840021000-7f3844000000 ---p 00000000 00:00 0 
7f3844000000-7f3844021000 rw-p 00000000 00:00 0 
7f3844021000-7f3848000000 ---p 00000000 00:00 0 
7f3848000000-7f3848021000 rw-p 00000000 00:00 0 
7f3848021000-7f384c000000 ---p 00000000 00:00 0 
7f384c977000-7f384c97a000 ---p 00000000 00:00 0 
7f384c97a000-7f384ca78000 rw-p 00000000 00:00 0 
7f384ca78000-7f384ca7b000 ---p 00000000 00:00 0 
7f384ca7b000-7f384cb79000 rw-p 00000000 00:00 0 
7f384cb79000-7f384cb7c000 ---p 00000000 00:00 0 
7f384cb7c000-7f384cc7a000 rw-p 00000000 00:00 0 
7f384cc7a000-7f384cc7d000 ---p 00000000 00:00 0 
7f384cc7d000-7f384cd7b000 rw-p 00000000 00:00 0 
7f384cd7b000-7f384cd7e000 ---p 00000000 00:00 0 
7f384cd7e000-7f384ce7c000 rw-p 00000000 00:00 0 
7f384ce7c000-7f384ce9f000 r--s 00193000 08:06 1069273                    /home/mohamed/.gradle/caches/modules-2/files-2.1/com.google.guava/guava-jdk5/13.0/381ae6c8add7c98e9bcddb1e0b898400cd6fc3f7/guava-jdk5-13.0.jar
7f384ce9f000-7f384ceae000 r--s 000df000 08:06 6165411                    /home/mohamed/Android/Sdk/build-tools/23.0.1/lib/dx.jar
7f384ceae000-7f384ceaf000 ---p 00000000 00:00 0 
7f384ceaf000-7f384cfaf000 rw-p 00000000 00:00 0 
7f384cfaf000-7f384cfb2000 ---p 00000000 00:00 0 
7f384cfb2000-7f384d0b0000 rw-p 00000000 00:00 0 
7f384d0b0000-7f384d0b3000 ---p 00000000 00:00 0 
7f384d0b3000-7f384d1b1000 rw-p 00000000 00:00 0 
7f384d1b1000-7f384d1b4000 ---p 00000000 00:00 0 
7f384d1b4000-7f384d2b2000 rw-p 00000000 00:00 0 
7f384d2b2000-7f384d2b5000 ---p 00000000 00:00 0 
7f384d2b5000-7f384d3b3000 rw-p 00000000 00:00 0 
7f384d3b3000-7f384d3b6000 ---p 00000000 00:00 0 
7f384d3b6000-7f384d4b4000 rw-p 00000000 00:00 0 
7f384d4b4000-7f384d78d000 r--p 00000000 08:06 526509                     /usr/lib/locale/locale-archive
7f384d78d000-7f384d790000 ---p 00000000 00:00 0 
7f384d790000-7f384d88e000 rw-p 00000000 00:00 0 
7f384d88e000-7f384d891000 ---p 00000000 00:00 0 
7f384d891000-7f384d98f000 rw-p 00000000 00:00 0 
7f384d98f000-7f384d990000 ---p 00000000 00:00 0 
7f384d990000-7f384ee80000 rw-p 00000000 00:00 0 
7f384ee80000-7f384f000000 ---p 00000000 00:00 0 
7f384f000000-7f3851000000 rw-p 00000000 00:00 0 
7f3851000000-7f3851700000 rwxp 00000000 00:00 0 
7f3851700000-7f3860000000 ---p 00000000 00:00 0 
7f3860000000-7f386038e000 rw-p 00000000 00:00 0 
7f386038e000-7f3864000000 ---p 00000000 00:00 0 
7f3864002000-7f3864246000 rw-p 00000000 00:00 0 
7f3864246000-7f386441f000 r--s 03d1f000 08:06 922159                     /home/mohamed/jdk1.8.0_91/jre/lib/rt.jar
7f386441f000-7f3864695000 rw-p 00000000 00:00 0 
7f3864695000-7f3864696000 ---p 00000000 00:00 0 
7f3864696000-7f3864796000 rw-p 00000000 00:00 0 
7f3864796000-7f3864797000 ---p 00000000 00:00 0 
7f3864797000-7f3864897000 rw-p 00000000 00:00 0 
7f3864897000-7f3864898000 ---p 00000000 00:00 0 
7f3864898000-7f3864998000 rw-p 00000000 00:00 0 
7f3864998000-7f3864999000 ---p 00000000 00:00 0 
7f3864999000-7f3864aaf000 rw-p 00000000 00:00 0 
7f3864aaf000-7f3864bef000 ---p 00000000 00:00 0 
7f3864bef000-7f3864c05000 rw-p 00000000 00:00 0 
7f3864c05000-7f3864d44000 ---p 00000000 00:00 0 
7f3864d44000-7f3864d93000 rw-p 00000000 00:00 0 
7f3864d93000-7f3864def000 ---p 00000000 00:00 0 
7f3864def000-7f3864e0c000 rw-p 00000000 00:00 0 
7f3864e0c000-7f38651b0000 ---p 00000000 00:00 0 
7f38651b0000-7f38651ca000 r-xp 00000000 08:06 922210                     /home/mohamed/jdk1.8.0_91/jre/lib/amd64/libzip.so
7f38651ca000-7f38653ca000 ---p 0001a000 08:06 922210                     /home/mohamed/jdk1.8.0_91/jre/lib/amd64/libzip.so
7f38653ca000-7f38653cb000 rw-p 0001a000 08:06 922210                     /home/mohamed/jdk1.8.0_91/jre/lib/amd64/libzip.so
7f38653cb000-7f38653d6000 r-xp 00000000 08:06 278669                     /lib/x86_64-linux-gnu/libnss_files-2.23.so
7f38653d6000-7f38655d5000 ---p 0000b000 08:06 278669                     /lib/x86_64-linux-gnu/libnss_files-2.23.so
7f38655d5000-7f38655d6000 r--p 0000a000 08:06 278669                     /lib/x86_64-linux-gnu/libnss_files-2.23.so
7f38655d6000-7f38655d7000 rw-p 0000b000 08:06 278669                     /lib/x86_64-linux-gnu/libnss_files-2.23.so
7f38655d7000-7f38655dd000 rw-p 00000000 00:00 0 
7f38655dd000-7f38655e8000 r-xp 00000000 08:06 278666                     /lib/x86_64-linux-gnu/libnss_nis-2.23.so
7f38655e8000-7f38657e7000 ---p 0000b000 08:06 278666                     /lib/x86_64-linux-gnu/libnss_nis-2.23.so
7f38657e7000-7f38657e8000 r--p 0000a000 08:06 278666                     /lib/x86_64-linux-gnu/libnss_nis-2.23.so
7f38657e8000-7f38657e9000 rw-p 0000b000 08:06 278666                     /lib/x86_64-linux-gnu/libnss_nis-2.23.so
7f38657e9000-7f38657ff000 r-xp 00000000 08:06 278664                     /lib/x86_64-linux-gnu/libnsl-2.23.so
7f38657ff000-7f38659fe000 ---p 00016000 08:06 278664                     /lib/x86_64-linux-gnu/libnsl-2.23.so
7f38659fe000-7f38659ff000 r--p 00015000 08:06 278664                     /lib/x86_64-linux-gnu/libnsl-2.23.so
7f38659ff000-7f3865a00000 rw-p 00016000 08:06 278664                     /lib/x86_64-linux-gnu/libnsl-2.23.so
7f3865a00000-7f3865a02000 rw-p 00000000 00:00 0 
7f3865a02000-7f3865a0a000 r-xp 00000000 08:06 278662                     /lib/x86_64-linux-gnu/libnss_compat-2.23.so
7f3865a0a000-7f3865c09000 ---p 00008000 08:06 278662                     /lib/x86_64-linux-gnu/libnss_compat-2.23.so
7f3865c09000-7f3865c0a000 r--p 00007000 08:06 278662                     /lib/x86_64-linux-gnu/libnss_compat-2.23.so
7f3865c0a000-7f3865c0b000 rw-p 00008000 08:06 278662                     /lib/x86_64-linux-gnu/libnss_compat-2.23.so
7f3865c0b000-7f3865c35000 r-xp 00000000 08:06 922205                     /home/mohamed/jdk1.8.0_91/jre/lib/amd64/libjava.so
7f3865c35000-7f3865e35000 ---p 0002a000 08:06 922205                     /home/mohamed/jdk1.8.0_91/jre/lib/amd64/libjava.so
7f3865e35000-7f3865e37000 rw-p 0002a000 08:06 922205                     /home/mohamed/jdk1.8.0_91/jre/lib/amd64/libjava.so
7f3865e37000-7f3865e44000 r-xp 00000000 08:06 922209                     /home/mohamed/jdk1.8.0_91/jre/lib/amd64/libverify.so
7f3865e44000-7f3866044000 ---p 0000d000 08:06 922209                     /home/mohamed/jdk1.8.0_91/jre/lib/amd64/libverify.so
7f3866044000-7f3866046000 rw-p 0000d000 08:06 922209                     /home/mohamed/jdk1.8.0_91/jre/lib/amd64/libverify.so
7f3866046000-7f386604d000 r-xp 00000000 08:06 278678                     /lib/x86_64-linux-gnu/librt-2.23.so
7f386604d000-7f386624c000 ---p 00007000 08:06 278678                     /lib/x86_64-linux-gnu/librt-2.23.so
7f386624c000-7f386624d000 r--p 00006000 08:06 278678                     /lib/x86_64-linux-gnu/librt-2.23.so
7f386624d000-7f386624e000 rw-p 00007000 08:06 278678                     /lib/x86_64-linux-gnu/librt-2.23.so
7f386624e000-7f3866356000 r-xp 00000000 08:06 278675                     /lib/x86_64-linux-gnu/libm-2.23.so
7f3866356000-7f3866555000 ---p 00108000 08:06 278675                     /lib/x86_64-linux-gnu/libm-2.23.so
7f3866555000-7f3866556000 r--p 00107000 08:06 278675                     /lib/x86_64-linux-gnu/libm-2.23.so
7f3866556000-7f3866557000 rw-p 00108000 08:06 278675                     /lib/x86_64-linux-gnu/libm-2.23.so
7f3866557000-7f3867217000 r-xp 00000000 08:06 1184562                    /home/mohamed/jdk1.8.0_91/jre/lib/amd64/server/libjvm.so
7f3867217000-7f3867417000 ---p 00cc0000 08:06 1184562                    /home/mohamed/jdk1.8.0_91/jre/lib/amd64/server/libjvm.so
7f3867417000-7f38674ef000 rw-p 00cc0000 08:06 1184562                    /home/mohamed/jdk1.8.0_91/jre/lib/amd64/server/libjvm.so
7f38674ef000-7f386753a000 rw-p 00000000 00:00 0 
7f386753a000-7f38676fa000 r-xp 00000000 08:06 278683                     /lib/x86_64-linux-gnu/libc-2.23.so
7f38676fa000-7f38678f9000 ---p 001c0000 08:06 278683                     /lib/x86_64-linux-gnu/libc-2.23.so
7f38678f9000-7f38678fd000 r--p 001bf000 08:06 278683                     /lib/x86_64-linux-gnu/libc-2.23.so
7f38678fd000-7f38678ff000 rw-p 001c3000 08:06 278683                     /lib/x86_64-linux-gnu/libc-2.23.so
7f38678ff000-7f3867903000 rw-p 00000000 00:00 0 
7f3867903000-7f3867906000 r-xp 00000000 08:06 278684                     /lib/x86_64-linux-gnu/libdl-2.23.so
7f3867906000-7f3867b05000 ---p 00003000 08:06 278684                     /lib/x86_64-linux-gnu/libdl-2.23.so
7f3867b05000-7f3867b06000 r--p 00002000 08:06 278684                     /lib/x86_64-linux-gnu/libdl-2.23.so
7f3867b06000-7f3867b07000 rw-p 00003000 08:06 278684                     /lib/x86_64-linux-gnu/libdl-2.23.so
7f3867b07000-7f3867b1c000 r-xp 00000000 08:06 36052                      /home/mohamed/jdk1.8.0_91/lib/amd64/jli/libjli.so
7f3867b1c000-7f3867d1c000 ---p 00015000 08:06 36052                      /home/mohamed/jdk1.8.0_91/lib/amd64/jli/libjli.so
7f3867d1c000-7f3867d1d000 rw-p 00015000 08:06 36052                      /home/mohamed/jdk1.8.0_91/lib/amd64/jli/libjli.so
7f3867d1d000-7f3867d35000 r-xp 00000000 08:06 278682                     /lib/x86_64-linux-gnu/libpthread-2.23.so
7f3867d35000-7f3867f34000 ---p 00018000 08:06 278682                     /lib/x86_64-linux-gnu/libpthread-2.23.so
7f3867f34000-7f3867f35000 r--p 00017000 08:06 278682                     /lib/x86_64-linux-gnu/libpthread-2.23.so
7f3867f35000-7f3867f36000 rw-p 00018000 08:06 278682                     /lib/x86_64-linux-gnu/libpthread-2.23.so
7f3867f36000-7f3867f3a000 rw-p 00000000 00:00 0 
7f3867f3a000-7f3867f60000 r-xp 00000000 08:06 278679                     /lib/x86_64-linux-gnu/ld-2.23.so
7f3867f65000-7f3868037000 rw-p 00000000 00:00 0 
7f3868037000-7f386803a000 ---p 00000000 00:00 0 
7f386803a000-7f386813c000 rw-p 00000000 00:00 0 
7f386813f000-7f3868153000 rw-p 00000000 00:00 0 
7f3868153000-7f386815b000 rw-s 00000000 08:06 1063529                    /tmp/hsperfdata_mohamed/12093
7f386815b000-7f386815c000 rw-p 00000000 00:00 0 
7f386815c000-7f386815d000 ---p 00000000 00:00 0 
7f386815d000-7f386815f000 rw-p 00000000 00:00 0 
7f386815f000-7f3868160000 r--p 00025000 08:06 278679                     /lib/x86_64-linux-gnu/ld-2.23.so
7f3868160000-7f3868161000 rw-p 00026000 08:06 278679                     /lib/x86_64-linux-gnu/ld-2.23.so
7f3868161000-7f3868162000 rw-p 00000000 00:00 0 
7ffd6e030000-7ffd6e051000 rw-p 00000000 00:00 0                          [stack]
7ffd6e09c000-7ffd6e09e000 r--p 00000000 00:00 0                          [vvar]
7ffd6e09e000-7ffd6e0a0000 r-xp 00000000 00:00 0                          [vdso]
ffffffffff600000-ffffffffff601000 r-xp 00000000 00:00 0                  [vsyscall]

VM Arguments:
jvm_args: -Djava.awt.headless=true -Xmx1024M -Dfile.encoding=UTF-8 -Duser.country=US -Duser.language=en -Duser.variant 
java_command: com.android.dx.command.Main --dex --force-jumbo --num-threads=4 --output /media/mohamed/Programs/Explore/app/build/intermediates/pre-dexed/debug/guava-jdk5-13.0_8c3a5ca224a02fb0d36671a9b3b7c568e325d058.jar /home/mohamed/.gradle/caches/modules-2/files-2.1/com.google.guava/guava-jdk5/13.0/381ae6c8add7c98e9bcddb1e0b898400cd6fc3f7/guava-jdk5-13.0.jar
java_class_path (initial): /home/mohamed/Android/Sdk/build-tools/23.0.1/lib/dx.jar
Launcher Type: SUN_STANDARD

Environment Variables:
JAVA_HOME=/usr/lib/jvm/java-8-oracle
PATH=/usr/local/sbin:/usr/local/bin:/usr/sbin:/usr/bin:/sbin:/bin:/usr/games:/usr/local/games:/snap/bin:/usr/lib/jvm/java-8-oracle/bin:/usr/lib/jvm/java-8-oracle/db/bin:/usr/lib/jvm/java-8-oracle/jre/bin
LD_LIBRARY_PATH=/home/mohamed/tools/android/android-studio/bin:
SHELL=/bin/bash
DISPLAY=:0

Signal Handlers:
SIGSEGV: [libjvm.so+0xabca10], sa_mask[0]=11111111011111111101111111111110, sa_flags=SA_RESTART|SA_SIGINFO
SIGBUS: [libjvm.so+0xabca10], sa_mask[0]=11111111011111111101111111111110, sa_flags=SA_RESTART|SA_SIGINFO
SIGFPE: [libjvm.so+0x919a20], sa_mask[0]=11111111011111111101111111111110, sa_flags=SA_RESTART|SA_SIGINFO
SIGPIPE: [libjvm.so+0x919a20], sa_mask[0]=11111111011111111101111111111110, sa_flags=SA_RESTART|SA_SIGINFO
SIGXFSZ: [libjvm.so+0x919a20], sa_mask[0]=11111111011111111101111111111110, sa_flags=SA_RESTART|SA_SIGINFO
SIGILL: [libjvm.so+0x919a20], sa_mask[0]=11111111011111111101111111111110, sa_flags=SA_RESTART|SA_SIGINFO
SIGUSR1: SIG_DFL, sa_mask[0]=00000000000000000000000000000000, sa_flags=none
SIGUSR2: [libjvm.so+0x91b050], sa_mask[0]=00100000000000000000000000000000, sa_flags=SA_RESTART|SA_SIGINFO
SIGHUP: [libjvm.so+0x91c450], sa_mask[0]=11111111011111111101111111111110, sa_flags=SA_RESTART|SA_SIGINFO
SIGINT: [libjvm.so+0x91c450], sa_mask[0]=11111111011111111101111111111110, sa_flags=SA_RESTART|SA_SIGINFO
SIGTERM: [libjvm.so+0x91c450], sa_mask[0]=11111111011111111101111111111110, sa_flags=SA_RESTART|SA_SIGINFO
SIGQUIT: [libjvm.so+0x91c450], sa_mask[0]=11111111011111111101111111111110, sa_flags=SA_RESTART|SA_SIGINFO


---------------  S Y S T E M  ---------------

OS:DISTRIB_ID=Ubuntu
DISTRIB_RELEASE=16.04
DISTRIB_CODENAME=xenial
DISTRIB_DESCRIPTION="Ubuntu 16.04 LTS"

uname:Linux 4.4.0-22-generic #40-Ubuntu SMP Thu May 12 22:03:46 UTC 2016 x86_64
libc:glibc 2.23 NPTL 2.23 
rlimit: STACK 8192k, CORE 0k, NPROC 15304, NOFILE 65536, AS infinity
load average:35.30 11.99 4.82

/proc/meminfo:
MemTotal:        3956776 kB
MemFree:          498528 kB
MemAvailable:     567128 kB
Buffers:            1888 kB
Cached:           307412 kB
SwapCached:            0 kB
Active:          3002156 kB
Inactive:         280080 kB
Active(anon):    2994284 kB
Inactive(anon):   225720 kB
Active(file):       7872 kB
Inactive(file):    54360 kB
Unevictable:          32 kB
Mlocked:              32 kB
SwapTotal:             0 kB
SwapFree:              0 kB
Dirty:                84 kB
Writeback:             0 kB
AnonPages:       2973336 kB
Mapped:           127996 kB
Shmem:            246764 kB
Slab:              76360 kB
SReclaimable:      35756 kB
SUnreclaim:        40604 kB
KernelStack:       10448 kB
PageTables:        43900 kB
NFS_Unstable:          0 kB
Bounce:                0 kB
WritebackTmp:          0 kB
CommitLimit:     1978388 kB
Committed_AS:    6695508 kB
VmallocTotal:   34359738367 kB
VmallocUsed:           0 kB
VmallocChunk:          0 kB
HardwareCorrupted:     0 kB
AnonHugePages:   1284096 kB
CmaTotal:              0 kB
CmaFree:               0 kB
HugePages_Total:       0
HugePages_Free:        0
HugePages_Rsvd:        0
HugePages_Surp:        0
Hugepagesize:       2048 kB
DirectMap4k:      164216 kB
DirectMap2M:     3940352 kB
DirectMap1G:           0 kB


CPU:total 4 (2 cores per cpu, 2 threads per core) family 6 model 60 stepping 3, cmov, cx8, fxsr, mmx, sse, sse2, sse3, ssse3, sse4.1, sse4.2, popcnt, avx, avx2, aes, clmul, erms, lzcnt, ht, tsc, tscinvbit, bmi1, bmi2

/proc/cpuinfo:
processor	: 0
vendor_id	: GenuineIntel
cpu family	: 6
model		: 60
model name	: Intel(R) Core(TM) i5-4200M CPU @ 2.50GHz
stepping	: 3
microcode	: 0x16
cpu MHz		: 3000.000
cache size	: 3072 KB
physical id	: 0
siblings	: 4
core id		: 0
cpu cores	: 2
apicid		: 0
initial apicid	: 0
fpu		: yes
fpu_exception	: yes
cpuid level	: 13
wp		: yes
flags		: fpu vme de pse tsc msr pae mce cx8 apic sep mtrr pge mca cmov pat pse36 clflush dts acpi mmx fxsr sse sse2 ss ht tm pbe syscall nx pdpe1gb rdtscp lm constant_tsc arch_perfmon pebs bts rep_good nopl xtopology nonstop_tsc aperfmperf eagerfpu pni pclmulqdq dtes64 monitor ds_cpl vmx est tm2 ssse3 sdbg fma cx16 xtpr pdcm pcid sse4_1 sse4_2 movbe popcnt tsc_deadline_timer aes xsave avx f16c rdrand lahf_lm abm epb tpr_shadow vnmi flexpriority ept vpid fsgsbase tsc_adjust bmi1 avx2 smep bmi2 erms invpcid xsaveopt dtherm ida arat pln pts
bugs		:
bogomips	: 4988.77
clflush size	: 64
cache_alignment	: 64
address sizes	: 39 bits physical, 48 bits virtual
power management:

processor	: 1
vendor_id	: GenuineIntel
cpu family	: 6
model		: 60
model name	: Intel(R) Core(TM) i5-4200M CPU @ 2.50GHz
stepping	: 3
microcode	: 0x16
cpu MHz		: 2999.902
cache size	: 3072 KB
physical id	: 0
siblings	: 4
core id		: 1
cpu cores	: 2
apicid		: 2
initial apicid	: 2
fpu		: yes
fpu_exception	: yes
cpuid level	: 13
wp		: yes
flags		: fpu vme de pse tsc msr pae mce cx8 apic sep mtrr pge mca cmov pat pse36 clflush dts acpi mmx fxsr sse sse2 ss ht tm pbe syscall nx pdpe1gb rdtscp lm constant_tsc arch_perfmon pebs bts rep_good nopl xtopology nonstop_tsc aperfmperf eagerfpu pni pclmulqdq dtes64 monitor ds_cpl vmx est tm2 ssse3 sdbg fma cx16 xtpr pdcm pcid sse4_1 sse4_2 movbe popcnt tsc_deadline_timer aes xsave avx f16c rdrand lahf_lm abm epb tpr_shadow vnmi flexpriority ept vpid fsgsbase tsc_adjust bmi1 avx2 smep bmi2 erms invpcid xsaveopt dtherm ida arat pln pts
bugs		:
bogomips	: 4988.77
clflush size	: 64
cache_alignment	: 64
address sizes	: 39 bits physical, 48 bits virtual
power management:

processor	: 2
vendor_id	: GenuineIntel
cpu family	: 6
model		: 60
model name	: Intel(R) Core(TM) i5-4200M CPU @ 2.50GHz
stepping	: 3
microcode	: 0x16
cpu MHz		: 2999.902
cache size	: 3072 KB
physical id	: 0
siblings	: 4
core id		: 0
cpu cores	: 2
apicid		: 1
initial apicid	: 1
fpu		: yes
fpu_exception	: yes
cpuid level	: 13
wp		: yes
flags		: fpu vme de pse tsc msr pae mce cx8 apic sep mtrr pge mca cmov pat pse36 clflush dts acpi mmx fxsr sse sse2 ss ht tm pbe syscall nx pdpe1gb rdtscp lm constant_tsc arch_perfmon pebs bts rep_good nopl xtopology nonstop_tsc aperfmperf eagerfpu pni pclmulqdq dtes64 monitor ds_cpl vmx est tm2 ssse3 sdbg fma cx16 xtpr pdcm pcid sse4_1 sse4_2 movbe popcnt tsc_deadline_timer aes xsave avx f16c rdrand lahf_lm abm epb tpr_shadow vnmi flexpriority ept vpid fsgsbase tsc_adjust bmi1 avx2 smep bmi2 erms invpcid xsaveopt dtherm ida arat pln pts
bugs		:
bogomips	: 4988.77
clflush size	: 64
cache_alignment	: 64
address sizes	: 39 bits physical, 48 bits virtual
power management:

processor	: 3
vendor_id	: GenuineIntel
cpu family	: 6
model		: 60
model name	: Intel(R) Core(TM) i5-4200M CPU @ 2.50GHz
stepping	: 3
microcode	: 0x16
cpu MHz		: 2999.902
cache size	: 3072 KB
physical id	: 0
siblings	: 4
core id		: 1
cpu cores	: 2
apicid		: 3
initial apicid	: 3
fpu		: yes
fpu_exception	: yes
cpuid level	: 13
wp		: yes
flags		: fpu vme de pse tsc msr pae mce cx8 apic sep mtrr pge mca cmov pat pse36 clflush dts acpi mmx fxsr sse sse2 ss ht tm pbe syscall nx pdpe1gb rdtscp lm constant_tsc arch_perfmon pebs bts rep_good nopl xtopology nonstop_tsc aperfmperf eagerfpu pni pclmulqdq dtes64 monitor ds_cpl vmx est tm2 ssse3 sdbg fma cx16 xtpr pdcm pcid sse4_1 sse4_2 movbe popcnt tsc_deadline_timer aes xsave avx f16c rdrand lahf_lm abm epb tpr_shadow vnmi flexpriority ept vpid fsgsbase tsc_adjust bmi1 avx2 smep bmi2 erms invpcid xsaveopt dtherm ida arat pln pts
bugs		:
bogomips	: 4988.77
clflush size	: 64
cache_alignment	: 64
address sizes	: 39 bits physical, 48 bits virtual
power management:



Memory: 4k page, physical 3956776k(498528k free), swap 0k(0k free)

vm_info: Java HotSpot(TM) 64-Bit Server VM (25.91-b14) for linux-amd64 JRE (1.8.0_91-b14), built on Apr  1 2016 00:57:21 by "java_re" with gcc 4.3.0 20080428 (Red Hat 4.3.0-8)

time: Thu May 19 05:54:11 2016
elapsed time: 80 seconds (0d 0h 1m 20s)

