#
# There is insufficient memory for the Java Runtime Environment to continue.
# Native memory allocation (mmap) failed to map 146800640 bytes for committing reserved memory.
# Possible reasons:
#   The system is out of physical RAM or swap space
#   In 32 bit mode, the process size limit was hit
# Possible solutions:
#   Reduce memory load on the system
#   Increase physical memory or swap space
#   Check if swap backing store is full
#   Use 64 bit Java on a 64 bit OS
#   Decrease Java heap size (-Xmx/-Xms)
#   Decrease number of Java threads
#   Decrease Java thread stack sizes (-Xss)
#   Set larger code cache with -XX:ReservedCodeCacheSize=
# This output file may be truncated or incomplete.
#
#  Out of Memory Error (os_linux.cpp:2627), pid=8467, tid=140107416815360
#
# JRE version: Java(TM) SE Runtime Environment (8.0_91-b14) (build 1.8.0_91-b14)
# Java VM: Java HotSpot(TM) 64-Bit Server VM (25.91-b14 mixed mode linux-amd64 compressed oops)
# Failed to write core dump. Core dumps have been disabled. To enable core dumping, try "ulimit -c unlimited" before starting Java again
#

---------------  T H R E A D  ---------------

Current thread (0x00007f6d64078000):  VMThread [stack: 0x00007f6d4cbf4000,0x00007f6d4ccf5000] [id=8476]

Stack: [0x00007f6d4cbf4000,0x00007f6d4ccf5000],  sp=0x00007f6d4ccf2fa0,  free space=1019k
Native frames: (J=compiled Java code, j=interpreted, Vv=VM code, C=native code)
V  [libjvm.so+0xabc18a]  VMError::report_and_die()+0x2ba
V  [libjvm.so+0x4fafeb]  report_vm_out_of_memory(char const*, int, unsigned long, VMErrorType, char const*)+0x8b
V  [libjvm.so+0x91cbb3]  os::Linux::commit_memory_impl(char*, unsigned long, bool)+0x103
V  [libjvm.so+0x91d109]  os::pd_commit_memory(char*, unsigned long, unsigned long, bool)+0x29
V  [libjvm.so+0x91740a]  os::commit_memory(char*, unsigned long, unsigned long, bool)+0x2a
V  [libjvm.so+0x98b033]  PSVirtualSpace::expand_by(unsigned long)+0x53
V  [libjvm.so+0x98c438]  PSYoungGen::resize_generation(unsigned long, unsigned long)+0xf8
V  [libjvm.so+0x98b592]  PSYoungGen::resize(unsigned long, unsigned long)+0x22
V  [libjvm.so+0x98886b]  PSScavenge::invoke_no_policy()+0xf3b
V  [libjvm.so+0x988ff1]  PSScavenge::invoke()+0x41
V  [libjvm.so+0x9408b0]  ParallelScavengeHeap::failed_mem_allocate(unsigned long)+0x70
V  [libjvm.so+0xabdba7]  VM_ParallelGCFailedAllocation::doit()+0x97
V  [libjvm.so+0xac55d5]  VM_Operation::evaluate()+0x55
V  [libjvm.so+0xac39aa]  VMThread::evaluate_operation(VM_Operation*)+0xba
V  [libjvm.so+0xac3d2e]  VMThread::loop()+0x1ce
V  [libjvm.so+0xac41a0]  VMThread::run()+0x70
V  [libjvm.so+0x91ef78]  java_start(Thread*)+0x108

VM_Operation (0x00007f6d6b3cb600): ParallelGCFailedAllocation, mode: safepoint, requested by thread 0x00007f6d6400a000


---------------  P R O C E S S  ---------------

Java Threads: ( => current thread )
  0x00007f6d6413f000 JavaThread "pool-1-thread-4" [_thread_blocked, id=8494, stack(0x00007f6d47bfc000,0x00007f6d47cfd000)]
  0x00007f6d6413d800 JavaThread "pool-1-thread-3" [_thread_blocked, id=8493, stack(0x00007f6d47cfd000,0x00007f6d47dfe000)]
  0x00007f6d6413a800 JavaThread "pool-1-thread-2" [_thread_blocked, id=8492, stack(0x00007f6d47dfe000,0x00007f6d47eff000)]
  0x00007f6d64138800 JavaThread "pool-2-thread-1" [_thread_blocked, id=8491, stack(0x00007f6d47eff000,0x00007f6d48000000)]
  0x00007f6d64134000 JavaThread "pool-1-thread-1" [_thread_blocked, id=8490, stack(0x00007f6d4c012000,0x00007f6d4c113000)]
  0x00007f6d640c1000 JavaThread "Service Thread" daemon [_thread_blocked, id=8483, stack(0x00007f6d4c214000,0x00007f6d4c315000)]
  0x00007f6d640be000 JavaThread "C1 CompilerThread2" daemon [_thread_blocked, id=8482, stack(0x00007f6d4c315000,0x00007f6d4c416000)]
  0x00007f6d640bc800 JavaThread "C2 CompilerThread1" daemon [_thread_blocked, id=8481, stack(0x00007f6d4c416000,0x00007f6d4c517000)]
  0x00007f6d640b9800 JavaThread "C2 CompilerThread0" daemon [_thread_blocked, id=8480, stack(0x00007f6d4c517000,0x00007f6d4c618000)]
  0x00007f6d640b8000 JavaThread "Signal Dispatcher" daemon [_thread_blocked, id=8479, stack(0x00007f6d4c618000,0x00007f6d4c719000)]
  0x00007f6d64084000 JavaThread "Finalizer" daemon [_thread_blocked, id=8478, stack(0x00007f6d4c9f2000,0x00007f6d4caf3000)]
  0x00007f6d6407f800 JavaThread "Reference Handler" daemon [_thread_blocked, id=8477, stack(0x00007f6d4caf3000,0x00007f6d4cbf4000)]
  0x00007f6d6400a000 JavaThread "main" [_thread_blocked, id=8469, stack(0x00007f6d6b2cd000,0x00007f6d6b3ce000)]

Other Threads:
=>0x00007f6d64078000 VMThread [stack: 0x00007f6d4cbf4000,0x00007f6d4ccf5000] [id=8476]
  0x00007f6d640c4000 WatcherThread [stack: 0x00007f6d4c113000,0x00007f6d4c214000] [id=8484]

VM state:at safepoint (normal execution)

VM Mutex/Monitor currently owned by a thread:  ([mutex/lock_event])
[0x00007f6d640064e0] Threads_lock - owner thread: 0x00007f6d64078000
[0x00007f6d640069e0] Heap_lock - owner thread: 0x00007f6d6400a000

Heap:
 PSYoungGen      total 139264K, used 15870K [0x00000000eab00000, 0x00000000f4600000, 0x0000000100000000)
  eden space 123392K, 0% used [0x00000000eab00000,0x00000000eab00000,0x00000000f2380000)
  from space 15872K, 99% used [0x00000000f2380000,0x00000000f32ff978,0x00000000f3300000)
  to   space 12288K, 0% used [0x00000000f3300000,0x00000000f3300000,0x00000000f3f00000)
 ParOldGen       total 44544K, used 44264K [0x00000000c0000000, 0x00000000c2b80000, 0x00000000eab00000)
  object space 44544K, 99% used [0x00000000c0000000,0x00000000c2b3a370,0x00000000c2b80000)
 Metaspace       used 6241K, capacity 7156K, committed 7296K, reserved 1056768K
  class space    used 606K, capacity 620K, committed 640K, reserved 1048576K

Card table byte_map: [0x00007f6d54dff000,0x00007f6d55000000] byte_map_base: 0x00007f6d547ff000

Marking Bits: (ParMarkBitMap*) 0x00007f6d6a7a3d60
 Begin Bits: [0x00007f6d4e000000, 0x00007f6d4f000000)
 End Bits:   [0x00007f6d4f000000, 0x00007f6d50000000)

Polling page: 0x00007f6d6b3f2000

CodeCache: size=245760Kb used=6963Kb max_used=6963Kb free=238796Kb
 bounds [0x00007f6d55000000, 0x00007f6d556e0000, 0x00007f6d64000000]
 total_blobs=2098 nmethods=1829 adapters=182
 compilation: enabled

Compilation events (10 events):
Event: 7.100 Thread 0x00007f6d640be000 2129   !   2       com.android.dx.dex.cf.CfTranslator::processFields (251 bytes)
Event: 7.135 Thread 0x00007f6d640be000 nmethod 2129 0x00007f6d556cbdd0 code [0x00007f6d556cc120, 0x00007f6d556cce48]
Event: 7.135 Thread 0x00007f6d640be000 2132       2       java.util.concurrent.locks.AbstractQueuedSynchronizer::isOnSyncQueue (33 bytes)
Event: 7.146 Thread 0x00007f6d640be000 nmethod 2132 0x00007f6d556ce650 code [0x00007f6d556ce7c0, 0x00007f6d556ce9d0]
Event: 7.146 Thread 0x00007f6d640be000 2133       2       com.android.dx.dex.file.AnnotationsDirectoryItem::setClassAnnotations (45 bytes)
Event: 7.146 Thread 0x00007f6d640be000 nmethod 2133 0x00007f6d556ceb10 code [0x00007f6d556ceca0, 0x00007f6d556cf008]
Event: 7.172 Thread 0x00007f6d640be000 2134       3       com.android.dx.ssa.SsaMethod::removeFromUseList (57 bytes)
Event: 7.173 Thread 0x00007f6d640be000 nmethod 2134 0x00007f6d556cf1d0 code [0x00007f6d556cf3a0, 0x00007f6d556cfb68]
Event: 7.173 Thread 0x00007f6d640be000 2135       2       java.util.zip.ZipEntry::isDirectory (10 bytes)
Event: 7.173 Thread 0x00007f6d640be000 nmethod 2135 0x00007f6d556cfed0 code [0x00007f6d556d0040, 0x00007f6d556d01e8]

GC Heap History (10 events):
Event: 1.930 GC heap after
Heap after GC invocations=2 (full 0):
 PSYoungGen      total 34304K, used 2535K [0x00000000eab00000, 0x00000000ecf00000, 0x0000000100000000)
  eden space 31744K, 0% used [0x00000000eab00000,0x00000000eab00000,0x00000000eca00000)
  from space 2560K, 99% used [0x00000000ecc80000,0x00000000ecef9c78,0x00000000ecf00000)
  to   space 2560K, 0% used [0x00000000eca00000,0x00000000eca00000,0x00000000ecc80000)
 ParOldGen       total 42496K, used 4490K [0x00000000c0000000, 0x00000000c2980000, 0x00000000eab00000)
  object space 42496K, 10% used [0x00000000c0000000,0x00000000c04628e0,0x00000000c2980000)
 Metaspace       used 5609K, capacity 6704K, committed 6784K, reserved 1056768K
  class space    used 582K, capacity 616K, committed 640K, reserved 1048576K
}
Event: 2.916 GC heap before
{Heap before GC invocations=3 (full 0):
 PSYoungGen      total 34304K, used 34279K [0x00000000eab00000, 0x00000000ecf00000, 0x0000000100000000)
  eden space 31744K, 100% used [0x00000000eab00000,0x00000000eca00000,0x00000000eca00000)
  from space 2560K, 99% used [0x00000000ecc80000,0x00000000ecef9c78,0x00000000ecf00000)
  to   space 2560K, 0% used [0x00000000eca00000,0x00000000eca00000,0x00000000ecc80000)
 ParOldGen       total 42496K, used 4490K [0x00000000c0000000, 0x00000000c2980000, 0x00000000eab00000)
  object space 42496K, 10% used [0x00000000c0000000,0x00000000c04628e0,0x00000000c2980000)
 Metaspace       used 5786K, capacity 6770K, committed 7040K, reserved 1056768K
  class space    used 603K, capacity 618K, committed 640K, reserved 1048576K
Event: 2.959 GC heap after
Heap after GC invocations=3 (full 0):
 PSYoungGen      total 34304K, used 2547K [0x00000000eab00000, 0x00000000eee00000, 0x0000000100000000)
  eden space 31744K, 0% used [0x00000000eab00000,0x00000000eab00000,0x00000000eca00000)
  from space 2560K, 99% used [0x00000000eca00000,0x00000000ecc7cf28,0x00000000ecc80000)
  to   space 2560K, 0% used [0x00000000eeb80000,0x00000000eeb80000,0x00000000eee00000)
 ParOldGen       total 42496K, used 9058K [0x00000000c0000000, 0x00000000c2980000, 0x00000000eab00000)
  object space 42496K, 21% used [0x00000000c0000000,0x00000000c08d8840,0x00000000c2980000)
 Metaspace       used 5786K, capacity 6770K, committed 7040K, reserved 1056768K
  class space    used 603K, capacity 618K, committed 640K, reserved 1048576K
}
Event: 3.506 GC heap before
{Heap before GC invocations=4 (full 0):
 PSYoungGen      total 34304K, used 34291K [0x00000000eab00000, 0x00000000eee00000, 0x0000000100000000)
  eden space 31744K, 100% used [0x00000000eab00000,0x00000000eca00000,0x00000000eca00000)
  from space 2560K, 99% used [0x00000000eca00000,0x00000000ecc7cf28,0x00000000ecc80000)
  to   space 2560K, 0% used [0x00000000eeb80000,0x00000000eeb80000,0x00000000eee00000)
 ParOldGen       total 42496K, used 9058K [0x00000000c0000000, 0x00000000c2980000, 0x00000000eab00000)
  object space 42496K, 21% used [0x00000000c0000000,0x00000000c08d8840,0x00000000c2980000)
 Metaspace       used 5831K, capacity 6836K, committed 7040K, reserved 1056768K
  class space    used 606K, capacity 620K, committed 640K, reserved 1048576K
Event: 3.562 GC heap after
Heap after GC invocations=4 (full 0):
 PSYoungGen      total 66048K, used 2528K [0x00000000eab00000, 0x00000000eee00000, 0x0000000100000000)
  eden space 63488K, 0% used [0x00000000eab00000,0x00000000eab00000,0x00000000ee900000)
  from space 2560K, 98% used [0x00000000eeb80000,0x00000000eedf8028,0x00000000eee00000)
  to   space 2560K, 0% used [0x00000000ee900000,0x00000000ee900000,0x00000000eeb80000)
 ParOldGen       total 42496K, used 13926K [0x00000000c0000000, 0x00000000c2980000, 0x00000000eab00000)
  object space 42496K, 32% used [0x00000000c0000000,0x00000000c0d99990,0x00000000c2980000)
 Metaspace       used 5831K, capacity 6836K, committed 7040K, reserved 1056768K
  class space    used 606K, capacity 620K, committed 640K, reserved 1048576K
}
Event: 4.530 GC heap before
{Heap before GC invocations=5 (full 0):
 PSYoungGen      total 66048K, used 66016K [0x00000000eab00000, 0x00000000eee00000, 0x0000000100000000)
  eden space 63488K, 100% used [0x00000000eab00000,0x00000000ee900000,0x00000000ee900000)
  from space 2560K, 98% used [0x00000000eeb80000,0x00000000eedf8028,0x00000000eee00000)
  to   space 2560K, 0% used [0x00000000ee900000,0x00000000ee900000,0x00000000eeb80000)
 ParOldGen       total 42496K, used 13926K [0x00000000c0000000, 0x00000000c2980000, 0x00000000eab00000)
  object space 42496K, 32% used [0x00000000c0000000,0x00000000c0d99990,0x00000000c2980000)
 Metaspace       used 5962K, capacity 6964K, committed 7040K, reserved 1056768K
  class space    used 606K, capacity 620K, committed 640K, reserved 1048576K
Event: 4.651 GC heap after
Heap after GC invocations=5 (full 0):
 PSYoungGen      total 66048K, used 2535K [0x00000000eab00000, 0x00000000f3f00000, 0x0000000100000000)
  eden space 63488K, 0% used [0x00000000eab00000,0x00000000eab00000,0x00000000ee900000)
  from space 2560K, 99% used [0x00000000ee900000,0x00000000eeb79c00,0x00000000eeb80000)
  to   space 12288K, 0% used [0x00000000f3300000,0x00000000f3300000,0x00000000f3f00000)
 ParOldGen       total 42496K, used 23472K [0x00000000c0000000, 0x00000000c2980000, 0x00000000eab00000)
  object space 42496K, 55% used [0x00000000c0000000,0x00000000c16ec118,0x00000000c2980000)
 Metaspace       used 5962K, capacity 6964K, committed 7040K, reserved 1056768K
  class space    used 606K, capacity 620K, committed 640K, reserved 1048576K
}
Event: 5.353 GC heap before
{Heap before GC invocations=6 (full 0):
 PSYoungGen      total 66048K, used 66023K [0x00000000eab00000, 0x00000000f3f00000, 0x0000000100000000)
  eden space 63488K, 100% used [0x00000000eab00000,0x00000000ee900000,0x00000000ee900000)
  from space 2560K, 99% used [0x00000000ee900000,0x00000000eeb79c00,0x00000000eeb80000)
  to   space 12288K, 0% used [0x00000000f3300000,0x00000000f3300000,0x00000000f3f00000)
 ParOldGen       total 42496K, used 23472K [0x00000000c0000000, 0x00000000c2980000, 0x00000000eab00000)
  object space 42496K, 55% used [0x00000000c0000000,0x00000000c16ec118,0x00000000c2980000)
 Metaspace       used 5972K, capacity 6964K, committed 7040K, reserved 1056768K
  class space    used 606K, capacity 620K, committed 640K, reserved 1048576K
Event: 5.475 GC heap after
Heap after GC invocations=6 (full 0):
 PSYoungGen      total 135680K, used 12267K [0x00000000eab00000, 0x00000000f4600000, 0x0000000100000000)
  eden space 123392K, 0% used [0x00000000eab00000,0x00000000eab00000,0x00000000f2380000)
  from space 12288K, 99% used [0x00000000f3300000,0x00000000f3efae68,0x00000000f3f00000)
  to   space 15872K, 0% used [0x00000000f2380000,0x00000000f2380000,0x00000000f3300000)
 ParOldGen       total 42496K, used 26617K [0x00000000c0000000, 0x00000000c2980000, 0x00000000eab00000)
  object space 42496K, 62% used [0x00000000c0000000,0x00000000c19fe4b8,0x00000000c2980000)
 Metaspace       used 5972K, capacity 6964K, committed 7040K, reserved 1056768K
  class space    used 606K, capacity 620K, committed 640K, reserved 1048576K
}
Event: 7.210 GC heap before
{Heap before GC invocations=7 (full 0):
 PSYoungGen      total 135680K, used 135659K [0x00000000eab00000, 0x00000000f4600000, 0x0000000100000000)
  eden space 123392K, 100% used [0x00000000eab00000,0x00000000f2380000,0x00000000f2380000)
  from space 12288K, 99% used [0x00000000f3300000,0x00000000f3efae68,0x00000000f3f00000)
  to   space 15872K, 0% used [0x00000000f2380000,0x00000000f2380000,0x00000000f3300000)
 ParOldGen       total 42496K, used 26617K [0x00000000c0000000, 0x00000000c2980000, 0x00000000eab00000)
  object space 42496K, 62% used [0x00000000c0000000,0x00000000c19fe4b8,0x00000000c2980000)
 Metaspace       used 6241K, capacity 7156K, committed 7296K, reserved 1056768K
  class space    used 606K, capacity 620K, committed 640K, reserved 1048576K

Deoptimization events (10 events):
Event: 2.506 Thread 0x00007f6d6413f000 Uncommon trap: reason=bimorphic action=maybe_recompile pc=0x00007f6d551d16d8 method=java.util.HashMap.getNode(ILjava/lang/Object;)Ljava/util/HashMap$Node; @ 126
Event: 2.506 Thread 0x00007f6d6413f000 Uncommon trap: reason=bimorphic action=maybe_recompile pc=0x00007f6d552b2848 method=java.util.HashMap.getNode(ILjava/lang/Object;)Ljava/util/HashMap$Node; @ 126
Event: 2.509 Thread 0x00007f6d64134000 Uncommon trap: reason=unstable_if action=reinterpret pc=0x00007f6d552f0e98 method=java.util.HashMap.putVal(ILjava/lang/Object;Ljava/lang/Object;ZZ)Ljava/lang/Object; @ 162
Event: 2.600 Thread 0x00007f6d64134000 Uncommon trap: reason=unstable_if action=reinterpret pc=0x00007f6d552cd45c method=com.android.dx.rop.code.RegisterSpec.equals(ILcom/android/dx/rop/type/TypeBearer;Lcom/android/dx/rop/code/LocalItem;)Z @ 42
Event: 3.745 Thread 0x00007f6d64134000 Uncommon trap: reason=null_check action=make_not_entrant pc=0x00007f6d5529fbf8 method=com.android.dx.ssa.SsaRenamer.getLocalForNewReg(I)Lcom/android/dx/rop/code/LocalItem; @ 19
Event: 3.806 Thread 0x00007f6d6413f000 Uncommon trap: reason=null_check action=make_not_entrant pc=0x00007f6d552a9af0 method=com.android.dx.ssa.SsaRenamer.getLocalForNewReg(I)Lcom/android/dx/rop/code/LocalItem; @ 19
Event: 3.955 Thread 0x00007f6d6413f000 Uncommon trap: reason=null_check action=make_not_entrant pc=0x00007f6d553a2fe8 method=com.android.dx.rop.type.Type.equals(Ljava/lang/Object;)Z @ 8
Event: 4.066 Thread 0x00007f6d64134000 Uncommon trap: reason=unstable_if action=reinterpret pc=0x00007f6d55391724 method=java.util.HashMap.putVal(ILjava/lang/Object;Ljava/lang/Object;ZZ)Ljava/lang/Object; @ 109
Event: 4.337 Thread 0x00007f6d64134000 Uncommon trap: reason=unstable_if action=reinterpret pc=0x00007f6d55354b54 method=com.android.dx.dex.code.OutputFinisher.hasLocalInfo(Lcom/android/dx/dex/code/DalvInsn;)Z @ 24
Event: 6.406 Thread 0x00007f6d6413a800 Uncommon trap: reason=unstable_if action=reinterpret pc=0x00007f6d5537e7bc method=com.android.dx.ssa.SsaMethod.updateOneDefinition(Lcom/android/dx/ssa/SsaInsn;Lcom/android/dx/rop/code/RegisterSpec;)V @ 4

Internal exceptions (8 events):
Event: 0.052 Thread 0x00007f6d6400a000 Exception <a 'java/lang/NoSuchMethodError': Method sun.misc.Unsafe.defineClass(Ljava/lang/String;[BII)Ljava/lang/Class; name or signature does not match> (0x00000000eab07cc0) thrown at [/HUDSON/workspace/8-2-build-linux-amd64/jdk8u91/6644/hotspot/src/shar
Event: 0.052 Thread 0x00007f6d6400a000 Exception <a 'java/lang/NoSuchMethodError': Method sun.misc.Unsafe.prefetchRead(Ljava/lang/Object;J)V name or signature does not match> (0x00000000eab07fa8) thrown at [/HUDSON/workspace/8-2-build-linux-amd64/jdk8u91/6644/hotspot/src/share/vm/prims/jni.cpp
Event: 2.511 Thread 0x00007f6d64134000 Exception <a 'java/lang/ArrayIndexOutOfBoundsException': 18> (0x00000000ebe7ba80) thrown at [/HUDSON/workspace/8-2-build-linux-amd64/jdk8u91/6644/hotspot/src/share/vm/interpreter/interpreterRuntime.cpp, line 366]
Event: 2.511 Thread 0x00007f6d64134000 Exception <a 'java/lang/ArrayIndexOutOfBoundsException': 145> (0x00000000ebe7d600) thrown at [/HUDSON/workspace/8-2-build-linux-amd64/jdk8u91/6644/hotspot/src/share/vm/interpreter/interpreterRuntime.cpp, line 366]
Event: 2.512 Thread 0x00007f6d64134000 Exception <a 'java/lang/ArrayIndexOutOfBoundsException': 40> (0x00000000ebe7e8e8) thrown at [/HUDSON/workspace/8-2-build-linux-amd64/jdk8u91/6644/hotspot/src/share/vm/interpreter/interpreterRuntime.cpp, line 366]
Event: 3.745 Thread 0x00007f6d64134000 Implicit null exception at 0x00007f6d5529d247 to 0x00007f6d5529fbbd
Event: 3.806 Thread 0x00007f6d6413f000 Implicit null exception at 0x00007f6d552a6de9 to 0x00007f6d552a9acd
Event: 3.955 Thread 0x00007f6d6413f000 Implicit null exception at 0x00007f6d553a2ee2 to 0x00007f6d553a2fdb

Events (10 events):
Event: 6.675 Thread 0x00007f6d6413a800 DEOPT UNPACKING pc=0x00007f6d55047633 sp=0x00007f6d47efcd30 mode 0
Event: 6.831 Thread 0x00007f6d6400a000 DEOPT PACKING pc=0x00007f6d551eb6b9 sp=0x00007f6d6b3cb880
Event: 6.831 Thread 0x00007f6d6400a000 DEOPT UNPACKING pc=0x00007f6d55047633 sp=0x00007f6d6b3cb5d0 mode 0
Event: 6.927 Thread 0x00007f6d6413d800 DEOPT PACKING pc=0x00007f6d5549d94a sp=0x00007f6d47dfc150
Event: 6.927 Thread 0x00007f6d6413d800 DEOPT UNPACKING pc=0x00007f6d55047633 sp=0x00007f6d47dfbf00 mode 0
Event: 6.975 Thread 0x00007f6d6413d800 DEOPT PACKING pc=0x00007f6d5534866c sp=0x00007f6d47dfc0c0
Event: 6.975 Thread 0x00007f6d6413d800 DEOPT UNPACKING pc=0x00007f6d55047633 sp=0x00007f6d47dfbdc0 mode 0
Event: 7.041 Thread 0x00007f6d6413a800 DEOPT PACKING pc=0x00007f6d5549c1c3 sp=0x00007f6d47efd1a0
Event: 7.041 Thread 0x00007f6d6413a800 DEOPT UNPACKING pc=0x00007f6d55047633 sp=0x00007f6d47efcf10 mode 0
Event: 7.192 Executing VM operation: ParallelGCFailedAllocation


Dynamic libraries:
00400000-00401000 r-xp 00000000 08:06 266116                             /home/mohamed/jdk1.8.0_91/bin/java
00600000-00601000 rw-p 00000000 08:06 266116                             /home/mohamed/jdk1.8.0_91/bin/java
0195c000-0197d000 rw-p 00000000 00:00 0                                  [heap]
c0000000-c2b80000 rw-p 00000000 00:00 0 
c2b80000-eab00000 ---p 00000000 00:00 0 
eab00000-f4600000 rw-p 00000000 00:00 0 
fd200000-100000000 ---p 00000000 00:00 0 
100000000-1000a0000 rw-p 00000000 00:00 0 
1000a0000-140000000 ---p 00000000 00:00 0 
7f6d00000000-7f6d00021000 rw-p 00000000 00:00 0 
7f6d00021000-7f6d04000000 ---p 00000000 00:00 0 
7f6d08000000-7f6d08030000 rw-p 00000000 00:00 0 
7f6d08030000-7f6d0c000000 ---p 00000000 00:00 0 
7f6d0c000000-7f6d0c021000 rw-p 00000000 00:00 0 
7f6d0c021000-7f6d10000000 ---p 00000000 00:00 0 
7f6d10000000-7f6d10021000 rw-p 00000000 00:00 0 
7f6d10021000-7f6d14000000 ---p 00000000 00:00 0 
7f6d14000000-7f6d14021000 rw-p 00000000 00:00 0 
7f6d14021000-7f6d18000000 ---p 00000000 00:00 0 
7f6d18000000-7f6d18021000 rw-p 00000000 00:00 0 
7f6d18021000-7f6d1c000000 ---p 00000000 00:00 0 
7f6d1c000000-7f6d1c021000 rw-p 00000000 00:00 0 
7f6d1c021000-7f6d20000000 ---p 00000000 00:00 0 
7f6d20000000-7f6d20cd4000 rw-p 00000000 00:00 0 
7f6d20cd4000-7f6d24000000 ---p 00000000 00:00 0 
7f6d24000000-7f6d249c0000 rw-p 00000000 00:00 0 
7f6d249c0000-7f6d28000000 ---p 00000000 00:00 0 
7f6d28000000-7f6d28021000 rw-p 00000000 00:00 0 
7f6d28021000-7f6d2c000000 ---p 00000000 00:00 0 
7f6d2c000000-7f6d2c9ef000 rw-p 00000000 00:00 0 
7f6d2c9ef000-7f6d30000000 ---p 00000000 00:00 0 
7f6d30000000-7f6d30021000 rw-p 00000000 00:00 0 
7f6d30021000-7f6d34000000 ---p 00000000 00:00 0 
7f6d34000000-7f6d34021000 rw-p 00000000 00:00 0 
7f6d34021000-7f6d38000000 ---p 00000000 00:00 0 
7f6d38000000-7f6d38021000 rw-p 00000000 00:00 0 
7f6d38021000-7f6d3c000000 ---p 00000000 00:00 0 
7f6d3c000000-7f6d3c29d000 rw-p 00000000 00:00 0 
7f6d3c29d000-7f6d40000000 ---p 00000000 00:00 0 
7f6d40000000-7f6d40021000 rw-p 00000000 00:00 0 
7f6d40021000-7f6d44000000 ---p 00000000 00:00 0 
7f6d47bfc000-7f6d47bff000 ---p 00000000 00:00 0 
7f6d47bff000-7f6d47cfd000 rw-p 00000000 00:00 0 
7f6d47cfd000-7f6d47d00000 ---p 00000000 00:00 0 
7f6d47d00000-7f6d47dfe000 rw-p 00000000 00:00 0 
7f6d47dfe000-7f6d47e01000 ---p 00000000 00:00 0 
7f6d47e01000-7f6d47eff000 rw-p 00000000 00:00 0 
7f6d47eff000-7f6d47f02000 ---p 00000000 00:00 0 
7f6d47f02000-7f6d48000000 rw-p 00000000 00:00 0 
7f6d48000000-7f6d48021000 rw-p 00000000 00:00 0 
7f6d48021000-7f6d4c000000 ---p 00000000 00:00 0 
7f6d4c012000-7f6d4c015000 ---p 00000000 00:00 0 
7f6d4c015000-7f6d4c113000 rw-p 00000000 00:00 0 
7f6d4c113000-7f6d4c114000 ---p 00000000 00:00 0 
7f6d4c114000-7f6d4c214000 rw-p 00000000 00:00 0 
7f6d4c214000-7f6d4c217000 ---p 00000000 00:00 0 
7f6d4c217000-7f6d4c315000 rw-p 00000000 00:00 0 
7f6d4c315000-7f6d4c318000 ---p 00000000 00:00 0 
7f6d4c318000-7f6d4c416000 rw-p 00000000 00:00 0 
7f6d4c416000-7f6d4c419000 ---p 00000000 00:00 0 
7f6d4c419000-7f6d4c517000 rw-p 00000000 00:00 0 
7f6d4c517000-7f6d4c51a000 ---p 00000000 00:00 0 
7f6d4c51a000-7f6d4c618000 rw-p 00000000 00:00 0 
7f6d4c618000-7f6d4c61b000 ---p 00000000 00:00 0 
7f6d4c61b000-7f6d4c719000 rw-p 00000000 00:00 0 
7f6d4c719000-7f6d4c9f2000 r--p 00000000 08:06 526509                     /usr/lib/locale/locale-archive
7f6d4c9f2000-7f6d4c9f5000 ---p 00000000 00:00 0 
7f6d4c9f5000-7f6d4caf3000 rw-p 00000000 00:00 0 
7f6d4caf3000-7f6d4caf6000 ---p 00000000 00:00 0 
7f6d4caf6000-7f6d4cbf4000 rw-p 00000000 00:00 0 
7f6d4cbf4000-7f6d4cbf5000 ---p 00000000 00:00 0 
7f6d4cbf5000-7f6d4de80000 rw-p 00000000 00:00 0 
7f6d4de80000-7f6d4e000000 ---p 00000000 00:00 0 
7f6d4e000000-7f6d50000000 rw-p 00000000 00:00 0 
7f6d50000000-7f6d50021000 rw-p 00000000 00:00 0 
7f6d50021000-7f6d54000000 ---p 00000000 00:00 0 
7f6d54000000-7f6d54023000 r--s 00193000 08:06 1069273                    /home/mohamed/.gradle/caches/modules-2/files-2.1/com.google.guava/guava-jdk5/13.0/381ae6c8add7c98e9bcddb1e0b898400cd6fc3f7/guava-jdk5-13.0.jar
7f6d54023000-7f6d544cc000 rw-p 00000000 00:00 0 
7f6d544cc000-7f6d546a5000 r--s 03d1f000 08:06 922159                     /home/mohamed/jdk1.8.0_91/jre/lib/rt.jar
7f6d546a5000-7f6d548a5000 rw-p 00000000 00:00 0 
7f6d548a5000-7f6d548a6000 ---p 00000000 00:00 0 
7f6d548a6000-7f6d549a6000 rw-p 00000000 00:00 0 
7f6d549a6000-7f6d549a7000 ---p 00000000 00:00 0 
7f6d549a7000-7f6d54aa7000 rw-p 00000000 00:00 0 
7f6d54aa7000-7f6d54aa8000 ---p 00000000 00:00 0 
7f6d54aa8000-7f6d54ba8000 rw-p 00000000 00:00 0 
7f6d54ba8000-7f6d54ba9000 ---p 00000000 00:00 0 
7f6d54ba9000-7f6d54cbf000 rw-p 00000000 00:00 0 
7f6d54cbf000-7f6d54dff000 ---p 00000000 00:00 0 
7f6d54dff000-7f6d54e15000 rw-p 00000000 00:00 0 
7f6d54e15000-7f6d54f54000 ---p 00000000 00:00 0 
7f6d54f54000-7f6d54fa2000 rw-p 00000000 00:00 0 
7f6d54fa2000-7f6d54fff000 ---p 00000000 00:00 0 
7f6d54fff000-7f6d55000000 rw-p 00000000 00:00 0 
7f6d55000000-7f6d556e0000 rwxp 00000000 00:00 0 
7f6d556e0000-7f6d64000000 ---p 00000000 00:00 0 
7f6d64000000-7f6d6438e000 rw-p 00000000 00:00 0 
7f6d6438e000-7f6d68000000 ---p 00000000 00:00 0 
7f6d68001000-7f6d68010000 r--s 000df000 08:06 6165411                    /home/mohamed/Android/Sdk/build-tools/23.0.1/lib/dx.jar
7f6d68010000-7f6d680a2000 rw-p 00000000 00:00 0 
7f6d680a2000-7f6d68446000 ---p 00000000 00:00 0 
7f6d68446000-7f6d68460000 r-xp 00000000 08:06 922210                     /home/mohamed/jdk1.8.0_91/jre/lib/amd64/libzip.so
7f6d68460000-7f6d68660000 ---p 0001a000 08:06 922210                     /home/mohamed/jdk1.8.0_91/jre/lib/amd64/libzip.so
7f6d68660000-7f6d68661000 rw-p 0001a000 08:06 922210                     /home/mohamed/jdk1.8.0_91/jre/lib/amd64/libzip.so
7f6d68661000-7f6d6866c000 r-xp 00000000 08:06 278669                     /lib/x86_64-linux-gnu/libnss_files-2.23.so
7f6d6866c000-7f6d6886b000 ---p 0000b000 08:06 278669                     /lib/x86_64-linux-gnu/libnss_files-2.23.so
7f6d6886b000-7f6d6886c000 r--p 0000a000 08:06 278669                     /lib/x86_64-linux-gnu/libnss_files-2.23.so
7f6d6886c000-7f6d6886d000 rw-p 0000b000 08:06 278669                     /lib/x86_64-linux-gnu/libnss_files-2.23.so
7f6d6886d000-7f6d68873000 rw-p 00000000 00:00 0 
7f6d68873000-7f6d6887e000 r-xp 00000000 08:06 278666                     /lib/x86_64-linux-gnu/libnss_nis-2.23.so
7f6d6887e000-7f6d68a7d000 ---p 0000b000 08:06 278666                     /lib/x86_64-linux-gnu/libnss_nis-2.23.so
7f6d68a7d000-7f6d68a7e000 r--p 0000a000 08:06 278666                     /lib/x86_64-linux-gnu/libnss_nis-2.23.so
7f6d68a7e000-7f6d68a7f000 rw-p 0000b000 08:06 278666                     /lib/x86_64-linux-gnu/libnss_nis-2.23.so
7f6d68a7f000-7f6d68a95000 r-xp 00000000 08:06 278664                     /lib/x86_64-linux-gnu/libnsl-2.23.so
7f6d68a95000-7f6d68c94000 ---p 00016000 08:06 278664                     /lib/x86_64-linux-gnu/libnsl-2.23.so
7f6d68c94000-7f6d68c95000 r--p 00015000 08:06 278664                     /lib/x86_64-linux-gnu/libnsl-2.23.so
7f6d68c95000-7f6d68c96000 rw-p 00016000 08:06 278664                     /lib/x86_64-linux-gnu/libnsl-2.23.so
7f6d68c96000-7f6d68c98000 rw-p 00000000 00:00 0 
7f6d68c98000-7f6d68ca0000 r-xp 00000000 08:06 278662                     /lib/x86_64-linux-gnu/libnss_compat-2.23.so
7f6d68ca0000-7f6d68e9f000 ---p 00008000 08:06 278662                     /lib/x86_64-linux-gnu/libnss_compat-2.23.so
7f6d68e9f000-7f6d68ea0000 r--p 00007000 08:06 278662                     /lib/x86_64-linux-gnu/libnss_compat-2.23.so
7f6d68ea0000-7f6d68ea1000 rw-p 00008000 08:06 278662                     /lib/x86_64-linux-gnu/libnss_compat-2.23.so
7f6d68ea1000-7f6d68ecb000 r-xp 00000000 08:06 922205                     /home/mohamed/jdk1.8.0_91/jre/lib/amd64/libjava.so
7f6d68ecb000-7f6d690cb000 ---p 0002a000 08:06 922205                     /home/mohamed/jdk1.8.0_91/jre/lib/amd64/libjava.so
7f6d690cb000-7f6d690cd000 rw-p 0002a000 08:06 922205                     /home/mohamed/jdk1.8.0_91/jre/lib/amd64/libjava.so
7f6d690cd000-7f6d690da000 r-xp 00000000 08:06 922209                     /home/mohamed/jdk1.8.0_91/jre/lib/amd64/libverify.so
7f6d690da000-7f6d692da000 ---p 0000d000 08:06 922209                     /home/mohamed/jdk1.8.0_91/jre/lib/amd64/libverify.so
7f6d692da000-7f6d692dc000 rw-p 0000d000 08:06 922209                     /home/mohamed/jdk1.8.0_91/jre/lib/amd64/libverify.so
7f6d692dc000-7f6d692e3000 r-xp 00000000 08:06 278678                     /lib/x86_64-linux-gnu/librt-2.23.so
7f6d692e3000-7f6d694e2000 ---p 00007000 08:06 278678                     /lib/x86_64-linux-gnu/librt-2.23.so
7f6d694e2000-7f6d694e3000 r--p 00006000 08:06 278678                     /lib/x86_64-linux-gnu/librt-2.23.so
7f6d694e3000-7f6d694e4000 rw-p 00007000 08:06 278678                     /lib/x86_64-linux-gnu/librt-2.23.so
7f6d694e4000-7f6d695ec000 r-xp 00000000 08:06 278675                     /lib/x86_64-linux-gnu/libm-2.23.so
7f6d695ec000-7f6d697eb000 ---p 00108000 08:06 278675                     /lib/x86_64-linux-gnu/libm-2.23.so
7f6d697eb000-7f6d697ec000 r--p 00107000 08:06 278675                     /lib/x86_64-linux-gnu/libm-2.23.so
7f6d697ec000-7f6d697ed000 rw-p 00108000 08:06 278675                     /lib/x86_64-linux-gnu/libm-2.23.so
7f6d697ed000-7f6d6a4ad000 r-xp 00000000 08:06 1184562                    /home/mohamed/jdk1.8.0_91/jre/lib/amd64/server/libjvm.so
7f6d6a4ad000-7f6d6a6ad000 ---p 00cc0000 08:06 1184562                    /home/mohamed/jdk1.8.0_91/jre/lib/amd64/server/libjvm.so
7f6d6a6ad000-7f6d6a785000 rw-p 00cc0000 08:06 1184562                    /home/mohamed/jdk1.8.0_91/jre/lib/amd64/server/libjvm.so
7f6d6a785000-7f6d6a7d0000 rw-p 00000000 00:00 0 
7f6d6a7d0000-7f6d6a990000 r-xp 00000000 08:06 278683                     /lib/x86_64-linux-gnu/libc-2.23.so
7f6d6a990000-7f6d6ab8f000 ---p 001c0000 08:06 278683                     /lib/x86_64-linux-gnu/libc-2.23.so
7f6d6ab8f000-7f6d6ab93000 r--p 001bf000 08:06 278683                     /lib/x86_64-linux-gnu/libc-2.23.so
7f6d6ab93000-7f6d6ab95000 rw-p 001c3000 08:06 278683                     /lib/x86_64-linux-gnu/libc-2.23.so
7f6d6ab95000-7f6d6ab99000 rw-p 00000000 00:00 0 
7f6d6ab99000-7f6d6ab9c000 r-xp 00000000 08:06 278684                     /lib/x86_64-linux-gnu/libdl-2.23.so
7f6d6ab9c000-7f6d6ad9b000 ---p 00003000 08:06 278684                     /lib/x86_64-linux-gnu/libdl-2.23.so
7f6d6ad9b000-7f6d6ad9c000 r--p 00002000 08:06 278684                     /lib/x86_64-linux-gnu/libdl-2.23.so
7f6d6ad9c000-7f6d6ad9d000 rw-p 00003000 08:06 278684                     /lib/x86_64-linux-gnu/libdl-2.23.so
7f6d6ad9d000-7f6d6adb2000 r-xp 00000000 08:06 36052                      /home/mohamed/jdk1.8.0_91/lib/amd64/jli/libjli.so
7f6d6adb2000-7f6d6afb2000 ---p 00015000 08:06 36052                      /home/mohamed/jdk1.8.0_91/lib/amd64/jli/libjli.so
7f6d6afb2000-7f6d6afb3000 rw-p 00015000 08:06 36052                      /home/mohamed/jdk1.8.0_91/lib/amd64/jli/libjli.so
7f6d6afb3000-7f6d6afcb000 r-xp 00000000 08:06 278682                     /lib/x86_64-linux-gnu/libpthread-2.23.so
7f6d6afcb000-7f6d6b1ca000 ---p 00018000 08:06 278682                     /lib/x86_64-linux-gnu/libpthread-2.23.so
7f6d6b1ca000-7f6d6b1cb000 r--p 00017000 08:06 278682                     /lib/x86_64-linux-gnu/libpthread-2.23.so
7f6d6b1cb000-7f6d6b1cc000 rw-p 00018000 08:06 278682                     /lib/x86_64-linux-gnu/libpthread-2.23.so
7f6d6b1cc000-7f6d6b1d0000 rw-p 00000000 00:00 0 
7f6d6b1d0000-7f6d6b1f6000 r-xp 00000000 08:06 278679                     /lib/x86_64-linux-gnu/ld-2.23.so
7f6d6b1fb000-7f6d6b2cd000 rw-p 00000000 00:00 0 
7f6d6b2cd000-7f6d6b2d0000 ---p 00000000 00:00 0 
7f6d6b2d0000-7f6d6b3d2000 rw-p 00000000 00:00 0 
7f6d6b3d5000-7f6d6b3e9000 rw-p 00000000 00:00 0 
7f6d6b3e9000-7f6d6b3f1000 rw-s 00000000 08:06 1063522                    /tmp/hsperfdata_mohamed/8467
7f6d6b3f1000-7f6d6b3f2000 rw-p 00000000 00:00 0 
7f6d6b3f2000-7f6d6b3f3000 ---p 00000000 00:00 0 
7f6d6b3f3000-7f6d6b3f5000 rw-p 00000000 00:00 0 
7f6d6b3f5000-7f6d6b3f6000 r--p 00025000 08:06 278679                     /lib/x86_64-linux-gnu/ld-2.23.so
7f6d6b3f6000-7f6d6b3f7000 rw-p 00026000 08:06 278679                     /lib/x86_64-linux-gnu/ld-2.23.so
7f6d6b3f7000-7f6d6b3f8000 rw-p 00000000 00:00 0 
7ffdbc9f5000-7ffdbca16000 rw-p 00000000 00:00 0                          [stack]
7ffdbcabf000-7ffdbcac1000 r--p 00000000 00:00 0                          [vvar]
7ffdbcac1000-7ffdbcac3000 r-xp 00000000 00:00 0                          [vdso]
ffffffffff600000-ffffffffff601000 r-xp 00000000 00:00 0                  [vsyscall]

VM Arguments:
jvm_args: -Djava.awt.headless=true -Xmx1024M -Dfile.encoding=UTF-8 -Duser.country=US -Duser.language=en -Duser.variant 
java_command: com.android.dx.command.Main --dex --force-jumbo --num-threads=4 --output /media/mohamed/Programs/Explore/app/build/intermediates/pre-dexed/debug/guava-jdk5-13.0_8c3a5ca224a02fb0d36671a9b3b7c568e325d058.jar /home/mohamed/.gradle/caches/modules-2/files-2.1/com.google.guava/guava-jdk5/13.0/381ae6c8add7c98e9bcddb1e0b898400cd6fc3f7/guava-jdk5-13.0.jar
java_class_path (initial): /home/mohamed/Android/Sdk/build-tools/23.0.1/lib/dx.jar
Launcher Type: SUN_STANDARD

Environment Variables:
JAVA_HOME=/usr/lib/jvm/java-8-oracle
PATH=/usr/local/sbin:/usr/local/bin:/usr/sbin:/usr/bin:/sbin:/bin:/usr/games:/usr/local/games:/snap/bin:/usr/lib/jvm/java-8-oracle/bin:/usr/lib/jvm/java-8-oracle/db/bin:/usr/lib/jvm/java-8-oracle/jre/bin
LD_LIBRARY_PATH=/home/mohamed/tools/android/android-studio/bin:
SHELL=/bin/bash
DISPLAY=:0

Signal Handlers:
SIGSEGV: [libjvm.so+0xabca10], sa_mask[0]=11111111011111111101111111111110, sa_flags=SA_RESTART|SA_SIGINFO
SIGBUS: [libjvm.so+0xabca10], sa_mask[0]=11111111011111111101111111111110, sa_flags=SA_RESTART|SA_SIGINFO
SIGFPE: [libjvm.so+0x919a20], sa_mask[0]=11111111011111111101111111111110, sa_flags=SA_RESTART|SA_SIGINFO
SIGPIPE: [libjvm.so+0x919a20], sa_mask[0]=11111111011111111101111111111110, sa_flags=SA_RESTART|SA_SIGINFO
SIGXFSZ: [libjvm.so+0x919a20], sa_mask[0]=11111111011111111101111111111110, sa_flags=SA_RESTART|SA_SIGINFO
SIGILL: [libjvm.so+0x919a20], sa_mask[0]=11111111011111111101111111111110, sa_flags=SA_RESTART|SA_SIGINFO
SIGUSR1: SIG_DFL, sa_mask[0]=00000000000000000000000000000000, sa_flags=none
SIGUSR2: [libjvm.so+0x91b050], sa_mask[0]=00100000000000000000000000000000, sa_flags=SA_RESTART|SA_SIGINFO
SIGHUP: [libjvm.so+0x91c450], sa_mask[0]=11111111011111111101111111111110, sa_flags=SA_RESTART|SA_SIGINFO
SIGINT: [libjvm.so+0x91c450], sa_mask[0]=11111111011111111101111111111110, sa_flags=SA_RESTART|SA_SIGINFO
SIGTERM: [libjvm.so+0x91c450], sa_mask[0]=11111111011111111101111111111110, sa_flags=SA_RESTART|SA_SIGINFO
SIGQUIT: [libjvm.so+0x91c450], sa_mask[0]=11111111011111111101111111111110, sa_flags=SA_RESTART|SA_SIGINFO


---------------  S Y S T E M  ---------------

OS:DISTRIB_ID=Ubuntu
DISTRIB_RELEASE=16.04
DISTRIB_CODENAME=xenial
DISTRIB_DESCRIPTION="Ubuntu 16.04 LTS"

uname:Linux 4.4.0-22-generic #40-Ubuntu SMP Thu May 12 22:03:46 UTC 2016 x86_64
libc:glibc 2.23 NPTL 2.23 
rlimit: STACK 8192k, CORE 0k, NPROC 15304, NOFILE 65536, AS infinity
load average:34.92 15.01 6.27

/proc/meminfo:
MemTotal:        3956776 kB
MemFree:          446064 kB
MemAvailable:     507036 kB
Buffers:            1636 kB
Cached:           271336 kB
SwapCached:            0 kB
Active:          3093340 kB
Inactive:         245932 kB
Active(anon):    3086896 kB
Inactive(anon):   197644 kB
Active(file):       6444 kB
Inactive(file):    48288 kB
Unevictable:          48 kB
Mlocked:              48 kB
SwapTotal:             0 kB
SwapFree:              0 kB
Dirty:               124 kB
Writeback:             0 kB
AnonPages:       3066796 kB
Mapped:           125408 kB
Shmem:            217792 kB
Slab:              75600 kB
SReclaimable:      35628 kB
SUnreclaim:        39972 kB
KernelStack:       10368 kB
PageTables:        43700 kB
NFS_Unstable:          0 kB
Bounce:                0 kB
WritebackTmp:          0 kB
CommitLimit:     1978388 kB
Committed_AS:    6671236 kB
VmallocTotal:   34359738367 kB
VmallocUsed:           0 kB
VmallocChunk:          0 kB
HardwareCorrupted:     0 kB
AnonHugePages:   1386496 kB
CmaTotal:              0 kB
CmaFree:               0 kB
HugePages_Total:       0
HugePages_Free:        0
HugePages_Rsvd:        0
HugePages_Surp:        0
Hugepagesize:       2048 kB
DirectMap4k:      162168 kB
DirectMap2M:     3942400 kB
DirectMap1G:           0 kB


CPU:total 4 (2 cores per cpu, 2 threads per core) family 6 model 60 stepping 3, cmov, cx8, fxsr, mmx, sse, sse2, sse3, ssse3, sse4.1, sse4.2, popcnt, avx, avx2, aes, clmul, erms, lzcnt, ht, tsc, tscinvbit, bmi1, bmi2

/proc/cpuinfo:
processor	: 0
vendor_id	: GenuineIntel
cpu family	: 6
model		: 60
model name	: Intel(R) Core(TM) i5-4200M CPU @ 2.50GHz
stepping	: 3
microcode	: 0x16
cpu MHz		: 3065.332
cache size	: 3072 KB
physical id	: 0
siblings	: 4
core id		: 0
cpu cores	: 2
apicid		: 0
initial apicid	: 0
fpu		: yes
fpu_exception	: yes
cpuid level	: 13
wp		: yes
flags		: fpu vme de pse tsc msr pae mce cx8 apic sep mtrr pge mca cmov pat pse36 clflush dts acpi mmx fxsr sse sse2 ss ht tm pbe syscall nx pdpe1gb rdtscp lm constant_tsc arch_perfmon pebs bts rep_good nopl xtopology nonstop_tsc aperfmperf eagerfpu pni pclmulqdq dtes64 monitor ds_cpl vmx est tm2 ssse3 sdbg fma cx16 xtpr pdcm pcid sse4_1 sse4_2 movbe popcnt tsc_deadline_timer aes xsave avx f16c rdrand lahf_lm abm epb tpr_shadow vnmi flexpriority ept vpid fsgsbase tsc_adjust bmi1 avx2 smep bmi2 erms invpcid xsaveopt dtherm ida arat pln pts
bugs		:
bogomips	: 4988.77
clflush size	: 64
cache_alignment	: 64
address sizes	: 39 bits physical, 48 bits virtual
power management:

processor	: 1
vendor_id	: GenuineIntel
cpu family	: 6
model		: 60
model name	: Intel(R) Core(TM) i5-4200M CPU @ 2.50GHz
stepping	: 3
microcode	: 0x16
cpu MHz		: 2999.902
cache size	: 3072 KB
physical id	: 0
siblings	: 4
core id		: 1
cpu cores	: 2
apicid		: 2
initial apicid	: 2
fpu		: yes
fpu_exception	: yes
cpuid level	: 13
wp		: yes
flags		: fpu vme de pse tsc msr pae mce cx8 apic sep mtrr pge mca cmov pat pse36 clflush dts acpi mmx fxsr sse sse2 ss ht tm pbe syscall nx pdpe1gb rdtscp lm constant_tsc arch_perfmon pebs bts rep_good nopl xtopology nonstop_tsc aperfmperf eagerfpu pni pclmulqdq dtes64 monitor ds_cpl vmx est tm2 ssse3 sdbg fma cx16 xtpr pdcm pcid sse4_1 sse4_2 movbe popcnt tsc_deadline_timer aes xsave avx f16c rdrand lahf_lm abm epb tpr_shadow vnmi flexpriority ept vpid fsgsbase tsc_adjust bmi1 avx2 smep bmi2 erms invpcid xsaveopt dtherm ida arat pln pts
bugs		:
bogomips	: 4988.77
clflush size	: 64
cache_alignment	: 64
address sizes	: 39 bits physical, 48 bits virtual
power management:

processor	: 2
vendor_id	: GenuineIntel
cpu family	: 6
model		: 60
model name	: Intel(R) Core(TM) i5-4200M CPU @ 2.50GHz
stepping	: 3
microcode	: 0x16
cpu MHz		: 3065.332
cache size	: 3072 KB
physical id	: 0
siblings	: 4
core id		: 0
cpu cores	: 2
apicid		: 1
initial apicid	: 1
fpu		: yes
fpu_exception	: yes
cpuid level	: 13
wp		: yes
flags		: fpu vme de pse tsc msr pae mce cx8 apic sep mtrr pge mca cmov pat pse36 clflush dts acpi mmx fxsr sse sse2 ss ht tm pbe syscall nx pdpe1gb rdtscp lm constant_tsc arch_perfmon pebs bts rep_good nopl xtopology nonstop_tsc aperfmperf eagerfpu pni pclmulqdq dtes64 monitor ds_cpl vmx est tm2 ssse3 sdbg fma cx16 xtpr pdcm pcid sse4_1 sse4_2 movbe popcnt tsc_deadline_timer aes xsave avx f16c rdrand lahf_lm abm epb tpr_shadow vnmi flexpriority ept vpid fsgsbase tsc_adjust bmi1 avx2 smep bmi2 erms invpcid xsaveopt dtherm ida arat pln pts
bugs		:
bogomips	: 4988.77
clflush size	: 64
cache_alignment	: 64
address sizes	: 39 bits physical, 48 bits virtual
power management:

processor	: 3
vendor_id	: GenuineIntel
cpu family	: 6
model		: 60
model name	: Intel(R) Core(TM) i5-4200M CPU @ 2.50GHz
stepping	: 3
microcode	: 0x16
cpu MHz		: 3000.000
cache size	: 3072 KB
physical id	: 0
siblings	: 4
core id		: 1
cpu cores	: 2
apicid		: 3
initial apicid	: 3
fpu		: yes
fpu_exception	: yes
cpuid level	: 13
wp		: yes
flags		: fpu vme de pse tsc msr pae mce cx8 apic sep mtrr pge mca cmov pat pse36 clflush dts acpi mmx fxsr sse sse2 ss ht tm pbe syscall nx pdpe1gb rdtscp lm constant_tsc arch_perfmon pebs bts rep_good nopl xtopology nonstop_tsc aperfmperf eagerfpu pni pclmulqdq dtes64 monitor ds_cpl vmx est tm2 ssse3 sdbg fma cx16 xtpr pdcm pcid sse4_1 sse4_2 movbe popcnt tsc_deadline_timer aes xsave avx f16c rdrand lahf_lm abm epb tpr_shadow vnmi flexpriority ept vpid fsgsbase tsc_adjust bmi1 avx2 smep bmi2 erms invpcid xsaveopt dtherm ida arat pln pts
bugs		:
bogomips	: 4988.77
clflush size	: 64
cache_alignment	: 64
address sizes	: 39 bits physical, 48 bits virtual
power management:



Memory: 4k page, physical 3956776k(445940k free), swap 0k(0k free)

vm_info: Java HotSpot(TM) 64-Bit Server VM (25.91-b14) for linux-amd64 JRE (1.8.0_91-b14), built on Apr  1 2016 00:57:21 by "java_re" with gcc 4.3.0 20080428 (Red Hat 4.3.0-8)

time: Thu May 19 04:42:02 2016
elapsed time: 110 seconds (0d 0h 1m 50s)

