#
# There is insufficient memory for the Java Runtime Environment to continue.
# Native memory allocation (mmap) failed to map 115867648 bytes for committing reserved memory.
# Possible reasons:
#   The system is out of physical RAM or swap space
#   In 32 bit mode, the process size limit was hit
# Possible solutions:
#   Reduce memory load on the system
#   Increase physical memory or swap space
#   Check if swap backing store is full
#   Use 64 bit Java on a 64 bit OS
#   Decrease Java heap size (-Xmx/-Xms)
#   Decrease number of Java threads
#   Decrease Java thread stack sizes (-Xss)
#   Set larger code cache with -XX:ReservedCodeCacheSize=
# This output file may be truncated or incomplete.
#
#  Out of Memory Error (os_linux.cpp:2627), pid=7821, tid=139859590235904
#
# JRE version: Java(TM) SE Runtime Environment (8.0_91-b14) (build 1.8.0_91-b14)
# Java VM: Java HotSpot(TM) 64-Bit Server VM (25.91-b14 mixed mode linux-amd64 compressed oops)
# Failed to write core dump. Core dumps have been disabled. To enable core dumping, try "ulimit -c unlimited" before starting Java again
#

---------------  T H R E A D  ---------------

Current thread (0x00007f33ac078000):  VMThread [stack: 0x00007f339921c000,0x00007f339931d000] [id=7830]

Stack: [0x00007f339921c000,0x00007f339931d000],  sp=0x00007f339931b320,  free space=1020k
Native frames: (J=compiled Java code, j=interpreted, Vv=VM code, C=native code)
V  [libjvm.so+0xabc18a]  VMError::report_and_die()+0x2ba
V  [libjvm.so+0x4fafeb]  report_vm_out_of_memory(char const*, int, unsigned long, VMErrorType, char const*)+0x8b
V  [libjvm.so+0x91cbb3]  os::Linux::commit_memory_impl(char*, unsigned long, bool)+0x103
V  [libjvm.so+0x91d109]  os::pd_commit_memory(char*, unsigned long, unsigned long, bool)+0x29
V  [libjvm.so+0x91740a]  os::commit_memory(char*, unsigned long, unsigned long, bool)+0x2a
V  [libjvm.so+0x98b033]  PSVirtualSpace::expand_by(unsigned long)+0x53
V  [libjvm.so+0x97b920]  PSOldGen::expand(unsigned long)+0x170
V  [libjvm.so+0x97bb2b]  PSOldGen::resize(unsigned long)+0x1cb
V  [libjvm.so+0x983801]  PSParallelCompact::invoke_no_policy(bool)+0x991
V  [libjvm.so+0x98915d]  PSScavenge::invoke()+0x1ad
V  [libjvm.so+0x9408b0]  ParallelScavengeHeap::failed_mem_allocate(unsigned long)+0x70
V  [libjvm.so+0xabdba7]  VM_ParallelGCFailedAllocation::doit()+0x97
V  [libjvm.so+0xac55d5]  VM_Operation::evaluate()+0x55
V  [libjvm.so+0xac39aa]  VMThread::evaluate_operation(VM_Operation*)+0xba
V  [libjvm.so+0xac3d2e]  VMThread::loop()+0x1ce
V  [libjvm.so+0xac41a0]  VMThread::run()+0x70
V  [libjvm.so+0x91ef78]  java_start(Thread*)+0x108

VM_Operation (0x00007f33b39d5f70): ParallelGCFailedAllocation, mode: safepoint, requested by thread 0x00007f33ac00a000


---------------  P R O C E S S  ---------------

Java Threads: ( => current thread )
  0x00007f33ac12c000 JavaThread "pool-1-thread-4" [_thread_blocked, id=7843, stack(0x00007f3398236000,0x00007f3398337000)]
  0x00007f33ac128000 JavaThread "pool-1-thread-3" [_thread_blocked, id=7842, stack(0x00007f3398337000,0x00007f3398438000)]
  0x00007f33ac125800 JavaThread "pool-1-thread-2" [_thread_blocked, id=7841, stack(0x00007f3398438000,0x00007f3398539000)]
  0x00007f33ac121000 JavaThread "pool-2-thread-1" [_thread_blocked, id=7840, stack(0x00007f3398539000,0x00007f339863a000)]
  0x00007f33ac11f000 JavaThread "pool-1-thread-1" [_thread_blocked, id=7839, stack(0x00007f339863a000,0x00007f339873b000)]
  0x00007f33ac0c1000 JavaThread "Service Thread" daemon [_thread_blocked, id=7837, stack(0x00007f339883c000,0x00007f339893d000)]
  0x00007f33ac0be000 JavaThread "C1 CompilerThread2" daemon [_thread_blocked, id=7836, stack(0x00007f339893d000,0x00007f3398a3e000)]
  0x00007f33ac0bc800 JavaThread "C2 CompilerThread1" daemon [_thread_blocked, id=7835, stack(0x00007f3398a3e000,0x00007f3398b3f000)]
  0x00007f33ac0b9800 JavaThread "C2 CompilerThread0" daemon [_thread_blocked, id=7834, stack(0x00007f3398b3f000,0x00007f3398c40000)]
  0x00007f33ac0b8000 JavaThread "Signal Dispatcher" daemon [_thread_blocked, id=7833, stack(0x00007f3398c40000,0x00007f3398d41000)]
  0x00007f33ac084000 JavaThread "Finalizer" daemon [_thread_blocked, id=7832, stack(0x00007f339901a000,0x00007f339911b000)]
  0x00007f33ac07f800 JavaThread "Reference Handler" daemon [_thread_blocked, id=7831, stack(0x00007f339911b000,0x00007f339921c000)]
  0x00007f33ac00a000 JavaThread "main" [_thread_blocked, id=7823, stack(0x00007f33b38d8000,0x00007f33b39d9000)]

Other Threads:
=>0x00007f33ac078000 VMThread [stack: 0x00007f339921c000,0x00007f339931d000] [id=7830]
  0x00007f33ac0c4000 WatcherThread [stack: 0x00007f339873b000,0x00007f339883c000] [id=7838]

VM state:at safepoint (normal execution)

VM Mutex/Monitor currently owned by a thread:  ([mutex/lock_event])
[0x00007f33ac005de0] ExpandHeap_lock - owner thread: 0x00007f33ac078000
[0x00007f33ac006460] Threads_lock - owner thread: 0x00007f33ac078000
[0x00007f33ac006960] Heap_lock - owner thread: 0x00007f33ac00a000

Heap:
 PSYoungGen      total 252928K, used 28848K [0x00000000eab00000, 0x0000000100000000, 0x0000000100000000)
  eden space 152064K, 0% used [0x00000000eab00000,0x00000000eab00000,0x00000000f3f80000)
  from space 100864K, 28% used [0x00000000f9d80000,0x00000000fb9ac360,0x0000000100000000)
  to   space 96256K, 0% used [0x00000000f3f80000,0x00000000f3f80000,0x00000000f9d80000)
 ParOldGen       total 205824K, used 205626K [0x00000000c0000000, 0x00000000cc900000, 0x00000000eab00000)
  object space 205824K, 99% used [0x00000000c0000000,0x00000000cc8ceb80,0x00000000cc900000)
 Metaspace       used 6204K, capacity 7280K, committed 7552K, reserved 1056768K
  class space    used 592K, capacity 616K, committed 640K, reserved 1048576K

Card table byte_map: [0x00007f33b0490000,0x00007f33b0691000] byte_map_base: 0x00007f33afe90000

Marking Bits: (ParMarkBitMap*) 0x00007f33b2daed60
 Begin Bits: [0x00007f339aeff000, 0x00007f339beff000)
 End Bits:   [0x00007f339beff000, 0x00007f339ceff000)

Polling page: 0x00007f33b39fd000

CodeCache: size=245760Kb used=9953Kb max_used=9953Kb free=235806Kb
 bounds [0x00007f339d000000, 0x00007f339d9d0000, 0x00007f33ac000000]
 total_blobs=2354 nmethods=2092 adapters=175
 compilation: enabled

Compilation events (10 events):
Event: 24.494 Thread 0x00007f33ac0be000 2496       2       com.android.dx.dex.file.AnnotationUtils::makeInnerClass (65 bytes)
Event: 24.495 Thread 0x00007f33ac0be000 nmethod 2496 0x00007f339d16e490 code [0x00007f339d16e680, 0x00007f339d16eb98]
Event: 24.561 Thread 0x00007f33ac0be000 2498       2       com.android.dx.cf.code.BasicBlocker::visitNewarray (15 bytes)
Event: 24.561 Thread 0x00007f33ac0be000 nmethod 2498 0x00007f339d16de90 code [0x00007f339d16e000, 0x00007f339d16e218]
Event: 24.561 Thread 0x00007f33ac0be000 2499   !   2       com.android.dx.cf.code.BytecodeArray::parseInstruction (2764 bytes)
Event: 24.595 Thread 0x00007f33ac0be000 nmethod 2499 0x00007f339d9ac310 code [0x00007f339d9ad240, 0x00007f339d9b3588]
Event: 24.595 Thread 0x00007f33ac0be000 2500       3       com.android.dx.cf.direct.StdAttributeFactory::lineNumberTable (204 bytes)
Event: 24.598 Thread 0x00007f33ac0be000 nmethod 2500 0x00007f339d9bf510 code [0x00007f339d9bf9c0, 0x00007f339d9c2698]
Event: 24.598 Thread 0x00007f33ac0be000 2501       2       com.android.dx.rop.code.Rops::opPutStatic (97 bytes)
Event: 24.599 Thread 0x00007f33ac0be000 nmethod 2501 0x00007f339d1412d0 code [0x00007f339d1414c0, 0x00007f339d141a38]

GC Heap History (10 events):
Event: 21.321 GC heap after
Heap after GC invocations=17 (full 3):
 PSYoungGen      total 262656K, used 23857K [0x00000000eab00000, 0x0000000100000000, 0x0000000100000000)
  eden space 172544K, 0% used [0x00000000eab00000,0x00000000eab00000,0x00000000f5380000)
  from space 90112K, 26% used [0x00000000fa800000,0x00000000fbf4c758,0x0000000100000000)
  to   space 86528K, 0% used [0x00000000f5380000,0x00000000f5380000,0x00000000fa800000)
 ParOldGen       total 205824K, used 123361K [0x00000000c0000000, 0x00000000cc900000, 0x00000000eab00000)
  object space 205824K, 59% used [0x00000000c0000000,0x00000000c78784a0,0x00000000cc900000)
 Metaspace       used 6169K, capacity 7216K, committed 7296K, reserved 1056768K
  class space    used 588K, capacity 616K, committed 640K, reserved 1048576K
}
Event: 22.103 GC heap before
{Heap before GC invocations=18 (full 3):
 PSYoungGen      total 262656K, used 196401K [0x00000000eab00000, 0x0000000100000000, 0x0000000100000000)
  eden space 172544K, 100% used [0x00000000eab00000,0x00000000f5380000,0x00000000f5380000)
  from space 90112K, 26% used [0x00000000fa800000,0x00000000fbf4c758,0x0000000100000000)
  to   space 86528K, 0% used [0x00000000f5380000,0x00000000f5380000,0x00000000fa800000)
 ParOldGen       total 205824K, used 123361K [0x00000000c0000000, 0x00000000cc900000, 0x00000000eab00000)
  object space 205824K, 59% used [0x00000000c0000000,0x00000000c78784a0,0x00000000cc900000)
 Metaspace       used 6178K, capacity 7216K, committed 7296K, reserved 1056768K
  class space    used 588K, capacity 616K, committed 640K, reserved 1048576K
Event: 22.251 GC heap after
Heap after GC invocations=18 (full 3):
 PSYoungGen      total 259072K, used 47753K [0x00000000eab00000, 0x00000000ffc80000, 0x0000000100000000)
  eden space 172544K, 0% used [0x00000000eab00000,0x00000000eab00000,0x00000000f5380000)
  from space 86528K, 55% used [0x00000000f5380000,0x00000000f82227c8,0x00000000fa800000)
  to   space 86528K, 0% used [0x00000000fa800000,0x00000000fa800000,0x00000000ffc80000)
 ParOldGen       total 205824K, used 123393K [0x00000000c0000000, 0x00000000cc900000, 0x00000000eab00000)
  object space 205824K, 59% used [0x00000000c0000000,0x00000000c78804a0,0x00000000cc900000)
 Metaspace       used 6178K, capacity 7216K, committed 7296K, reserved 1056768K
  class space    used 588K, capacity 616K, committed 640K, reserved 1048576K
}
Event: 22.927 GC heap before
{Heap before GC invocations=19 (full 3):
 PSYoungGen      total 259072K, used 220297K [0x00000000eab00000, 0x00000000ffc80000, 0x0000000100000000)
  eden space 172544K, 100% used [0x00000000eab00000,0x00000000f5380000,0x00000000f5380000)
  from space 86528K, 55% used [0x00000000f5380000,0x00000000f82227c8,0x00000000fa800000)
  to   space 86528K, 0% used [0x00000000fa800000,0x00000000fa800000,0x00000000ffc80000)
 ParOldGen       total 205824K, used 123393K [0x00000000c0000000, 0x00000000cc900000, 0x00000000eab00000)
  object space 205824K, 59% used [0x00000000c0000000,0x00000000c78804a0,0x00000000cc900000)
 Metaspace       used 6181K, capacity 7216K, committed 7296K, reserved 1056768K
  class space    used 588K, capacity 616K, committed 640K, reserved 1048576K
Event: 23.084 GC heap after
Heap after GC invocations=19 (full 3):
 PSYoungGen      total 244224K, used 73419K [0x00000000eab00000, 0x0000000100000000, 0x0000000100000000)
  eden space 157696K, 0% used [0x00000000eab00000,0x00000000eab00000,0x00000000f4500000)
  from space 86528K, 84% used [0x00000000fa800000,0x00000000fefb2c78,0x00000000ffc80000)
  to   space 95744K, 0% used [0x00000000f4500000,0x00000000f4500000,0x00000000fa280000)
 ParOldGen       total 205824K, used 124897K [0x00000000c0000000, 0x00000000cc900000, 0x00000000eab00000)
  object space 205824K, 60% used [0x00000000c0000000,0x00000000c79f84a0,0x00000000cc900000)
 Metaspace       used 6181K, capacity 7216K, committed 7296K, reserved 1056768K
  class space    used 588K, capacity 616K, committed 640K, reserved 1048576K
}
Event: 23.740 GC heap before
{Heap before GC invocations=20 (full 3):
 PSYoungGen      total 244224K, used 231115K [0x00000000eab00000, 0x0000000100000000, 0x0000000100000000)
  eden space 157696K, 100% used [0x00000000eab00000,0x00000000f4500000,0x00000000f4500000)
  from space 86528K, 84% used [0x00000000fa800000,0x00000000fefb2c78,0x00000000ffc80000)
  to   space 95744K, 0% used [0x00000000f4500000,0x00000000f4500000,0x00000000fa280000)
 ParOldGen       total 205824K, used 124897K [0x00000000c0000000, 0x00000000cc900000, 0x00000000eab00000)
  object space 205824K, 60% used [0x00000000c0000000,0x00000000c79f84a0,0x00000000cc900000)
 Metaspace       used 6182K, capacity 7216K, committed 7296K, reserved 1056768K
  class space    used 588K, capacity 616K, committed 640K, reserved 1048576K
Event: 23.926 GC heap after
Heap after GC invocations=20 (full 3):
 PSYoungGen      total 226304K, used 68208K [0x00000000eab00000, 0x0000000100000000, 0x0000000100000000)
  eden space 157696K, 0% used [0x00000000eab00000,0x00000000eab00000,0x00000000f4500000)
  from space 68608K, 99% used [0x00000000f4500000,0x00000000f879c390,0x00000000f8800000)
  to   space 100864K, 0% used [0x00000000f9d80000,0x00000000f9d80000,0x0000000100000000)
 ParOldGen       total 205824K, used 147101K [0x00000000c0000000, 0x00000000cc900000, 0x00000000eab00000)
  object space 205824K, 71% used [0x00000000c0000000,0x00000000c8fa7700,0x00000000cc900000)
 Metaspace       used 6182K, capacity 7216K, committed 7296K, reserved 1056768K
  class space    used 588K, capacity 616K, committed 640K, reserved 1048576K
}
Event: 24.629 GC heap before
{Heap before GC invocations=21 (full 3):
 PSYoungGen      total 226304K, used 225904K [0x00000000eab00000, 0x0000000100000000, 0x0000000100000000)
  eden space 157696K, 100% used [0x00000000eab00000,0x00000000f4500000,0x00000000f4500000)
  from space 68608K, 99% used [0x00000000f4500000,0x00000000f879c390,0x00000000f8800000)
  to   space 100864K, 0% used [0x00000000f9d80000,0x00000000f9d80000,0x0000000100000000)
 ParOldGen       total 205824K, used 147101K [0x00000000c0000000, 0x00000000cc900000, 0x00000000eab00000)
  object space 205824K, 71% used [0x00000000c0000000,0x00000000c8fa7700,0x00000000cc900000)
 Metaspace       used 6204K, capacity 7280K, committed 7552K, reserved 1056768K
  class space    used 592K, capacity 616K, committed 640K, reserved 1048576K
Event: 24.806 GC heap after
Heap after GC invocations=21 (full 3):
 PSYoungGen      total 252928K, used 46013K [0x00000000eab00000, 0x0000000100000000, 0x0000000100000000)
  eden space 152064K, 0% used [0x00000000eab00000,0x00000000eab00000,0x00000000f3f80000)
  from space 100864K, 45% used [0x00000000f9d80000,0x00000000fca6f598,0x0000000100000000)
  to   space 96256K, 0% used [0x00000000f3f80000,0x00000000f3f80000,0x00000000f9d80000)
 ParOldGen       total 205824K, used 191050K [0x00000000c0000000, 0x00000000cc900000, 0x00000000eab00000)
  object space 205824K, 92% used [0x00000000c0000000,0x00000000cba92a50,0x00000000cc900000)
 Metaspace       used 6204K, capacity 7280K, committed 7552K, reserved 1056768K
  class space    used 592K, capacity 616K, committed 640K, reserved 1048576K
}
Event: 24.806 GC heap before
{Heap before GC invocations=22 (full 4):
 PSYoungGen      total 252928K, used 46013K [0x00000000eab00000, 0x0000000100000000, 0x0000000100000000)
  eden space 152064K, 0% used [0x00000000eab00000,0x00000000eab00000,0x00000000f3f80000)
  from space 100864K, 45% used [0x00000000f9d80000,0x00000000fca6f598,0x0000000100000000)
  to   space 96256K, 0% used [0x00000000f3f80000,0x00000000f3f80000,0x00000000f9d80000)
 ParOldGen       total 205824K, used 191050K [0x00000000c0000000, 0x00000000cc900000, 0x00000000eab00000)
  object space 205824K, 92% used [0x00000000c0000000,0x00000000cba92a50,0x00000000cc900000)
 Metaspace       used 6204K, capacity 7280K, committed 7552K, reserved 1056768K
  class space    used 592K, capacity 616K, committed 640K, reserved 1048576K

Deoptimization events (10 events):
Event: 11.530 Thread 0x00007f33ac00a000 Uncommon trap: reason=unstable_if action=reinterpret pc=0x00007f339d4719dc method=com.android.dx.ssa.SsaRenamer$BlockRenamer.visitMoveInsn(Lcom/android/dx/ssa/NormalSsaInsn;)V @ 94
Event: 11.545 Thread 0x00007f33ac12c000 Uncommon trap: reason=unstable_if action=reinterpret pc=0x00007f339d489b44 method=java.util.HashMap.putVal(ILjava/lang/Object;Ljava/lang/Object;ZZ)Ljava/lang/Object; @ 162
Event: 11.552 Thread 0x00007f33ac12c000 Uncommon trap: reason=unstable_if action=reinterpret pc=0x00007f339d3be8f4 method=java.util.HashMap.getNode(ILjava/lang/Object;)Ljava/util/HashMap$Node; @ 84
Event: 16.328 Thread 0x00007f33ac125800 Uncommon trap: reason=unstable_if action=reinterpret pc=0x00007f339d791d38 method=com.android.dx.ssa.SCCP.simulateBranch(Lcom/android/dx/ssa/SsaInsn;)V @ 548
Event: 16.487 Thread 0x00007f33ac11f000 Uncommon trap: reason=bimorphic action=maybe_recompile pc=0x00007f339d81e36c method=com.android.dx.cf.code.BytecodeArray.parseInstruction(ILcom/android/dx/cf/code/BytecodeArray$Visitor;)I @ 1327
Event: 16.488 Thread 0x00007f33ac11f000 Uncommon trap: reason=bimorphic action=maybe_recompile pc=0x00007f339d81e36c method=com.android.dx.cf.code.BytecodeArray.parseInstruction(ILcom/android/dx/cf/code/BytecodeArray$Visitor;)I @ 1327
Event: 21.741 Thread 0x00007f33ac00a000 Uncommon trap: reason=bimorphic action=maybe_recompile pc=0x00007f339d901d84 method=com.android.dx.cf.code.BytecodeArray.parseInstruction(ILcom/android/dx/cf/code/BytecodeArray$Visitor;)I @ 1224
Event: 21.741 Thread 0x00007f33ac00a000 Uncommon trap: reason=bimorphic action=maybe_recompile pc=0x00007f339d901d84 method=com.android.dx.cf.code.BytecodeArray.parseInstruction(ILcom/android/dx/cf/code/BytecodeArray$Visitor;)I @ 1224
Event: 24.431 Thread 0x00007f33ac12c000 Uncommon trap: reason=unstable_if action=reinterpret pc=0x00007f339d200680 method=java.lang.String.replace(CC)Ljava/lang/String; @ 26
Event: 24.561 Thread 0x00007f33ac11f000 Uncommon trap: reason=unstable_if action=reinterpret pc=0x00007f339d975fb0 method=com.android.dx.cf.code.BytecodeArray.parseInstruction(ILcom/android/dx/cf/code/BytecodeArray$Visitor;)I @ 1261

Internal exceptions (7 events):
Event: 0.191 Thread 0x00007f33ac00a000 Exception <a 'java/lang/NoSuchMethodError': Method sun.misc.Unsafe.defineClass(Ljava/lang/String;[BII)Ljava/lang/Class; name or signature does not match> (0x00000000eab07cc0) thrown at [/HUDSON/workspace/8-2-build-linux-amd64/jdk8u91/6644/hotspot/src/shar
Event: 0.191 Thread 0x00007f33ac00a000 Exception <a 'java/lang/NoSuchMethodError': Method sun.misc.Unsafe.prefetchRead(Ljava/lang/Object;J)V name or signature does not match> (0x00000000eab07fa8) thrown at [/HUDSON/workspace/8-2-build-linux-amd64/jdk8u91/6644/hotspot/src/share/vm/prims/jni.cpp
Event: 1.804 Thread 0x00007f33ac11f000 Implicit null exception at 0x00007f339d28c45e to 0x00007f339d28e851
Event: 11.530 Thread 0x00007f33ac00a000 Implicit null exception at 0x00007f339d46c3f5 to 0x00007f339d47199d
Event: 11.546 Thread 0x00007f33ac12c000 Exception <a 'java/lang/ArrayIndexOutOfBoundsException': 18> (0x00000000f1833df8) thrown at [/HUDSON/workspace/8-2-build-linux-amd64/jdk8u91/6644/hotspot/src/share/vm/interpreter/interpreterRuntime.cpp, line 366]
Event: 11.551 Thread 0x00007f33ac12c000 Exception <a 'java/lang/ArrayIndexOutOfBoundsException'> (0x00000000f1835978) thrown at [/HUDSON/workspace/8-2-build-linux-amd64/jdk8u91/6644/hotspot/src/share/vm/runtime/sharedRuntime.cpp, line 605]
Event: 11.552 Thread 0x00007f33ac12c000 Exception <a 'java/lang/ArrayIndexOutOfBoundsException'> (0x00000000f1836c60) thrown at [/HUDSON/workspace/8-2-build-linux-amd64/jdk8u91/6644/hotspot/src/share/vm/runtime/sharedRuntime.cpp, line 605]

Events (10 events):
Event: 24.567 Thread 0x00007f33ac12c000 DEOPT UNPACKING pc=0x00007f339d047633 sp=0x00007f3398334cf0 mode 0
Event: 24.582 Thread 0x00007f33ac11f000 DEOPT PACKING pc=0x00007f339d4ca1c9 sp=0x00007f3398739050
Event: 24.582 Thread 0x00007f33ac11f000 DEOPT UNPACKING pc=0x00007f339d047633 sp=0x00007f3398738ea0 mode 0
Event: 24.584 Thread 0x00007f33ac128000 DEOPT PACKING pc=0x00007f339d2b5ad9 sp=0x00007f3398435e40
Event: 24.584 Thread 0x00007f33ac128000 DEOPT UNPACKING pc=0x00007f339d047633 sp=0x00007f3398435b78 mode 0
Event: 24.585 Thread 0x00007f33ac128000 DEOPT PACKING pc=0x00007f339d2b5ad9 sp=0x00007f3398435e40
Event: 24.585 Thread 0x00007f33ac128000 DEOPT UNPACKING pc=0x00007f339d047633 sp=0x00007f3398435b78 mode 0
Event: 24.610 Thread 0x00007f33ac128000 DEOPT PACKING pc=0x00007f339d4ca1c9 sp=0x00007f3398435dd0
Event: 24.610 Thread 0x00007f33ac128000 DEOPT UNPACKING pc=0x00007f339d047633 sp=0x00007f3398435c20 mode 0
Event: 24.629 Executing VM operation: ParallelGCFailedAllocation


Dynamic libraries:
00400000-00401000 r-xp 00000000 08:06 266116                             /home/mohamed/jdk1.8.0_91/bin/java
00600000-00601000 rw-p 00000000 08:06 266116                             /home/mohamed/jdk1.8.0_91/bin/java
00790000-007b1000 rw-p 00000000 00:00 0                                  [heap]
c0000000-cc900000 rw-p 00000000 00:00 0 
d3780000-eab00000 ---p 00000000 00:00 0 
eab00000-100000000 rw-p 00000000 00:00 0 
100000000-1000a0000 rw-p 00000000 00:00 0 
1000a0000-140000000 ---p 00000000 00:00 0 
7f334c000000-7f334c023000 rw-p 00000000 00:00 0 
7f334c023000-7f3350000000 ---p 00000000 00:00 0 
7f3354000000-7f335403e000 rw-p 00000000 00:00 0 
7f335403e000-7f3358000000 ---p 00000000 00:00 0 
7f3358000000-7f3358043000 rw-p 00000000 00:00 0 
7f3358043000-7f335c000000 ---p 00000000 00:00 0 
7f335c000000-7f335c05e000 rw-p 00000000 00:00 0 
7f335c05e000-7f3360000000 ---p 00000000 00:00 0 
7f3360000000-7f3360021000 rw-p 00000000 00:00 0 
7f3360021000-7f3364000000 ---p 00000000 00:00 0 
7f3364000000-7f3364021000 rw-p 00000000 00:00 0 
7f3364021000-7f3368000000 ---p 00000000 00:00 0 
7f3368000000-7f3368021000 rw-p 00000000 00:00 0 
7f3368021000-7f336c000000 ---p 00000000 00:00 0 
7f336c000000-7f336d55a000 rw-p 00000000 00:00 0 
7f336d55a000-7f3370000000 ---p 00000000 00:00 0 
7f3370000000-7f3370d6f000 rw-p 00000000 00:00 0 
7f3370d6f000-7f3374000000 ---p 00000000 00:00 0 
7f3374000000-7f3374021000 rw-p 00000000 00:00 0 
7f3374021000-7f3378000000 ---p 00000000 00:00 0 
7f3378000000-7f3379ad4000 rw-p 00000000 00:00 0 
7f3379ad4000-7f337c000000 ---p 00000000 00:00 0 
7f337c000000-7f337c021000 rw-p 00000000 00:00 0 
7f337c021000-7f3380000000 ---p 00000000 00:00 0 
7f3380000000-7f3380021000 rw-p 00000000 00:00 0 
7f3380021000-7f3384000000 ---p 00000000 00:00 0 
7f3384000000-7f3384021000 rw-p 00000000 00:00 0 
7f3384021000-7f3388000000 ---p 00000000 00:00 0 
7f3388000000-7f3388291000 rw-p 00000000 00:00 0 
7f3388291000-7f338c000000 ---p 00000000 00:00 0 
7f338c000000-7f338c021000 rw-p 00000000 00:00 0 
7f338c021000-7f3390000000 ---p 00000000 00:00 0 
7f3390000000-7f3390021000 rw-p 00000000 00:00 0 
7f3390021000-7f3394000000 ---p 00000000 00:00 0 
7f3394000000-7f3394021000 rw-p 00000000 00:00 0 
7f3394021000-7f3398000000 ---p 00000000 00:00 0 
7f3398236000-7f3398239000 ---p 00000000 00:00 0 
7f3398239000-7f3398337000 rw-p 00000000 00:00 0 
7f3398337000-7f339833a000 ---p 00000000 00:00 0 
7f339833a000-7f3398438000 rw-p 00000000 00:00 0 
7f3398438000-7f339843b000 ---p 00000000 00:00 0 
7f339843b000-7f3398539000 rw-p 00000000 00:00 0 
7f3398539000-7f339853c000 ---p 00000000 00:00 0 
7f339853c000-7f339863a000 rw-p 00000000 00:00 0 
7f339863a000-7f339863d000 ---p 00000000 00:00 0 
7f339863d000-7f339873b000 rw-p 00000000 00:00 0 
7f339873b000-7f339873c000 ---p 00000000 00:00 0 
7f339873c000-7f339883c000 rw-p 00000000 00:00 0 
7f339883c000-7f339883f000 ---p 00000000 00:00 0 
7f339883f000-7f339893d000 rw-p 00000000 00:00 0 
7f339893d000-7f3398940000 ---p 00000000 00:00 0 
7f3398940000-7f3398a3e000 rw-p 00000000 00:00 0 
7f3398a3e000-7f3398a41000 ---p 00000000 00:00 0 
7f3398a41000-7f3398b3f000 rw-p 00000000 00:00 0 
7f3398b3f000-7f3398b42000 ---p 00000000 00:00 0 
7f3398b42000-7f3398c40000 rw-p 00000000 00:00 0 
7f3398c40000-7f3398c43000 ---p 00000000 00:00 0 
7f3398c43000-7f3398d41000 rw-p 00000000 00:00 0 
7f3398d41000-7f339901a000 r--p 00000000 08:06 526509                     /usr/lib/locale/locale-archive
7f339901a000-7f339901d000 ---p 00000000 00:00 0 
7f339901d000-7f339911b000 rw-p 00000000 00:00 0 
7f339911b000-7f339911e000 ---p 00000000 00:00 0 
7f339911e000-7f339921c000 rw-p 00000000 00:00 0 
7f339921c000-7f339921d000 ---p 00000000 00:00 0 
7f339921d000-7f339a2b0000 rw-p 00000000 00:00 0 
7f339a2b0000-7f339a489000 r--s 03d1f000 08:06 922159                     /home/mohamed/jdk1.8.0_91/jre/lib/rt.jar
7f339a489000-7f339abbf000 rw-p 00000000 00:00 0 
7f339abbf000-7f339acff000 ---p 00000000 00:00 0 
7f339acff000-7f339ceff000 rw-p 00000000 00:00 0 
7f339ceff000-7f339cf00000 ---p 00000000 00:00 0 
7f339cf00000-7f339d000000 rw-p 00000000 00:00 0 
7f339d000000-7f339d9d0000 rwxp 00000000 00:00 0 
7f339d9d0000-7f33ac000000 ---p 00000000 00:00 0 
7f33ac000000-7f33ac38d000 rw-p 00000000 00:00 0 
7f33ac38d000-7f33b0000000 ---p 00000000 00:00 0 
7f33b0007000-7f33b0016000 r--s 000df000 08:06 6165411                    /home/mohamed/Android/Sdk/build-tools/23.0.1/lib/dx.jar
7f33b0016000-7f33b0037000 rw-p 00000000 00:00 0 
7f33b0037000-7f33b0038000 ---p 00000000 00:00 0 
7f33b0038000-7f33b0138000 rw-p 00000000 00:00 0 
7f33b0138000-7f33b0139000 ---p 00000000 00:00 0 
7f33b0139000-7f33b0239000 rw-p 00000000 00:00 0 
7f33b0239000-7f33b023a000 ---p 00000000 00:00 0 
7f33b023a000-7f33b039f000 rw-p 00000000 00:00 0 
7f33b039f000-7f33b0490000 ---p 00000000 00:00 0 
7f33b0490000-7f33b04f5000 rw-p 00000000 00:00 0 
7f33b04f5000-7f33b05e5000 ---p 00000000 00:00 0 
7f33b05e5000-7f33b0690000 rw-p 00000000 00:00 0 
7f33b0690000-7f33b06b9000 rw-p 00000000 00:00 0 
7f33b06b9000-7f33b0a51000 ---p 00000000 00:00 0 
7f33b0a51000-7f33b0a6b000 r-xp 00000000 08:06 922210                     /home/mohamed/jdk1.8.0_91/jre/lib/amd64/libzip.so
7f33b0a6b000-7f33b0c6b000 ---p 0001a000 08:06 922210                     /home/mohamed/jdk1.8.0_91/jre/lib/amd64/libzip.so
7f33b0c6b000-7f33b0c6c000 rw-p 0001a000 08:06 922210                     /home/mohamed/jdk1.8.0_91/jre/lib/amd64/libzip.so
7f33b0c6c000-7f33b0c77000 r-xp 00000000 08:06 278669                     /lib/x86_64-linux-gnu/libnss_files-2.23.so
7f33b0c77000-7f33b0e76000 ---p 0000b000 08:06 278669                     /lib/x86_64-linux-gnu/libnss_files-2.23.so
7f33b0e76000-7f33b0e77000 r--p 0000a000 08:06 278669                     /lib/x86_64-linux-gnu/libnss_files-2.23.so
7f33b0e77000-7f33b0e78000 rw-p 0000b000 08:06 278669                     /lib/x86_64-linux-gnu/libnss_files-2.23.so
7f33b0e78000-7f33b0e7e000 rw-p 00000000 00:00 0 
7f33b0e7e000-7f33b0e89000 r-xp 00000000 08:06 278666                     /lib/x86_64-linux-gnu/libnss_nis-2.23.so
7f33b0e89000-7f33b1088000 ---p 0000b000 08:06 278666                     /lib/x86_64-linux-gnu/libnss_nis-2.23.so
7f33b1088000-7f33b1089000 r--p 0000a000 08:06 278666                     /lib/x86_64-linux-gnu/libnss_nis-2.23.so
7f33b1089000-7f33b108a000 rw-p 0000b000 08:06 278666                     /lib/x86_64-linux-gnu/libnss_nis-2.23.so
7f33b108a000-7f33b10a0000 r-xp 00000000 08:06 278664                     /lib/x86_64-linux-gnu/libnsl-2.23.so
7f33b10a0000-7f33b129f000 ---p 00016000 08:06 278664                     /lib/x86_64-linux-gnu/libnsl-2.23.so
7f33b129f000-7f33b12a0000 r--p 00015000 08:06 278664                     /lib/x86_64-linux-gnu/libnsl-2.23.so
7f33b12a0000-7f33b12a1000 rw-p 00016000 08:06 278664                     /lib/x86_64-linux-gnu/libnsl-2.23.so
7f33b12a1000-7f33b12a3000 rw-p 00000000 00:00 0 
7f33b12a3000-7f33b12ab000 r-xp 00000000 08:06 278662                     /lib/x86_64-linux-gnu/libnss_compat-2.23.so
7f33b12ab000-7f33b14aa000 ---p 00008000 08:06 278662                     /lib/x86_64-linux-gnu/libnss_compat-2.23.so
7f33b14aa000-7f33b14ab000 r--p 00007000 08:06 278662                     /lib/x86_64-linux-gnu/libnss_compat-2.23.so
7f33b14ab000-7f33b14ac000 rw-p 00008000 08:06 278662                     /lib/x86_64-linux-gnu/libnss_compat-2.23.so
7f33b14ac000-7f33b14d6000 r-xp 00000000 08:06 922205                     /home/mohamed/jdk1.8.0_91/jre/lib/amd64/libjava.so
7f33b14d6000-7f33b16d6000 ---p 0002a000 08:06 922205                     /home/mohamed/jdk1.8.0_91/jre/lib/amd64/libjava.so
7f33b16d6000-7f33b16d8000 rw-p 0002a000 08:06 922205                     /home/mohamed/jdk1.8.0_91/jre/lib/amd64/libjava.so
7f33b16d8000-7f33b16e5000 r-xp 00000000 08:06 922209                     /home/mohamed/jdk1.8.0_91/jre/lib/amd64/libverify.so
7f33b16e5000-7f33b18e5000 ---p 0000d000 08:06 922209                     /home/mohamed/jdk1.8.0_91/jre/lib/amd64/libverify.so
7f33b18e5000-7f33b18e7000 rw-p 0000d000 08:06 922209                     /home/mohamed/jdk1.8.0_91/jre/lib/amd64/libverify.so
7f33b18e7000-7f33b18ee000 r-xp 00000000 08:06 278678                     /lib/x86_64-linux-gnu/librt-2.23.so
7f33b18ee000-7f33b1aed000 ---p 00007000 08:06 278678                     /lib/x86_64-linux-gnu/librt-2.23.so
7f33b1aed000-7f33b1aee000 r--p 00006000 08:06 278678                     /lib/x86_64-linux-gnu/librt-2.23.so
7f33b1aee000-7f33b1aef000 rw-p 00007000 08:06 278678                     /lib/x86_64-linux-gnu/librt-2.23.so
7f33b1aef000-7f33b1bf7000 r-xp 00000000 08:06 278675                     /lib/x86_64-linux-gnu/libm-2.23.so
7f33b1bf7000-7f33b1df6000 ---p 00108000 08:06 278675                     /lib/x86_64-linux-gnu/libm-2.23.so
7f33b1df6000-7f33b1df7000 r--p 00107000 08:06 278675                     /lib/x86_64-linux-gnu/libm-2.23.so
7f33b1df7000-7f33b1df8000 rw-p 00108000 08:06 278675                     /lib/x86_64-linux-gnu/libm-2.23.so
7f33b1df8000-7f33b2ab8000 r-xp 00000000 08:06 1184562                    /home/mohamed/jdk1.8.0_91/jre/lib/amd64/server/libjvm.so
7f33b2ab8000-7f33b2cb8000 ---p 00cc0000 08:06 1184562                    /home/mohamed/jdk1.8.0_91/jre/lib/amd64/server/libjvm.so
7f33b2cb8000-7f33b2d90000 rw-p 00cc0000 08:06 1184562                    /home/mohamed/jdk1.8.0_91/jre/lib/amd64/server/libjvm.so
7f33b2d90000-7f33b2ddb000 rw-p 00000000 00:00 0 
7f33b2ddb000-7f33b2f9b000 r-xp 00000000 08:06 278683                     /lib/x86_64-linux-gnu/libc-2.23.so
7f33b2f9b000-7f33b319a000 ---p 001c0000 08:06 278683                     /lib/x86_64-linux-gnu/libc-2.23.so
7f33b319a000-7f33b319e000 r--p 001bf000 08:06 278683                     /lib/x86_64-linux-gnu/libc-2.23.so
7f33b319e000-7f33b31a0000 rw-p 001c3000 08:06 278683                     /lib/x86_64-linux-gnu/libc-2.23.so
7f33b31a0000-7f33b31a4000 rw-p 00000000 00:00 0 
7f33b31a4000-7f33b31a7000 r-xp 00000000 08:06 278684                     /lib/x86_64-linux-gnu/libdl-2.23.so
7f33b31a7000-7f33b33a6000 ---p 00003000 08:06 278684                     /lib/x86_64-linux-gnu/libdl-2.23.so
7f33b33a6000-7f33b33a7000 r--p 00002000 08:06 278684                     /lib/x86_64-linux-gnu/libdl-2.23.so
7f33b33a7000-7f33b33a8000 rw-p 00003000 08:06 278684                     /lib/x86_64-linux-gnu/libdl-2.23.so
7f33b33a8000-7f33b33bd000 r-xp 00000000 08:06 36052                      /home/mohamed/jdk1.8.0_91/lib/amd64/jli/libjli.so
7f33b33bd000-7f33b35bd000 ---p 00015000 08:06 36052                      /home/mohamed/jdk1.8.0_91/lib/amd64/jli/libjli.so
7f33b35bd000-7f33b35be000 rw-p 00015000 08:06 36052                      /home/mohamed/jdk1.8.0_91/lib/amd64/jli/libjli.so
7f33b35be000-7f33b35d6000 r-xp 00000000 08:06 278682                     /lib/x86_64-linux-gnu/libpthread-2.23.so
7f33b35d6000-7f33b37d5000 ---p 00018000 08:06 278682                     /lib/x86_64-linux-gnu/libpthread-2.23.so
7f33b37d5000-7f33b37d6000 r--p 00017000 08:06 278682                     /lib/x86_64-linux-gnu/libpthread-2.23.so
7f33b37d6000-7f33b37d7000 rw-p 00018000 08:06 278682                     /lib/x86_64-linux-gnu/libpthread-2.23.so
7f33b37d7000-7f33b37db000 rw-p 00000000 00:00 0 
7f33b37db000-7f33b3801000 r-xp 00000000 08:06 278679                     /lib/x86_64-linux-gnu/ld-2.23.so
7f33b3806000-7f33b38d8000 rw-p 00000000 00:00 0 
7f33b38d8000-7f33b38db000 ---p 00000000 00:00 0 
7f33b38db000-7f33b39dd000 rw-p 00000000 00:00 0 
7f33b39e0000-7f33b39f4000 rw-p 00000000 00:00 0 
7f33b39f4000-7f33b39fc000 rw-s 00000000 08:06 1063515                    /tmp/hsperfdata_mohamed/7821
7f33b39fc000-7f33b39fd000 rw-p 00000000 00:00 0 
7f33b39fd000-7f33b39fe000 ---p 00000000 00:00 0 
7f33b39fe000-7f33b3a00000 rw-p 00000000 00:00 0 
7f33b3a00000-7f33b3a01000 r--p 00025000 08:06 278679                     /lib/x86_64-linux-gnu/ld-2.23.so
7f33b3a01000-7f33b3a02000 rw-p 00026000 08:06 278679                     /lib/x86_64-linux-gnu/ld-2.23.so
7f33b3a02000-7f33b3a03000 rw-p 00000000 00:00 0 
7ffea667c000-7ffea669d000 rw-p 00000000 00:00 0                          [stack]
7ffea66f9000-7ffea66fb000 r--p 00000000 00:00 0                          [vvar]
7ffea66fb000-7ffea66fd000 r-xp 00000000 00:00 0                          [vdso]
ffffffffff600000-ffffffffff601000 r-xp 00000000 00:00 0                  [vsyscall]

VM Arguments:
jvm_args: -Djava.awt.headless=true -Xmx1024M -Dfile.encoding=UTF-8 -Duser.country=US -Duser.language=en -Duser.variant 
java_command: com.android.dx.command.Main --dex --force-jumbo --num-threads=4 --output /media/mohamed/Programs/Explore/app/build/intermediates/pre-dexed/debug/main_b96a9e6e4bba87f32530723a59caa4b0f833400a.jar /media/mohamed/Programs/Explore/app/build/intermediates/transforms/instantRun/debug/folders/1/5/main
java_class_path (initial): /home/mohamed/Android/Sdk/build-tools/23.0.1/lib/dx.jar
Launcher Type: SUN_STANDARD

Environment Variables:
JAVA_HOME=/usr/lib/jvm/java-8-oracle
PATH=/usr/local/sbin:/usr/local/bin:/usr/sbin:/usr/bin:/sbin:/bin:/usr/games:/usr/local/games:/snap/bin:/usr/lib/jvm/java-8-oracle/bin:/usr/lib/jvm/java-8-oracle/db/bin:/usr/lib/jvm/java-8-oracle/jre/bin
LD_LIBRARY_PATH=/home/mohamed/tools/android/android-studio/bin:
SHELL=/bin/bash
DISPLAY=:0

Signal Handlers:
SIGSEGV: [libjvm.so+0xabca10], sa_mask[0]=11111111011111111101111111111110, sa_flags=SA_RESTART|SA_SIGINFO
SIGBUS: [libjvm.so+0xabca10], sa_mask[0]=11111111011111111101111111111110, sa_flags=SA_RESTART|SA_SIGINFO
SIGFPE: [libjvm.so+0x919a20], sa_mask[0]=11111111011111111101111111111110, sa_flags=SA_RESTART|SA_SIGINFO
SIGPIPE: [libjvm.so+0x919a20], sa_mask[0]=11111111011111111101111111111110, sa_flags=SA_RESTART|SA_SIGINFO
SIGXFSZ: [libjvm.so+0x919a20], sa_mask[0]=11111111011111111101111111111110, sa_flags=SA_RESTART|SA_SIGINFO
SIGILL: [libjvm.so+0x919a20], sa_mask[0]=11111111011111111101111111111110, sa_flags=SA_RESTART|SA_SIGINFO
SIGUSR1: SIG_DFL, sa_mask[0]=00000000000000000000000000000000, sa_flags=none
SIGUSR2: [libjvm.so+0x91b050], sa_mask[0]=00100000000000000000000000000000, sa_flags=SA_RESTART|SA_SIGINFO
SIGHUP: [libjvm.so+0x91c450], sa_mask[0]=11111111011111111101111111111110, sa_flags=SA_RESTART|SA_SIGINFO
SIGINT: [libjvm.so+0x91c450], sa_mask[0]=11111111011111111101111111111110, sa_flags=SA_RESTART|SA_SIGINFO
SIGTERM: [libjvm.so+0x91c450], sa_mask[0]=11111111011111111101111111111110, sa_flags=SA_RESTART|SA_SIGINFO
SIGQUIT: [libjvm.so+0x91c450], sa_mask[0]=11111111011111111101111111111110, sa_flags=SA_RESTART|SA_SIGINFO


---------------  S Y S T E M  ---------------

OS:DISTRIB_ID=Ubuntu
DISTRIB_RELEASE=16.04
DISTRIB_CODENAME=xenial
DISTRIB_DESCRIPTION="Ubuntu 16.04 LTS"

uname:Linux 4.4.0-22-generic #40-Ubuntu SMP Thu May 12 22:03:46 UTC 2016 x86_64
libc:glibc 2.23 NPTL 2.23 
rlimit: STACK 8192k, CORE 0k, NPROC 15304, NOFILE 65536, AS infinity
load average:9.63 4.94 3.08

/proc/meminfo:
MemTotal:        3956776 kB
MemFree:           28300 kB
MemAvailable:      91860 kB
Buffers:            2484 kB
Cached:           296088 kB
SwapCached:            0 kB
Active:          3503720 kB
Inactive:         260152 kB
Active(anon):    3472092 kB
Inactive(anon):   234420 kB
Active(file):      31628 kB
Inactive(file):    25732 kB
Unevictable:          32 kB
Mlocked:              32 kB
SwapTotal:             0 kB
SwapFree:              0 kB
Dirty:              2468 kB
Writeback:             0 kB
AnonPages:       3465372 kB
Mapped:            75952 kB
Shmem:            241148 kB
Slab:              74664 kB
SReclaimable:      35588 kB
SUnreclaim:        39076 kB
KernelStack:        9968 kB
PageTables:        40416 kB
NFS_Unstable:          0 kB
Bounce:                0 kB
WritebackTmp:          0 kB
CommitLimit:     1978388 kB
Committed_AS:    6712844 kB
VmallocTotal:   34359738367 kB
VmallocUsed:           0 kB
VmallocChunk:          0 kB
HardwareCorrupted:     0 kB
AnonHugePages:   1837056 kB
CmaTotal:              0 kB
CmaFree:               0 kB
HugePages_Total:       0
HugePages_Free:        0
HugePages_Rsvd:        0
HugePages_Surp:        0
Hugepagesize:       2048 kB
DirectMap4k:      190840 kB
DirectMap2M:     3913728 kB
DirectMap1G:           0 kB


CPU:total 4 (2 cores per cpu, 2 threads per core) family 6 model 60 stepping 3, cmov, cx8, fxsr, mmx, sse, sse2, sse3, ssse3, sse4.1, sse4.2, popcnt, avx, avx2, aes, clmul, erms, lzcnt, ht, tsc, tscinvbit, bmi1, bmi2

/proc/cpuinfo:
processor	: 0
vendor_id	: GenuineIntel
cpu family	: 6
model		: 60
model name	: Intel(R) Core(TM) i5-4200M CPU @ 2.50GHz
stepping	: 3
microcode	: 0x16
cpu MHz		: 3000.000
cache size	: 3072 KB
physical id	: 0
siblings	: 4
core id		: 0
cpu cores	: 2
apicid		: 0
initial apicid	: 0
fpu		: yes
fpu_exception	: yes
cpuid level	: 13
wp		: yes
flags		: fpu vme de pse tsc msr pae mce cx8 apic sep mtrr pge mca cmov pat pse36 clflush dts acpi mmx fxsr sse sse2 ss ht tm pbe syscall nx pdpe1gb rdtscp lm constant_tsc arch_perfmon pebs bts rep_good nopl xtopology nonstop_tsc aperfmperf eagerfpu pni pclmulqdq dtes64 monitor ds_cpl vmx est tm2 ssse3 sdbg fma cx16 xtpr pdcm pcid sse4_1 sse4_2 movbe popcnt tsc_deadline_timer aes xsave avx f16c rdrand lahf_lm abm epb tpr_shadow vnmi flexpriority ept vpid fsgsbase tsc_adjust bmi1 avx2 smep bmi2 erms invpcid xsaveopt dtherm ida arat pln pts
bugs		:
bogomips	: 4988.34
clflush size	: 64
cache_alignment	: 64
address sizes	: 39 bits physical, 48 bits virtual
power management:

processor	: 1
vendor_id	: GenuineIntel
cpu family	: 6
model		: 60
model name	: Intel(R) Core(TM) i5-4200M CPU @ 2.50GHz
stepping	: 3
microcode	: 0x16
cpu MHz		: 2999.902
cache size	: 3072 KB
physical id	: 0
siblings	: 4
core id		: 1
cpu cores	: 2
apicid		: 2
initial apicid	: 2
fpu		: yes
fpu_exception	: yes
cpuid level	: 13
wp		: yes
flags		: fpu vme de pse tsc msr pae mce cx8 apic sep mtrr pge mca cmov pat pse36 clflush dts acpi mmx fxsr sse sse2 ss ht tm pbe syscall nx pdpe1gb rdtscp lm constant_tsc arch_perfmon pebs bts rep_good nopl xtopology nonstop_tsc aperfmperf eagerfpu pni pclmulqdq dtes64 monitor ds_cpl vmx est tm2 ssse3 sdbg fma cx16 xtpr pdcm pcid sse4_1 sse4_2 movbe popcnt tsc_deadline_timer aes xsave avx f16c rdrand lahf_lm abm epb tpr_shadow vnmi flexpriority ept vpid fsgsbase tsc_adjust bmi1 avx2 smep bmi2 erms invpcid xsaveopt dtherm ida arat pln pts
bugs		:
bogomips	: 4988.34
clflush size	: 64
cache_alignment	: 64
address sizes	: 39 bits physical, 48 bits virtual
power management:

processor	: 2
vendor_id	: GenuineIntel
cpu family	: 6
model		: 60
model name	: Intel(R) Core(TM) i5-4200M CPU @ 2.50GHz
stepping	: 3
microcode	: 0x16
cpu MHz		: 3000.000
cache size	: 3072 KB
physical id	: 0
siblings	: 4
core id		: 0
cpu cores	: 2
apicid		: 1
initial apicid	: 1
fpu		: yes
fpu_exception	: yes
cpuid level	: 13
wp		: yes
flags		: fpu vme de pse tsc msr pae mce cx8 apic sep mtrr pge mca cmov pat pse36 clflush dts acpi mmx fxsr sse sse2 ss ht tm pbe syscall nx pdpe1gb rdtscp lm constant_tsc arch_perfmon pebs bts rep_good nopl xtopology nonstop_tsc aperfmperf eagerfpu pni pclmulqdq dtes64 monitor ds_cpl vmx est tm2 ssse3 sdbg fma cx16 xtpr pdcm pcid sse4_1 sse4_2 movbe popcnt tsc_deadline_timer aes xsave avx f16c rdrand lahf_lm abm epb tpr_shadow vnmi flexpriority ept vpid fsgsbase tsc_adjust bmi1 avx2 smep bmi2 erms invpcid xsaveopt dtherm ida arat pln pts
bugs		:
bogomips	: 4988.34
clflush size	: 64
cache_alignment	: 64
address sizes	: 39 bits physical, 48 bits virtual
power management:

processor	: 3
vendor_id	: GenuineIntel
cpu family	: 6
model		: 60
model name	: Intel(R) Core(TM) i5-4200M CPU @ 2.50GHz
stepping	: 3
microcode	: 0x16
cpu MHz		: 2999.902
cache size	: 3072 KB
physical id	: 0
siblings	: 4
core id		: 1
cpu cores	: 2
apicid		: 3
initial apicid	: 3
fpu		: yes
fpu_exception	: yes
cpuid level	: 13
wp		: yes
flags		: fpu vme de pse tsc msr pae mce cx8 apic sep mtrr pge mca cmov pat pse36 clflush dts acpi mmx fxsr sse sse2 ss ht tm pbe syscall nx pdpe1gb rdtscp lm constant_tsc arch_perfmon pebs bts rep_good nopl xtopology nonstop_tsc aperfmperf eagerfpu pni pclmulqdq dtes64 monitor ds_cpl vmx est tm2 ssse3 sdbg fma cx16 xtpr pdcm pcid sse4_1 sse4_2 movbe popcnt tsc_deadline_timer aes xsave avx f16c rdrand lahf_lm abm epb tpr_shadow vnmi flexpriority ept vpid fsgsbase tsc_adjust bmi1 avx2 smep bmi2 erms invpcid xsaveopt dtherm ida arat pln pts
bugs		:
bogomips	: 4988.34
clflush size	: 64
cache_alignment	: 64
address sizes	: 39 bits physical, 48 bits virtual
power management:



Memory: 4k page, physical 3956776k(28300k free), swap 0k(0k free)

vm_info: Java HotSpot(TM) 64-Bit Server VM (25.91-b14) for linux-amd64 JRE (1.8.0_91-b14), built on Apr  1 2016 00:57:21 by "java_re" with gcc 4.3.0 20080428 (Red Hat 4.3.0-8)

time: Wed May 18 18:39:40 2016
elapsed time: 27 seconds (0d 0h 0m 27s)

