#
# There is insufficient memory for the Java Runtime Environment to continue.
# Native memory allocation (mmap) failed to map 89128960 bytes for committing reserved memory.
# Possible reasons:
#   The system is out of physical RAM or swap space
#   In 32 bit mode, the process size limit was hit
# Possible solutions:
#   Reduce memory load on the system
#   Increase physical memory or swap space
#   Check if swap backing store is full
#   Use 64 bit Java on a 64 bit OS
#   Decrease Java heap size (-Xmx/-Xms)
#   Decrease number of Java threads
#   Decrease Java thread stack sizes (-Xss)
#   Set larger code cache with -XX:ReservedCodeCacheSize=
# This output file may be truncated or incomplete.
#
#  Out of Memory Error (os_linux.cpp:2627), pid=3983, tid=140331033503488
#
# JRE version: Java(TM) SE Runtime Environment (8.0_91-b14) (build 1.8.0_91-b14)
# Java VM: Java HotSpot(TM) 64-Bit Server VM (25.91-b14 mixed mode linux-amd64 compressed oops)
# Failed to write core dump. Core dumps have been disabled. To enable core dumping, try "ulimit -c unlimited" before starting Java again
#

---------------  T H R E A D  ---------------

Current thread (0x00007fa17c078000):  VMThread [stack: 0x00007fa15d572000,0x00007fa15d673000] [id=3993]

Stack: [0x00007fa15d572000,0x00007fa15d673000],  sp=0x00007fa15d6711a0,  free space=1020k
Native frames: (J=compiled Java code, j=interpreted, Vv=VM code, C=native code)
V  [libjvm.so+0xabc18a]  VMError::report_and_die()+0x2ba
V  [libjvm.so+0x4fafeb]  report_vm_out_of_memory(char const*, int, unsigned long, VMErrorType, char const*)+0x8b
V  [libjvm.so+0x91cbb3]  os::Linux::commit_memory_impl(char*, unsigned long, bool)+0x103
V  [libjvm.so+0x91d109]  os::pd_commit_memory(char*, unsigned long, unsigned long, bool)+0x29
V  [libjvm.so+0x91740a]  os::commit_memory(char*, unsigned long, unsigned long, bool)+0x2a
V  [libjvm.so+0x98b033]  PSVirtualSpace::expand_by(unsigned long)+0x53
V  [libjvm.so+0x98c438]  PSYoungGen::resize_generation(unsigned long, unsigned long)+0xf8
V  [libjvm.so+0x98b592]  PSYoungGen::resize(unsigned long, unsigned long)+0x22
V  [libjvm.so+0x98886b]  PSScavenge::invoke_no_policy()+0xf3b
V  [libjvm.so+0x988ff1]  PSScavenge::invoke()+0x41
V  [libjvm.so+0x9408b0]  ParallelScavengeHeap::failed_mem_allocate(unsigned long)+0x70
V  [libjvm.so+0xabdba7]  VM_ParallelGCFailedAllocation::doit()+0x97
V  [libjvm.so+0xac55d5]  VM_Operation::evaluate()+0x55
V  [libjvm.so+0xac39aa]  VMThread::evaluate_operation(VM_Operation*)+0xba
V  [libjvm.so+0xac3d2e]  VMThread::loop()+0x1ce
V  [libjvm.so+0xac41a0]  VMThread::run()+0x70
V  [libjvm.so+0x91ef78]  java_start(Thread*)+0x108

VM_Operation (0x00007fa15c77cce0): ParallelGCFailedAllocation, mode: safepoint, requested by thread 0x00007fa17c15a000


---------------  P R O C E S S  ---------------

Java Threads: ( => current thread )
  0x00007fa17c15e800 JavaThread "pool-1-thread-4" [_thread_blocked, id=4007, stack(0x00007fa15c57d000,0x00007fa15c67e000)]
  0x00007fa17c15a000 JavaThread "pool-1-thread-3" [_thread_blocked, id=4006, stack(0x00007fa15c67e000,0x00007fa15c77f000)]
  0x00007fa17c157000 JavaThread "pool-1-thread-2" [_thread_blocked, id=4005, stack(0x00007fa15c77f000,0x00007fa15c880000)]
  0x00007fa17c149800 JavaThread "pool-2-thread-1" [_thread_blocked, id=4004, stack(0x00007fa15c880000,0x00007fa15c981000)]
  0x00007fa17c147000 JavaThread "pool-1-thread-1" [_thread_blocked, id=4003, stack(0x00007fa15c981000,0x00007fa15ca82000)]
  0x00007fa17c0c1800 JavaThread "Service Thread" daemon [_thread_blocked, id=4000, stack(0x00007fa15cb92000,0x00007fa15cc93000)]
  0x00007fa17c0be000 JavaThread "C1 CompilerThread2" daemon [_thread_blocked, id=3999, stack(0x00007fa15cc93000,0x00007fa15cd94000)]
  0x00007fa17c0bc800 JavaThread "C2 CompilerThread1" daemon [_thread_blocked, id=3998, stack(0x00007fa15cd94000,0x00007fa15ce95000)]
  0x00007fa17c0b9800 JavaThread "C2 CompilerThread0" daemon [_thread_blocked, id=3997, stack(0x00007fa15ce95000,0x00007fa15cf96000)]
  0x00007fa17c0b8000 JavaThread "Signal Dispatcher" daemon [_thread_blocked, id=3996, stack(0x00007fa15cf96000,0x00007fa15d097000)]
  0x00007fa17c084000 JavaThread "Finalizer" daemon [_thread_blocked, id=3995, stack(0x00007fa15d370000,0x00007fa15d471000)]
  0x00007fa17c07f800 JavaThread "Reference Handler" daemon [_thread_blocked, id=3994, stack(0x00007fa15d471000,0x00007fa15d572000)]
  0x00007fa17c00a000 JavaThread "main" [_thread_blocked, id=3988, stack(0x00007fa183c26000,0x00007fa183d27000)]

Other Threads:
=>0x00007fa17c078000 VMThread [stack: 0x00007fa15d572000,0x00007fa15d673000] [id=3993]
  0x00007fa17c0c4000 WatcherThread [stack: 0x00007fa15ca91000,0x00007fa15cb92000] [id=4001]

VM state:at safepoint (normal execution)

VM Mutex/Monitor currently owned by a thread:  ([mutex/lock_event])
[0x00007fa17c006460] Threads_lock - owner thread: 0x00007fa17c078000
[0x00007fa17c006960] Heap_lock - owner thread: 0x00007fa17c15a000

Heap:
 PSYoungGen      total 140288K, used 21984K [0x00000000eab00000, 0x00000000f5200000, 0x0000000100000000)
  eden space 118272K, 0% used [0x00000000eab00000,0x00000000eab00000,0x00000000f1e80000)
  from space 22016K, 99% used [0x00000000f1e80000,0x00000000f33f82e0,0x00000000f3400000)
  to   space 13312K, 0% used [0x00000000f3400000,0x00000000f3400000,0x00000000f4100000)
 ParOldGen       total 78336K, used 58198K [0x00000000c0000000, 0x00000000c4c80000, 0x00000000eab00000)
  object space 78336K, 74% used [0x00000000c0000000,0x00000000c38d5ba0,0x00000000c4c80000)
 Metaspace       used 5848K, capacity 7088K, committed 7296K, reserved 1056768K
  class space    used 569K, capacity 616K, committed 640K, reserved 1048576K

Card table byte_map: [0x00007fa1807de000,0x00007fa1809df000] byte_map_base: 0x00007fa1801de000

Marking Bits: (ParMarkBitMap*) 0x00007fa1830fcd60
 Begin Bits: [0x00007fa15e000000, 0x00007fa15f000000)
 End Bits:   [0x00007fa15f000000, 0x00007fa160000000)

Polling page: 0x00007fa183d4b000

CodeCache: size=245760Kb used=6372Kb max_used=6372Kb free=239387Kb
 bounds [0x00007fa16d000000, 0x00007fa16d640000, 0x00007fa17c000000]
 total_blobs=1843 nmethods=1581 adapters=175
 compilation: enabled

Compilation events (10 events):
Event: 3.177 Thread 0x00007fa17c0be000 1685       2       com.android.dx.cf.cst.ConstantPoolParser::parse (365 bytes)
Event: 3.184 Thread 0x00007fa17c0be000 nmethod 1685 0x00007fa16d630bd0 code [0x00007fa16d630fa0, 0x00007fa16d632308]
Event: 3.184 Thread 0x00007fa17c0be000 1687       2       com.android.dx.cf.code.Ropper::addSynchExceptionHandlerBlock (206 bytes)
Event: 3.186 Thread 0x00007fa17c0be000 nmethod 1687 0x00007fa16d633990 code [0x00007fa16d633d40, 0x00007fa16d6352d8]
Event: 3.186 Thread 0x00007fa17c0be000 1686       2       com.android.dx.cf.direct.StdAttributeFactory::localVariableTable (98 bytes)
Event: 3.192 Thread 0x00007fa17c0be000 nmethod 1686 0x00007fa16d637790 code [0x00007fa16d6379c0, 0x00007fa16d638158]
Event: 3.192 Thread 0x00007fa17c0be000 1688       2       com.android.dx.cf.code.Ropper::addReturnBlock (228 bytes)
Event: 3.195 Thread 0x00007fa17c0be000 nmethod 1688 0x00007fa16d638910 code [0x00007fa16d638c80, 0x00007fa16d639ea8]
Event: 3.202 Thread 0x00007fa17c0be000 1689 %     3       com.android.dx.ssa.back.LivenessAnalyzer::constructInterferenceGraph @ 16 (47 bytes)
Event: 3.206 Thread 0x00007fa17c0be000 nmethod 1689% 0x00007fa16d63bf90 code [0x00007fa16d63c140, 0x00007fa16d63c618]

GC Heap History (10 events):
Event: 1.581 GC heap after
Heap after GC invocations=3 (full 0):
 PSYoungGen      total 34304K, used 2556K [0x00000000eab00000, 0x00000000eee00000, 0x0000000100000000)
  eden space 31744K, 0% used [0x00000000eab00000,0x00000000eab00000,0x00000000eca00000)
  from space 2560K, 99% used [0x00000000eca00000,0x00000000ecc7f0b0,0x00000000ecc80000)
  to   space 2560K, 0% used [0x00000000eeb80000,0x00000000eeb80000,0x00000000eee00000)
 ParOldGen       total 42496K, used 8097K [0x00000000c0000000, 0x00000000c2980000, 0x00000000eab00000)
  object space 42496K, 19% used [0x00000000c0000000,0x00000000c07e8530,0x00000000c2980000)
 Metaspace       used 5573K, capacity 6832K, committed 7040K, reserved 1056768K
  class space    used 567K, capacity 616K, committed 640K, reserved 1048576K
}
Event: 1.734 GC heap before
{Heap before GC invocations=4 (full 0):
 PSYoungGen      total 34304K, used 34300K [0x00000000eab00000, 0x00000000eee00000, 0x0000000100000000)
  eden space 31744K, 100% used [0x00000000eab00000,0x00000000eca00000,0x00000000eca00000)
  from space 2560K, 99% used [0x00000000eca00000,0x00000000ecc7f0b0,0x00000000ecc80000)
  to   space 2560K, 0% used [0x00000000eeb80000,0x00000000eeb80000,0x00000000eee00000)
 ParOldGen       total 42496K, used 8097K [0x00000000c0000000, 0x00000000c2980000, 0x00000000eab00000)
  object space 42496K, 19% used [0x00000000c0000000,0x00000000c07e8530,0x00000000c2980000)
 Metaspace       used 5593K, capacity 6896K, committed 7040K, reserved 1056768K
  class space    used 567K, capacity 616K, committed 640K, reserved 1048576K
Event: 1.757 GC heap after
Heap after GC invocations=4 (full 0):
 PSYoungGen      total 66048K, used 2558K [0x00000000eab00000, 0x00000000eee00000, 0x0000000100000000)
  eden space 63488K, 0% used [0x00000000eab00000,0x00000000eab00000,0x00000000ee900000)
  from space 2560K, 99% used [0x00000000eeb80000,0x00000000eedff940,0x00000000eee00000)
  to   space 2560K, 0% used [0x00000000ee900000,0x00000000ee900000,0x00000000eeb80000)
 ParOldGen       total 42496K, used 12680K [0x00000000c0000000, 0x00000000c2980000, 0x00000000eab00000)
  object space 42496K, 29% used [0x00000000c0000000,0x00000000c0c621d0,0x00000000c2980000)
 Metaspace       used 5593K, capacity 6896K, committed 7040K, reserved 1056768K
  class space    used 567K, capacity 616K, committed 640K, reserved 1048576K
}
Event: 2.097 GC heap before
{Heap before GC invocations=5 (full 0):
 PSYoungGen      total 66048K, used 66046K [0x00000000eab00000, 0x00000000eee00000, 0x0000000100000000)
  eden space 63488K, 100% used [0x00000000eab00000,0x00000000ee900000,0x00000000ee900000)
  from space 2560K, 99% used [0x00000000eeb80000,0x00000000eedff940,0x00000000eee00000)
  to   space 2560K, 0% used [0x00000000ee900000,0x00000000ee900000,0x00000000eeb80000)
 ParOldGen       total 42496K, used 12680K [0x00000000c0000000, 0x00000000c2980000, 0x00000000eab00000)
  object space 42496K, 29% used [0x00000000c0000000,0x00000000c0c621d0,0x00000000c2980000)
 Metaspace       used 5666K, capacity 6896K, committed 7040K, reserved 1056768K
  class space    used 567K, capacity 616K, committed 640K, reserved 1048576K
Event: 2.160 GC heap after
Heap after GC invocations=5 (full 0):
 PSYoungGen      total 66048K, used 2559K [0x00000000eab00000, 0x00000000f4100000, 0x0000000100000000)
  eden space 63488K, 0% used [0x00000000eab00000,0x00000000eab00000,0x00000000ee900000)
  from space 2560K, 99% used [0x00000000ee900000,0x00000000eeb7ff90,0x00000000eeb80000)
  to   space 13312K, 0% used [0x00000000f3400000,0x00000000f3400000,0x00000000f4100000)
 ParOldGen       total 42496K, used 23488K [0x00000000c0000000, 0x00000000c2980000, 0x00000000eab00000)
  object space 42496K, 55% used [0x00000000c0000000,0x00000000c16f0050,0x00000000c2980000)
 Metaspace       used 5666K, capacity 6896K, committed 7040K, reserved 1056768K
  class space    used 567K, capacity 616K, committed 640K, reserved 1048576K
}
Event: 2.531 GC heap before
{Heap before GC invocations=6 (full 0):
 PSYoungGen      total 66048K, used 66047K [0x00000000eab00000, 0x00000000f4100000, 0x0000000100000000)
  eden space 63488K, 100% used [0x00000000eab00000,0x00000000ee900000,0x00000000ee900000)
  from space 2560K, 99% used [0x00000000ee900000,0x00000000eeb7ff90,0x00000000eeb80000)
  to   space 13312K, 0% used [0x00000000f3400000,0x00000000f3400000,0x00000000f4100000)
 ParOldGen       total 42496K, used 23488K [0x00000000c0000000, 0x00000000c2980000, 0x00000000eab00000)
  object space 42496K, 55% used [0x00000000c0000000,0x00000000c16f0050,0x00000000c2980000)
 Metaspace       used 5765K, capacity 7024K, committed 7296K, reserved 1056768K
  class space    used 567K, capacity 616K, committed 640K, reserved 1048576K
Event: 2.597 GC heap after
Heap after GC invocations=6 (full 0):
 PSYoungGen      total 131584K, used 13290K [0x00000000eab00000, 0x00000000f5200000, 0x0000000100000000)
  eden space 118272K, 0% used [0x00000000eab00000,0x00000000eab00000,0x00000000f1e80000)
  from space 13312K, 99% used [0x00000000f3400000,0x00000000f40faa38,0x00000000f4100000)
  to   space 22016K, 0% used [0x00000000f1e80000,0x00000000f1e80000,0x00000000f3400000)
 ParOldGen       total 42496K, used 34618K [0x00000000c0000000, 0x00000000c2980000, 0x00000000eab00000)
  object space 42496K, 81% used [0x00000000c0000000,0x00000000c21ceb68,0x00000000c2980000)
 Metaspace       used 5765K, capacity 7024K, committed 7296K, reserved 1056768K
  class space    used 567K, capacity 616K, committed 640K, reserved 1048576K
}
Event: 2.597 GC heap before
{Heap before GC invocations=7 (full 1):
 PSYoungGen      total 131584K, used 13290K [0x00000000eab00000, 0x00000000f5200000, 0x0000000100000000)
  eden space 118272K, 0% used [0x00000000eab00000,0x00000000eab00000,0x00000000f1e80000)
  from space 13312K, 99% used [0x00000000f3400000,0x00000000f40faa38,0x00000000f4100000)
  to   space 22016K, 0% used [0x00000000f1e80000,0x00000000f1e80000,0x00000000f3400000)
 ParOldGen       total 42496K, used 34618K [0x00000000c0000000, 0x00000000c2980000, 0x00000000eab00000)
  object space 42496K, 81% used [0x00000000c0000000,0x00000000c21ceb68,0x00000000c2980000)
 Metaspace       used 5765K, capacity 7024K, committed 7296K, reserved 1056768K
  class space    used 567K, capacity 616K, committed 640K, reserved 1048576K
Event: 2.789 GC heap after
Heap after GC invocations=7 (full 1):
 PSYoungGen      total 131584K, used 996K [0x00000000eab00000, 0x00000000f5200000, 0x0000000100000000)
  eden space 118272K, 0% used [0x00000000eab00000,0x00000000eab00000,0x00000000f1e80000)
  from space 13312K, 7% used [0x00000000f3400000,0x00000000f34f9260,0x00000000f4100000)
  to   space 22016K, 0% used [0x00000000f1e80000,0x00000000f1e80000,0x00000000f3400000)
 ParOldGen       total 78336K, used 42493K [0x00000000c0000000, 0x00000000c4c80000, 0x00000000eab00000)
  object space 78336K, 54% used [0x00000000c0000000,0x00000000c297f408,0x00000000c4c80000)
 Metaspace       used 5765K, capacity 7024K, committed 7296K, reserved 1056768K
  class space    used 567K, capacity 616K, committed 640K, reserved 1048576K
}
Event: 3.258 GC heap before
{Heap before GC invocations=8 (full 1):
 PSYoungGen      total 131584K, used 119268K [0x00000000eab00000, 0x00000000f5200000, 0x0000000100000000)
  eden space 118272K, 100% used [0x00000000eab00000,0x00000000f1e80000,0x00000000f1e80000)
  from space 13312K, 7% used [0x00000000f3400000,0x00000000f34f9260,0x00000000f4100000)
  to   space 22016K, 0% used [0x00000000f1e80000,0x00000000f1e80000,0x00000000f3400000)
 ParOldGen       total 78336K, used 42493K [0x00000000c0000000, 0x00000000c4c80000, 0x00000000eab00000)
  object space 78336K, 54% used [0x00000000c0000000,0x00000000c297f408,0x00000000c4c80000)
 Metaspace       used 5848K, capacity 7088K, committed 7296K, reserved 1056768K
  class space    used 569K, capacity 616K, committed 640K, reserved 1048576K

Deoptimization events (10 events):
Event: 1.714 Thread 0x00007fa17c15a000 Uncommon trap: reason=bimorphic action=maybe_recompile pc=0x00007fa16d2aaf9c method=java.util.HashMap.getNode(ILjava/lang/Object;)Ljava/util/HashMap$Node; @ 126
Event: 1.714 Thread 0x00007fa17c15a000 Uncommon trap: reason=bimorphic action=maybe_recompile pc=0x00007fa16d2aaf9c method=java.util.HashMap.getNode(ILjava/lang/Object;)Ljava/util/HashMap$Node; @ 126
Event: 1.780 Thread 0x00007fa17c15e800 Uncommon trap: reason=bimorphic action=maybe_recompile pc=0x00007fa16d2aaf9c method=java.util.HashMap.getNode(ILjava/lang/Object;)Ljava/util/HashMap$Node; @ 126
Event: 1.780 Thread 0x00007fa17c15e800 Uncommon trap: reason=bimorphic action=maybe_recompile pc=0x00007fa16d2aaf9c method=java.util.HashMap.getNode(ILjava/lang/Object;)Ljava/util/HashMap$Node; @ 126
Event: 1.952 Thread 0x00007fa17c147000 Uncommon trap: reason=class_check action=maybe_recompile pc=0x00007fa16d4969e0 method=com.android.dx.ssa.SCCP.simulatePhi(Lcom/android/dx/ssa/PhiInsn;)V @ 124
Event: 1.980 Thread 0x00007fa17c15a000 Uncommon trap: reason=class_check action=maybe_recompile pc=0x00007fa16d4969e0 method=com.android.dx.ssa.SCCP.simulatePhi(Lcom/android/dx/ssa/PhiInsn;)V @ 124
Event: 2.018 Thread 0x00007fa17c147000 Uncommon trap: reason=class_check action=maybe_recompile pc=0x00007fa16d4969e0 method=com.android.dx.ssa.SCCP.simulatePhi(Lcom/android/dx/ssa/PhiInsn;)V @ 124
Event: 2.036 Thread 0x00007fa17c15e800 Uncommon trap: reason=class_check action=maybe_recompile pc=0x00007fa16d4969e0 method=com.android.dx.ssa.SCCP.simulatePhi(Lcom/android/dx/ssa/PhiInsn;)V @ 124
Event: 2.055 Thread 0x00007fa17c15a000 Uncommon trap: reason=unstable_if action=reinterpret pc=0x00007fa16d39d81c method=java.util.HashMap.putVal(ILjava/lang/Object;Ljava/lang/Object;ZZ)Ljava/lang/Object; @ 94
Event: 2.385 Thread 0x00007fa17c00a000 Uncommon trap: reason=unstable_if action=reinterpret pc=0x00007fa16d370f04 method=com.android.dx.dex.code.OutputFinisher.hasLocalInfo(Lcom/android/dx/dex/code/DalvInsn;)Z @ 24

Internal exceptions (2 events):
Event: 0.148 Thread 0x00007fa17c00a000 Exception <a 'java/lang/NoSuchMethodError': Method sun.misc.Unsafe.defineClass(Ljava/lang/String;[BII)Ljava/lang/Class; name or signature does not match> (0x00000000eab07cc0) thrown at [/HUDSON/workspace/8-2-build-linux-amd64/jdk8u91/6644/hotspot/src/shar
Event: 0.148 Thread 0x00007fa17c00a000 Exception <a 'java/lang/NoSuchMethodError': Method sun.misc.Unsafe.prefetchRead(Ljava/lang/Object;J)V name or signature does not match> (0x00000000eab07fa8) thrown at [/HUDSON/workspace/8-2-build-linux-amd64/jdk8u91/6644/hotspot/src/share/vm/prims/jni.cpp

Events (10 events):
Event: 3.074 Thread 0x00007fa17c157000 DEOPT UNPACKING pc=0x00007fa16d047633 sp=0x00007fa15c87dd98 mode 0
Event: 3.075 Thread 0x00007fa17c157000 DEOPT PACKING pc=0x00007fa16d4e43b8 sp=0x00007fa15c87dfe0
Event: 3.075 Thread 0x00007fa17c157000 DEOPT UNPACKING pc=0x00007fa16d047633 sp=0x00007fa15c87dd98 mode 0
Event: 3.079 Thread 0x00007fa17c157000 DEOPT PACKING pc=0x00007fa16d4e43b8 sp=0x00007fa15c87dfe0
Event: 3.079 Thread 0x00007fa17c157000 DEOPT UNPACKING pc=0x00007fa16d047633 sp=0x00007fa15c87dd98 mode 0
Event: 3.089 Thread 0x00007fa17c157000 DEOPT PACKING pc=0x00007fa16d517857 sp=0x00007fa15c87e0b0
Event: 3.089 Thread 0x00007fa17c157000 DEOPT UNPACKING pc=0x00007fa16d047633 sp=0x00007fa15c87dea8 mode 0
Event: 3.232 Thread 0x00007fa17c00a000 DEOPT PACKING pc=0x00007fa16d5d9cf3 sp=0x00007fa183d24240
Event: 3.232 Thread 0x00007fa17c00a000 DEOPT UNPACKING pc=0x00007fa16d047633 sp=0x00007fa183d23f60 mode 0
Event: 3.247 Executing VM operation: ParallelGCFailedAllocation


Dynamic libraries:
00400000-00401000 r-xp 00000000 08:06 266116                             /home/mohamed/jdk1.8.0_91/bin/java
00600000-00601000 rw-p 00000000 08:06 266116                             /home/mohamed/jdk1.8.0_91/bin/java
00b8d000-00bae000 rw-p 00000000 00:00 0                                  [heap]
c0000000-c4c80000 rw-p 00000000 00:00 0 
c4c80000-eab00000 ---p 00000000 00:00 0 
eab00000-f5200000 rw-p 00000000 00:00 0 
fa700000-100000000 ---p 00000000 00:00 0 
100000000-1000a0000 rw-p 00000000 00:00 0 
1000a0000-140000000 ---p 00000000 00:00 0 
7fa11c000000-7fa11c025000 rw-p 00000000 00:00 0 
7fa11c025000-7fa120000000 ---p 00000000 00:00 0 
7fa124000000-7fa124031000 rw-p 00000000 00:00 0 
7fa124031000-7fa128000000 ---p 00000000 00:00 0 
7fa128000000-7fa128027000 rw-p 00000000 00:00 0 
7fa128027000-7fa12c000000 ---p 00000000 00:00 0 
7fa12c000000-7fa12c035000 rw-p 00000000 00:00 0 
7fa12c035000-7fa130000000 ---p 00000000 00:00 0 
7fa130000000-7fa130021000 rw-p 00000000 00:00 0 
7fa130021000-7fa134000000 ---p 00000000 00:00 0 
7fa134000000-7fa134021000 rw-p 00000000 00:00 0 
7fa134021000-7fa138000000 ---p 00000000 00:00 0 
7fa138000000-7fa138021000 rw-p 00000000 00:00 0 
7fa138021000-7fa13c000000 ---p 00000000 00:00 0 
7fa13c000000-7fa13ced1000 rw-p 00000000 00:00 0 
7fa13ced1000-7fa140000000 ---p 00000000 00:00 0 
7fa140000000-7fa140bb4000 rw-p 00000000 00:00 0 
7fa140bb4000-7fa144000000 ---p 00000000 00:00 0 
7fa144000000-7fa144021000 rw-p 00000000 00:00 0 
7fa144021000-7fa148000000 ---p 00000000 00:00 0 
7fa148000000-7fa148c54000 rw-p 00000000 00:00 0 
7fa148c54000-7fa14c000000 ---p 00000000 00:00 0 
7fa14c000000-7fa14c021000 rw-p 00000000 00:00 0 
7fa14c021000-7fa150000000 ---p 00000000 00:00 0 
7fa150000000-7fa150021000 rw-p 00000000 00:00 0 
7fa150021000-7fa154000000 ---p 00000000 00:00 0 
7fa154000000-7fa15428f000 rw-p 00000000 00:00 0 
7fa15428f000-7fa158000000 ---p 00000000 00:00 0 
7fa158000000-7fa158021000 rw-p 00000000 00:00 0 
7fa158021000-7fa15c000000 ---p 00000000 00:00 0 
7fa15c57d000-7fa15c580000 ---p 00000000 00:00 0 
7fa15c580000-7fa15c67e000 rw-p 00000000 00:00 0 
7fa15c67e000-7fa15c681000 ---p 00000000 00:00 0 
7fa15c681000-7fa15c77f000 rw-p 00000000 00:00 0 
7fa15c77f000-7fa15c782000 ---p 00000000 00:00 0 
7fa15c782000-7fa15c880000 rw-p 00000000 00:00 0 
7fa15c880000-7fa15c883000 ---p 00000000 00:00 0 
7fa15c883000-7fa15c981000 rw-p 00000000 00:00 0 
7fa15c981000-7fa15c984000 ---p 00000000 00:00 0 
7fa15c984000-7fa15ca82000 rw-p 00000000 00:00 0 
7fa15ca82000-7fa15ca91000 r--s 000df000 08:06 6165411                    /home/mohamed/Android/Sdk/build-tools/23.0.1/lib/dx.jar
7fa15ca91000-7fa15ca92000 ---p 00000000 00:00 0 
7fa15ca92000-7fa15cb92000 rw-p 00000000 00:00 0 
7fa15cb92000-7fa15cb95000 ---p 00000000 00:00 0 
7fa15cb95000-7fa15cc93000 rw-p 00000000 00:00 0 
7fa15cc93000-7fa15cc96000 ---p 00000000 00:00 0 
7fa15cc96000-7fa15cd94000 rw-p 00000000 00:00 0 
7fa15cd94000-7fa15cd97000 ---p 00000000 00:00 0 
7fa15cd97000-7fa15ce95000 rw-p 00000000 00:00 0 
7fa15ce95000-7fa15ce98000 ---p 00000000 00:00 0 
7fa15ce98000-7fa15cf96000 rw-p 00000000 00:00 0 
7fa15cf96000-7fa15cf99000 ---p 00000000 00:00 0 
7fa15cf99000-7fa15d097000 rw-p 00000000 00:00 0 
7fa15d097000-7fa15d370000 r--p 00000000 08:06 526509                     /usr/lib/locale/locale-archive
7fa15d370000-7fa15d373000 ---p 00000000 00:00 0 
7fa15d373000-7fa15d471000 rw-p 00000000 00:00 0 
7fa15d471000-7fa15d474000 ---p 00000000 00:00 0 
7fa15d474000-7fa15d572000 rw-p 00000000 00:00 0 
7fa15d572000-7fa15d573000 ---p 00000000 00:00 0 
7fa15d573000-7fa160000000 rw-p 00000000 00:00 0 
7fa160000000-7fa160021000 rw-p 00000000 00:00 0 
7fa160021000-7fa164000000 ---p 00000000 00:00 0 
7fa164000000-7fa164021000 rw-p 00000000 00:00 0 
7fa164021000-7fa168000000 ---p 00000000 00:00 0 
7fa168000000-7fa168021000 rw-p 00000000 00:00 0 
7fa168021000-7fa16c000000 ---p 00000000 00:00 0 
7fa16c000000-7fa16c627000 rw-p 00000000 00:00 0 
7fa16c627000-7fa16c800000 r--s 03d1f000 08:06 922159                     /home/mohamed/jdk1.8.0_91/jre/lib/rt.jar
7fa16c800000-7fa16ce80000 rw-p 00000000 00:00 0 
7fa16ce80000-7fa16d000000 ---p 00000000 00:00 0 
7fa16d000000-7fa16d640000 rwxp 00000000 00:00 0 
7fa16d640000-7fa17c000000 ---p 00000000 00:00 0 
7fa17c000000-7fa17c3b5000 rw-p 00000000 00:00 0 
7fa17c3b5000-7fa180000000 ---p 00000000 00:00 0 
7fa18000e000-7fa180284000 rw-p 00000000 00:00 0 
7fa180284000-7fa180285000 ---p 00000000 00:00 0 
7fa180285000-7fa180385000 rw-p 00000000 00:00 0 
7fa180385000-7fa180386000 ---p 00000000 00:00 0 
7fa180386000-7fa180486000 rw-p 00000000 00:00 0 
7fa180486000-7fa180487000 ---p 00000000 00:00 0 
7fa180487000-7fa180587000 rw-p 00000000 00:00 0 
7fa180587000-7fa180588000 ---p 00000000 00:00 0 
7fa180588000-7fa1806af000 rw-p 00000000 00:00 0 
7fa1806af000-7fa1807de000 ---p 00000000 00:00 0 
7fa1807de000-7fa180805000 rw-p 00000000 00:00 0 
7fa180805000-7fa180933000 ---p 00000000 00:00 0 
7fa180933000-7fa180987000 rw-p 00000000 00:00 0 
7fa180987000-7fa1809de000 ---p 00000000 00:00 0 
7fa1809de000-7fa1809f8000 rw-p 00000000 00:00 0 
7fa1809f8000-7fa180d9f000 ---p 00000000 00:00 0 
7fa180d9f000-7fa180db9000 r-xp 00000000 08:06 922210                     /home/mohamed/jdk1.8.0_91/jre/lib/amd64/libzip.so
7fa180db9000-7fa180fb9000 ---p 0001a000 08:06 922210                     /home/mohamed/jdk1.8.0_91/jre/lib/amd64/libzip.so
7fa180fb9000-7fa180fba000 rw-p 0001a000 08:06 922210                     /home/mohamed/jdk1.8.0_91/jre/lib/amd64/libzip.so
7fa180fba000-7fa180fc5000 r-xp 00000000 08:06 278669                     /lib/x86_64-linux-gnu/libnss_files-2.23.so
7fa180fc5000-7fa1811c4000 ---p 0000b000 08:06 278669                     /lib/x86_64-linux-gnu/libnss_files-2.23.so
7fa1811c4000-7fa1811c5000 r--p 0000a000 08:06 278669                     /lib/x86_64-linux-gnu/libnss_files-2.23.so
7fa1811c5000-7fa1811c6000 rw-p 0000b000 08:06 278669                     /lib/x86_64-linux-gnu/libnss_files-2.23.so
7fa1811c6000-7fa1811cc000 rw-p 00000000 00:00 0 
7fa1811cc000-7fa1811d7000 r-xp 00000000 08:06 278666                     /lib/x86_64-linux-gnu/libnss_nis-2.23.so
7fa1811d7000-7fa1813d6000 ---p 0000b000 08:06 278666                     /lib/x86_64-linux-gnu/libnss_nis-2.23.so
7fa1813d6000-7fa1813d7000 r--p 0000a000 08:06 278666                     /lib/x86_64-linux-gnu/libnss_nis-2.23.so
7fa1813d7000-7fa1813d8000 rw-p 0000b000 08:06 278666                     /lib/x86_64-linux-gnu/libnss_nis-2.23.so
7fa1813d8000-7fa1813ee000 r-xp 00000000 08:06 278664                     /lib/x86_64-linux-gnu/libnsl-2.23.so
7fa1813ee000-7fa1815ed000 ---p 00016000 08:06 278664                     /lib/x86_64-linux-gnu/libnsl-2.23.so
7fa1815ed000-7fa1815ee000 r--p 00015000 08:06 278664                     /lib/x86_64-linux-gnu/libnsl-2.23.so
7fa1815ee000-7fa1815ef000 rw-p 00016000 08:06 278664                     /lib/x86_64-linux-gnu/libnsl-2.23.so
7fa1815ef000-7fa1815f1000 rw-p 00000000 00:00 0 
7fa1815f1000-7fa1815f9000 r-xp 00000000 08:06 278662                     /lib/x86_64-linux-gnu/libnss_compat-2.23.so
7fa1815f9000-7fa1817f8000 ---p 00008000 08:06 278662                     /lib/x86_64-linux-gnu/libnss_compat-2.23.so
7fa1817f8000-7fa1817f9000 r--p 00007000 08:06 278662                     /lib/x86_64-linux-gnu/libnss_compat-2.23.so
7fa1817f9000-7fa1817fa000 rw-p 00008000 08:06 278662                     /lib/x86_64-linux-gnu/libnss_compat-2.23.so
7fa1817fa000-7fa181824000 r-xp 00000000 08:06 922205                     /home/mohamed/jdk1.8.0_91/jre/lib/amd64/libjava.so
7fa181824000-7fa181a24000 ---p 0002a000 08:06 922205                     /home/mohamed/jdk1.8.0_91/jre/lib/amd64/libjava.so
7fa181a24000-7fa181a26000 rw-p 0002a000 08:06 922205                     /home/mohamed/jdk1.8.0_91/jre/lib/amd64/libjava.so
7fa181a26000-7fa181a33000 r-xp 00000000 08:06 922209                     /home/mohamed/jdk1.8.0_91/jre/lib/amd64/libverify.so
7fa181a33000-7fa181c33000 ---p 0000d000 08:06 922209                     /home/mohamed/jdk1.8.0_91/jre/lib/amd64/libverify.so
7fa181c33000-7fa181c35000 rw-p 0000d000 08:06 922209                     /home/mohamed/jdk1.8.0_91/jre/lib/amd64/libverify.so
7fa181c35000-7fa181c3c000 r-xp 00000000 08:06 278678                     /lib/x86_64-linux-gnu/librt-2.23.so
7fa181c3c000-7fa181e3b000 ---p 00007000 08:06 278678                     /lib/x86_64-linux-gnu/librt-2.23.so
7fa181e3b000-7fa181e3c000 r--p 00006000 08:06 278678                     /lib/x86_64-linux-gnu/librt-2.23.so
7fa181e3c000-7fa181e3d000 rw-p 00007000 08:06 278678                     /lib/x86_64-linux-gnu/librt-2.23.so
7fa181e3d000-7fa181f45000 r-xp 00000000 08:06 278675                     /lib/x86_64-linux-gnu/libm-2.23.so
7fa181f45000-7fa182144000 ---p 00108000 08:06 278675                     /lib/x86_64-linux-gnu/libm-2.23.so
7fa182144000-7fa182145000 r--p 00107000 08:06 278675                     /lib/x86_64-linux-gnu/libm-2.23.so
7fa182145000-7fa182146000 rw-p 00108000 08:06 278675                     /lib/x86_64-linux-gnu/libm-2.23.so
7fa182146000-7fa182e06000 r-xp 00000000 08:06 1184562                    /home/mohamed/jdk1.8.0_91/jre/lib/amd64/server/libjvm.so
7fa182e06000-7fa183006000 ---p 00cc0000 08:06 1184562                    /home/mohamed/jdk1.8.0_91/jre/lib/amd64/server/libjvm.so
7fa183006000-7fa1830de000 rw-p 00cc0000 08:06 1184562                    /home/mohamed/jdk1.8.0_91/jre/lib/amd64/server/libjvm.so
7fa1830de000-7fa183129000 rw-p 00000000 00:00 0 
7fa183129000-7fa1832e9000 r-xp 00000000 08:06 278683                     /lib/x86_64-linux-gnu/libc-2.23.so
7fa1832e9000-7fa1834e8000 ---p 001c0000 08:06 278683                     /lib/x86_64-linux-gnu/libc-2.23.so
7fa1834e8000-7fa1834ec000 r--p 001bf000 08:06 278683                     /lib/x86_64-linux-gnu/libc-2.23.so
7fa1834ec000-7fa1834ee000 rw-p 001c3000 08:06 278683                     /lib/x86_64-linux-gnu/libc-2.23.so
7fa1834ee000-7fa1834f2000 rw-p 00000000 00:00 0 
7fa1834f2000-7fa1834f5000 r-xp 00000000 08:06 278684                     /lib/x86_64-linux-gnu/libdl-2.23.so
7fa1834f5000-7fa1836f4000 ---p 00003000 08:06 278684                     /lib/x86_64-linux-gnu/libdl-2.23.so
7fa1836f4000-7fa1836f5000 r--p 00002000 08:06 278684                     /lib/x86_64-linux-gnu/libdl-2.23.so
7fa1836f5000-7fa1836f6000 rw-p 00003000 08:06 278684                     /lib/x86_64-linux-gnu/libdl-2.23.so
7fa1836f6000-7fa18370b000 r-xp 00000000 08:06 36052                      /home/mohamed/jdk1.8.0_91/lib/amd64/jli/libjli.so
7fa18370b000-7fa18390b000 ---p 00015000 08:06 36052                      /home/mohamed/jdk1.8.0_91/lib/amd64/jli/libjli.so
7fa18390b000-7fa18390c000 rw-p 00015000 08:06 36052                      /home/mohamed/jdk1.8.0_91/lib/amd64/jli/libjli.so
7fa18390c000-7fa183924000 r-xp 00000000 08:06 278682                     /lib/x86_64-linux-gnu/libpthread-2.23.so
7fa183924000-7fa183b23000 ---p 00018000 08:06 278682                     /lib/x86_64-linux-gnu/libpthread-2.23.so
7fa183b23000-7fa183b24000 r--p 00017000 08:06 278682                     /lib/x86_64-linux-gnu/libpthread-2.23.so
7fa183b24000-7fa183b25000 rw-p 00018000 08:06 278682                     /lib/x86_64-linux-gnu/libpthread-2.23.so
7fa183b25000-7fa183b29000 rw-p 00000000 00:00 0 
7fa183b29000-7fa183b4f000 r-xp 00000000 08:06 278679                     /lib/x86_64-linux-gnu/ld-2.23.so
7fa183b54000-7fa183c26000 rw-p 00000000 00:00 0 
7fa183c26000-7fa183c29000 ---p 00000000 00:00 0 
7fa183c29000-7fa183d2b000 rw-p 00000000 00:00 0 
7fa183d2e000-7fa183d42000 rw-p 00000000 00:00 0 
7fa183d42000-7fa183d4a000 rw-s 00000000 08:06 1063491                    /tmp/hsperfdata_mohamed/3983
7fa183d4a000-7fa183d4b000 rw-p 00000000 00:00 0 
7fa183d4b000-7fa183d4c000 ---p 00000000 00:00 0 
7fa183d4c000-7fa183d4e000 rw-p 00000000 00:00 0 
7fa183d4e000-7fa183d4f000 r--p 00025000 08:06 278679                     /lib/x86_64-linux-gnu/ld-2.23.so
7fa183d4f000-7fa183d50000 rw-p 00026000 08:06 278679                     /lib/x86_64-linux-gnu/ld-2.23.so
7fa183d50000-7fa183d51000 rw-p 00000000 00:00 0 
7fff53e47000-7fff53e68000 rw-p 00000000 00:00 0                          [stack]
7fff53fdd000-7fff53fdf000 r--p 00000000 00:00 0                          [vvar]
7fff53fdf000-7fff53fe1000 r-xp 00000000 00:00 0                          [vdso]
ffffffffff600000-ffffffffff601000 r-xp 00000000 00:00 0                  [vsyscall]

VM Arguments:
jvm_args: -Djava.awt.headless=true -Xmx1024M -Dfile.encoding=UTF-8 -Duser.country=US -Duser.language=en -Duser.variant 
java_command: com.android.dx.command.Main --dex --force-jumbo --num-threads=4 --output /media/mohamed/Programs/Explore/app/build/intermediates/pre-dexed/debug/main_b96a9e6e4bba87f32530723a59caa4b0f833400a.jar /media/mohamed/Programs/Explore/app/build/intermediates/transforms/instantRun/debug/folders/1/5/main
java_class_path (initial): /home/mohamed/Android/Sdk/build-tools/23.0.1/lib/dx.jar
Launcher Type: SUN_STANDARD

Environment Variables:
JAVA_HOME=/usr/lib/jvm/java-8-oracle
PATH=/usr/local/sbin:/usr/local/bin:/usr/sbin:/usr/bin:/sbin:/bin:/usr/games:/usr/local/games:/snap/bin:/usr/lib/jvm/java-8-oracle/bin:/usr/lib/jvm/java-8-oracle/db/bin:/usr/lib/jvm/java-8-oracle/jre/bin
LD_LIBRARY_PATH=/home/mohamed/tools/android/android-studio/bin:
SHELL=/bin/bash
DISPLAY=:0

Signal Handlers:
SIGSEGV: 