#
# There is insufficient memory for the Java Runtime Environment to continue.
# Native memory allocation (mmap) failed to map 144703488 bytes for committing reserved memory.
# Possible reasons:
#   The system is out of physical RAM or swap space
#   In 32 bit mode, the process size limit was hit
# Possible solutions:
#   Reduce memory load on the system
#   Increase physical memory or swap space
#   Check if swap backing store is full
#   Use 64 bit Java on a 64 bit OS
#   Decrease Java heap size (-Xmx/-Xms)
#   Decrease number of Java threads
#   Decrease Java thread stack sizes (-Xss)
#   Set larger code cache with -XX:ReservedCodeCacheSize=
# This output file may be truncated or incomplete.
#
#  Out of Memory Error (os_linux.cpp:2627), pid=4537, tid=140340169750272
#
# JRE version: Java(TM) SE Runtime Environment (8.0_91-b14) (build 1.8.0_91-b14)
# Java VM: Java HotSpot(TM) 64-Bit Server VM (25.91-b14 mixed mode linux-amd64 compressed oops)
# Failed to write core dump. Core dumps have been disabled. To enable core dumping, try "ulimit -c unlimited" before starting Java again
#

---------------  T H R E A D  ---------------

Current thread (0x00007fa390078000):  VMThread [stack: 0x00007fa37de73000,0x00007fa37df74000] [id=4569]

Stack: [0x00007fa37de73000,0x00007fa37df74000],  sp=0x00007fa37df720a0,  free space=1020k
Native frames: (J=compiled Java code, j=interpreted, Vv=VM code, C=native code)
V  [libjvm.so+0xabc18a]  VMError::report_and_die()+0x2ba
V  [libjvm.so+0x4fafeb]  report_vm_out_of_memory(char const*, int, unsigned long, VMErrorType, char const*)+0x8b
V  [libjvm.so+0x91cbb3]  os::Linux::commit_memory_impl(char*, unsigned long, bool)+0x103
V  [libjvm.so+0x91d109]  os::pd_commit_memory(char*, unsigned long, unsigned long, bool)+0x29
V  [libjvm.so+0x91740a]  os::commit_memory(char*, unsigned long, unsigned long, bool)+0x2a
V  [libjvm.so+0x98b033]  PSVirtualSpace::expand_by(unsigned long)+0x53
V  [libjvm.so+0x98c438]  PSYoungGen::resize_generation(unsigned long, unsigned long)+0xf8
V  [libjvm.so+0x98b592]  PSYoungGen::resize(unsigned long, unsigned long)+0x22
V  [libjvm.so+0x98886b]  PSScavenge::invoke_no_policy()+0xf3b
V  [libjvm.so+0x988ff1]  PSScavenge::invoke()+0x41
V  [libjvm.so+0x9408b0]  ParallelScavengeHeap::failed_mem_allocate(unsigned long)+0x70
V  [libjvm.so+0xabdba7]  VM_ParallelGCFailedAllocation::doit()+0x97
V  [libjvm.so+0xac55d5]  VM_Operation::evaluate()+0x55
V  [libjvm.so+0xac39aa]  VMThread::evaluate_operation(VM_Operation*)+0xba
V  [libjvm.so+0xac3d2e]  VMThread::loop()+0x1ce
V  [libjvm.so+0xac41a0]  VMThread::run()+0x70
V  [libjvm.so+0x91ef78]  java_start(Thread*)+0x108

VM_Operation (0x00007fa37cf76af0): ParallelGCFailedAllocation, mode: safepoint, requested by thread 0x00007fa390144000


---------------  P R O C E S S  ---------------

Java Threads: ( => current thread )
  0x00007fa390144000 JavaThread "pool-1-thread-4" [_thread_blocked, id=4616, stack(0x00007fa37ce78000,0x00007fa37cf79000)]
  0x00007fa390142800 JavaThread "pool-1-thread-3" [_thread_blocked, id=4614, stack(0x00007fa37cf79000,0x00007fa37d07a000)]
  0x00007fa390141000 JavaThread "pool-1-thread-2" [_thread_blocked, id=4612, stack(0x00007fa37d07a000,0x00007fa37d17b000)]
  0x00007fa390132800 JavaThread "pool-2-thread-1" [_thread_blocked, id=4611, stack(0x00007fa37d17b000,0x00007fa37d27c000)]
  0x00007fa390131000 JavaThread "pool-1-thread-1" [_thread_blocked, id=4607, stack(0x00007fa37d27c000,0x00007fa37d37d000)]
  0x00007fa3900c1000 JavaThread "Service Thread" daemon [_thread_blocked, id=4589, stack(0x00007fa37d493000,0x00007fa37d594000)]
  0x00007fa3900be000 JavaThread "C1 CompilerThread2" daemon [_thread_blocked, id=4586, stack(0x00007fa37d594000,0x00007fa37d695000)]
  0x00007fa3900bc800 JavaThread "C2 CompilerThread1" daemon [_thread_blocked, id=4583, stack(0x00007fa37d695000,0x00007fa37d796000)]
  0x00007fa3900b9800 JavaThread "C2 CompilerThread0" daemon [_thread_blocked, id=4582, stack(0x00007fa37d796000,0x00007fa37d897000)]
  0x00007fa3900b8000 JavaThread "Signal Dispatcher" daemon [_thread_blocked, id=4577, stack(0x00007fa37d897000,0x00007fa37d998000)]
  0x00007fa390084000 JavaThread "Finalizer" daemon [_thread_blocked, id=4571, stack(0x00007fa37dc71000,0x00007fa37dd72000)]
  0x00007fa39007f800 JavaThread "Reference Handler" daemon [_thread_blocked, id=4570, stack(0x00007fa37dd72000,0x00007fa37de73000)]
  0x00007fa39000a000 JavaThread "main" [_thread_blocked, id=4543, stack(0x00007fa39852f000,0x00007fa398630000)]

Other Threads:
=>0x00007fa390078000 VMThread [stack: 0x00007fa37de73000,0x00007fa37df74000] [id=4569]
  0x00007fa3900c4000 WatcherThread [stack: 0x00007fa37d392000,0x00007fa37d493000] [id=4590]

VM state:at safepoint (normal execution)

VM Mutex/Monitor currently owned by a thread:  ([mutex/lock_event])
[0x00007fa3900064e0] Threads_lock - owner thread: 0x00007fa390078000
[0x00007fa3900069e0] Heap_lock - owner thread: 0x00007fa390144000

Heap:
 PSYoungGen      total 138752K, used 14323K [0x00000000eab00000, 0x00000000f4300000, 0x0000000100000000)
  eden space 124416K, 0% used [0x00000000eab00000,0x00000000eab00000,0x00000000f2480000)
  from space 14336K, 99% used [0x00000000f2480000,0x00000000f327ce28,0x00000000f3280000)
  to   space 11776K, 0% used [0x00000000f3280000,0x00000000f3280000,0x00000000f3e00000)
 ParOldGen       total 42496K, used 39148K [0x00000000c0000000, 0x00000000c2980000, 0x00000000eab00000)
  object space 42496K, 92% used [0x00000000c0000000,0x00000000c263b200,0x00000000c2980000)
 Metaspace       used 6238K, capacity 7156K, committed 7296K, reserved 1056768K
  class space    used 605K, capacity 620K, committed 640K, reserved 1048576K

Card table byte_map: [0x00007fa3950e7000,0x00007fa3952e8000] byte_map_base: 0x00007fa394ae7000

Marking Bits: (ParMarkBitMap*) 0x00007fa397a05d60
 Begin Bits: [0x00007fa37f000000, 0x00007fa380000000)
 End Bits:   [0x00007fa380000000, 0x00007fa381000000)

Polling page: 0x00007fa398654000

CodeCache: size=245760Kb used=6373Kb max_used=6373Kb free=239386Kb
 bounds [0x00007fa381000000, 0x00007fa381640000, 0x00007fa390000000]
 total_blobs=2040 nmethods=1771 adapters=182
 compilation: enabled

Compilation events (10 events):
Event: 7.805 Thread 0x00007fa3900be000 nmethod 2172 0x00007fa381632ed0 code [0x00007fa381633060, 0x00007fa3816333c8]
Event: 7.805 Thread 0x00007fa3900be000 2173       2       java.util.concurrent.AbstractExecutorService::newTaskFor (9 bytes)
Event: 7.806 Thread 0x00007fa3900be000 nmethod 2173 0x00007fa381633590 code [0x00007fa381633700, 0x00007fa381633988]
Event: 7.806 Thread 0x00007fa3900be000 2174       2       java.util.concurrent.FutureTask::<init> (27 bytes)
Event: 7.806 Thread 0x00007fa3900be000 nmethod 2174 0x00007fa381633a90 code [0x00007fa381633c00, 0x00007fa381633e28]
Event: 7.806 Thread 0x00007fa3900be000 2175       2       java.util.concurrent.ThreadPoolExecutor::execute (132 bytes)
Event: 7.807 Thread 0x00007fa3900be000 nmethod 2175 0x00007fa381633f10 code [0x00007fa381634100, 0x00007fa381634548]
Event: 7.812 Thread 0x00007fa3900be000 2176 % !   3       com.android.dx.cf.cst.ConstantPoolParser::determineOffsets @ 5 (285 bytes)
Event: 7.814 Thread 0x00007fa3900be000 nmethod 2176% 0x00007fa381634810 code [0x00007fa381634ba0, 0x00007fa3816366d8]
Event: 7.814 Thread 0x00007fa3900be000 2177 %     3       com.android.dx.cf.cst.ConstantPoolParser::parse @ 96 (365 bytes)

GC Heap History (10 events):
Event: 2.441 GC heap after
Heap after GC invocations=2 (full 0):
 PSYoungGen      total 34304K, used 2533K [0x00000000eab00000, 0x00000000ecf00000, 0x0000000100000000)
  eden space 31744K, 0% used [0x00000000eab00000,0x00000000eab00000,0x00000000eca00000)
  from space 2560K, 98% used [0x00000000ecc80000,0x00000000ecef94d8,0x00000000ecf00000)
  to   space 2560K, 0% used [0x00000000eca00000,0x00000000eca00000,0x00000000ecc80000)
 ParOldGen       total 42496K, used 4728K [0x00000000c0000000, 0x00000000c2980000, 0x00000000eab00000)
  object space 42496K, 11% used [0x00000000c0000000,0x00000000c049e080,0x00000000c2980000)
 Metaspace       used 5709K, capacity 6768K, committed 7040K, reserved 1056768K
  class space    used 584K, capacity 616K, committed 640K, reserved 1048576K
}
Event: 3.351 GC heap before
{Heap before GC invocations=3 (full 0):
 PSYoungGen      total 34304K, used 34277K [0x00000000eab00000, 0x00000000ecf00000, 0x0000000100000000)
  eden space 31744K, 100% used [0x00000000eab00000,0x00000000eca00000,0x00000000eca00000)
  from space 2560K, 98% used [0x00000000ecc80000,0x00000000ecef94d8,0x00000000ecf00000)
  to   space 2560K, 0% used [0x00000000eca00000,0x00000000eca00000,0x00000000ecc80000)
 ParOldGen       total 42496K, used 4728K [0x00000000c0000000, 0x00000000c2980000, 0x00000000eab00000)
  object space 42496K, 11% used [0x00000000c0000000,0x00000000c049e080,0x00000000c2980000)
 Metaspace       used 5847K, capacity 6836K, committed 7040K, reserved 1056768K
  class space    used 604K, capacity 620K, committed 640K, reserved 1048576K
Event: 3.441 GC heap after
Heap after GC invocations=3 (full 0):
 PSYoungGen      total 34304K, used 2549K [0x00000000eab00000, 0x00000000eee00000, 0x0000000100000000)
  eden space 31744K, 0% used [0x00000000eab00000,0x00000000eab00000,0x00000000eca00000)
  from space 2560K, 99% used [0x00000000eca00000,0x00000000ecc7d7e8,0x00000000ecc80000)
  to   space 2560K, 0% used [0x00000000eeb80000,0x00000000eeb80000,0x00000000eee00000)
 ParOldGen       total 42496K, used 8871K [0x00000000c0000000, 0x00000000c2980000, 0x00000000eab00000)
  object space 42496K, 20% used [0x00000000c0000000,0x00000000c08a9d18,0x00000000c2980000)
 Metaspace       used 5847K, capacity 6836K, committed 7040K, reserved 1056768K
  class space    used 604K, capacity 620K, committed 640K, reserved 1048576K
}
Event: 4.187 GC heap before
{Heap before GC invocations=4 (full 0):
 PSYoungGen      total 34304K, used 34293K [0x00000000eab00000, 0x00000000eee00000, 0x0000000100000000)
  eden space 31744K, 100% used [0x00000000eab00000,0x00000000eca00000,0x00000000eca00000)
  from space 2560K, 99% used [0x00000000eca00000,0x00000000ecc7d7e8,0x00000000ecc80000)
  to   space 2560K, 0% used [0x00000000eeb80000,0x00000000eeb80000,0x00000000eee00000)
 ParOldGen       total 42496K, used 8871K [0x00000000c0000000, 0x00000000c2980000, 0x00000000eab00000)
  object space 42496K, 20% used [0x00000000c0000000,0x00000000c08a9d18,0x00000000c2980000)
 Metaspace       used 5891K, capacity 6900K, committed 7040K, reserved 1056768K
  class space    used 605K, capacity 620K, committed 640K, reserved 1048576K
Event: 4.268 GC heap after
Heap after GC invocations=4 (full 0):
 PSYoungGen      total 66048K, used 2532K [0x00000000eab00000, 0x00000000eee00000, 0x0000000100000000)
  eden space 63488K, 0% used [0x00000000eab00000,0x00000000eab00000,0x00000000ee900000)
  from space 2560K, 98% used [0x00000000eeb80000,0x00000000eedf9330,0x00000000eee00000)
  to   space 2560K, 0% used [0x00000000ee900000,0x00000000ee900000,0x00000000eeb80000)
 ParOldGen       total 42496K, used 13656K [0x00000000c0000000, 0x00000000c2980000, 0x00000000eab00000)
  object space 42496K, 32% used [0x00000000c0000000,0x00000000c0d56070,0x00000000c2980000)
 Metaspace       used 5891K, capacity 6900K, committed 7040K, reserved 1056768K
  class space    used 605K, capacity 620K, committed 640K, reserved 1048576K
}
Event: 5.375 GC heap before
{Heap before GC invocations=5 (full 0):
 PSYoungGen      total 66048K, used 66020K [0x00000000eab00000, 0x00000000eee00000, 0x0000000100000000)
  eden space 63488K, 100% used [0x00000000eab00000,0x00000000ee900000,0x00000000ee900000)
  from space 2560K, 98% used [0x00000000eeb80000,0x00000000eedf9330,0x00000000eee00000)
  to   space 2560K, 0% used [0x00000000ee900000,0x00000000ee900000,0x00000000eeb80000)
 ParOldGen       total 42496K, used 13656K [0x00000000c0000000, 0x00000000c2980000, 0x00000000eab00000)
  object space 42496K, 32% used [0x00000000c0000000,0x00000000c0d56070,0x00000000c2980000)
 Metaspace       used 5979K, capacity 6964K, committed 7040K, reserved 1056768K
  class space    used 605K, capacity 620K, committed 640K, reserved 1048576K
Event: 5.497 GC heap after
Heap after GC invocations=5 (full 0):
 PSYoungGen      total 66048K, used 2548K [0x00000000eab00000, 0x00000000f3e00000, 0x0000000100000000)
  eden space 63488K, 0% used [0x00000000eab00000,0x00000000eab00000,0x00000000ee900000)
  from space 2560K, 99% used [0x00000000ee900000,0x00000000eeb7d320,0x00000000eeb80000)
  to   space 11776K, 0% used [0x00000000f3280000,0x00000000f3280000,0x00000000f3e00000)
 ParOldGen       total 42496K, used 22905K [0x00000000c0000000, 0x00000000c2980000, 0x00000000eab00000)
  object space 42496K, 53% used [0x00000000c0000000,0x00000000c165e480,0x00000000c2980000)
 Metaspace       used 5979K, capacity 6964K, committed 7040K, reserved 1056768K
  class space    used 605K, capacity 620K, committed 640K, reserved 1048576K
}
Event: 6.275 GC heap before
{Heap before GC invocations=6 (full 0):
 PSYoungGen      total 66048K, used 66036K [0x00000000eab00000, 0x00000000f3e00000, 0x0000000100000000)
  eden space 63488K, 100% used [0x00000000eab00000,0x00000000ee900000,0x00000000ee900000)
  from space 2560K, 99% used [0x00000000ee900000,0x00000000eeb7d320,0x00000000eeb80000)
  to   space 11776K, 0% used [0x00000000f3280000,0x00000000f3280000,0x00000000f3e00000)
 ParOldGen       total 42496K, used 22905K [0x00000000c0000000, 0x00000000c2980000, 0x00000000eab00000)
  object space 42496K, 53% used [0x00000000c0000000,0x00000000c165e480,0x00000000c2980000)
 Metaspace       used 6044K, capacity 7028K, committed 7296K, reserved 1056768K
  class space    used 605K, capacity 620K, committed 640K, reserved 1048576K
Event: 6.430 GC heap after
Heap after GC invocations=6 (full 0):
 PSYoungGen      total 136192K, used 11769K [0x00000000eab00000, 0x00000000f4300000, 0x0000000100000000)
  eden space 124416K, 0% used [0x00000000eab00000,0x00000000eab00000,0x00000000f2480000)
  from space 11776K, 99% used [0x00000000f3280000,0x00000000f3dfe6c0,0x00000000f3e00000)
  to   space 14336K, 0% used [0x00000000f2480000,0x00000000f2480000,0x00000000f3280000)
 ParOldGen       total 42496K, used 23846K [0x00000000c0000000, 0x00000000c2980000, 0x00000000eab00000)
  object space 42496K, 56% used [0x00000000c0000000,0x00000000c1749910,0x00000000c2980000)
 Metaspace       used 6044K, capacity 7028K, committed 7296K, reserved 1056768K
  class space    used 605K, capacity 620K, committed 640K, reserved 1048576K
}
Event: 7.858 GC heap before
{Heap before GC invocations=7 (full 0):
 PSYoungGen      total 136192K, used 136185K [0x00000000eab00000, 0x00000000f4300000, 0x0000000100000000)
  eden space 124416K, 100% used [0x00000000eab00000,0x00000000f2480000,0x00000000f2480000)
  from space 11776K, 99% used [0x00000000f3280000,0x00000000f3dfe6c0,0x00000000f3e00000)
  to   space 14336K, 0% used [0x00000000f2480000,0x00000000f2480000,0x00000000f3280000)
 ParOldGen       total 42496K, used 23846K [0x00000000c0000000, 0x00000000c2980000, 0x00000000eab00000)
  object space 42496K, 56% used [0x00000000c0000000,0x00000000c1749910,0x00000000c2980000)
 Metaspace       used 6238K, capacity 7156K, committed 7296K, reserved 1056768K
  class space    used 605K, capacity 620K, committed 640K, reserved 1048576K

Deoptimization events (10 events):
Event: 2.311 Thread 0x00007fa390142800 Uncommon trap: reason=bimorphic action=maybe_recompile pc=0x00007fa3811fddb0 method=java.util.HashMap.getNode(ILjava/lang/Object;)Ljava/util/HashMap$Node; @ 126
Event: 2.311 Thread 0x00007fa390142800 Uncommon trap: reason=bimorphic action=maybe_recompile pc=0x00007fa38120a788 method=java.util.HashMap.getNode(ILjava/lang/Object;)Ljava/util/HashMap$Node; @ 126
Event: 2.470 Thread 0x00007fa39000a000 Uncommon trap: reason=unstable_if action=reinterpret pc=0x00007fa3812a55cc method=com.android.dx.rop.code.LocalItem.hashCode()I @ 25
Event: 2.470 Thread 0x00007fa39000a000 Uncommon trap: reason=unstable_if action=reinterpret pc=0x00007fa381287968 method=com.android.dx.rop.code.LocalItem.hashCode()I @ 25
Event: 2.478 Thread 0x00007fa39000a000 Uncommon trap: reason=unstable_if action=reinterpret pc=0x00007fa381234828 method=com.android.dx.rop.code.LocalItem.hashCode()I @ 25
Event: 3.528 Thread 0x00007fa390144000 Uncommon trap: reason=unstable_if action=reinterpret pc=0x00007fa38136b3a4 method=java.util.HashMap.putVal(ILjava/lang/Object;Ljava/lang/Object;ZZ)Ljava/lang/Object; @ 94
Event: 3.688 Thread 0x00007fa390131000 Uncommon trap: reason=unstable_if action=reinterpret pc=0x00007fa3812fd3fc method=com.android.dx.ssa.SsaMethod.updateOneDefinition(Lcom/android/dx/ssa/SsaInsn;Lcom/android/dx/rop/code/RegisterSpec;)V @ 4
Event: 3.810 Thread 0x00007fa390144000 Uncommon trap: reason=unstable_if action=reinterpret pc=0x00007fa3812eae6c method=java.util.HashMap.getNode(ILjava/lang/Object;)Ljava/util/HashMap$Node; @ 84
Event: 4.788 Thread 0x00007fa390142800 Uncommon trap: reason=unstable_if action=reinterpret pc=0x00007fa381331584 method=com.android.dx.util.IntList.binarysearch(I)I @ 105
Event: 6.858 Thread 0x00007fa390141000 Uncommon trap: reason=unstable_if action=reinterpret pc=0x00007fa381587778 method=com.android.dx.cf.code.ByteCatchList.listFor(I)Lcom/android/dx/cf/code/ByteCatchList; @ 19

Internal exceptions (5 events):
Event: 0.056 Thread 0x00007fa39000a000 Exception <a 'java/lang/NoSuchMethodError': Method sun.misc.Unsafe.defineClass(Ljava/lang/String;[BII)Ljava/lang/Class; name or signature does not match> (0x00000000eab07cc0) thrown at [/HUDSON/workspace/8-2-build-linux-amd64/jdk8u91/6644/hotspot/src/shar
Event: 0.056 Thread 0x00007fa39000a000 Exception <a 'java/lang/NoSuchMethodError': Method sun.misc.Unsafe.prefetchRead(Ljava/lang/Object;J)V name or signature does not match> (0x00000000eab07fa8) thrown at [/HUDSON/workspace/8-2-build-linux-amd64/jdk8u91/6644/hotspot/src/share/vm/prims/jni.cpp
Event: 2.778 Thread 0x00007fa39000a000 Exception <a 'java/lang/ArrayIndexOutOfBoundsException': 18> (0x00000000eb5c9be0) thrown at [/HUDSON/workspace/8-2-build-linux-amd64/jdk8u91/6644/hotspot/src/share/vm/interpreter/interpreterRuntime.cpp, line 366]
Event: 2.791 Thread 0x00007fa39000a000 Exception <a 'java/lang/ArrayIndexOutOfBoundsException': 145> (0x00000000eb5cb760) thrown at [/HUDSON/workspace/8-2-build-linux-amd64/jdk8u91/6644/hotspot/src/share/vm/interpreter/interpreterRuntime.cpp, line 366]
Event: 2.792 Thread 0x00007fa39000a000 Exception <a 'java/lang/ArrayIndexOutOfBoundsException': 40> (0x00000000eb5cca48) thrown at [/HUDSON/workspace/8-2-build-linux-amd64/jdk8u91/6644/hotspot/src/share/vm/interpreter/interpreterRuntime.cpp, line 366]

Events (10 events):
Event: 7.541 Thread 0x00007fa390131000 DEOPT UNPACKING pc=0x00007fa381047633 sp=0x00007fa37d37ae70 mode 0
Event: 7.550 Thread 0x00007fa390141000 DEOPT PACKING pc=0x00007fa38148cfec sp=0x00007fa37d178da0
Event: 7.550 Thread 0x00007fa390141000 DEOPT UNPACKING pc=0x00007fa381047633 sp=0x00007fa37d178b88 mode 0
Event: 7.551 Thread 0x00007fa390141000 DEOPT PACKING pc=0x00007fa38148bf2d sp=0x00007fa37d178f10
Event: 7.551 Thread 0x00007fa390141000 DEOPT UNPACKING pc=0x00007fa381047633 sp=0x00007fa37d178c68 mode 0
Event: 7.590 Thread 0x00007fa39000a000 DEOPT PACKING pc=0x00007fa38147f23f sp=0x00007fa39862db40
Event: 7.590 Thread 0x00007fa39000a000 DEOPT UNPACKING pc=0x00007fa381047633 sp=0x00007fa39862d8c0 mode 0
Event: 7.807 Thread 0x00007fa390141000 DEOPT PACKING pc=0x00007fa381381c6c sp=0x00007fa37d178ea0
Event: 7.807 Thread 0x00007fa390141000 DEOPT UNPACKING pc=0x00007fa381047633 sp=0x00007fa37d178ba0 mode 0
Event: 7.825 Executing VM operation: ParallelGCFailedAllocation


Dynamic libraries:
00400000-00401000 r-xp 00000000 08:06 266116                             /home/mohamed/jdk1.8.0_91/bin/java
00600000-00601000 rw-p 00000000 08:06 266116                             /home/mohamed/jdk1.8.0_91/bin/java
0128a000-012ab000 rw-p 00000000 00:00 0                                  [heap]
c0000000-c2980000 rw-p 00000000 00:00 0 
c2980000-eab00000 ---p 00000000 00:00 0 
eab00000-f4300000 rw-p 00000000 00:00 0 
fcd00000-100000000 ---p 00000000 00:00 0 
100000000-1000a0000 rw-p 00000000 00:00 0 
1000a0000-140000000 ---p 00000000 00:00 0 
7fa330000000-7fa330030000 rw-p 00000000 00:00 0 
7fa330030000-7fa334000000 ---p 00000000 00:00 0 
7fa338000000-7fa338021000 rw-p 00000000 00:00 0 
7fa338021000-7fa33c000000 ---p 00000000 00:00 0 
7fa33c000000-7fa33c021000 rw-p 00000000 00:00 0 
7fa33c021000-7fa340000000 ---p 00000000 00:00 0 
7fa340000000-7fa340029000 rw-p 00000000 00:00 0 
7fa340029000-7fa344000000 ---p 00000000 00:00 0 
7fa344000000-7fa344021000 rw-p 00000000 00:00 0 
7fa344021000-7fa348000000 ---p 00000000 00:00 0 
7fa348000000-7fa348021000 rw-p 00000000 00:00 0 
7fa348021000-7fa34c000000 ---p 00000000 00:00 0 
7fa34c000000-7fa34c021000 rw-p 00000000 00:00 0 
7fa34c021000-7fa350000000 ---p 00000000 00:00 0 
7fa350000000-7fa3507a2000 rw-p 00000000 00:00 0 
7fa3507a2000-7fa354000000 ---p 00000000 00:00 0 
7fa354000000-7fa354b30000 rw-p 00000000 00:00 0 
7fa354b30000-7fa358000000 ---p 00000000 00:00 0 
7fa358000000-7fa358021000 rw-p 00000000 00:00 0 
7fa358021000-7fa35c000000 ---p 00000000 00:00 0 
7fa35c000000-7fa35c94d000 rw-p 00000000 00:00 0 
7fa35c94d000-7fa360000000 ---p 00000000 00:00 0 
7fa360000000-7fa360021000 rw-p 00000000 00:00 0 
7fa360021000-7fa364000000 ---p 00000000 00:00 0 
7fa364000000-7fa364021000 rw-p 00000000 00:00 0 
7fa364021000-7fa368000000 ---p 00000000 00:00 0 
7fa368000000-7fa368021000 rw-p 00000000 00:00 0 
7fa368021000-7fa36c000000 ---p 00000000 00:00 0 
7fa36c000000-7fa36c295000 rw-p 00000000 00:00 0 
7fa36c295000-7fa370000000 ---p 00000000 00:00 0 
7fa370000000-7fa370021000 rw-p 00000000 00:00 0 
7fa370021000-7fa374000000 ---p 00000000 00:00 0 
7fa374000000-7fa374021000 rw-p 00000000 00:00 0 
7fa374021000-7fa378000000 ---p 00000000 00:00 0 
7fa378000000-7fa378021000 rw-p 00000000 00:00 0 
7fa378021000-7fa37c000000 ---p 00000000 00:00 0 
7fa37ce78000-7fa37ce7b000 ---p 00000000 00:00 0 
7fa37ce7b000-7fa37cf79000 rw-p 00000000 00:00 0 
7fa37cf79000-7fa37cf7c000 ---p 00000000 00:00 0 
7fa37cf7c000-7fa37d07a000 rw-p 00000000 00:00 0 
7fa37d07a000-7fa37d07d000 ---p 00000000 00:00 0 
7fa37d07d000-7fa37d17b000 rw-p 00000000 00:00 0 
7fa37d17b000-7fa37d17e000 ---p 00000000 00:00 0 
7fa37d17e000-7fa37d27c000 rw-p 00000000 00:00 0 
7fa37d27c000-7fa37d27f000 ---p 00000000 00:00 0 
7fa37d27f000-7fa37d37d000 rw-p 00000000 00:00 0 
7fa37d37d000-7fa37d392000 r--s 000d6000 08:02 131780                     /media/mohamed/Programs/Explore/app/build/intermediates/exploded-aar/com.android.support/support-v4/23.0.1/jars/classes.jar
7fa37d392000-7fa37d393000 ---p 00000000 00:00 0 
7fa37d393000-7fa37d493000 rw-p 00000000 00:00 0 
7fa37d493000-7fa37d496000 ---p 00000000 00:00 0 
7fa37d496000-7fa37d594000 rw-p 00000000 00:00 0 
7fa37d594000-7fa37d597000 ---p 00000000 00:00 0 
7fa37d597000-7fa37d695000 rw-p 00000000 00:00 0 
7fa37d695000-7fa37d698000 ---p 00000000 00:00 0 
7fa37d698000-7fa37d796000 rw-p 00000000 00:00 0 
7fa37d796000-7fa37d799000 ---p 00000000 00:00 0 
7fa37d799000-7fa37d897000 rw-p 00000000 00:00 0 
7fa37d897000-7fa37d89a000 ---p 00000000 00:00 0 
7fa37d89a000-7fa37d998000 rw-p 00000000 00:00 0 
7fa37d998000-7fa37dc71000 r--p 00000000 08:06 526509                     /usr/lib/locale/locale-archive
7fa37dc71000-7fa37dc74000 ---p 00000000 00:00 0 
7fa37dc74000-7fa37dd72000 rw-p 00000000 00:00 0 
7fa37dd72000-7fa37dd75000 ---p 00000000 00:00 0 
7fa37dd75000-7fa37de73000 rw-p 00000000 00:00 0 
7fa37de73000-7fa37de74000 ---p 00000000 00:00 0 
7fa37de74000-7fa37ee27000 rw-p 00000000 00:00 0 
7fa37ee27000-7fa37f000000 r--s 03d1f000 08:06 922159                     /home/mohamed/jdk1.8.0_91/jre/lib/rt.jar
7fa37f000000-7fa381000000 rw-p 00000000 00:00 0 
7fa381000000-7fa381640000 rwxp 00000000 00:00 0 
7fa381640000-7fa390000000 ---p 00000000 00:00 0 
7fa390000000-7fa39038d000 rw-p 00000000 00:00 0 
7fa39038d000-7fa394000000 ---p 00000000 00:00 0 
7fa394007000-7fa394016000 r--s 000df000 08:06 6165411                    /home/mohamed/Android/Sdk/build-tools/23.0.1/lib/dx.jar
7fa394016000-7fa39480d000 rw-p 00000000 00:00 0 
7fa39480d000-7fa39498d000 ---p 00000000 00:00 0 
7fa39498d000-7fa394b8d000 rw-p 00000000 00:00 0 
7fa394b8d000-7fa394b8e000 ---p 00000000 00:00 0 
7fa394b8e000-7fa394c8e000 rw-p 00000000 00:00 0 
7fa394c8e000-7fa394c8f000 ---p 00000000 00:00 0 
7fa394c8f000-7fa394d8f000 rw-p 00000000 00:00 0 
7fa394d8f000-7fa394d90000 ---p 00000000 00:00 0 
7fa394d90000-7fa394e90000 rw-p 00000000 00:00 0 
7fa394e90000-7fa394e91000 ---p 00000000 00:00 0 
7fa394e91000-7fa394fa6000 rw-p 00000000 00:00 0 
7fa394fa6000-7fa3950e7000 ---p 00000000 00:00 0 
7fa3950e7000-7fa3950fc000 rw-p 00000000 00:00 0 
7fa3950fc000-7fa39523c000 ---p 00000000 00:00 0 
7fa39523c000-7fa395289000 rw-p 00000000 00:00 0 
7fa395289000-7fa3952e7000 ---p 00000000 00:00 0 
7fa3952e7000-7fa395301000 rw-p 00000000 00:00 0 
7fa395301000-7fa3956a8000 ---p 00000000 00:00 0 
7fa3956a8000-7fa3956c2000 r-xp 00000000 08:06 922210                     /home/mohamed/jdk1.8.0_91/jre/lib/amd64/libzip.so
7fa3956c2000-7fa3958c2000 ---p 0001a000 08:06 922210                     /home/mohamed/jdk1.8.0_91/jre/lib/amd64/libzip.so
7fa3958c2000-7fa3958c3000 rw-p 0001a000 08:06 922210                     /home/mohamed/jdk1.8.0_91/jre/lib/amd64/libzip.so
7fa3958c3000-7fa3958ce000 r-xp 00000000 08:06 278669                     /lib/x86_64-linux-gnu/libnss_files-2.23.so
7fa3958ce000-7fa395acd000 ---p 0000b000 08:06 278669                     /lib/x86_64-linux-gnu/libnss_files-2.23.so
7fa395acd000-7fa395ace000 r--p 0000a000 08:06 278669                     /lib/x86_64-linux-gnu/libnss_files-2.23.so
7fa395ace000-7fa395acf000 rw-p 0000b000 08:06 278669                     /lib/x86_64-linux-gnu/libnss_files-2.23.so
7fa395acf000-7fa395ad5000 rw-p 00000000 00:00 0 
7fa395ad5000-7fa395ae0000 r-xp 00000000 08:06 278666                     /lib/x86_64-linux-gnu/libnss_nis-2.23.so
7fa395ae0000-7fa395cdf000 ---p 0000b000 08:06 278666                     /lib/x86_64-linux-gnu/libnss_nis-2.23.so
7fa395cdf000-7fa395ce0000 r--p 0000a000 08:06 278666                     /lib/x86_64-linux-gnu/libnss_nis-2.23.so
7fa395ce0000-7fa395ce1000 rw-p 0000b000 08:06 278666                     /lib/x86_64-linux-gnu/libnss_nis-2.23.so
7fa395ce1000-7fa395cf7000 r-xp 00000000 08:06 278664                     /lib/x86_64-linux-gnu/libnsl-2.23.so
7fa395cf7000-7fa395ef6000 ---p 00016000 08:06 278664                     /lib/x86_64-linux-gnu/libnsl-2.23.so
7fa395ef6000-7fa395ef7000 r--p 00015000 08:06 278664                     /lib/x86_64-linux-gnu/libnsl-2.23.so
7fa395ef7000-7fa395ef8000 rw-p 00016000 08:06 278664                     /lib/x86_64-linux-gnu/libnsl-2.23.so
7fa395ef8000-7fa395efa000 rw-p 00000000 00:00 0 
7fa395efa000-7fa395f02000 r-xp 00000000 08:06 278662                     /lib/x86_64-linux-gnu/libnss_compat-2.23.so
7fa395f02000-7fa396101000 ---p 00008000 08:06 278662                     /lib/x86_64-linux-gnu/libnss_compat-2.23.so
7fa396101000-7fa396102000 r--p 00007000 08:06 278662                     /lib/x86_64-linux-gnu/libnss_compat-2.23.so
7fa396102000-7fa396103000 rw-p 00008000 08:06 278662                     /lib/x86_64-linux-gnu/libnss_compat-2.23.so
7fa396103000-7fa39612d000 r-xp 00000000 08:06 922205                     /home/mohamed/jdk1.8.0_91/jre/lib/amd64/libjava.so
7fa39612d000-7fa39632d000 ---p 0002a000 08:06 922205                     /home/mohamed/jdk1.8.0_91/jre/lib/amd64/libjava.so
7fa39632d000-7fa39632f000 rw-p 0002a000 08:06 922205                     /home/mohamed/jdk1.8.0_91/jre/lib/amd64/libjava.so
7fa39632f000-7fa39633c000 r-xp 00000000 08:06 922209                     /home/mohamed/jdk1.8.0_91/jre/lib/amd64/libverify.so
7fa39633c000-7fa39653c000 ---p 0000d000 08:06 922209                     /home/mohamed/jdk1.8.0_91/jre/lib/amd64/libverify.so
7fa39653c000-7fa39653e000 rw-p 0000d000 08:06 922209                     /home/mohamed/jdk1.8.0_91/jre/lib/amd64/libverify.so
7fa39653e000-7fa396545000 r-xp 00000000 08:06 278678                     /lib/x86_64-linux-gnu/librt-2.23.so
7fa396545000-7fa396744000 ---p 00007000 08:06 278678                     /lib/x86_64-linux-gnu/librt-2.23.so
7fa396744000-7fa396745000 r--p 00006000 08:06 278678                     /lib/x86_64-linux-gnu/librt-2.23.so
7fa396745000-7fa396746000 rw-p 00007000 08:06 278678                     /lib/x86_64-linux-gnu/librt-2.23.so
7fa396746000-7fa39684e000 r-xp 00000000 08:06 278675                     /lib/x86_64-linux-gnu/libm-2.23.so
7fa39684e000-7fa396a4d000 ---p 00108000 08:06 278675                     /lib/x86_64-linux-gnu/libm-2.23.so
7fa396a4d000-7fa396a4e000 r--p 00107000 08:06 278675                     /lib/x86_64-linux-gnu/libm-2.23.so
7fa396a4e000-7fa396a4f000 rw-p 00108000 08:06 278675                     /lib/x86_64-linux-gnu/libm-2.23.so
7fa396a4f000-7fa39770f000 r-xp 00000000 08:06 1184562                    /home/mohamed/jdk1.8.0_91/jre/lib/amd64/server/libjvm.so
7fa39770f000-7fa39790f000 ---p 00cc0000 08:06 1184562                    /home/mohamed/jdk1.8.0_91/jre/lib/amd64/server/libjvm.so
7fa39790f000-7fa3979e7000 rw-p 00cc0000 08:06 1184562                    /home/mohamed/jdk1.8.0_91/jre/lib/amd64/server/libjvm.so
7fa3979e7000-7fa397a32000 rw-p 00000000 00:00 0 
7fa397a32000-7fa397bf2000 r-xp 00000000 08:06 278683                     /lib/x86_64-linux-gnu/libc-2.23.so
7fa397bf2000-7fa397df1000 ---p 001c0000 08:06 278683                     /lib/x86_64-linux-gnu/libc-2.23.so
7fa397df1000-7fa397df5000 r--p 001bf000 08:06 278683                     /lib/x86_64-linux-gnu/libc-2.23.so
7fa397df5000-7fa397df7000 rw-p 001c3000 08:06 278683                     /lib/x86_64-linux-gnu/libc-2.23.so
7fa397df7000-7fa397dfb000 rw-p 00000000 00:00 0 
7fa397dfb000-7fa397dfe000 r-xp 00000000 08:06 278684                     /lib/x86_64-linux-gnu/libdl-2.23.so
7fa397dfe000-7fa397ffd000 ---p 00003000 08:06 278684                     /lib/x86_64-linux-gnu/libdl-2.23.so
7fa397ffd000-7fa397ffe000 r--p 00002000 08:06 278684                     /lib/x86_64-linux-gnu/libdl-2.23.so
7fa397ffe000-7fa397fff000 rw-p 00003000 08:06 278684                     /lib/x86_64-linux-gnu/libdl-2.23.so
7fa397fff000-7fa398014000 r-xp 00000000 08:06 36052                      /home/mohamed/jdk1.8.0_91/lib/amd64/jli/libjli.so
7fa398014000-7fa398214000 ---p 00015000 08:06 36052                      /home/mohamed/jdk1.8.0_91/lib/amd64/jli/libjli.so
7fa398214000-7fa398215000 rw-p 00015000 08:06 36052                      /home/mohamed/jdk1.8.0_91/lib/amd64/jli/libjli.so
7fa398215000-7fa39822d000 r-xp 00000000 08:06 278682                     /lib/x86_64-linux-gnu/libpthread-2.23.so
7fa39822d000-7fa39842c000 ---p 00018000 08:06 278682                     /lib/x86_64-linux-gnu/libpthread-2.23.so
7fa39842c000-7fa39842d000 r--p 00017000 08:06 278682                     /lib/x86_64-linux-gnu/libpthread-2.23.so
7fa39842d000-7fa39842e000 rw-p 00018000 08:06 278682                     /lib/x86_64-linux-gnu/libpthread-2.23.so
7fa39842e000-7fa398432000 rw-p 00000000 00:00 0 
7fa398432000-7fa398458000 r-xp 00000000 08:06 278679                     /lib/x86_64-linux-gnu/ld-2.23.so
7fa39845d000-7fa39852f000 rw-p 00000000 00:00 0 
7fa39852f000-7fa398532000 ---p 00000000 00:00 0 
7fa398532000-7fa398634000 rw-p 00000000 00:00 0 
7fa398637000-7fa39864b000 rw-p 00000000 00:00 0 
7fa39864b000-7fa398653000 rw-s 00000000 08:06 1185884                    /tmp/hsperfdata_mohamed/4537
7fa398653000-7fa398654000 rw-p 00000000 00:00 0 
7fa398654000-7fa398655000 ---p 00000000 00:00 0 
7fa398655000-7fa398657000 rw-p 00000000 00:00 0 
7fa398657000-7fa398658000 r--p 00025000 08:06 278679                     /lib/x86_64-linux-gnu/ld-2.23.so
7fa398658000-7fa398659000 rw-p 00026000 08:06 278679                     /lib/x86_64-linux-gnu/ld-2.23.so
7fa398659000-7fa39865a000 rw-p 00000000 00:00 0 
7ffe5c427000-7ffe5c448000 rw-p 00000000 00:00 0                          [stack]
7ffe5c59a000-7ffe5c59c000 r--p 00000000 00:00 0                          [vvar]
7ffe5c59c000-7ffe5c59e000 r-xp 00000000 00:00 0                          [vdso]
ffffffffff600000-ffffffffff601000 r-xp 00000000 00:00 0                  [vsyscall]

VM Arguments:
jvm_args: -Djava.awt.headless=true -Xmx1024M -Dfile.encoding=UTF-8 -Duser.country=US -Duser.language=en -Duser.variant 
java_command: com.android.dx.command.Main --dex --force-jumbo --num-threads=4 --output /media/mohamed/Programs/Explore/app/build/intermediates/pre-dexed/debug/com.android.support-support-v4-23.0.1_5b362f6f460684ac40e8a3c61b96dfe7f0bde568.jar /media/mohamed/Programs/Explore/app/build/intermediates/exploded-aar/com.android.support/support-v4/23.0.1/jars/classes.jar
java_class_path (initial): /home/mohamed/Android/Sdk/build-tools/23.0.1/lib/dx.jar
Launcher Type: SUN_STANDARD

Environment Variables:
JAVA_HOME=/usr/lib/jvm/java-8-oracle
PATH=/usr/local/sbin:/usr/local/bin:/usr/sbin:/usr/bin:/sbin:/bin:/usr/games:/usr/local/games:/snap/bin:/usr/lib/jvm/java-8-oracle/bin:/usr/lib/jvm/java-8-oracle/db/bin:/usr/lib/jvm/java-8-oracle/jre/bin
LD_LIBRARY_PATH=/home/mohamed/tools/android/android-studio/bin:
SHELL=/bin/bash
DISPLAY=:0

Signal Handlers:
SIGSEGV: [libjvm.so+0xabca10], sa_mask[0]=11111111011111111101111111111110, sa_flags=SA_RESTART|SA_SIGINFO
SIGBUS: [libjvm.so+0xabca10], sa_mask[0]=11111111011111111101111111111110, sa_flags=SA_RESTART|SA_SIGINFO
SIGFPE: [libjvm.so+0x919a20], sa_mask[0]=11111111011111111101111111111110, sa_flags=SA_RESTART|SA_SIGINFO
SIGPIPE: [libjvm.so+0x919a20], sa_mask[0]=11111111011111111101111111111110, sa_flags=SA_RESTART|SA_SIGINFO
SIGXFSZ: [libjvm.so+0x919a20], sa_mask[0]=11111111011111111101111111111110, sa_flags=SA_RESTART|SA_SIGINFO
SIGILL: [libjvm.so+0x919a20], sa_mask[0]=11111111011111111101111111111110, sa_flags=SA_RESTART|SA_SIGINFO
SIGUSR1: SIG_DFL, sa_mask[0]=00000000000000000000000000000000, sa_flags=none
SIGUSR2: [libjvm.so+0x91b050], sa_mask[0]=00100000000000000000000000000000, sa_flags=SA_RESTART|SA_SIGINFO
SIGHUP: [libjvm.so+0x91c450], sa_mask[0]=11111111011111111101111111111110, sa_flags=SA_RESTART|SA_SIGINFO
SIGINT: [libjvm.so+0x91c450], sa_mask[0]=11111111011111111101111111111110, sa_flags=SA_RESTART|SA_SIGINFO
SIGTERM: [libjvm.so+0x91c450], sa_mask[0]=11111111011111111101111111111110, sa_flags=SA_RESTART|SA_SIGINFO
SIGQUIT: [libjvm.so+0x91c450], sa_mask[0]=11111111011111111101111111111110, sa_flags=SA_RESTART|SA_SIGINFO


---------------  S Y S T E M  ---------------

OS:DISTRIB_ID=Ubuntu
DISTRIB_RELEASE=16.04
DISTRIB_CODENAME=xenial
DISTRIB_DESCRIPTION="Ubuntu 16.04 LTS"

uname:Linux 4.4.0-22-generic #39-Ubuntu SMP Thu May 5 16:53:32 UTC 2016 x86_64
libc:glibc 2.23 NPTL 2.23 
rlimit: STACK 8192k, CORE 0k, NPROC 15304, NOFILE 65536, AS infinity
load average:6.15 3.48 3.75

/proc/meminfo:
MemTotal:        3956776 kB
MemFree:          116988 kB
MemAvailable:     207112 kB
Buffers:            2064 kB
Cached:           334960 kB
SwapCached:            0 kB
Active:          3362616 kB
Inactive:         277000 kB
Active(anon):    3321112 kB
Inactive(anon):   238748 kB
Active(file):      41504 kB
Inactive(file):    38252 kB
Unevictable:          32 kB
Mlocked:              32 kB
SwapTotal:             0 kB
SwapFree:              0 kB
Dirty:             17144 kB
Writeback:           296 kB
AnonPages:       3302996 kB
Mapped:           182532 kB
Shmem:            257000 kB
Slab:              83496 kB
SReclaimable:      39756 kB
SUnreclaim:        43740 kB
KernelStack:       12800 kB
PageTables:        52160 kB
NFS_Unstable:          0 kB
Bounce:                0 kB
WritebackTmp:          0 kB
CommitLimit:     1978388 kB
Committed_AS:    8369520 kB
VmallocTotal:   34359738367 kB
VmallocUsed:           0 kB
VmallocChunk:          0 kB
HardwareCorrupted:     0 kB
AnonHugePages:    868352 kB
CmaTotal:              0 kB
CmaFree:               0 kB
HugePages_Total:       0
HugePages_Free:        0
HugePages_Rsvd:        0
HugePages_Surp:        0
Hugepagesize:       2048 kB
DirectMap4k:      162168 kB
DirectMap2M:     3942400 kB
DirectMap1G:           0 kB


CPU:total 4 (2 cores per cpu, 2 threads per core) family 6 model 60 stepping 3, cmov, cx8, fxsr, mmx, sse, sse2, sse3, ssse3, sse4.1, sse4.2, popcnt, avx, avx2, aes, clmul, erms, lzcnt, ht, tsc, tscinvbit, bmi1, bmi2

/proc/cpuinfo:
processor	: 0
vendor_id	: GenuineIntel
cpu family	: 6
model		: 60
model name	: Intel(R) Core(TM) i5-4200M CPU @ 2.50GHz
stepping	: 3
microcode	: 0x16
cpu MHz		: 2632.324
cache size	: 3072 KB
physical id	: 0
siblings	: 4
core id		: 0
cpu cores	: 2
apicid		: 0
initial apicid	: 0
fpu		: yes
fpu_exception	: yes
cpuid level	: 13
wp		: yes
flags		: fpu vme de pse tsc msr pae mce cx8 apic sep mtrr pge mca cmov pat pse36 clflush dts acpi mmx fxsr sse sse2 ss ht tm pbe syscall nx pdpe1gb rdtscp lm constant_tsc arch_perfmon pebs bts rep_good nopl xtopology nonstop_tsc aperfmperf eagerfpu pni pclmulqdq dtes64 monitor ds_cpl vmx est tm2 ssse3 sdbg fma cx16 xtpr pdcm pcid sse4_1 sse4_2 movbe popcnt tsc_deadline_timer aes xsave avx f16c rdrand lahf_lm abm epb tpr_shadow vnmi flexpriority ept vpid fsgsbase tsc_adjust bmi1 avx2 smep bmi2 erms invpcid xsaveopt dtherm ida arat pln pts
bugs		:
bogomips	: 4988.45
clflush size	: 64
cache_alignment	: 64
address sizes	: 39 bits physical, 48 bits virtual
power management:

processor	: 1
vendor_id	: GenuineIntel
cpu family	: 6
model		: 60
model name	: Intel(R) Core(TM) i5-4200M CPU @ 2.50GHz
stepping	: 3
microcode	: 0x16
cpu MHz		: 2629.980
cache size	: 3072 KB
physical id	: 0
siblings	: 4
core id		: 1
cpu cores	: 2
apicid		: 2
initial apicid	: 2
fpu		: yes
fpu_exception	: yes
cpuid level	: 13
wp		: yes
flags		: fpu vme de pse tsc msr pae mce cx8 apic sep mtrr pge mca cmov pat pse36 clflush dts acpi mmx fxsr sse sse2 ss ht tm pbe syscall nx pdpe1gb rdtscp lm constant_tsc arch_perfmon pebs bts rep_good nopl xtopology nonstop_tsc aperfmperf eagerfpu pni pclmulqdq dtes64 monitor ds_cpl vmx est tm2 ssse3 sdbg fma cx16 xtpr pdcm pcid sse4_1 sse4_2 movbe popcnt tsc_deadline_timer aes xsave avx f16c rdrand lahf_lm abm epb tpr_shadow vnmi flexpriority ept vpid fsgsbase tsc_adjust bmi1 avx2 smep bmi2 erms invpcid xsaveopt dtherm ida arat pln pts
bugs		:
bogomips	: 4988.45
clflush size	: 64
cache_alignment	: 64
address sizes	: 39 bits physical, 48 bits virtual
power management:

processor	: 2
vendor_id	: GenuineIntel
cpu family	: 6
model		: 60
model name	: Intel(R) Core(TM) i5-4200M CPU @ 2.50GHz
stepping	: 3
microcode	: 0x16
cpu MHz		: 2682.519
cache size	: 3072 KB
physical id	: 0
siblings	: 4
core id		: 0
cpu cores	: 2
apicid		: 1
initial apicid	: 1
fpu		: yes
fpu_exception	: yes
cpuid level	: 13
wp		: yes
flags		: fpu vme de pse tsc msr pae mce cx8 apic sep mtrr pge mca cmov pat pse36 clflush dts acpi mmx fxsr sse sse2 ss ht tm pbe syscall nx pdpe1gb rdtscp lm constant_tsc arch_perfmon pebs bts rep_good nopl xtopology nonstop_tsc aperfmperf eagerfpu pni pclmulqdq dtes64 monitor ds_cpl vmx est tm2 ssse3 sdbg fma cx16 xtpr pdcm pcid sse4_1 sse4_2 movbe popcnt tsc_deadline_timer aes xsave avx f16c rdrand lahf_lm abm epb tpr_shadow vnmi flexpriority ept vpid fsgsbase tsc_adjust bmi1 avx2 smep bmi2 erms invpcid xsaveopt dtherm ida arat pln pts
bugs		:
bogomips	: 4988.45
clflush size	: 64
cache_alignment	: 64
address sizes	: 39 bits physical, 48 bits virtual
power management:

processor	: 3
vendor_id	: GenuineIntel
cpu family	: 6
model		: 60
model name	: Intel(R) Core(TM) i5-4200M CPU @ 2.50GHz
stepping	: 3
microcode	: 0x16
cpu MHz		: 2667.089
cache size	: 3072 KB
physical id	: 0
siblings	: 4
core id		: 1
cpu cores	: 2
apicid		: 3
initial apicid	: 3
fpu		: yes
fpu_exception	: yes
cpuid level	: 13
wp		: yes
flags		: fpu vme de pse tsc msr pae mce cx8 apic sep mtrr pge mca cmov pat pse36 clflush dts acpi mmx fxsr sse sse2 ss ht tm pbe syscall nx pdpe1gb rdtscp lm constant_tsc arch_perfmon pebs bts rep_good nopl xtopology nonstop_tsc aperfmperf eagerfpu pni pclmulqdq dtes64 monitor ds_cpl vmx est tm2 ssse3 sdbg fma cx16 xtpr pdcm pcid sse4_1 sse4_2 movbe popcnt tsc_deadline_timer aes xsave avx f16c rdrand lahf_lm abm epb tpr_shadow vnmi flexpriority ept vpid fsgsbase tsc_adjust bmi1 avx2 smep bmi2 erms invpcid xsaveopt dtherm ida arat pln pts
bugs		:
bogomips	: 4988.45
clflush size	: 64
cache_alignment	: 64
address sizes	: 39 bits physical, 48 bits virtual
power management:



Memory: 4k page, physical 3956776k(116988k free), swap 0k(0k free)

vm_info: Java HotSpot(TM) 64-Bit Server VM (25.91-b14) for linux-amd64 JRE (1.8.0_91-b14), built on Apr  1 2016 00:57:21 by "java_re" with gcc 4.3.0 20080428 (Red Hat 4.3.0-8)

time: Mon May  9 02:23:39 2016
elapsed time: 9 seconds (0d 0h 0m 9s)

